<?xml version="1.0" encoding="UTF-8"?>
<testsuites name="DirectAccount-DirectCustomerContract-SystemAdmin" time="238.604" tests="5" failures="0" errors="0">
   <testsuite name="DirectAccount-DirectCustomerContract-SystemAdmin" tests="5" failures="0" errors="0" time="238.604" skipped="0" timestamp="2023-09-15 21:08:03" hostname="GayathriKumaresan - LT-NB-571" id="Test Suites/DirectAccount-DirectCustomerContract-SystemAdmin">
      <properties>
         <property name="deviceName" value=""/>
         <property name="devicePlatform" value=""/>
         <property name="logFolder" value="C:\\Users\\gayathri.kumaresan\\git\\VIPRE-RecordCreations\\Reports\\20230915_210759\\DirectAccount-DirectCustomerContract-SystemAdmin\\20230915_210759"/>
         <property name="logFiles" value="C:\\Users\\gayathri.kumaresan\\git\\VIPRE-RecordCreations\\Reports\\20230915_210759\\DirectAccount-DirectCustomerContract-SystemAdmin\\20230915_210759\\execution0.log"/>
         <property name="attachments" value=""/>
         <property name="hostName" value="GayathriKumaresan - LT-NB-571"/>
         <property name="os" value="Windows 10 64bit"/>
         <property name="katalonVersion" value="8.3.5.208"/>
         <property name="browser" value="Chrome 116.0.0.0"/>
         <property name="hostAddress" value="192.168.29.57"/>
         <property name="sessionId" value="4ad3164930975c97314d1640dcb331b3"/>
         <property name="seleniumVersion" value="3.141.59"/>
         <property name="proxyInformation" value="ProxyInformation { proxyOption=NO_PROXY, proxyServerType=HTTP, username=, password=********, proxyServerAddress=, proxyServerPort=0, executionList=&quot;&quot;, isApplyToDesiredCapabilities=true }"/>
         <property name="platform" value="Windows 10"/>
      </properties>
      <testcase name="Test Cases/LogintoSalesforce-Admin" time="15.044" classname="Test Cases/LogintoSalesforce-Admin" status="PASSED">
         <system-out><![CDATA[2023-09-15 21:08:04 - [TEST_CASE][PASSED] - Test Cases/LogintoSalesforce-Admin: Test Cases/LogintoSalesforce-Admin

2023-09-15 21:08:04 - [TEST_STEP][PASSED] - openBrowser(LoginURL): Browser is opened with url: 'https://vipre-exm--qa.sandbox.lightning.force.com/lightning/page/home'

2023-09-15 21:08:05 - [MESSAGE][INFO] - Starting 'Chrome' driver

2023-09-15 21:08:05 - [MESSAGE][INFO] - User set preference: ['args', '[--disable-notifications]']

2023-09-15 21:08:05 - [MESSAGE][INFO] - Action delay is set to 0 milliseconds

2023-09-15 21:08:15 - [MESSAGE][PASSED] - Browser is opened with url: 'https://vipre-exm--qa.sandbox.lightning.force.com/lightning/page/home'

2023-09-15 21:08:15 - [TEST_STEP][PASSED] - maximizeWindow(): Current window maximized

2023-09-15 21:08:15 - [MESSAGE][PASSED] - Current window maximized

2023-09-15 21:08:15 - [TEST_STEP][PASSED] - setText(findTestObject("LoginPage/Username"), UserName): Text 'eu_gayathri.kumaresan@listertechnologies.com.qa' is set on object 'Object Repository/LoginPage/Username'

2023-09-15 21:08:17 - [MESSAGE][PASSED] - Text 'eu_gayathri.kumaresan@listertechnologies.com.qa' is set on object 'Object Repository/LoginPage/Username'

2023-09-15 21:08:17 - [TEST_STEP][PASSED] - setText(findTestObject("LoginPage/Password"), Password): Text 'Lister@123456' is set on object 'Object Repository/LoginPage/Password'

2023-09-15 21:08:18 - [MESSAGE][PASSED] - Text 'Lister@123456' is set on object 'Object Repository/LoginPage/Password'

2023-09-15 21:08:18 - [TEST_STEP][PASSED] - click(findTestObject("LoginPage/LoginButton")): Object: 'Object Repository/LoginPage/LoginButton' is clicked on

2023-09-15 21:08:19 - [MESSAGE][PASSED] - Object: 'Object Repository/LoginPage/LoginButton' is clicked on]]></system-out>
         <system-err><![CDATA[]]></system-err>
      </testcase>
      <testcase name="Test Cases/CreatingNewDirectAccount-VIPRE" time="69.932" classname="Test Cases/CreatingNewDirectAccount-VIPRE" status="PASSED">
         <system-out><![CDATA[2023-09-15 21:08:19 - [TEST_CASE][PASSED] - Test Cases/CreatingNewDirectAccount-VIPRE: Test Cases/CreatingNewDirectAccount-VIPRE

2023-09-15 21:08:19 - [TEST_STEP][PASSED] - verifyElementPresent(findTestObject("Object Repository/AccountCreationPage/VIPRESalesElement"), 30): Object 'Object Repository/AccountCreationPage/VIPRESalesElement' is present

2023-09-15 21:08:57 - [MESSAGE][PASSED] - Object 'Object Repository/AccountCreationPage/VIPRESalesElement' is present

2023-09-15 21:08:57 - [TEST_STEP][PASSED] - vipreQA.ClickUsingJS.ClickNewObj(findTestObject("Object Repository/AccountObject/AccountsTab"), 30): vipreQA.ClickUsingJS.ClickNewObj is PASSED

2023-09-15 21:09:00 - [MESSAGE][PASSED] - vipreQA.ClickUsingJS.ClickNewObj is PASSED

2023-09-15 21:09:00 - [TEST_STEP][PASSED] - vipreQA.ClickUsingJS.ClickNewObj(findTestObject("Object Repository/AccountObject/NewButtononAccount"), 30): vipreQA.ClickUsingJS.ClickNewObj is PASSED

2023-09-15 21:09:02 - [MESSAGE][PASSED] - vipreQA.ClickUsingJS.ClickNewObj is PASSED

2023-09-15 21:09:02 - [TEST_STEP][PASSED] - click(findTestObject("Object Repository/AccountRecordTypes/DirectClient")): Object: 'Object Repository/AccountRecordTypes/DirectClient' is clicked on

2023-09-15 21:09:03 - [MESSAGE][PASSED] - Object: 'Object Repository/AccountRecordTypes/DirectClient' is clicked on

2023-09-15 21:09:03 - [TEST_STEP][PASSED] - click(findTestObject("Object Repository/AccountRecordTypes/NextButton")): Object: 'Object Repository/AccountRecordTypes/NextButton' is clicked on

2023-09-15 21:09:04 - [MESSAGE][PASSED] - Object: 'Object Repository/AccountRecordTypes/NextButton' is clicked on

2023-09-15 21:09:04 - [TEST_STEP][PASSED] - sendKeys(findTestObject("AccountCreationPage/AccountName"), AccountName_Direct_VIPRE): Keys 'TestAutomation_DirectClient_VIPRE_001' sent to object: 'Object Repository/AccountCreationPage/AccountName'

2023-09-15 21:09:11 - [MESSAGE][PASSED] - Keys 'TestAutomation_DirectClient_VIPRE_001' sent to object: 'Object Repository/AccountCreationPage/AccountName'

2023-09-15 21:09:11 - [TEST_STEP][PASSED] - scrollToElement(findTestObject("Object Repository/AccountCreationPage/AccountCurrencyLabel"), 20): Scroll to object 'Object Repository/AccountCreationPage/AccountCurrencyLabel' successfully

2023-09-15 21:09:11 - [MESSAGE][PASSED] - Scroll to object 'Object Repository/AccountCreationPage/AccountCurrencyLabel' successfully

2023-09-15 21:09:11 - [TEST_STEP][PASSED] - scrollToElement(findTestObject("Object Repository/AccountCreationPage/BillingCountryLabel"), 20): Scroll to object 'Object Repository/AccountCreationPage/BillingCountryLabel' successfully

2023-09-15 21:09:12 - [MESSAGE][PASSED] - Scroll to object 'Object Repository/AccountCreationPage/BillingCountryLabel' successfully

2023-09-15 21:09:12 - [TEST_STEP][PASSED] - click(findTestObject("Object Repository/AccountCreationPage/BillingCountryNone")): Object: 'Object Repository/AccountCreationPage/BillingCountryNone' is clicked on

2023-09-15 21:09:13 - [MESSAGE][PASSED] - Object: 'Object Repository/AccountCreationPage/BillingCountryNone' is clicked on

2023-09-15 21:09:13 - [TEST_STEP][PASSED] - click(findTestObject("Object Repository/AccountCreationPage/BillingCountryBahrain")): Object: 'Object Repository/AccountCreationPage/BillingCountryBahrain' is clicked on

2023-09-15 21:09:13 - [MESSAGE][PASSED] - Object: 'Object Repository/AccountCreationPage/BillingCountryBahrain' is clicked on

2023-09-15 21:09:13 - [TEST_STEP][PASSED] - setText(findTestObject("AccountCreationPage/BillingStreet"), BillingStreet): Text '234, Sidney Street' is set on object 'Object Repository/AccountCreationPage/BillingStreet'

2023-09-15 21:09:15 - [MESSAGE][PASSED] - Text '234, Sidney Street' is set on object 'Object Repository/AccountCreationPage/BillingStreet'

2023-09-15 21:09:15 - [TEST_STEP][PASSED] - setText(findTestObject("AccountCreationPage/BillingCity"), BillingCity): Text 'Toronto' is set on object 'Object Repository/AccountCreationPage/BillingCity'

2023-09-15 21:09:16 - [MESSAGE][PASSED] - Text 'Toronto' is set on object 'Object Repository/AccountCreationPage/BillingCity'

2023-09-15 21:09:16 - [TEST_STEP][PASSED] - setText(findTestObject("AccountCreationPage/PostalCode"), PostalCode): Text '12AB3N' is set on object 'Object Repository/AccountCreationPage/PostalCode'

2023-09-15 21:09:17 - [MESSAGE][PASSED] - Text '12AB3N' is set on object 'Object Repository/AccountCreationPage/PostalCode'

2023-09-15 21:09:17 - [TEST_STEP][PASSED] - setText(findTestObject("AccountCreationPage/CompanyRegistrationNo"), CompanyRegistrationNumber): Text 'WA12345Test' is set on object 'Object Repository/AccountCreationPage/CompanyRegistrationNo'

2023-09-15 21:09:19 - [MESSAGE][PASSED] - Text 'WA12345Test' is set on object 'Object Repository/AccountCreationPage/CompanyRegistrationNo'

2023-09-15 21:09:19 - [TEST_STEP][PASSED] - scrollToElement(findTestObject("Object Repository/AccountCreationPage/SalesTerritoryLabel"), 20): Scroll to object 'Object Repository/AccountCreationPage/SalesTerritoryLabel' successfully

2023-09-15 21:09:19 - [MESSAGE][PASSED] - Scroll to object 'Object Repository/AccountCreationPage/SalesTerritoryLabel' successfully

2023-09-15 21:09:19 - [TEST_STEP][PASSED] - click(findTestObject("Object Repository/AccountCreationPage/SalesTerritoryNone")): Object: 'Object Repository/AccountCreationPage/SalesTerritoryNone' is clicked on

2023-09-15 21:09:20 - [MESSAGE][PASSED] - Object: 'Object Repository/AccountCreationPage/SalesTerritoryNone' is clicked on

2023-09-15 21:09:20 - [TEST_STEP][PASSED] - click(findTestObject("Object Repository/AccountCreationPage/SalesTerritoryValue", ["value":SalesTerritory_VIPRE])): Object: 'Object Repository/AccountCreationPage/SalesTerritoryValue' is clicked on

2023-09-15 21:09:21 - [MESSAGE][PASSED] - Object: 'Object Repository/AccountCreationPage/SalesTerritoryValue' is clicked on

2023-09-15 21:09:21 - [TEST_STEP][PASSED] - click(findTestObject("Object Repository/AccountCreationPage/SaveButton")): Object: 'Object Repository/AccountCreationPage/SaveButton' is clicked on

2023-09-15 21:09:21 - [MESSAGE][PASSED] - Object: 'Object Repository/AccountCreationPage/SaveButton' is clicked on

2023-09-15 21:09:21 - [TEST_STEP][PASSED] - verifyElementPresent(findTestObject("Object Repository/AccountCreationPage/AccountPageAppear"), 30): Object 'Object Repository/AccountCreationPage/AccountPageAppear' is present

2023-09-15 21:09:29 - [MESSAGE][PASSED] - Object 'Object Repository/AccountCreationPage/AccountPageAppear' is present]]></system-out>
         <system-err><![CDATA[]]></system-err>
      </testcase>
      <testcase name="Test Cases/CreatingNewContact-Admin" time="28.68" classname="Test Cases/CreatingNewContact-Admin" status="PASSED">
         <system-out><![CDATA[2023-09-15 21:09:29 - [TEST_CASE][PASSED] - Test Cases/CreatingNewContact-Admin: Test Cases/CreatingNewContact-Admin

2023-09-15 21:09:29 - [TEST_STEP][PASSED] - verifyElementClickable(findTestObject("Object Repository/ContactObject/ContactLinkObject")): Object 'Object Repository/ContactObject/ContactLinkObject' is clickable

2023-09-15 21:09:30 - [MESSAGE][PASSED] - Object 'Object Repository/ContactObject/ContactLinkObject' is clickable

2023-09-15 21:09:30 - [TEST_STEP][PASSED] - click(findTestObject("Object Repository/ContactObject/ContactLinkObject")): Object: 'Object Repository/ContactObject/ContactLinkObject' is clicked on

2023-09-15 21:09:32 - [MESSAGE][PASSED] - Object: 'Object Repository/ContactObject/ContactLinkObject' is clicked on

2023-09-15 21:09:32 - [TEST_STEP][PASSED] - verifyElementPresent(findTestObject("Object Repository/ContactObject/ContactTitle"), 20): Object 'Object Repository/ContactObject/ContactTitle' is present

2023-09-15 21:09:34 - [MESSAGE][PASSED] - Object 'Object Repository/ContactObject/ContactTitle' is present

2023-09-15 21:09:34 - [TEST_STEP][PASSED] - click(findTestObject("Object Repository/ContactObject/NewButtonOnContact")): Object: 'Object Repository/ContactObject/NewButtonOnContact' is clicked on

2023-09-15 21:09:34 - [MESSAGE][PASSED] - Object: 'Object Repository/ContactObject/NewButtonOnContact' is clicked on

2023-09-15 21:09:34 - [TEST_STEP][PASSED] - verifyElementPresent(findTestObject("Object Repository/ContactObject/NewContactPopupScreen"), 20): Object 'Object Repository/ContactObject/NewContactPopupScreen' is present

2023-09-15 21:09:36 - [MESSAGE][PASSED] - Object 'Object Repository/ContactObject/NewContactPopupScreen' is present

2023-09-15 21:09:36 - [TEST_STEP][PASSED] - click(findTestObject("Object Repository/ContactObject/VIPREContactRecordType")): Object: 'Object Repository/ContactObject/VIPREContactRecordType' is clicked on

2023-09-15 21:09:37 - [MESSAGE][PASSED] - Object: 'Object Repository/ContactObject/VIPREContactRecordType' is clicked on

2023-09-15 21:09:37 - [TEST_STEP][PASSED] - click(findTestObject("Object Repository/ContactObject/NextButton")): Object: 'Object Repository/ContactObject/NextButton' is clicked on

2023-09-15 21:09:37 - [MESSAGE][PASSED] - Object: 'Object Repository/ContactObject/NextButton' is clicked on

2023-09-15 21:09:37 - [TEST_STEP][PASSED] - verifyElementPresent(findTestObject("Object Repository/ContactObject/NewContactVIPREelement"), 20): Object 'Object Repository/ContactObject/NewContactVIPREelement' is present

2023-09-15 21:09:41 - [MESSAGE][PASSED] - Object 'Object Repository/ContactObject/NewContactVIPREelement' is present

2023-09-15 21:09:41 - [TEST_STEP][PASSED] - scrollToElement(findTestObject("Object Repository/ContactObject/SalutationLabel"), 20): Scroll to object 'Object Repository/ContactObject/SalutationLabel' successfully

2023-09-15 21:09:42 - [MESSAGE][PASSED] - Scroll to object 'Object Repository/ContactObject/SalutationLabel' successfully

2023-09-15 21:09:42 - [TEST_STEP][PASSED] - click(findTestObject("Object Repository/ContactObject/SalutationNone")): Object: 'Object Repository/ContactObject/SalutationNone' is clicked on

2023-09-15 21:09:43 - [MESSAGE][PASSED] - Object: 'Object Repository/ContactObject/SalutationNone' is clicked on

2023-09-15 21:09:43 - [TEST_STEP][PASSED] - click(findTestObject("Object Repository/ContactObject/SalutationMs")): Object: 'Object Repository/ContactObject/SalutationMs' is clicked on

2023-09-15 21:09:43 - [MESSAGE][PASSED] - Object: 'Object Repository/ContactObject/SalutationMs' is clicked on

2023-09-15 21:09:43 - [TEST_STEP][PASSED] - setText(findTestObject("Object Repository/ContactObject/FirstName"), FirstName): Text 'Gayathri' is set on object 'Object Repository/ContactObject/FirstName'

2023-09-15 21:09:45 - [MESSAGE][PASSED] - Text 'Gayathri' is set on object 'Object Repository/ContactObject/FirstName'

2023-09-15 21:09:45 - [TEST_STEP][PASSED] - setText(findTestObject("Object Repository/ContactObject/LastName"), LastName): Text 'K' is set on object 'Object Repository/ContactObject/LastName'

2023-09-15 21:09:46 - [MESSAGE][PASSED] - Text 'K' is set on object 'Object Repository/ContactObject/LastName'

2023-09-15 21:09:46 - [TEST_STEP][PASSED] - setText(findTestObject("Object Repository/ContactObject/Email"), Email): Text 'g3us2009@gmail.com' is set on object 'Object Repository/ContactObject/Email'

2023-09-15 21:09:47 - [MESSAGE][PASSED] - Text 'g3us2009@gmail.com' is set on object 'Object Repository/ContactObject/Email'

2023-09-15 21:09:47 - [TEST_STEP][PASSED] - setText(findTestObject("Object Repository/ContactObject/Phone"), PhoneNumber): Text '6187657897' is set on object 'Object Repository/ContactObject/Phone'

2023-09-15 21:09:48 - [MESSAGE][PASSED] - Text '6187657897' is set on object 'Object Repository/ContactObject/Phone'

2023-09-15 21:09:48 - [TEST_STEP][PASSED] - setText(findTestObject("Object Repository/ContactObject/Title"), Title): Text 'Vice President' is set on object 'Object Repository/ContactObject/Title'

2023-09-15 21:09:50 - [MESSAGE][PASSED] - Text 'Vice President' is set on object 'Object Repository/ContactObject/Title'

2023-09-15 21:09:50 - [TEST_STEP][PASSED] - click(findTestObject("Object Repository/ContactObject/SaveButton")): Object: 'Object Repository/ContactObject/SaveButton' is clicked on

2023-09-15 21:09:50 - [MESSAGE][PASSED] - Object: 'Object Repository/ContactObject/SaveButton' is clicked on

2023-09-15 21:09:50 - [TEST_STEP][PASSED] - Name = concatenate([FirstName, LastName], STOP_ON_FAILURE): Concatenated string array: '['Gayathri','K']' into 'GayathriK'

2023-09-15 21:09:50 - [MESSAGE][PASSED] - Concatenated string array: '['Gayathri','K']' into 'GayathriK'

2023-09-15 21:09:50 - [TEST_STEP][PASSED] - println(Name): null

2023-09-15 21:09:50 - [TEST_STEP][PASSED] - vipreQA.ClickUsingJS.ClickNewObj(findTestObject("Object Repository/ContactObject/ContactCreated"), 20): vipreQA.ClickUsingJS.ClickNewObj is PASSED

2023-09-15 21:09:57 - [MESSAGE][PASSED] - vipreQA.ClickUsingJS.ClickNewObj is PASSED]]></system-out>
         <system-err><![CDATA[]]></system-err>
      </testcase>
      <testcase name="Test Cases/DirectQuoteCreation-VIPRE" time="25.831" classname="Test Cases/DirectQuoteCreation-VIPRE" status="PASSED">
         <system-out><![CDATA[2023-09-15 21:09:57 - [TEST_CASE][PASSED] - Test Cases/DirectQuoteCreation-VIPRE: Test Cases/DirectQuoteCreation-VIPRE

2023-09-15 21:09:58 - [TEST_STEP][PASSED] - click(findTestObject("Object Repository/DirectQuoteCreationObject/NewDirectQuoteButton")): Object: 'Object Repository/DirectQuoteCreationObject/NewDirectQuoteButton' is clicked on

2023-09-15 21:10:02 - [MESSAGE][PASSED] - Object: 'Object Repository/DirectQuoteCreationObject/NewDirectQuoteButton' is clicked on

2023-09-15 21:10:02 - [TEST_STEP][PASSED] - verifyElementPresent(findTestObject("Object Repository/DirectQuoteCreationObject/NewDirectQuoteTextVisibility"), 20): Object 'Object Repository/DirectQuoteCreationObject/NewDirectQuoteTextVisibility' is present

2023-09-15 21:10:05 - [MESSAGE][PASSED] - Object 'Object Repository/DirectQuoteCreationObject/NewDirectQuoteTextVisibility' is present

2023-09-15 21:10:05 - [TEST_STEP][PASSED] - scrollToElement(findTestObject("Object Repository/DirectQuoteCreationObject/QuoteSalesTerritory"), 20): Scroll to object 'Object Repository/DirectQuoteCreationObject/QuoteSalesTerritory' successfully

2023-09-15 21:10:05 - [MESSAGE][PASSED] - Scroll to object 'Object Repository/DirectQuoteCreationObject/QuoteSalesTerritory' successfully

2023-09-15 21:10:05 - [TEST_STEP][PASSED] - click(findTestObject("Object Repository/DirectQuoteCreationObject/QuoteSalesTerritory")): Object: 'Object Repository/DirectQuoteCreationObject/QuoteSalesTerritory' is clicked on

2023-09-15 21:10:06 - [MESSAGE][PASSED] - Object: 'Object Repository/DirectQuoteCreationObject/QuoteSalesTerritory' is clicked on

2023-09-15 21:10:06 - [TEST_STEP][PASSED] - click(findTestObject("DirectQuoteCreationObject/QuoteSalesTerritoryValue", ["value":SalesTerritory_VIPRE])): Object: 'Object Repository/DirectQuoteCreationObject/QuoteSalesTerritoryValue' is clicked on

2023-09-15 21:10:06 - [MESSAGE][PASSED] - Object: 'Object Repository/DirectQuoteCreationObject/QuoteSalesTerritoryValue' is clicked on

2023-09-15 21:10:06 - [TEST_STEP][PASSED] - scrollToElement(findTestObject("Object Repository/DirectQuoteCreationObject/QuoteBillingEntity"), 20): Scroll to object 'Object Repository/DirectQuoteCreationObject/QuoteBillingEntity' successfully

2023-09-15 21:10:07 - [MESSAGE][PASSED] - Scroll to object 'Object Repository/DirectQuoteCreationObject/QuoteBillingEntity' successfully

2023-09-15 21:10:07 - [TEST_STEP][PASSED] - click(findTestObject("Object Repository/DirectQuoteCreationObject/QuoteBillingEntity")): Object: 'Object Repository/DirectQuoteCreationObject/QuoteBillingEntity' is clicked on

2023-09-15 21:10:08 - [MESSAGE][PASSED] - Object: 'Object Repository/DirectQuoteCreationObject/QuoteBillingEntity' is clicked on

2023-09-15 21:10:08 - [TEST_STEP][PASSED] - click(findTestObject("Object Repository/DirectQuoteCreationObject/BillingEntityValue", ["value":BillingEntity_VIPRE])): Object: 'Object Repository/DirectQuoteCreationObject/BillingEntityValue' is clicked on

2023-09-15 21:10:08 - [MESSAGE][PASSED] - Object: 'Object Repository/DirectQuoteCreationObject/BillingEntityValue' is clicked on

2023-09-15 21:10:08 - [TEST_STEP][PASSED] - click(findTestObject("Object Repository/DirectQuoteCreationObject/QuoteSaveButon")): Object: 'Object Repository/DirectQuoteCreationObject/QuoteSaveButon' is clicked on

2023-09-15 21:10:09 - [MESSAGE][PASSED] - Object: 'Object Repository/DirectQuoteCreationObject/QuoteSaveButon' is clicked on

2023-09-15 21:10:09 - [TEST_STEP][PASSED] - verifyElementPresent(findTestObject("Object Repository/DirectQuoteCreationObject/QuoteElementVerify"), 20, STOP_ON_FAILURE): Object 'Object Repository/DirectQuoteCreationObject/QuoteElementVerify' is present

2023-09-15 21:10:22 - [MESSAGE][PASSED] - Object 'Object Repository/DirectQuoteCreationObject/QuoteElementVerify' is present

2023-09-15 21:10:22 - [TEST_STEP][PASSED] - vipreQA.ClickUsingJS.ClickNewObj(findTestObject("Object Repository/DirectQuoteCreationObject/QuoteSelection"), 30): vipreQA.ClickUsingJS.ClickNewObj is PASSED

2023-09-15 21:10:23 - [MESSAGE][PASSED] - vipreQA.ClickUsingJS.ClickNewObj is PASSED]]></system-out>
         <system-err><![CDATA[]]></system-err>
      </testcase>
      <testcase name="Test Cases/AddingQuoteLine" time="98.778" classname="Test Cases/AddingQuoteLine" status="PASSED">
         <system-out><![CDATA[2023-09-15 21:10:23 - [TEST_CASE][PASSED] - Test Cases/AddingQuoteLine: Test Cases/AddingQuoteLine

2023-09-15 21:10:24 - [TEST_STEP][PASSED] - verifyElementPresent(findTestObject("Object Repository/QuoteLineandQuote/EditLineButton"), 20): Object 'Object Repository/QuoteLineandQuote/EditLineButton' is present

2023-09-15 21:10:28 - [MESSAGE][PASSED] - Object 'Object Repository/QuoteLineandQuote/EditLineButton' is present

2023-09-15 21:10:28 - [TEST_STEP][PASSED] - click(findTestObject("Object Repository/QuoteLineandQuote/EditLineButton")): Object: 'Object Repository/QuoteLineandQuote/EditLineButton' is clicked on

2023-09-15 21:10:29 - [MESSAGE][PASSED] - Object: 'Object Repository/QuoteLineandQuote/EditLineButton' is clicked on

2023-09-15 21:10:29 - [TEST_STEP][PASSED] - switchToFrame(findTestObject("Object Repository/QuoteLineandQuote/IFrameSelector"), 20, STOP_ON_FAILURE): null

2023-09-15 21:10:42 - [TEST_STEP][PASSED] - verifyElementPresent(findTestObject("Object Repository/QuoteLineandQuote/EditQuoteTextVerify"), 20, STOP_ON_FAILURE): Object 'Object Repository/QuoteLineandQuote/EditQuoteTextVerify' is present

2023-09-15 21:10:49 - [MESSAGE][PASSED] - Object 'Object Repository/QuoteLineandQuote/EditQuoteTextVerify' is present

2023-09-15 21:10:49 - [TEST_STEP][PASSED] - click(findTestObject("Object Repository/QuoteLineandQuote/AddProductButton"), STOP_ON_FAILURE): Object: 'Object Repository/QuoteLineandQuote/AddProductButton' is clicked on

2023-09-15 21:10:49 - [MESSAGE][PASSED] - Object: 'Object Repository/QuoteLineandQuote/AddProductButton' is clicked on

2023-09-15 21:10:49 - [TEST_STEP][PASSED] - verifyElementPresent(findTestObject("Object Repository/QuoteLineandQuote/ProductSelectionTextVerify"), 20, STOP_ON_FAILURE): Object 'Object Repository/QuoteLineandQuote/ProductSelectionTextVerify' is present

2023-09-15 21:10:49 - [MESSAGE][PASSED] - Object 'Object Repository/QuoteLineandQuote/ProductSelectionTextVerify' is present

2023-09-15 21:10:49 - [TEST_STEP][PASSED] - click(findTestObject("Object Repository/QuoteLineandQuote/SearchProductSearchBar"), STOP_ON_FAILURE): Object: 'Object Repository/QuoteLineandQuote/SearchProductSearchBar' is clicked on

2023-09-15 21:10:51 - [MESSAGE][PASSED] - Object: 'Object Repository/QuoteLineandQuote/SearchProductSearchBar' is clicked on

2023-09-15 21:10:51 - [TEST_STEP][PASSED] - setText(findTestObject("Object Repository/QuoteLineandQuote/SearchProductSearchBar"), Product, STOP_ON_FAILURE): Text 'FM-ES-001' is set on object 'Object Repository/QuoteLineandQuote/SearchProductSearchBar'

2023-09-15 21:10:52 - [MESSAGE][PASSED] - Text 'FM-ES-001' is set on object 'Object Repository/QuoteLineandQuote/SearchProductSearchBar'

2023-09-15 21:10:52 - [TEST_STEP][PASSED] - click(findTestObject("Object Repository/QuoteLineandQuote/ClickSearchButton"), STOP_ON_FAILURE): Object: 'Object Repository/QuoteLineandQuote/ClickSearchButton' is clicked on

2023-09-15 21:10:52 - [MESSAGE][PASSED] - Object: 'Object Repository/QuoteLineandQuote/ClickSearchButton' is clicked on

2023-09-15 21:10:52 - [TEST_STEP][PASSED] - verifyElementPresent(findTestObject("Object Repository/QuoteLineandQuote/ProdutCode", ["value":Product]), 20, STOP_ON_FAILURE): Object 'Object Repository/QuoteLineandQuote/ProdutCode' is present

2023-09-15 21:10:53 - [MESSAGE][PASSED] - Object 'Object Repository/QuoteLineandQuote/ProdutCode' is present

2023-09-15 21:10:53 - [TEST_STEP][PASSED] - click(findTestObject("Object Repository/QuoteLineandQuote/SelectProductCheckbox", ["value":Product]), STOP_ON_FAILURE): Object: 'Object Repository/QuoteLineandQuote/SelectProductCheckbox' is clicked on

2023-09-15 21:10:53 - [MESSAGE][PASSED] - Object: 'Object Repository/QuoteLineandQuote/SelectProductCheckbox' is clicked on

2023-09-15 21:10:53 - [TEST_STEP][PASSED] - click(findTestObject("Object Repository/QuoteLineandQuote/SelectProduct-SelectionPage"), STOP_ON_FAILURE): Object: 'Object Repository/QuoteLineandQuote/SelectProduct-SelectionPage' is clicked on

2023-09-15 21:10:54 - [MESSAGE][PASSED] - Object: 'Object Repository/QuoteLineandQuote/SelectProduct-SelectionPage' is clicked on

2023-09-15 21:10:54 - [TEST_STEP][PASSED] - verifyElementPresent(findTestObject("Object Repository/QuoteLineandQuote/EditQuoteTextVerify"), 20, STOP_ON_FAILURE): Object 'Object Repository/QuoteLineandQuote/EditQuoteTextVerify' is present

2023-09-15 21:10:57 - [MESSAGE][PASSED] - Object 'Object Repository/QuoteLineandQuote/EditQuoteTextVerify' is present

2023-09-15 21:10:57 - [TEST_STEP][PASSED] - click(findTestObject("Object Repository/QuoteLineandQuote/SaveButton"), STOP_ON_FAILURE): Object: 'Object Repository/QuoteLineandQuote/SaveButton' is clicked on

2023-09-15 21:10:58 - [MESSAGE][PASSED] - Object: 'Object Repository/QuoteLineandQuote/SaveButton' is clicked on

2023-09-15 21:10:58 - [TEST_STEP][PASSED] - comment("Calling QuoteSigning Testcases to accept the quote without sending for signing"): Calling QuoteSigning Testcases to accept the quote without sending for signing

2023-09-15 21:10:58 - [MESSAGE][INFO] - Calling QuoteSigning Testcases to accept the quote without sending for signing

2023-09-15 21:10:58 - [TEST_STEP][PASSED] - callTestCase(findTestCase("Test Cases/QuoteSigning"), null, STOP_ON_FAILURE): Call Test Case 'Test Cases/QuoteSigning' successfully

2023-09-15 21:10:58 - [TEST_CASE][PASSED] - Test Cases/QuoteSigning: Test Cases/QuoteSigning

2023-09-15 21:10:59 - [TEST_STEP][PASSED] - click(findTestObject("Object Repository/QuoteLineandQuote/SystemTabonQuote/Tab_SystemonQuote"), STOP_ON_FAILURE): Object: 'Object Repository/QuoteLineandQuote/SystemTabonQuote/Tab_SystemonQuote' is clicked on

2023-09-15 21:11:10 - [MESSAGE][PASSED] - Object: 'Object Repository/QuoteLineandQuote/SystemTabonQuote/Tab_SystemonQuote' is clicked on

2023-09-15 21:11:10 - [TEST_STEP][PASSED] - verifyElementPresent(findTestObject("Object Repository/QuoteLineandQuote/SystemTabonQuote/Text_SignedDocumentValidation"), 20, STOP_ON_FAILURE): Object 'Object Repository/QuoteLineandQuote/SystemTabonQuote/Text_SignedDocumentValidation' is present

2023-09-15 21:11:12 - [MESSAGE][PASSED] - Object 'Object Repository/QuoteLineandQuote/SystemTabonQuote/Text_SignedDocumentValidation' is present

2023-09-15 21:11:12 - [TEST_STEP][PASSED] - verifyElementPresent(findTestObject("Object Repository/QuoteLineandQuote/SystemTabonQuote/Field_OverrideSignedDocumentValidation"), 20, STOP_ON_FAILURE): Object 'Object Repository/QuoteLineandQuote/SystemTabonQuote/Field_OverrideSignedDocumentValidation' is present

2023-09-15 21:11:12 - [MESSAGE][PASSED] - Object 'Object Repository/QuoteLineandQuote/SystemTabonQuote/Field_OverrideSignedDocumentValidation' is present

2023-09-15 21:11:12 - [TEST_STEP][PASSED] - click(findTestObject("Object Repository/QuoteLineandQuote/SystemTabonQuote/btn_EditOverrideDocument"), STOP_ON_FAILURE): Object: 'Object Repository/QuoteLineandQuote/SystemTabonQuote/btn_EditOverrideDocument' is clicked on

2023-09-15 21:11:13 - [MESSAGE][PASSED] - Object: 'Object Repository/QuoteLineandQuote/SystemTabonQuote/btn_EditOverrideDocument' is clicked on

2023-09-15 21:11:13 - [TEST_STEP][PASSED] - click(findTestObject("Object Repository/QuoteLineandQuote/SystemTabonQuote/ChkBox_OverrideSigned"), STOP_ON_FAILURE): Object: 'Object Repository/QuoteLineandQuote/SystemTabonQuote/ChkBox_OverrideSigned' is clicked on

2023-09-15 21:11:17 - [MESSAGE][PASSED] - Object: 'Object Repository/QuoteLineandQuote/SystemTabonQuote/ChkBox_OverrideSigned' is clicked on

2023-09-15 21:11:17 - [TEST_STEP][PASSED] - click(findTestObject("Object Repository/QuoteLineandQuote/SystemTabonQuote/btn_Save"), STOP_ON_FAILURE): Object: 'Object Repository/QuoteLineandQuote/SystemTabonQuote/btn_Save' is clicked on

2023-09-15 21:11:17 - [MESSAGE][PASSED] - Object: 'Object Repository/QuoteLineandQuote/SystemTabonQuote/btn_Save' is clicked on

2023-09-15 21:11:17 - [MESSAGE][PASSED] - Call Test Case 'Test Cases/QuoteSigning' successfully

2023-09-15 21:11:17 - [TEST_STEP][PASSED] - sleep(5000): null

2023-09-15 21:11:22 - [TEST_STEP][PASSED] - vipreQA.ClickUsingJS.ClickNewObj(findTestObject("Object Repository/QuoteLineandQuote/Tab_Details"), 30): vipreQA.ClickUsingJS.ClickNewObj is PASSED

2023-09-15 21:11:23 - [MESSAGE][PASSED] - vipreQA.ClickUsingJS.ClickNewObj is PASSED

2023-09-15 21:11:23 - [TEST_STEP][PASSED] - vipreQA.ClickUsingJS.ClickNewObj(findTestObject("Object Repository/QuoteLineandQuote/AcceptedSalesProcess"), 30): vipreQA.ClickUsingJS.ClickNewObj is PASSED

2023-09-15 21:11:24 - [MESSAGE][PASSED] - vipreQA.ClickUsingJS.ClickNewObj is PASSED

2023-09-15 21:11:24 - [TEST_STEP][PASSED] - vipreQA.ClickUsingJS.ClickNewObj(findTestObject("Object Repository/QuoteLineandQuote/MarkasCurrentStatus"), 30): vipreQA.ClickUsingJS.ClickNewObj is PASSED

2023-09-15 21:11:25 - [MESSAGE][PASSED] - vipreQA.ClickUsingJS.ClickNewObj is PASSED

2023-09-15 21:11:25 - [TEST_STEP][PASSED] - sleep(20000): null

2023-09-15 21:11:45 - [TEST_STEP][PASSED] - refresh(STOP_ON_FAILURE): Refresh successfully

2023-09-15 21:11:45 - [MESSAGE][PASSED] - Refresh successfully

2023-09-15 21:11:45 - [TEST_STEP][PASSED] - scrollToElement(findTestObject("Object Repository/QuoteLineandQuote/ClickContract"), 20): Scroll to object 'Object Repository/QuoteLineandQuote/ClickContract' successfully

2023-09-15 21:11:55 - [MESSAGE][PASSED] - Scroll to object 'Object Repository/QuoteLineandQuote/ClickContract' successfully

2023-09-15 21:11:55 - [TEST_STEP][PASSED] - vipreQA.ClickUsingJS.ClickNewObj(findTestObject("Object Repository/QuoteLineandQuote/ClickContract"), 30): vipreQA.ClickUsingJS.ClickNewObj is PASSED

2023-09-15 21:11:57 - [MESSAGE][PASSED] - vipreQA.ClickUsingJS.ClickNewObj is PASSED

2023-09-15 21:11:57 - [TEST_STEP][PASSED] - verifyElementPresent(findTestObject("Object Repository/QuoteLineandQuote/ContractPageVerify"), 20, STOP_ON_FAILURE): Object 'Object Repository/QuoteLineandQuote/ContractPageVerify' is present

2023-09-15 21:12:02 - [MESSAGE][PASSED] - Object 'Object Repository/QuoteLineandQuote/ContractPageVerify' is present]]></system-out>
         <system-err><![CDATA[]]></system-err>
      </testcase>
      <system-out><![CDATA[2023-09-15 21:08:03 - [TEST_SUITE][PASSED] - DirectAccount-DirectCustomerContract-SystemAdmin: Test Cases/AddingQuoteLine]]></system-out>
      <system-err><![CDATA[]]></system-err>
   </testsuite>
</testsuites>
