<?xml version="1.0" encoding="UTF-8"?>
<testsuites name="Partner Quote as User - Try" time="489.254" tests="9" failures="0" errors="0">
   <testsuite name="Partner Quote as User - Try" tests="9" failures="0" errors="0" time="489.254" skipped="0" timestamp="2023-09-29 15:52:01" hostname="GayathriKumaresan - IN-PC-00208" id="Test Suites/Partner Quote as User - Try">
      <properties>
         <property name="deviceName" value=""/>
         <property name="devicePlatform" value=""/>
         <property name="logFolder" value="C:\\Users\\gayathri.kumaresan\\git\\VIPRE-RecordCreations\\Reports\\20230929_155158\\Partner Quote as User - Try\\20230929_155158"/>
         <property name="logFiles" value="C:\\Users\\gayathri.kumaresan\\git\\VIPRE-RecordCreations\\Reports\\20230929_155158\\Partner Quote as User - Try\\20230929_155158\\execution0.log"/>
         <property name="attachments" value=""/>
         <property name="hostName" value="GayathriKumaresan - IN-PC-00208"/>
         <property name="os" value="Windows 10 64bit"/>
         <property name="katalonVersion" value="8.3.5.208"/>
         <property name="browser" value="Chrome 116.0.0.0"/>
         <property name="hostAddress" value="192.168.29.57"/>
         <property name="sessionId" value="ace09f565e322f2aa2030be551602571"/>
         <property name="seleniumVersion" value="3.141.59"/>
         <property name="proxyInformation" value="ProxyInformation { proxyOption=NO_PROXY, proxyServerType=HTTP, username=, password=********, proxyServerAddress=, proxyServerPort=0, executionList=&quot;&quot;, isApplyToDesiredCapabilities=true }"/>
         <property name="platform" value="Windows 10"/>
      </properties>
      <testcase name="Test Cases/LogintoSalesforce-Admin" time="22.01" classname="Test Cases/LogintoSalesforce-Admin" status="PASSED">
         <system-out><![CDATA[2023-09-29 15:52:01 - [TEST_CASE][PASSED] - Test Cases/LogintoSalesforce-Admin: Test Cases/LogintoSalesforce-Admin

2023-09-29 15:52:02 - [TEST_STEP][PASSED] - openBrowser(LoginURL): Browser is opened with url: 'https://vipre-exm--qa.sandbox.lightning.force.com/lightning/page/home'

2023-09-29 15:52:03 - [MESSAGE][INFO] - Starting 'Chrome' driver

2023-09-29 15:52:03 - [MESSAGE][INFO] - User set preference: ['args', '[--disable-notifications]']

2023-09-29 15:52:03 - [MESSAGE][INFO] - Action delay is set to 0 milliseconds

2023-09-29 15:52:11 - [MESSAGE][PASSED] - Browser is opened with url: 'https://vipre-exm--qa.sandbox.lightning.force.com/lightning/page/home'

2023-09-29 15:52:11 - [TEST_STEP][PASSED] - maximizeWindow(): Current window maximized

2023-09-29 15:52:11 - [MESSAGE][PASSED] - Current window maximized

2023-09-29 15:52:11 - [TEST_STEP][PASSED] - setText(findTestObject("LoginPage/Username"), UserName): Text 'eu_gayathri.kumaresan@listertechnologies.com.qa' is set on object 'Object Repository/LoginPage/Username'

2023-09-29 15:52:12 - [MESSAGE][PASSED] - Text 'eu_gayathri.kumaresan@listertechnologies.com.qa' is set on object 'Object Repository/LoginPage/Username'

2023-09-29 15:52:12 - [TEST_STEP][PASSED] - setText(findTestObject("LoginPage/Password"), Password): Text 'Lister@123456' is set on object 'Object Repository/LoginPage/Password'

2023-09-29 15:52:13 - [MESSAGE][PASSED] - Text 'Lister@123456' is set on object 'Object Repository/LoginPage/Password'

2023-09-29 15:52:13 - [TEST_STEP][PASSED] - click(findTestObject("LoginPage/LoginButton")): Object: 'Object Repository/LoginPage/LoginButton' is clicked on

2023-09-29 15:52:23 - [MESSAGE][PASSED] - Object: 'Object Repository/LoginPage/LoginButton' is clicked on]]></system-out>
         <system-err><![CDATA[]]></system-err>
      </testcase>
      <testcase name="Test Cases/CreatingResellerAccount-VIPRE-Admin" time="30.638" classname="Test Cases/CreatingResellerAccount-VIPRE-Admin" status="PASSED">
         <system-out><![CDATA[2023-09-29 15:52:23 - [TEST_CASE][PASSED] - Test Cases/CreatingResellerAccount-VIPRE-Admin: Test Cases/CreatingResellerAccount-VIPRE-Admin

2023-09-29 15:52:24 - [TEST_STEP][PASSED] - sleep(5000): null

2023-09-29 15:52:29 - [TEST_STEP][PASSED] - verifyElementPresent(findTestObject("Object Repository/AccountCreationPage/VIPRESalesElement"), 30): Object 'Object Repository/AccountCreationPage/VIPRESalesElement' is present

2023-09-29 15:52:29 - [MESSAGE][PASSED] - Object 'Object Repository/AccountCreationPage/VIPRESalesElement' is present

2023-09-29 15:52:29 - [TEST_STEP][PASSED] - vipreQA.ClickUsingJS.ClickNewObj(findTestObject("Object Repository/AccountObject/AccountsTab"), 30): vipreQA.ClickUsingJS.ClickNewObj is PASSED

2023-09-29 15:52:30 - [MESSAGE][PASSED] - vipreQA.ClickUsingJS.ClickNewObj is PASSED

2023-09-29 15:52:30 - [TEST_STEP][PASSED] - vipreQA.ClickUsingJS.ClickNewObj(findTestObject("Object Repository/AccountObject/NewButtononAccount"), 30): vipreQA.ClickUsingJS.ClickNewObj is PASSED

2023-09-29 15:52:32 - [MESSAGE][PASSED] - vipreQA.ClickUsingJS.ClickNewObj is PASSED

2023-09-29 15:52:32 - [TEST_STEP][PASSED] - click(findTestObject("Object Repository/AccountRecordTypes/Reseller")): Object: 'Object Repository/AccountRecordTypes/Reseller' is clicked on

2023-09-29 15:52:33 - [MESSAGE][PASSED] - Object: 'Object Repository/AccountRecordTypes/Reseller' is clicked on

2023-09-29 15:52:33 - [TEST_STEP][PASSED] - click(findTestObject("Object Repository/AccountRecordTypes/NextButton")): Object: 'Object Repository/AccountRecordTypes/NextButton' is clicked on

2023-09-29 15:52:33 - [MESSAGE][PASSED] - Object: 'Object Repository/AccountRecordTypes/NextButton' is clicked on

2023-09-29 15:52:33 - [TEST_STEP][PASSED] - verifyElementPresent(findTestObject("Object Repository/AccountRecordTypes/ResellerTextVerify"), 20, STOP_ON_FAILURE): Object 'Object Repository/AccountRecordTypes/ResellerTextVerify' is present

2023-09-29 15:52:37 - [MESSAGE][PASSED] - Object 'Object Repository/AccountRecordTypes/ResellerTextVerify' is present

2023-09-29 15:52:37 - [TEST_STEP][PASSED] - sendKeys(findTestObject("AccountCreationPage/AccountName"), AccountName_Reseller_VIPRE): Keys 'TA_Reseller_VIPRE_001' sent to object: 'Object Repository/AccountCreationPage/AccountName'

2023-09-29 15:52:38 - [MESSAGE][PASSED] - Keys 'TA_Reseller_VIPRE_001' sent to object: 'Object Repository/AccountCreationPage/AccountName'

2023-09-29 15:52:38 - [TEST_STEP][PASSED] - scrollToElement(findTestObject("Object Repository/AccountCreationPage/AccountCurrencyLabel"), 20): Scroll to object 'Object Repository/AccountCreationPage/AccountCurrencyLabel' successfully

2023-09-29 15:52:39 - [MESSAGE][PASSED] - Scroll to object 'Object Repository/AccountCreationPage/AccountCurrencyLabel' successfully

2023-09-29 15:52:39 - [TEST_STEP][PASSED] - scrollToElement(findTestObject("Object Repository/AccountCreationPage/BillingCountryLabel"), 20): Scroll to object 'Object Repository/AccountCreationPage/BillingCountryLabel' successfully

2023-09-29 15:52:39 - [MESSAGE][PASSED] - Scroll to object 'Object Repository/AccountCreationPage/BillingCountryLabel' successfully

2023-09-29 15:52:39 - [TEST_STEP][PASSED] - click(findTestObject("Object Repository/AccountCreationPage/BillingCountryNone")): Object: 'Object Repository/AccountCreationPage/BillingCountryNone' is clicked on

2023-09-29 15:52:40 - [MESSAGE][PASSED] - Object: 'Object Repository/AccountCreationPage/BillingCountryNone' is clicked on

2023-09-29 15:52:40 - [TEST_STEP][PASSED] - click(findTestObject("Object Repository/AccountCreationPage/BillingCountryBahrain")): Object: 'Object Repository/AccountCreationPage/BillingCountryBahrain' is clicked on

2023-09-29 15:52:40 - [MESSAGE][PASSED] - Object: 'Object Repository/AccountCreationPage/BillingCountryBahrain' is clicked on

2023-09-29 15:52:40 - [TEST_STEP][PASSED] - setText(findTestObject("AccountCreationPage/BillingStreet"), BillingStreet): Text '234, Sidney Street' is set on object 'Object Repository/AccountCreationPage/BillingStreet'

2023-09-29 15:52:42 - [MESSAGE][PASSED] - Text '234, Sidney Street' is set on object 'Object Repository/AccountCreationPage/BillingStreet'

2023-09-29 15:52:42 - [TEST_STEP][PASSED] - setText(findTestObject("AccountCreationPage/BillingCity"), BillingCity): Text 'Toronto' is set on object 'Object Repository/AccountCreationPage/BillingCity'

2023-09-29 15:52:43 - [MESSAGE][PASSED] - Text 'Toronto' is set on object 'Object Repository/AccountCreationPage/BillingCity'

2023-09-29 15:52:43 - [TEST_STEP][PASSED] - setText(findTestObject("AccountCreationPage/PostalCode"), PostalCode): Text '12AB3N' is set on object 'Object Repository/AccountCreationPage/PostalCode'

2023-09-29 15:52:44 - [MESSAGE][PASSED] - Text '12AB3N' is set on object 'Object Repository/AccountCreationPage/PostalCode'

2023-09-29 15:52:44 - [TEST_STEP][PASSED] - setText(findTestObject("AccountCreationPage/CompanyRegistrationNo"), CompanyRegistrationNumber): Text 'WA12345Test' is set on object 'Object Repository/AccountCreationPage/CompanyRegistrationNo'

2023-09-29 15:52:45 - [MESSAGE][PASSED] - Text 'WA12345Test' is set on object 'Object Repository/AccountCreationPage/CompanyRegistrationNo'

2023-09-29 15:52:45 - [TEST_STEP][PASSED] - scrollToElement(findTestObject("Object Repository/AccountCreationPage/SalesTerritoryLabel"), 20): Scroll to object 'Object Repository/AccountCreationPage/SalesTerritoryLabel' successfully

2023-09-29 15:52:45 - [MESSAGE][PASSED] - Scroll to object 'Object Repository/AccountCreationPage/SalesTerritoryLabel' successfully

2023-09-29 15:52:45 - [TEST_STEP][PASSED] - click(findTestObject("Object Repository/AccountCreationPage/SalesTerritoryNone")): Object: 'Object Repository/AccountCreationPage/SalesTerritoryNone' is clicked on

2023-09-29 15:52:46 - [MESSAGE][PASSED] - Object: 'Object Repository/AccountCreationPage/SalesTerritoryNone' is clicked on

2023-09-29 15:52:46 - [TEST_STEP][PASSED] - click(findTestObject("Object Repository/AccountCreationPage/SalesTerritoryValue", ["value":SalesTerritory_VIPRE])): Object: 'Object Repository/AccountCreationPage/SalesTerritoryValue' is clicked on

2023-09-29 15:52:47 - [MESSAGE][PASSED] - Object: 'Object Repository/AccountCreationPage/SalesTerritoryValue' is clicked on

2023-09-29 15:52:47 - [TEST_STEP][PASSED] - click(findTestObject("Object Repository/AccountCreationPage/SaveButton")): Object: 'Object Repository/AccountCreationPage/SaveButton' is clicked on

2023-09-29 15:52:47 - [MESSAGE][PASSED] - Object: 'Object Repository/AccountCreationPage/SaveButton' is clicked on

2023-09-29 15:52:47 - [TEST_STEP][PASSED] - verifyElementPresent(findTestObject("Object Repository/AccountCreationPage/AccountPageAppear"), 30): Object 'Object Repository/AccountCreationPage/AccountPageAppear' is present

2023-09-29 15:52:54 - [MESSAGE][PASSED] - Object 'Object Repository/AccountCreationPage/AccountPageAppear' is present]]></system-out>
         <system-err><![CDATA[]]></system-err>
      </testcase>
      <testcase name="Test Cases/CreatePartnerAcquisitionOpportunity-Admin" time="21.984" classname="Test Cases/CreatePartnerAcquisitionOpportunity-Admin" status="PASSED">
         <system-out><![CDATA[2023-09-29 15:52:54 - [TEST_CASE][PASSED] - Test Cases/CreatePartnerAcquisitionOpportunity-Admin: Test Cases/CreatePartnerAcquisitionOpportunity-Admin

2023-09-29 15:52:54 - [TEST_STEP][PASSED] - click(findTestObject("Object Repository/PartnerAcquisitionCreation/DropDownMenuonAccount"), STOP_ON_FAILURE): Object: 'Object Repository/PartnerAcquisitionCreation/DropDownMenuonAccount' is clicked on

2023-09-29 15:52:55 - [MESSAGE][PASSED] - Object: 'Object Repository/PartnerAcquisitionCreation/DropDownMenuonAccount' is clicked on

2023-09-29 15:52:55 - [TEST_STEP][PASSED] - click(findTestObject("Object Repository/PartnerAcquisitionCreation/PAOpportunity-VIPRE"), STOP_ON_FAILURE): Object: 'Object Repository/PartnerAcquisitionCreation/PAOpportunity-VIPRE' is clicked on

2023-09-29 15:52:56 - [MESSAGE][PASSED] - Object: 'Object Repository/PartnerAcquisitionCreation/PAOpportunity-VIPRE' is clicked on

2023-09-29 15:52:56 - [TEST_STEP][PASSED] - scrollToElement(findTestObject("Object Repository/PartnerAcquisitionCreation/SalesTerritoryLabel"), 20, STOP_ON_FAILURE): Scroll to object 'Object Repository/PartnerAcquisitionCreation/SalesTerritoryLabel' successfully

2023-09-29 15:52:58 - [MESSAGE][PASSED] - Scroll to object 'Object Repository/PartnerAcquisitionCreation/SalesTerritoryLabel' successfully

2023-09-29 15:52:58 - [TEST_STEP][PASSED] - click(findTestObject("Object Repository/PartnerAcquisitionCreation/SalesTerritoryNone"), STOP_ON_FAILURE): Object: 'Object Repository/PartnerAcquisitionCreation/SalesTerritoryNone' is clicked on

2023-09-29 15:52:58 - [MESSAGE][PASSED] - Object: 'Object Repository/PartnerAcquisitionCreation/SalesTerritoryNone' is clicked on

2023-09-29 15:52:58 - [TEST_STEP][PASSED] - click(findTestObject("Object Repository/PartnerAcquisitionCreation/SalesTerritoryValue", ["value":SalesTerritory_VIPRE]), STOP_ON_FAILURE): Object: 'Object Repository/PartnerAcquisitionCreation/SalesTerritoryValue' is clicked on

2023-09-29 15:52:59 - [MESSAGE][PASSED] - Object: 'Object Repository/PartnerAcquisitionCreation/SalesTerritoryValue' is clicked on

2023-09-29 15:52:59 - [TEST_STEP][PASSED] - scrollToElement(findTestObject("Object Repository/PartnerAcquisitionCreation/BillingEntityLabel"), 20, STOP_ON_FAILURE): Scroll to object 'Object Repository/PartnerAcquisitionCreation/BillingEntityLabel' successfully

2023-09-29 15:52:59 - [MESSAGE][PASSED] - Scroll to object 'Object Repository/PartnerAcquisitionCreation/BillingEntityLabel' successfully

2023-09-29 15:52:59 - [TEST_STEP][PASSED] - click(findTestObject("Object Repository/PartnerAcquisitionCreation/BillingEntityNone"), STOP_ON_FAILURE): Object: 'Object Repository/PartnerAcquisitionCreation/BillingEntityNone' is clicked on

2023-09-29 15:53:00 - [MESSAGE][PASSED] - Object: 'Object Repository/PartnerAcquisitionCreation/BillingEntityNone' is clicked on

2023-09-29 15:53:00 - [TEST_STEP][PASSED] - click(findTestObject("Object Repository/PartnerAcquisitionCreation/BillingEntityValue", ["value":BillingEntity_VIPRE]), STOP_ON_FAILURE): Object: 'Object Repository/PartnerAcquisitionCreation/BillingEntityValue' is clicked on

2023-09-29 15:53:00 - [MESSAGE][PASSED] - Object: 'Object Repository/PartnerAcquisitionCreation/BillingEntityValue' is clicked on

2023-09-29 15:53:00 - [TEST_STEP][PASSED] - click(findTestObject("Object Repository/PartnerAcquisitionCreation/CloseDateBox"), STOP_ON_FAILURE): Object: 'Object Repository/PartnerAcquisitionCreation/CloseDateBox' is clicked on

2023-09-29 15:53:01 - [MESSAGE][PASSED] - Object: 'Object Repository/PartnerAcquisitionCreation/CloseDateBox' is clicked on

2023-09-29 15:53:01 - [TEST_STEP][PASSED] - setText(findTestObject("Object Repository/PartnerAcquisitionCreation/CloseDateBox"), CloseDate, STOP_ON_FAILURE): Text '31/07/2023' is set on object 'Object Repository/PartnerAcquisitionCreation/CloseDateBox'

2023-09-29 15:53:02 - [MESSAGE][PASSED] - Text '31/07/2023' is set on object 'Object Repository/PartnerAcquisitionCreation/CloseDateBox'

2023-09-29 15:53:02 - [TEST_STEP][PASSED] - click(findTestObject("Object Repository/PartnerAcquisitionCreation/SaveButton"), STOP_ON_FAILURE): Object: 'Object Repository/PartnerAcquisitionCreation/SaveButton' is clicked on

2023-09-29 15:53:02 - [MESSAGE][PASSED] - Object: 'Object Repository/PartnerAcquisitionCreation/SaveButton' is clicked on

2023-09-29 15:53:02 - [TEST_STEP][PASSED] - scrollToPosition(0, 50): Browser is scrolled to position x = 0, y = 50

2023-09-29 15:53:02 - [MESSAGE][PASSED] - Browser is scrolled to position x = 0, y = 50

2023-09-29 15:53:02 - [TEST_STEP][PASSED] - click(findTestObject("Object Repository/PartnerAcquisitionCreation/ClickOpportunities"), STOP_ON_FAILURE): Object: 'Object Repository/PartnerAcquisitionCreation/ClickOpportunities' is clicked on

2023-09-29 15:53:08 - [MESSAGE][PASSED] - Object: 'Object Repository/PartnerAcquisitionCreation/ClickOpportunities' is clicked on

2023-09-29 15:53:08 - [TEST_STEP][PASSED] - verifyElementPresent(findTestObject("Object Repository/PartnerAcquisitionCreation/OpportunityTextVerify"), 30, STOP_ON_FAILURE): Object 'Object Repository/PartnerAcquisitionCreation/OpportunityTextVerify' is present

2023-09-29 15:53:09 - [MESSAGE][PASSED] - Object 'Object Repository/PartnerAcquisitionCreation/OpportunityTextVerify' is present

2023-09-29 15:53:09 - [TEST_STEP][PASSED] - click(findTestObject("Object Repository/PartnerAcquisitionCreation/ClickonCreatedOpportunity", ["value":AccountName_Reseller_VIPRE]), STOP_ON_FAILURE): Object: 'Object Repository/PartnerAcquisitionCreation/ClickonCreatedOpportunity' is clicked on

2023-09-29 15:53:10 - [MESSAGE][PASSED] - Object: 'Object Repository/PartnerAcquisitionCreation/ClickonCreatedOpportunity' is clicked on

2023-09-29 15:53:10 - [TEST_STEP][PASSED] - verifyElementPresent(findTestObject("Object Repository/PartnerAcquisitionCreation/PAOppPageVerify", ["value":AccountName_Reseller_VIPRE]), 20, STOP_ON_FAILURE): Object 'Object Repository/PartnerAcquisitionCreation/PAOppPageVerify' is present

2023-09-29 15:53:13 - [MESSAGE][PASSED] - Object 'Object Repository/PartnerAcquisitionCreation/PAOppPageVerify' is present

2023-09-29 15:53:13 - [TEST_STEP][PASSED] - verifyElementPresent(findTestObject("Object Repository/PartnerAcquisitionCreation/PartnerModelValidationMsg"), 20, STOP_ON_FAILURE): Object 'Object Repository/PartnerAcquisitionCreation/PartnerModelValidationMsg' is present

2023-09-29 15:53:14 - [MESSAGE][PASSED] - Object 'Object Repository/PartnerAcquisitionCreation/PartnerModelValidationMsg' is present

2023-09-29 15:53:14 - [TEST_STEP][PASSED] - sleep(2000): null]]></system-out>
         <system-err><![CDATA[]]></system-err>
      </testcase>
      <testcase name="Test Cases/ResellerPartnerContract-SystemAdmin" time="177.658" classname="Test Cases/ResellerPartnerContract-SystemAdmin" status="PASSED">
         <system-out><![CDATA[2023-09-29 15:53:16 - [TEST_CASE][PASSED] - Test Cases/ResellerPartnerContract-SystemAdmin: Test Cases/ResellerPartnerContract-SystemAdmin

2023-09-29 15:53:17 - [TEST_STEP][PASSED] - verifyElementPresent(findTestObject("Object Repository/PAOppMandatoryField/PartnerModel/PartnerModelValidationMessageRevalidate"), 20): Object 'Object Repository/PAOppMandatoryField/PartnerModel/PartnerModelValidationMessageRevalidate' is present

2023-09-29 15:53:17 - [MESSAGE][PASSED] - Object 'Object Repository/PAOppMandatoryField/PartnerModel/PartnerModelValidationMessageRevalidate' is present

2023-09-29 15:53:17 - [TEST_STEP][PASSED] - MandatoryFields = getText(findTestObject("Object Repository/PAOppMandatoryField/MandatoryField/GetMandatoryFields")): Text of object 'Object Repository/PAOppMandatoryField/MandatoryField/GetMandatoryFields' is: 'Partner Model'

2023-09-29 15:53:18 - [MESSAGE][PASSED] - Text of object 'Object Repository/PAOppMandatoryField/MandatoryField/GetMandatoryFields' is: 'Partner Model'

2023-09-29 15:53:18 - [TEST_STEP][PASSED] - out.println("Fields:" + MandatoryFields): null

2023-09-29 15:53:18 - [TEST_STEP][PASSED] - scrollToElement(findTestObject("Object Repository/PAOppMandatoryField/PartnerModel/QualificationElement"), 20): Scroll to object 'Object Repository/PAOppMandatoryField/PartnerModel/QualificationElement' successfully

2023-09-29 15:53:18 - [MESSAGE][PASSED] - Scroll to object 'Object Repository/PAOppMandatoryField/PartnerModel/QualificationElement' successfully

2023-09-29 15:53:18 - [TEST_STEP][PASSED] - vipreQA.ClickUsingJS.ClickNewObj(findTestObject("Object Repository/PAOppMandatoryField/PartnerModel/PartnerModelEdit"), 20): vipreQA.ClickUsingJS.ClickNewObj is PASSED

2023-09-29 15:53:21 - [MESSAGE][PASSED] - vipreQA.ClickUsingJS.ClickNewObj is PASSED

2023-09-29 15:53:21 - [TEST_STEP][PASSED] - sleep(5000): null

2023-09-29 15:53:26 - [TEST_STEP][PASSED] - vipreQA.ClickUsingJS.ClickNewObj(findTestObject("Object Repository/PAOppMandatoryField/PartnerModel/PartnerModelNone"), 20): vipreQA.ClickUsingJS.ClickNewObj is PASSED

2023-09-29 15:53:26 - [MESSAGE][PASSED] - vipreQA.ClickUsingJS.ClickNewObj is PASSED

2023-09-29 15:53:26 - [TEST_STEP][PASSED] - vipreQA.ClickUsingJS.ClickNewObj(findTestObject("Object Repository/PAOppMandatoryField/PartnerModel/PartnerModelValues", ["value":ResellerPartnerModel]), 20): vipreQA.ClickUsingJS.ClickNewObj is PASSED

2023-09-29 15:53:27 - [MESSAGE][PASSED] - vipreQA.ClickUsingJS.ClickNewObj is PASSED

2023-09-29 15:53:27 - [TEST_STEP][PASSED] - vipreQA.ClickUsingJS.ClickNewObj(findTestObject("Object Repository/PAOppMandatoryField/Accreditation/AccreditationNone"), 20): vipreQA.ClickUsingJS.ClickNewObj is PASSED

2023-09-29 15:53:27 - [MESSAGE][PASSED] - vipreQA.ClickUsingJS.ClickNewObj is PASSED

2023-09-29 15:53:27 - [TEST_STEP][PASSED] - vipreQA.ClickUsingJS.ClickNewObj(findTestObject("Object Repository/PAOppMandatoryField/Accreditation/AccreditationValues", ["value":ResellerAccreditationLevel]), 20): vipreQA.ClickUsingJS.ClickNewObj is PASSED

2023-09-29 15:53:28 - [MESSAGE][PASSED] - vipreQA.ClickUsingJS.ClickNewObj is PASSED

2023-09-29 15:53:28 - [TEST_STEP][PASSED] - vipreQA.ClickUsingJS.ClickNewObj(findTestObject("Object Repository/PAOppMandatoryField/SaveButton"), 20): vipreQA.ClickUsingJS.ClickNewObj is PASSED

2023-09-29 15:53:28 - [MESSAGE][PASSED] - vipreQA.ClickUsingJS.ClickNewObj is PASSED

2023-09-29 15:53:28 - [TEST_STEP][PASSED] - sleep(5000): null

2023-09-29 15:53:33 - [TEST_STEP][PASSED] - vipreQA.ClickUsingJS.ClickNewObj(findTestObject("Object Repository/PAOppMandatoryField/RevalidateButton"), 20): vipreQA.ClickUsingJS.ClickNewObj is PASSED

2023-09-29 15:53:34 - [MESSAGE][PASSED] - vipreQA.ClickUsingJS.ClickNewObj is PASSED

2023-09-29 15:53:34 - [TEST_STEP][PASSED] - verifyElementPresent(findTestObject("Object Repository/PAOppMandatoryField/AddandEditProducts/AddProductRevalidation"), 20): Object 'Object Repository/PAOppMandatoryField/AddandEditProducts/AddProductRevalidation' is present

2023-09-29 15:53:35 - [MESSAGE][PASSED] - Object 'Object Repository/PAOppMandatoryField/AddandEditProducts/AddProductRevalidation' is present

2023-09-29 15:53:35 - [TEST_STEP][PASSED] - scrollToPosition(0, 3500): Browser is scrolled to position x = 0, y = 3500

2023-09-29 15:53:35 - [MESSAGE][PASSED] - Browser is scrolled to position x = 0, y = 3500

2023-09-29 15:53:35 - [TEST_STEP][PASSED] - waitForElementPresent(findTestObject("Object Repository/PAOppMandatoryField/AddandEditProducts/AddProductButton"), 20): Object 'Object Repository/PAOppMandatoryField/AddandEditProducts/AddProductButton' is present

2023-09-29 15:53:37 - [MESSAGE][PASSED] - Object 'Object Repository/PAOppMandatoryField/AddandEditProducts/AddProductButton' is present

2023-09-29 15:53:37 - [TEST_STEP][PASSED] - vipreQA.ClickUsingJS.ClickNewObj(findTestObject("Object Repository/PAOppMandatoryField/AddandEditProducts/AddProductButton"), 20): vipreQA.ClickUsingJS.ClickNewObj is PASSED

2023-09-29 15:53:37 - [MESSAGE][PASSED] - vipreQA.ClickUsingJS.ClickNewObj is PASSED

2023-09-29 15:53:37 - [TEST_STEP][PASSED] - verifyElementPresent(findTestObject("Object Repository/PAOppMandatoryField/AddandEditProducts/PriceBookHeader-VIPRE"), 20): Object 'Object Repository/PAOppMandatoryField/AddandEditProducts/PriceBookHeader-VIPRE' is present

2023-09-29 15:53:39 - [MESSAGE][PASSED] - Object 'Object Repository/PAOppMandatoryField/AddandEditProducts/PriceBookHeader-VIPRE' is present

2023-09-29 15:53:39 - [TEST_STEP][PASSED] - vipreQA.ClickUsingJS.ClickNewObj(findTestObject("Object Repository/PAOppMandatoryField/AddandEditProducts/PAProductSelection", ["value":PAProducts]), 20): vipreQA.ClickUsingJS.ClickNewObj is PASSED

2023-09-29 15:53:39 - [MESSAGE][PASSED] - vipreQA.ClickUsingJS.ClickNewObj is PASSED

2023-09-29 15:53:39 - [TEST_STEP][PASSED] - vipreQA.ClickUsingJS.ClickNewObj(findTestObject("Object Repository/PAOppMandatoryField/NextButton"), 20): vipreQA.ClickUsingJS.ClickNewObj is PASSED

2023-09-29 15:53:40 - [MESSAGE][PASSED] - vipreQA.ClickUsingJS.ClickNewObj is PASSED

2023-09-29 15:53:40 - [TEST_STEP][PASSED] - verifyElementPresent(findTestObject("Object Repository/PAOppMandatoryField/AddandEditProducts/EditSelectedProductVerification"), 20): Object 'Object Repository/PAOppMandatoryField/AddandEditProducts/EditSelectedProductVerification' is present

2023-09-29 15:53:42 - [MESSAGE][PASSED] - Object 'Object Repository/PAOppMandatoryField/AddandEditProducts/EditSelectedProductVerification' is present

2023-09-29 15:53:42 - [TEST_STEP][PASSED] - vipreQA.ClickUsingJS.ClickNewObj(findTestObject("Object Repository/PAOppMandatoryField/AddandEditProducts/ClickSalePrice"), 20): vipreQA.ClickUsingJS.ClickNewObj is PASSED

2023-09-29 15:53:42 - [MESSAGE][PASSED] - vipreQA.ClickUsingJS.ClickNewObj is PASSED

2023-09-29 15:53:42 - [TEST_STEP][PASSED] - setText(findTestObject("Object Repository/PAOppMandatoryField/AddandEditProducts/SalesPriceInput"), SalePrice): Text '25' is set on object 'Object Repository/PAOppMandatoryField/AddandEditProducts/SalesPriceInput'

2023-09-29 15:53:43 - [MESSAGE][PASSED] - Text '25' is set on object 'Object Repository/PAOppMandatoryField/AddandEditProducts/SalesPriceInput'

2023-09-29 15:53:43 - [TEST_STEP][PASSED] - vipreQA.ClickUsingJS.ClickNewObj(findTestObject("Object Repository/PAOppMandatoryField/AddandEditProducts/ClickEditQuantity"), 20): vipreQA.ClickUsingJS.ClickNewObj is PASSED

2023-09-29 15:53:44 - [MESSAGE][PASSED] - vipreQA.ClickUsingJS.ClickNewObj is PASSED

2023-09-29 15:53:44 - [TEST_STEP][PASSED] - sendKeys(findTestObject("Object Repository/PAOppMandatoryField/AddandEditProducts/QuantityInput"), Quantity): Keys '50' sent to object: 'Object Repository/PAOppMandatoryField/AddandEditProducts/QuantityInput'

2023-09-29 15:53:44 - [MESSAGE][PASSED] - Keys '50' sent to object: 'Object Repository/PAOppMandatoryField/AddandEditProducts/QuantityInput'

2023-09-29 15:53:44 - [TEST_STEP][PASSED] - vipreQA.ClickUsingJS.ClickNewObj(findTestObject("Object Repository/PAOppMandatoryField/AddandEditProducts/ClickLineDescription"), 20): vipreQA.ClickUsingJS.ClickNewObj is PASSED

2023-09-29 15:53:45 - [MESSAGE][PASSED] - vipreQA.ClickUsingJS.ClickNewObj is PASSED

2023-09-29 15:53:45 - [TEST_STEP][PASSED] - vipreQA.ClickUsingJS.ClickNewObj(findTestObject("Object Repository/PAOppMandatoryField/AddandEditProducts/EditSelectedProductSaveButton"), 20): vipreQA.ClickUsingJS.ClickNewObj is PASSED

2023-09-29 15:53:45 - [MESSAGE][PASSED] - vipreQA.ClickUsingJS.ClickNewObj is PASSED

2023-09-29 15:53:45 - [TEST_STEP][PASSED] - sleep(1000): null

2023-09-29 15:53:46 - [TEST_STEP][PASSED] - scrollToElement(findTestObject("Object Repository/PAOppMandatoryField/RevalidateButton"), 20): Scroll to object 'Object Repository/PAOppMandatoryField/RevalidateButton' successfully

2023-09-29 15:53:49 - [MESSAGE][PASSED] - Scroll to object 'Object Repository/PAOppMandatoryField/RevalidateButton' successfully

2023-09-29 15:53:49 - [TEST_STEP][PASSED] - sleep(1000): null

2023-09-29 15:53:50 - [TEST_STEP][PASSED] - vipreQA.ClickUsingJS.ClickNewObj(findTestObject("Object Repository/PAOppMandatoryField/RevalidateButton"), 20): vipreQA.ClickUsingJS.ClickNewObj is PASSED

2023-09-29 15:53:51 - [MESSAGE][PASSED] - vipreQA.ClickUsingJS.ClickNewObj is PASSED

2023-09-29 15:53:51 - [TEST_STEP][PASSED] - verifyElementPresent(findTestObject("Object Repository/PAOppMandatoryField/CreateDraftContract/CreateDraftContractValidation"), 20): Object 'Object Repository/PAOppMandatoryField/CreateDraftContract/CreateDraftContractValidation' is present

2023-09-29 15:53:53 - [MESSAGE][PASSED] - Object 'Object Repository/PAOppMandatoryField/CreateDraftContract/CreateDraftContractValidation' is present

2023-09-29 15:53:53 - [TEST_STEP][PASSED] - vipreQA.ClickUsingJS.ClickNewObj(findTestObject("Object Repository/PAOppMandatoryField/CreateDraftContract/CreateDraftcontractButton"), 20): vipreQA.ClickUsingJS.ClickNewObj is PASSED

2023-09-29 15:53:54 - [MESSAGE][PASSED] - vipreQA.ClickUsingJS.ClickNewObj is PASSED

2023-09-29 15:53:54 - [TEST_STEP][PASSED] - verifyElementPresent(findTestObject("Object Repository/PAOppMandatoryField/CreateDraftContract/CreateDraftContractScreenValidation"), 20): Object 'Object Repository/PAOppMandatoryField/CreateDraftContract/CreateDraftContractScreenValidation' is present

2023-09-29 15:53:55 - [MESSAGE][PASSED] - Object 'Object Repository/PAOppMandatoryField/CreateDraftContract/CreateDraftContractScreenValidation' is present

2023-09-29 15:53:55 - [TEST_STEP][PASSED] - setText(findTestObject("Object Repository/PAOppMandatoryField/CreateDraftContract/ResellerPartner-AnnualSalesTarget"), AnnualSalesTarget): Text '5000' is set on object 'Object Repository/PAOppMandatoryField/CreateDraftContract/ResellerPartner-AnnualSalesTarget'

2023-09-29 15:53:56 - [MESSAGE][PASSED] - Text '5000' is set on object 'Object Repository/PAOppMandatoryField/CreateDraftContract/ResellerPartner-AnnualSalesTarget'

2023-09-29 15:53:56 - [TEST_STEP][PASSED] - setText(findTestObject("Object Repository/PAOppMandatoryField/CreateDraftContract/ResellerPartner-MinimumOrderValue"), MinimumOrderValue): Text '50' is set on object 'Object Repository/PAOppMandatoryField/CreateDraftContract/ResellerPartner-MinimumOrderValue'

2023-09-29 15:53:57 - [MESSAGE][PASSED] - Text '50' is set on object 'Object Repository/PAOppMandatoryField/CreateDraftContract/ResellerPartner-MinimumOrderValue'

2023-09-29 15:53:57 - [TEST_STEP][PASSED] - vipreQA.ClickUsingJS.ClickNewObj(findTestObject("Object Repository/PAOppMandatoryField/CreateDraftContract/CreateDraftContractNext"), 20): vipreQA.ClickUsingJS.ClickNewObj is PASSED

2023-09-29 15:53:57 - [MESSAGE][PASSED] - vipreQA.ClickUsingJS.ClickNewObj is PASSED

2023-09-29 15:53:57 - [TEST_STEP][PASSED] - waitForElementPresent(findTestObject("Object Repository/PAOppMandatoryField/CreateDraftContract/CreateDraftContractFinishButton"), 30): Object 'Object Repository/PAOppMandatoryField/CreateDraftContract/CreateDraftContractFinishButton' is present

2023-09-29 15:54:03 - [MESSAGE][PASSED] - Object 'Object Repository/PAOppMandatoryField/CreateDraftContract/CreateDraftContractFinishButton' is present

2023-09-29 15:54:03 - [TEST_STEP][PASSED] - verifyElementPresent(findTestObject("Object Repository/PAOppMandatoryField/CreateDraftContract/CreateDraftContractFinishButton"), 20): Object 'Object Repository/PAOppMandatoryField/CreateDraftContract/CreateDraftContractFinishButton' is present

2023-09-29 15:54:03 - [MESSAGE][PASSED] - Object 'Object Repository/PAOppMandatoryField/CreateDraftContract/CreateDraftContractFinishButton' is present

2023-09-29 15:54:03 - [TEST_STEP][PASSED] - vipreQA.ClickUsingJS.ClickNewObj(findTestObject("Object Repository/PAOppMandatoryField/CreateDraftContract/CreateDraftContractFinishButton"), 20): vipreQA.ClickUsingJS.ClickNewObj is PASSED

2023-09-29 15:54:04 - [MESSAGE][PASSED] - vipreQA.ClickUsingJS.ClickNewObj is PASSED

2023-09-29 15:54:04 - [TEST_STEP][PASSED] - vipreQA.ClickUsingJS.ClickNewObj(findTestObject("Object Repository/PAOppMandatoryField/RevalidateButton"), 20): vipreQA.ClickUsingJS.ClickNewObj is PASSED

2023-09-29 15:54:06 - [MESSAGE][PASSED] - vipreQA.ClickUsingJS.ClickNewObj is PASSED

2023-09-29 15:54:06 - [TEST_STEP][PASSED] - verifyElementPresent(findTestObject("Object Repository/PAOppMandatoryField/MandatoryField/MandatoryFieldMsgs"), 20): Object 'Object Repository/PAOppMandatoryField/MandatoryField/MandatoryFieldMsgs' is present

2023-09-29 15:54:09 - [MESSAGE][PASSED] - Object 'Object Repository/PAOppMandatoryField/MandatoryField/MandatoryFieldMsgs' is present

2023-09-29 15:54:09 - [TEST_STEP][PASSED] - MandatoryFields = getText(findTestObject("Object Repository/PAOppMandatoryField/MandatoryField/GetMandatoryFields")): Text of object 'Object Repository/PAOppMandatoryField/MandatoryField/GetMandatoryFields' is: 'Account: Primary Billing Contact'

2023-09-29 15:54:09 - [MESSAGE][PASSED] - Text of object 'Object Repository/PAOppMandatoryField/MandatoryField/GetMandatoryFields' is: 'Account: Primary Billing Contact'

2023-09-29 15:54:09 - [TEST_STEP][PASSED] - out.println(MandatoryFields.size()): null

2023-09-29 15:54:09 - [TEST_STEP][PASSED] - out.println("Fields:" + MandatoryFields): null

2023-09-29 15:54:09 - [TEST_STEP][PASSED] - URL = getAttribute(findTestObject("Object Repository/PAOppMandatoryField/Account-PrimaryBillingContact/AccountNameonPA"), "href"): Attribute 'href' of object 'Object Repository/PAOppMandatoryField/Account-PrimaryBillingContact/AccountNameonPA' is: 'https://vipre-exm--qa.sandbox.lightning.force.com/lightning/r/Account/001JX000008ET8qYAG/view'

2023-09-29 15:54:10 - [MESSAGE][PASSED] - Attribute 'href' of object 'Object Repository/PAOppMandatoryField/Account-PrimaryBillingContact/AccountNameonPA' is: 'https://vipre-exm--qa.sandbox.lightning.force.com/lightning/r/Account/001JX000008ET8qYAG/view'

2023-09-29 15:54:10 - [TEST_STEP][PASSED] - out.println("URL of the Account:" + URL): null

2023-09-29 15:54:10 - [TEST_STEP][PASSED] - callTestCase(findTestCase("Test Cases/OpenInaNewTab"), ["Path":URL]): Call Test Case 'Test Cases/OpenInaNewTab' successfully

2023-09-29 15:54:10 - [TEST_CASE][PASSED] - Test Cases/OpenInaNewTab: Test Cases/OpenInaNewTab

2023-09-29 15:54:10 - [TEST_STEP][PASSED] - currentPage = getUrl(): Current window's url is: 'https://vipre-exm--qa.sandbox.lightning.force.com/lightning/r/Opportunity/006JX000007HNNaYAO/view'

2023-09-29 15:54:10 - [MESSAGE][PASSED] - Current window's url is: 'https://vipre-exm--qa.sandbox.lightning.force.com/lightning/r/Opportunity/006JX000007HNNaYAO/view'

2023-09-29 15:54:10 - [TEST_STEP][PASSED] - currentTab = getWindowIndex(): Current window's index is: 0

2023-09-29 15:54:10 - [MESSAGE][PASSED] - Current window's index is: 0

2023-09-29 15:54:10 - [TEST_STEP][PASSED] - driver = getWebDriver(): null

2023-09-29 15:54:10 - [TEST_STEP][PASSED] - js = driver: null

2023-09-29 15:54:10 - [TEST_STEP][PASSED] - js.executeScript("window.open();"): null

2023-09-29 15:54:11 - [TEST_STEP][PASSED] - switchToWindowIndex(currentTab + 1): Switched to window with index: '1'

2023-09-29 15:54:11 - [MESSAGE][PASSED] - Switched to window with index: '1'

2023-09-29 15:54:11 - [TEST_STEP][PASSED] - navigateToUrl(Path): Navigate to 'https://vipre-exm--qa.sandbox.lightning.force.com/lightning/r/Account/001JX000008ET8qYAG/view' successfully

2023-09-29 15:54:13 - [MESSAGE][PASSED] - Navigate to 'https://vipre-exm--qa.sandbox.lightning.force.com/lightning/r/Account/001JX000008ET8qYAG/view' successfully

2023-09-29 15:54:13 - [MESSAGE][PASSED] - Call Test Case 'Test Cases/OpenInaNewTab' successfully

2023-09-29 15:54:13 - [TEST_STEP][PASSED] - scrollToElement(findTestObject("Object Repository/PAOppMandatoryField/Account-PrimaryBillingContact/PrimaryBillingContact"), 20): Scroll to object 'Object Repository/PAOppMandatoryField/Account-PrimaryBillingContact/PrimaryBillingContact' successfully

2023-09-29 15:54:17 - [MESSAGE][PASSED] - Scroll to object 'Object Repository/PAOppMandatoryField/Account-PrimaryBillingContact/PrimaryBillingContact' successfully

2023-09-29 15:54:17 - [TEST_STEP][PASSED] - vipreQA.ClickUsingJS.ClickNewObj(findTestObject("Object Repository/PAOppMandatoryField/Account-PrimaryBillingContact/PrimaryBillingContactEdit"), 20): vipreQA.ClickUsingJS.ClickNewObj is PASSED

2023-09-29 15:54:20 - [MESSAGE][PASSED] - vipreQA.ClickUsingJS.ClickNewObj is PASSED

2023-09-29 15:54:20 - [TEST_STEP][PASSED] - vipreQA.ClickUsingJS.ClickNewObj(findTestObject("Object Repository/PAOppMandatoryField/Account-PrimaryBillingContact/PrimaryBillingContactInputField"), 20): vipreQA.ClickUsingJS.ClickNewObj is PASSED

2023-09-29 15:54:21 - [MESSAGE][PASSED] - vipreQA.ClickUsingJS.ClickNewObj is PASSED

2023-09-29 15:54:21 - [TEST_STEP][PASSED] - vipreQA.ClickUsingJS.ClickNewObj(findTestObject("Object Repository/PAOppMandatoryField/Account-PrimaryBillingContact/PrimaryBilling-NewContact"), 20): vipreQA.ClickUsingJS.ClickNewObj is PASSED

2023-09-29 15:54:22 - [MESSAGE][PASSED] - vipreQA.ClickUsingJS.ClickNewObj is PASSED

2023-09-29 15:54:22 - [TEST_STEP][PASSED] - verifyElementPresent(findTestObject("Object Repository/ContactObject/NewContactPopupScreen"), 20): Object 'Object Repository/ContactObject/NewContactPopupScreen' is present

2023-09-29 15:54:23 - [MESSAGE][PASSED] - Object 'Object Repository/ContactObject/NewContactPopupScreen' is present

2023-09-29 15:54:23 - [TEST_STEP][PASSED] - click(findTestObject("Object Repository/ContactObject/VIPREContactRecordType")): Object: 'Object Repository/ContactObject/VIPREContactRecordType' is clicked on

2023-09-29 15:54:24 - [MESSAGE][PASSED] - Object: 'Object Repository/ContactObject/VIPREContactRecordType' is clicked on

2023-09-29 15:54:24 - [TEST_STEP][PASSED] - click(findTestObject("Object Repository/ContactObject/NextButton")): Object: 'Object Repository/ContactObject/NextButton' is clicked on

2023-09-29 15:54:24 - [MESSAGE][PASSED] - Object: 'Object Repository/ContactObject/NextButton' is clicked on

2023-09-29 15:54:24 - [TEST_STEP][PASSED] - verifyElementPresent(findTestObject("Object Repository/ContactObject/NewContactVIPREelement"), 20): Object 'Object Repository/ContactObject/NewContactVIPREelement' is present

2023-09-29 15:54:26 - [MESSAGE][PASSED] - Object 'Object Repository/ContactObject/NewContactVIPREelement' is present

2023-09-29 15:54:26 - [TEST_STEP][PASSED] - scrollToElement(findTestObject("Object Repository/PAOppMandatoryField/PrimaryContact/SalutationLabel"), 20): Scroll to object 'Object Repository/PAOppMandatoryField/PrimaryContact/SalutationLabel' successfully

2023-09-29 15:54:27 - [MESSAGE][PASSED] - Scroll to object 'Object Repository/PAOppMandatoryField/PrimaryContact/SalutationLabel' successfully

2023-09-29 15:54:27 - [TEST_STEP][PASSED] - vipreQA.ClickUsingJS.ClickNewObj(findTestObject("Object Repository/PAOppMandatoryField/PrimaryContact/SalutationNone"), 20): vipreQA.ClickUsingJS.ClickNewObj is PASSED

2023-09-29 15:54:27 - [MESSAGE][PASSED] - vipreQA.ClickUsingJS.ClickNewObj is PASSED

2023-09-29 15:54:27 - [TEST_STEP][PASSED] - vipreQA.ClickUsingJS.ClickNewObj(findTestObject("Object Repository/PAOppMandatoryField/PrimaryContact/SalutationValue", ["value":Salutation]), 20): vipreQA.ClickUsingJS.ClickNewObj is PASSED

2023-09-29 15:54:28 - [MESSAGE][PASSED] - vipreQA.ClickUsingJS.ClickNewObj is PASSED

2023-09-29 15:54:28 - [TEST_STEP][PASSED] - setText(findTestObject("Object Repository/PAOppMandatoryField/PrimaryContact/FirstName"), FirstName): Text 'Gayathri' is set on object 'Object Repository/PAOppMandatoryField/PrimaryContact/FirstName'

2023-09-29 15:54:29 - [MESSAGE][PASSED] - Text 'Gayathri' is set on object 'Object Repository/PAOppMandatoryField/PrimaryContact/FirstName'

2023-09-29 15:54:29 - [TEST_STEP][PASSED] - setText(findTestObject("Object Repository/PAOppMandatoryField/PrimaryContact/Last Name"), LastName): Text 'K' is set on object 'Object Repository/PAOppMandatoryField/PrimaryContact/Last Name'

2023-09-29 15:54:29 - [MESSAGE][PASSED] - Text 'K' is set on object 'Object Repository/PAOppMandatoryField/PrimaryContact/Last Name'

2023-09-29 15:54:29 - [TEST_STEP][PASSED] - setText(findTestObject("Object Repository/PAOppMandatoryField/PrimaryContact/Account Name"), AccountName_Reseller_VIPRE): Text 'TA_Reseller_VIPRE_001' is set on object 'Object Repository/PAOppMandatoryField/PrimaryContact/Account Name'

2023-09-29 15:54:31 - [MESSAGE][PASSED] - Text 'TA_Reseller_VIPRE_001' is set on object 'Object Repository/PAOppMandatoryField/PrimaryContact/Account Name'

2023-09-29 15:54:31 - [TEST_STEP][PASSED] - vipreQA.ClickUsingJS.ClickNewObj(findTestObject("Object Repository/PAOppMandatoryField/PrimaryContact/AccountNameList", ["value":AccountName_Reseller_VIPRE]), 20): vipreQA.ClickUsingJS.ClickNewObj is PASSED

2023-09-29 15:54:32 - [MESSAGE][PASSED] - vipreQA.ClickUsingJS.ClickNewObj is PASSED

2023-09-29 15:54:32 - [TEST_STEP][PASSED] - setText(findTestObject("Object Repository/PAOppMandatoryField/PrimaryContact/Email"), Email): Text 'g3us2009@gmail.com' is set on object 'Object Repository/PAOppMandatoryField/PrimaryContact/Email'

2023-09-29 15:54:33 - [MESSAGE][PASSED] - Text 'g3us2009@gmail.com' is set on object 'Object Repository/PAOppMandatoryField/PrimaryContact/Email'

2023-09-29 15:54:33 - [TEST_STEP][PASSED] - setText(findTestObject("Object Repository/PAOppMandatoryField/PrimaryContact/Phone"), PhoneNumber): Text '6187657897' is set on object 'Object Repository/PAOppMandatoryField/PrimaryContact/Phone'

2023-09-29 15:54:34 - [MESSAGE][PASSED] - Text '6187657897' is set on object 'Object Repository/PAOppMandatoryField/PrimaryContact/Phone'

2023-09-29 15:54:34 - [TEST_STEP][PASSED] - setText(findTestObject("Object Repository/PAOppMandatoryField/PrimaryContact/Title"), Title): Text 'Vice President' is set on object 'Object Repository/PAOppMandatoryField/PrimaryContact/Title'

2023-09-29 15:54:35 - [MESSAGE][PASSED] - Text 'Vice President' is set on object 'Object Repository/PAOppMandatoryField/PrimaryContact/Title'

2023-09-29 15:54:35 - [TEST_STEP][PASSED] - vipreQA.ClickUsingJS.ClickNewObj(findTestObject("Object Repository/PAOppMandatoryField/PrimaryContact/SaveButton"), 20): vipreQA.ClickUsingJS.ClickNewObj is PASSED

2023-09-29 15:54:35 - [MESSAGE][PASSED] - vipreQA.ClickUsingJS.ClickNewObj is PASSED

2023-09-29 15:54:35 - [TEST_STEP][PASSED] - sleep(10000): null

2023-09-29 15:54:45 - [TEST_STEP][PASSED] - vipreQA.ClickUsingJS.ClickNewObj(findTestObject("Object Repository/PAOppMandatoryField/Account-PrimaryBillingContact/SaveButton"), 20): vipreQA.ClickUsingJS.ClickNewObj is PASSED

2023-09-29 15:54:46 - [MESSAGE][PASSED] - vipreQA.ClickUsingJS.ClickNewObj is PASSED

2023-09-29 15:54:46 - [TEST_STEP][PASSED] - sleep(10000): null

2023-09-29 15:54:56 - [TEST_STEP][PASSED] - switchToWindowIndex(0): Switched to window with index: '0'

2023-09-29 15:54:56 - [MESSAGE][PASSED] - Switched to window with index: '0'

2023-09-29 15:54:56 - [TEST_STEP][PASSED] - sleep(1000): null

2023-09-29 15:54:57 - [TEST_STEP][PASSED] - vipreQA.ClickUsingJS.ClickNewObj(findTestObject("Object Repository/PAOppMandatoryField/RevalidateButton"), 20): vipreQA.ClickUsingJS.ClickNewObj is PASSED

2023-09-29 15:54:57 - [MESSAGE][PASSED] - vipreQA.ClickUsingJS.ClickNewObj is PASSED

2023-09-29 15:54:57 - [TEST_STEP][PASSED] - MandatoryFields = getText(findTestObject("Object Repository/PAOppMandatoryField/MandatoryField/GetMandatoryFields")): Text of object 'Object Repository/PAOppMandatoryField/MandatoryField/GetMandatoryFields' is: 'Contact'

2023-09-29 15:55:00 - [MESSAGE][PASSED] - Text of object 'Object Repository/PAOppMandatoryField/MandatoryField/GetMandatoryFields' is: 'Contact'

2023-09-29 15:55:00 - [TEST_STEP][PASSED] - out.println("Fields:" + MandatoryFields): null

2023-09-29 15:55:00 - [TEST_STEP][PASSED] - vipreQA.ClickUsingJS.ClickNewObj(findTestObject("Object Repository/PAOppMandatoryField/PrimaryContact/PrimaryContactField", ["value":MandatoryFields]), 20): vipreQA.ClickUsingJS.ClickNewObj is PASSED

2023-09-29 15:55:01 - [MESSAGE][PASSED] - vipreQA.ClickUsingJS.ClickNewObj is PASSED

2023-09-29 15:55:01 - [TEST_STEP][PASSED] - vipreQA.ClickUsingJS.ClickNewObj(findTestObject("Object Repository/PAOppMandatoryField/PrimaryContact/PrimaryContactclick"), 20): vipreQA.ClickUsingJS.ClickNewObj is PASSED

2023-09-29 15:55:02 - [MESSAGE][PASSED] - vipreQA.ClickUsingJS.ClickNewObj is PASSED

2023-09-29 15:55:02 - [TEST_STEP][PASSED] - setText(findTestObject("Object Repository/PAOppMandatoryField/PrimaryContact/PrimaryContactclick"), FirstName): Text 'Gayathri' is set on object 'Object Repository/PAOppMandatoryField/PrimaryContact/PrimaryContactclick'

2023-09-29 15:55:04 - [MESSAGE][PASSED] - Text 'Gayathri' is set on object 'Object Repository/PAOppMandatoryField/PrimaryContact/PrimaryContactclick'

2023-09-29 15:55:04 - [TEST_STEP][PASSED] - vipreQA.ClickUsingJS.ClickNewObj(findTestObject("Object Repository/PAOppMandatoryField/PrimaryContact/SelectListedContact", ["value":FirstName]), 20): vipreQA.ClickUsingJS.ClickNewObj is PASSED

2023-09-29 15:55:05 - [MESSAGE][PASSED] - vipreQA.ClickUsingJS.ClickNewObj is PASSED

2023-09-29 15:55:05 - [TEST_STEP][PASSED] - vipreQA.ClickUsingJS.ClickNewObj(findTestObject("Object Repository/PAOppMandatoryField/SaveButton"), 20): vipreQA.ClickUsingJS.ClickNewObj is PASSED

2023-09-29 15:55:06 - [MESSAGE][PASSED] - vipreQA.ClickUsingJS.ClickNewObj is PASSED

2023-09-29 15:55:06 - [TEST_STEP][PASSED] - sleep(1000): null

2023-09-29 15:55:07 - [TEST_STEP][PASSED] - vipreQA.ClickUsingJS.ClickNewObj(findTestObject("Object Repository/PAOppMandatoryField/RevalidateButton"), 20): vipreQA.ClickUsingJS.ClickNewObj is PASSED

2023-09-29 15:55:10 - [MESSAGE][PASSED] - vipreQA.ClickUsingJS.ClickNewObj is PASSED

2023-09-29 15:55:10 - [TEST_STEP][PASSED] - MandatoryFields = getText(findTestObject("Object Repository/PAOppMandatoryField/MandatoryField/GetMandatoryFields")): Text of object 'Object Repository/PAOppMandatoryField/MandatoryField/GetMandatoryFields' is: 'Ongoing Account Manager'

2023-09-29 15:55:12 - [MESSAGE][PASSED] - Text of object 'Object Repository/PAOppMandatoryField/MandatoryField/GetMandatoryFields' is: 'Ongoing Account Manager'

2023-09-29 15:55:12 - [TEST_STEP][PASSED] - out.println("Fields:" + MandatoryFields): null

2023-09-29 15:55:12 - [TEST_STEP][PASSED] - scrollToElement(findTestObject("Object Repository/PAOppMandatoryField/OngoingAccountManagers/OngoingAccountManagerLabel", ["value":MandatoryFields]), 20): Scroll to object 'Object Repository/PAOppMandatoryField/OngoingAccountManagers/OngoingAccountManagerLabel' successfully

2023-09-29 15:55:13 - [MESSAGE][PASSED] - Scroll to object 'Object Repository/PAOppMandatoryField/OngoingAccountManagers/OngoingAccountManagerLabel' successfully

2023-09-29 15:55:13 - [TEST_STEP][PASSED] - vipreQA.ClickUsingJS.ClickNewObj(findTestObject("Object Repository/PAOppMandatoryField/OngoingAccountManagers/EditButtonOngoingManager"), 20): vipreQA.ClickUsingJS.ClickNewObj is PASSED

2023-09-29 15:55:13 - [MESSAGE][PASSED] - vipreQA.ClickUsingJS.ClickNewObj is PASSED

2023-09-29 15:55:13 - [TEST_STEP][PASSED] - setText(findTestObject("Object Repository/PAOppMandatoryField/OngoingAccountManagers/InputOngoingManager"), LoginUserNameVIPRE): Text 'Fiete Marohn' is set on object 'Object Repository/PAOppMandatoryField/OngoingAccountManagers/InputOngoingManager'

2023-09-29 15:55:14 - [MESSAGE][PASSED] - Text 'Fiete Marohn' is set on object 'Object Repository/PAOppMandatoryField/OngoingAccountManagers/InputOngoingManager'

2023-09-29 15:55:14 - [TEST_STEP][PASSED] - vipreQA.ClickUsingJS.ClickNewObj(findTestObject("Object Repository/PAOppMandatoryField/OngoingAccountManagers/ClickOngoingManagerValue", ["value":MandatoryFields]), 20): vipreQA.ClickUsingJS.ClickNewObj is PASSED

2023-09-29 15:55:16 - [MESSAGE][PASSED] - vipreQA.ClickUsingJS.ClickNewObj is PASSED

2023-09-29 15:55:16 - [TEST_STEP][PASSED] - vipreQA.ClickUsingJS.ClickNewObj(findTestObject("Object Repository/PAOppMandatoryField/SaveButton"), 20): vipreQA.ClickUsingJS.ClickNewObj is PASSED

2023-09-29 15:55:16 - [MESSAGE][PASSED] - vipreQA.ClickUsingJS.ClickNewObj is PASSED

2023-09-29 15:55:16 - [TEST_STEP][PASSED] - sleep(1000): null

2023-09-29 15:55:17 - [TEST_STEP][PASSED] - vipreQA.ClickUsingJS.ClickNewObj(findTestObject("Object Repository/PAOppMandatoryField/RevalidateButton"), 20): vipreQA.ClickUsingJS.ClickNewObj is PASSED

2023-09-29 15:55:20 - [MESSAGE][PASSED] - vipreQA.ClickUsingJS.ClickNewObj is PASSED

2023-09-29 15:55:20 - [TEST_STEP][PASSED] - MandatoryFields = getText(findTestObject("Object Repository/PAOppMandatoryField/MandatoryField/GetMandatoryFields")): Text of object 'Object Repository/PAOppMandatoryField/MandatoryField/GetMandatoryFields' is: 'Resale Territory'

2023-09-29 15:55:22 - [MESSAGE][PASSED] - Text of object 'Object Repository/PAOppMandatoryField/MandatoryField/GetMandatoryFields' is: 'Resale Territory'

2023-09-29 15:55:22 - [TEST_STEP][PASSED] - out.println("Fields:" + MandatoryFields): null

2023-09-29 15:55:22 - [TEST_STEP][PASSED] - scrollToElement(findTestObject("Object Repository/PAOppMandatoryField/Resale Territorys/ResaleTerritory", ["value":MandatoryFields]), 20): Scroll to object 'Object Repository/PAOppMandatoryField/Resale Territorys/ResaleTerritory' successfully

2023-09-29 15:55:22 - [MESSAGE][PASSED] - Scroll to object 'Object Repository/PAOppMandatoryField/Resale Territorys/ResaleTerritory' successfully

2023-09-29 15:55:22 - [TEST_STEP][PASSED] - vipreQA.ClickUsingJS.ClickNewObj(findTestObject("Object Repository/PAOppMandatoryField/Resale Territorys/EditResaleTerritory"), 20): vipreQA.ClickUsingJS.ClickNewObj is PASSED

2023-09-29 15:55:23 - [MESSAGE][PASSED] - vipreQA.ClickUsingJS.ClickNewObj is PASSED

2023-09-29 15:55:23 - [TEST_STEP][PASSED] - setText(findTestObject("Object Repository/PAOppMandatoryField/Resale Territorys/ResaleTerritoryInput"), SalesTerritory_VIPRE): Text 'Nordics' is set on object 'Object Repository/PAOppMandatoryField/Resale Territorys/ResaleTerritoryInput'

2023-09-29 15:55:24 - [MESSAGE][PASSED] - Text 'Nordics' is set on object 'Object Repository/PAOppMandatoryField/Resale Territorys/ResaleTerritoryInput'

2023-09-29 15:55:24 - [TEST_STEP][PASSED] - vipreQA.ClickUsingJS.ClickNewObj(findTestObject("Object Repository/PAOppMandatoryField/Payment Method/PaymentMethodNone"), 20): vipreQA.ClickUsingJS.ClickNewObj is PASSED

2023-09-29 15:55:25 - [MESSAGE][PASSED] - vipreQA.ClickUsingJS.ClickNewObj is PASSED

2023-09-29 15:55:25 - [TEST_STEP][PASSED] - vipreQA.ClickUsingJS.ClickNewObj(findTestObject("Object Repository/PAOppMandatoryField/SaveButton"), 20): vipreQA.ClickUsingJS.ClickNewObj is PASSED

2023-09-29 15:55:25 - [MESSAGE][PASSED] - vipreQA.ClickUsingJS.ClickNewObj is PASSED

2023-09-29 15:55:25 - [TEST_STEP][PASSED] - vipreQA.ClickUsingJS.ClickNewObj(findTestObject("Object Repository/PAOppMandatoryField/RevalidateButton"), 20): vipreQA.ClickUsingJS.ClickNewObj is PASSED

2023-09-29 15:55:28 - [MESSAGE][PASSED] - vipreQA.ClickUsingJS.ClickNewObj is PASSED

2023-09-29 15:55:28 - [TEST_STEP][PASSED] - MandatoryFields = getText(findTestObject("Object Repository/PAOppMandatoryField/MandatoryField/GetMandatoryFields")): Text of object 'Object Repository/PAOppMandatoryField/MandatoryField/GetMandatoryFields' is: 'Payment Method'

2023-09-29 15:55:30 - [MESSAGE][PASSED] - Text of object 'Object Repository/PAOppMandatoryField/MandatoryField/GetMandatoryFields' is: 'Payment Method'

2023-09-29 15:55:30 - [TEST_STEP][PASSED] - out.println("Fields:" + MandatoryFields): null

2023-09-29 15:55:30 - [TEST_STEP][PASSED] - scrollToElement(findTestObject("Object Repository/PAOppMandatoryField/Payment Method/PaymentMethodLabel", ["value":MandatoryFields]), 20): Scroll to object 'Object Repository/PAOppMandatoryField/Payment Method/PaymentMethodLabel' successfully

2023-09-29 15:55:30 - [MESSAGE][PASSED] - Scroll to object 'Object Repository/PAOppMandatoryField/Payment Method/PaymentMethodLabel' successfully

2023-09-29 15:55:30 - [TEST_STEP][PASSED] - vipreQA.ClickUsingJS.ClickNewObj(findTestObject("Object Repository/PAOppMandatoryField/Payment Method/PaymentMethodEdit"), 20): vipreQA.ClickUsingJS.ClickNewObj is PASSED

2023-09-29 15:55:31 - [MESSAGE][PASSED] - vipreQA.ClickUsingJS.ClickNewObj is PASSED

2023-09-29 15:55:31 - [TEST_STEP][PASSED] - vipreQA.ClickUsingJS.ClickNewObj(findTestObject("Object Repository/PAOppMandatoryField/Payment Method/PaymentMethodNone"), 20): vipreQA.ClickUsingJS.ClickNewObj is PASSED

2023-09-29 15:55:32 - [MESSAGE][PASSED] - vipreQA.ClickUsingJS.ClickNewObj is PASSED

2023-09-29 15:55:32 - [TEST_STEP][PASSED] - vipreQA.ClickUsingJS.ClickNewObj(findTestObject("Object Repository/PAOppMandatoryField/Payment Method/PaymentMethodValue", ["value":PaymentMethod]), 20): vipreQA.ClickUsingJS.ClickNewObj is PASSED

2023-09-29 15:55:33 - [MESSAGE][PASSED] - vipreQA.ClickUsingJS.ClickNewObj is PASSED

2023-09-29 15:55:33 - [TEST_STEP][PASSED] - vipreQA.ClickUsingJS.ClickNewObj(findTestObject("Object Repository/PAOppMandatoryField/SaveButton"), 20): vipreQA.ClickUsingJS.ClickNewObj is PASSED

2023-09-29 15:55:34 - [MESSAGE][PASSED] - vipreQA.ClickUsingJS.ClickNewObj is PASSED

2023-09-29 15:55:34 - [TEST_STEP][PASSED] - sleep(5000): null

2023-09-29 15:55:39 - [TEST_STEP][PASSED] - vipreQA.ClickUsingJS.ClickNewObj(findTestObject("Object Repository/PAOppMandatoryField/RevalidateButton"), 20): vipreQA.ClickUsingJS.ClickNewObj is PASSED

2023-09-29 15:55:39 - [MESSAGE][PASSED] - vipreQA.ClickUsingJS.ClickNewObj is PASSED

2023-09-29 15:55:39 - [TEST_STEP][PASSED] - MandatoryFields = getText(findTestObject("Object Repository/PAOppMandatoryField/MandatoryField/GetMandatoryFields")): Text of object 'Object Repository/PAOppMandatoryField/MandatoryField/GetMandatoryFields' is: 'Pricing/Discount Information'

2023-09-29 15:55:41 - [MESSAGE][PASSED] - Text of object 'Object Repository/PAOppMandatoryField/MandatoryField/GetMandatoryFields' is: 'Pricing/Discount Information'

2023-09-29 15:55:41 - [TEST_STEP][PASSED] - out.println("Fields:" + MandatoryFields): null

2023-09-29 15:55:41 - [TEST_STEP][PASSED] - vipreQA.ClickUsingJS.ClickNewObj(findTestObject("Object Repository/PAOppMandatoryField/PricingInformation/PricingTab"), 20): vipreQA.ClickUsingJS.ClickNewObj is PASSED

2023-09-29 15:55:41 - [MESSAGE][PASSED] - vipreQA.ClickUsingJS.ClickNewObj is PASSED

2023-09-29 15:55:41 - [TEST_STEP][PASSED] - vipreQA.ClickUsingJS.ClickNewObj(findTestObject("Object Repository/PAOppMandatoryField/PricingInformation/EditPricingInformation"), 20): vipreQA.ClickUsingJS.ClickNewObj is PASSED

2023-09-29 15:55:43 - [MESSAGE][PASSED] - vipreQA.ClickUsingJS.ClickNewObj is PASSED

2023-09-29 15:55:43 - [TEST_STEP][PASSED] - setText(findTestObject("Object Repository/PAOppMandatoryField/PricingInformation/PricingInformationInput"), PricingInformation): Text 'WebSecurity-$0.09' is set on object 'Object Repository/PAOppMandatoryField/PricingInformation/PricingInformationInput'

2023-09-29 15:55:44 - [MESSAGE][PASSED] - Text 'WebSecurity-$0.09' is set on object 'Object Repository/PAOppMandatoryField/PricingInformation/PricingInformationInput'

2023-09-29 15:55:44 - [TEST_STEP][PASSED] - vipreQA.ClickUsingJS.ClickNewObj(findTestObject("Object Repository/PAOppMandatoryField/PricingInformation/DetailsTab"), 20): vipreQA.ClickUsingJS.ClickNewObj is PASSED

2023-09-29 15:55:45 - [MESSAGE][PASSED] - vipreQA.ClickUsingJS.ClickNewObj is PASSED

2023-09-29 15:55:45 - [TEST_STEP][PASSED] - vipreQA.ClickUsingJS.ClickNewObj(findTestObject("Object Repository/PAOppMandatoryField/SaveButton"), 20): vipreQA.ClickUsingJS.ClickNewObj is PASSED

2023-09-29 15:55:45 - [MESSAGE][PASSED] - vipreQA.ClickUsingJS.ClickNewObj is PASSED

2023-09-29 15:55:45 - [TEST_STEP][PASSED] - sleep(1000): null

2023-09-29 15:55:46 - [TEST_STEP][PASSED] - vipreQA.ClickUsingJS.ClickNewObj(findTestObject("Object Repository/PAOppMandatoryField/RevalidateButton"), 20): vipreQA.ClickUsingJS.ClickNewObj is PASSED

2023-09-29 15:55:49 - [MESSAGE][PASSED] - vipreQA.ClickUsingJS.ClickNewObj is PASSED

2023-09-29 15:55:49 - [TEST_STEP][PASSED] - verifyElementPresent(findTestObject("Object Repository/PAOppMandatoryField/PAOutforSignatureValidationMsg"), 20): Object 'Object Repository/PAOppMandatoryField/PAOutforSignatureValidationMsg' is present

2023-09-29 15:55:51 - [MESSAGE][PASSED] - Object 'Object Repository/PAOppMandatoryField/PAOutforSignatureValidationMsg' is present

2023-09-29 15:55:51 - [TEST_STEP][PASSED] - verifyElementPresent(findTestObject("Object Repository/PAOppMandatoryField/SendPAforSignButton"), 20): Object 'Object Repository/PAOppMandatoryField/SendPAforSignButton' is present

2023-09-29 15:55:51 - [MESSAGE][PASSED] - Object 'Object Repository/PAOppMandatoryField/SendPAforSignButton' is present

2023-09-29 15:55:51 - [TEST_STEP][PASSED] - scrollToElement(findTestObject("Object Repository/PAOppMandatoryField/StartDate and Stage/StartDateField"), 20): Scroll to object 'Object Repository/PAOppMandatoryField/StartDate and Stage/StartDateField' successfully

2023-09-29 15:55:52 - [MESSAGE][PASSED] - Scroll to object 'Object Repository/PAOppMandatoryField/StartDate and Stage/StartDateField' successfully

2023-09-29 15:55:52 - [TEST_STEP][PASSED] - vipreQA.ClickUsingJS.ClickNewObj(findTestObject("Object Repository/PAOppMandatoryField/StartDate and Stage/StartDateEdit"), 20): vipreQA.ClickUsingJS.ClickNewObj is PASSED

2023-09-29 15:55:53 - [MESSAGE][PASSED] - vipreQA.ClickUsingJS.ClickNewObj is PASSED

2023-09-29 15:55:53 - [TEST_STEP][PASSED] - setText(findTestObject("Object Repository/PAOppMandatoryField/StartDate and Stage/StartDateInput"), StartDate): Text '15/06/2023' is set on object 'Object Repository/PAOppMandatoryField/StartDate and Stage/StartDateInput'

2023-09-29 15:55:54 - [MESSAGE][PASSED] - Text '15/06/2023' is set on object 'Object Repository/PAOppMandatoryField/StartDate and Stage/StartDateInput'

2023-09-29 15:55:54 - [TEST_STEP][PASSED] - scrollToElement(findTestObject("Object Repository/PAOppMandatoryField/StartDate and Stage/Stage-SalesQualified"), 20): Scroll to object 'Object Repository/PAOppMandatoryField/StartDate and Stage/Stage-SalesQualified' successfully

2023-09-29 15:55:55 - [MESSAGE][PASSED] - Scroll to object 'Object Repository/PAOppMandatoryField/StartDate and Stage/Stage-SalesQualified' successfully

2023-09-29 15:55:55 - [TEST_STEP][PASSED] - vipreQA.ClickUsingJS.ClickNewObj(findTestObject("Object Repository/PAOppMandatoryField/StartDate and Stage/Stage-SalesQualified"), 20): vipreQA.ClickUsingJS.ClickNewObj is PASSED

2023-09-29 15:55:55 - [MESSAGE][PASSED] - vipreQA.ClickUsingJS.ClickNewObj is PASSED

2023-09-29 15:55:55 - [TEST_STEP][PASSED] - sleep(5000): null

2023-09-29 15:56:00 - [TEST_STEP][PASSED] - vipreQA.ClickUsingJS.ClickNewObj(findTestObject("Object Repository/PAOppMandatoryField/StartDate and Stage/Stage-ClosedWon"), 20): vipreQA.ClickUsingJS.ClickNewObj is PASSED

2023-09-29 15:56:01 - [MESSAGE][PASSED] - vipreQA.ClickUsingJS.ClickNewObj is PASSED

2023-09-29 15:56:01 - [TEST_STEP][PASSED] - vipreQA.ClickUsingJS.ClickNewObj(findTestObject("Object Repository/PAOppMandatoryField/SaveButton"), 20): vipreQA.ClickUsingJS.ClickNewObj is PASSED

2023-09-29 15:56:01 - [MESSAGE][PASSED] - vipreQA.ClickUsingJS.ClickNewObj is PASSED

2023-09-29 15:56:01 - [TEST_STEP][PASSED] - sleep(5000): null

2023-09-29 15:56:06 - [TEST_STEP][PASSED] - scrollToPosition(0, 10): Browser is scrolled to position x = 0, y = 10

2023-09-29 15:56:06 - [MESSAGE][PASSED] - Browser is scrolled to position x = 0, y = 10

2023-09-29 15:56:06 - [TEST_STEP][PASSED] - vipreQA.ClickUsingJS.ClickNewObj(findTestObject("Object Repository/PAOppMandatoryField/RevalidateButton"), 20): vipreQA.ClickUsingJS.ClickNewObj is PASSED

2023-09-29 15:56:11 - [MESSAGE][PASSED] - vipreQA.ClickUsingJS.ClickNewObj is PASSED

2023-09-29 15:56:11 - [TEST_STEP][PASSED] - verifyElementPresent(findTestObject("Object Repository/PAOppMandatoryField/PACloseWonValidationMsg"), 20, STOP_ON_FAILURE): Object 'Object Repository/PAOppMandatoryField/PACloseWonValidationMsg' is present

2023-09-29 15:56:13 - [MESSAGE][PASSED] - Object 'Object Repository/PAOppMandatoryField/PACloseWonValidationMsg' is present

2023-09-29 15:56:13 - [TEST_STEP][PASSED] - closeWindowIndex(1): Window with index 1 is closed

2023-09-29 15:56:14 - [MESSAGE][PASSED] - Window with index 1 is closed]]></system-out>
         <system-err><![CDATA[]]></system-err>
      </testcase>
      <testcase name="Test Cases/ContractSelection-PA Opp" time="1.663" classname="Test Cases/ContractSelection-PA Opp" status="PASSED">
         <system-out><![CDATA[2023-09-29 15:56:14 - [TEST_CASE][PASSED] - Test Cases/ContractSelection-PA Opp: Test Cases/ContractSelection-PA Opp

2023-09-29 15:56:14 - [TEST_STEP][PASSED] - switchToWindowIndex(0): Switched to window with index: '0'

2023-09-29 15:56:14 - [MESSAGE][PASSED] - Switched to window with index: '0'

2023-09-29 15:56:14 - [TEST_STEP][PASSED] - scrollToElement(findTestObject("Object Repository/QuoteLineandQuote/ClickContract"), 20): Scroll to object 'Object Repository/QuoteLineandQuote/ClickContract' successfully

2023-09-29 15:56:15 - [MESSAGE][PASSED] - Scroll to object 'Object Repository/QuoteLineandQuote/ClickContract' successfully

2023-09-29 15:56:15 - [TEST_STEP][PASSED] - vipreQA.ClickUsingJS.ClickNewObj(findTestObject("Object Repository/QuoteLineandQuote/ClickContract"), 30): vipreQA.ClickUsingJS.ClickNewObj is PASSED

2023-09-29 15:56:15 - [MESSAGE][PASSED] - vipreQA.ClickUsingJS.ClickNewObj is PASSED]]></system-out>
         <system-err><![CDATA[]]></system-err>
      </testcase>
      <testcase name="Test Cases/VIPRE User" time="38.602" classname="Test Cases/VIPRE User" status="PASSED">
         <system-out><![CDATA[2023-09-29 15:56:15 - [TEST_CASE][PASSED] - Test Cases/VIPRE User: Test Cases/VIPRE User

2023-09-29 15:56:16 - [TEST_STEP][PASSED] - click(findTestObject("Object Repository/UserLogin/SetUp")): Object: 'Object Repository/UserLogin/SetUp' is clicked on

2023-09-29 15:56:19 - [MESSAGE][PASSED] - Object: 'Object Repository/UserLogin/SetUp' is clicked on

2023-09-29 15:56:19 - [TEST_STEP][PASSED] - sleep(5000): null

2023-09-29 15:56:24 - [TEST_STEP][PASSED] - click(findTestObject("Object Repository/UserLogin/SetUpforCurrentApp")): Object: 'Object Repository/UserLogin/SetUpforCurrentApp' is clicked on

2023-09-29 15:56:25 - [MESSAGE][PASSED] - Object: 'Object Repository/UserLogin/SetUpforCurrentApp' is clicked on

2023-09-29 15:56:25 - [TEST_STEP][PASSED] - sleep(5000): null

2023-09-29 15:56:30 - [TEST_STEP][PASSED] - switchToWindowIndex(1): Switched to window with index: '1'

2023-09-29 15:56:30 - [MESSAGE][PASSED] - Switched to window with index: '1'

2023-09-29 15:56:30 - [TEST_STEP][PASSED] - setText(findTestObject("Object Repository/UserLogin/SearchSetUp"), LoginUserNameVIPRE): Text 'Fiete Marohn' is set on object 'Object Repository/UserLogin/SearchSetUp'

2023-09-29 15:56:33 - [MESSAGE][PASSED] - Text 'Fiete Marohn' is set on object 'Object Repository/UserLogin/SearchSetUp'

2023-09-29 15:56:33 - [TEST_STEP][PASSED] - sleep(5000): null

2023-09-29 15:56:38 - [TEST_STEP][PASSED] - vipreQA.ClickUsingJS.ClickNewObj(findTestObject("Object Repository/UserLogin/SelectSearchUser", ["value":LoginUserNameVIPRE]), 20): vipreQA.ClickUsingJS.ClickNewObj is PASSED

2023-09-29 15:56:38 - [MESSAGE][PASSED] - vipreQA.ClickUsingJS.ClickNewObj is PASSED

2023-09-29 15:56:38 - [TEST_STEP][PASSED] - sleep(5000): null

2023-09-29 15:56:43 - [TEST_STEP][PASSED] - switchToFrame(findTestObject("Object Repository/UserLogin/UserIFrame"), 20): null

2023-09-29 15:56:44 - [TEST_STEP][PASSED] - verifyElementPresent(findTestObject("Object Repository/UserLogin/IsActiveChecked"), 20): Object 'Object Repository/UserLogin/IsActiveChecked' is present

2023-09-29 15:56:44 - [MESSAGE][PASSED] - Object 'Object Repository/UserLogin/IsActiveChecked' is present

2023-09-29 15:56:44 - [TEST_STEP][PASSED] - vipreQA.ClickUsingJS.ClickNewObj(findTestObject("Object Repository/UserLogin/LoginButton"), 20): vipreQA.ClickUsingJS.ClickNewObj is PASSED

2023-09-29 15:56:44 - [MESSAGE][PASSED] - vipreQA.ClickUsingJS.ClickNewObj is PASSED

2023-09-29 15:56:44 - [TEST_STEP][PASSED] - switchToWindowIndex(0): Switched to window with index: '0'

2023-09-29 15:56:44 - [MESSAGE][PASSED] - Switched to window with index: '0'

2023-09-29 15:56:44 - [TEST_STEP][PASSED] - waitForElementVisible(findTestObject("Object Repository/PartnerAgreementContract/ContractWordValidation"), 20, STOP_ON_FAILURE): Object 'Object Repository/PartnerAgreementContract/ContractWordValidation' is visible

2023-09-29 15:56:45 - [MESSAGE][PASSED] - Object 'Object Repository/PartnerAgreementContract/ContractWordValidation' is visible

2023-09-29 15:56:45 - [TEST_STEP][PASSED] - refresh(): Refresh successfully

2023-09-29 15:56:45 - [MESSAGE][PASSED] - Refresh successfully

2023-09-29 15:56:45 - [TEST_STEP][PASSED] - refresh(): Refresh successfully

2023-09-29 15:56:49 - [MESSAGE][PASSED] - Refresh successfully

2023-09-29 15:56:49 - [TEST_STEP][PASSED] - waitForElementVisible(findTestObject("Object Repository/PartnerAgreementContract/ContractWordValidation"), 20, STOP_ON_FAILURE): Object 'Object Repository/PartnerAgreementContract/ContractWordValidation' is visible

2023-09-29 15:56:54 - [MESSAGE][PASSED] - Object 'Object Repository/PartnerAgreementContract/ContractWordValidation' is visible]]></system-out>
         <system-err><![CDATA[]]></system-err>
      </testcase>
      <testcase name="Test Cases/PartnerContract-PartnerQuoteCreation" time="59.129" classname="Test Cases/PartnerContract-PartnerQuoteCreation" status="PASSED">
         <system-out><![CDATA[2023-09-29 15:56:54 - [TEST_CASE][PASSED] - Test Cases/PartnerContract-PartnerQuoteCreation: Test Cases/PartnerContract-PartnerQuoteCreation

2023-09-29 15:56:54 - [TEST_STEP][PASSED] - verifyElementPresent(findTestObject("Object Repository/PartnerAgreementContract/ContractWordValidation"), 20): Object 'Object Repository/PartnerAgreementContract/ContractWordValidation' is present

2023-09-29 15:56:57 - [MESSAGE][PASSED] - Object 'Object Repository/PartnerAgreementContract/ContractWordValidation' is present

2023-09-29 15:56:57 - [TEST_STEP][PASSED] - click(findTestObject("Object Repository/PartnerAgreementContract/DetailsTab")): Object: 'Object Repository/PartnerAgreementContract/DetailsTab' is clicked on

2023-09-29 15:56:59 - [MESSAGE][PASSED] - Object: 'Object Repository/PartnerAgreementContract/DetailsTab' is clicked on

2023-09-29 15:56:59 - [TEST_STEP][PASSED] - getText(findTestObject("Object Repository/PartnerAgreementContract/StatusField")): Text of object 'Object Repository/PartnerAgreementContract/StatusField' is: 'Activated'

2023-09-29 15:57:00 - [MESSAGE][PASSED] - Text of object 'Object Repository/PartnerAgreementContract/StatusField' is: 'Activated'

2023-09-29 15:57:00 - [TEST_STEP][PASSED] - verifyElementText(findTestObject("Object Repository/PartnerAgreementContract/StatusField"), "Activated"): Actual text and expected text of test object 'Object Repository/PartnerAgreementContract/StatusField' are matched.

2023-09-29 15:57:01 - [MESSAGE][PASSED] - Actual text and expected text of test object 'Object Repository/PartnerAgreementContract/StatusField' are matched.

2023-09-29 15:57:01 - [TEST_STEP][PASSED] - vipreQA.ClickUsingJS.ClickNewObj(findTestObject("Object Repository/PartnerAgreementContract/NewQuoteButton"), 20): vipreQA.ClickUsingJS.ClickNewObj is PASSED

2023-09-29 15:57:02 - [MESSAGE][PASSED] - vipreQA.ClickUsingJS.ClickNewObj is PASSED

2023-09-29 15:57:02 - [TEST_STEP][PASSED] - verifyElementPresent(findTestObject("Object Repository/PartnerQuoteCreationScreen/NewQuoteValidation"), 20): Object 'Object Repository/PartnerQuoteCreationScreen/NewQuoteValidation' is present

2023-09-29 15:57:03 - [MESSAGE][PASSED] - Object 'Object Repository/PartnerQuoteCreationScreen/NewQuoteValidation' is present

2023-09-29 15:57:03 - [TEST_STEP][PASSED] - scrollToElement(findTestObject("Object Repository/PartnerQuoteCreationScreen/EndClientInputBox"), 20): Scroll to object 'Object Repository/PartnerQuoteCreationScreen/EndClientInputBox' successfully

2023-09-29 15:57:04 - [MESSAGE][PASSED] - Scroll to object 'Object Repository/PartnerQuoteCreationScreen/EndClientInputBox' successfully

2023-09-29 15:57:04 - [TEST_STEP][PASSED] - vipreQA.ClickUsingJS.ClickNewObj(findTestObject("Object Repository/PartnerQuoteCreationScreen/EndClientInputBox"), 20): vipreQA.ClickUsingJS.ClickNewObj is PASSED

2023-09-29 15:57:04 - [MESSAGE][PASSED] - vipreQA.ClickUsingJS.ClickNewObj is PASSED

2023-09-29 15:57:04 - [TEST_STEP][PASSED] - sleep(5000): null

2023-09-29 15:57:09 - [TEST_STEP][PASSED] - vipreQA.ClickUsingJS.ClickNewObj(findTestObject("Object Repository/PartnerQuoteCreationScreen/EndClient-NewAccount"), 20): vipreQA.ClickUsingJS.ClickNewObj is PASSED

2023-09-29 15:57:09 - [MESSAGE][PASSED] - vipreQA.ClickUsingJS.ClickNewObj is PASSED

2023-09-29 15:57:09 - [TEST_STEP][PASSED] - verifyElementPresent(findTestObject("Object Repository/AccountObject/NewAccountTextVerify"), 20): Object 'Object Repository/AccountObject/NewAccountTextVerify' is present

2023-09-29 15:57:11 - [MESSAGE][PASSED] - Object 'Object Repository/AccountObject/NewAccountTextVerify' is present

2023-09-29 15:57:11 - [TEST_STEP][PASSED] - vipreQA.ClickUsingJS.ClickNewObj(findTestObject("Object Repository/AccountRecordTypes/ClientOfReseller"), 20): vipreQA.ClickUsingJS.ClickNewObj is PASSED

2023-09-29 15:57:11 - [MESSAGE][PASSED] - vipreQA.ClickUsingJS.ClickNewObj is PASSED

2023-09-29 15:57:11 - [TEST_STEP][PASSED] - click(findTestObject("Object Repository/AccountRecordTypes/NextButton")): Object: 'Object Repository/AccountRecordTypes/NextButton' is clicked on

2023-09-29 15:57:12 - [MESSAGE][PASSED] - Object: 'Object Repository/AccountRecordTypes/NextButton' is clicked on

2023-09-29 15:57:12 - [TEST_STEP][PASSED] - verifyElementPresent(findTestObject("Object Repository/AccountRecordTypes/ClientOfResellerTextVerify"), 20): Object 'Object Repository/AccountRecordTypes/ClientOfResellerTextVerify' is present

2023-09-29 15:57:14 - [MESSAGE][PASSED] - Object 'Object Repository/AccountRecordTypes/ClientOfResellerTextVerify' is present

2023-09-29 15:57:14 - [TEST_STEP][PASSED] - setText(findTestObject("Object Repository/CORAccountCreationPage/AccountNameInput"), COR_AccountName): Text 'COR_TA_Reseller_001' is set on object 'Object Repository/CORAccountCreationPage/AccountNameInput'

2023-09-29 15:57:15 - [MESSAGE][PASSED] - Text 'COR_TA_Reseller_001' is set on object 'Object Repository/CORAccountCreationPage/AccountNameInput'

2023-09-29 15:57:15 - [TEST_STEP][PASSED] - scrollToElement(findTestObject("Object Repository/CORAccountCreationPage/BillingcountryLabel"), 20): Scroll to object 'Object Repository/CORAccountCreationPage/BillingcountryLabel' successfully

2023-09-29 15:57:16 - [MESSAGE][PASSED] - Scroll to object 'Object Repository/CORAccountCreationPage/BillingcountryLabel' successfully

2023-09-29 15:57:16 - [TEST_STEP][PASSED] - vipreQA.ClickUsingJS.ClickNewObj(findTestObject("Object Repository/CORAccountCreationPage/BillingCountryNone"), 20): vipreQA.ClickUsingJS.ClickNewObj is PASSED

2023-09-29 15:57:16 - [MESSAGE][PASSED] - vipreQA.ClickUsingJS.ClickNewObj is PASSED

2023-09-29 15:57:16 - [TEST_STEP][PASSED] - vipreQA.ClickUsingJS.ClickNewObj(findTestObject("Object Repository/CORAccountCreationPage/BillingCountryGreenland"), 30): vipreQA.ClickUsingJS.ClickNewObj is PASSED

2023-09-29 15:57:17 - [MESSAGE][PASSED] - vipreQA.ClickUsingJS.ClickNewObj is PASSED

2023-09-29 15:57:17 - [TEST_STEP][PASSED] - setText(findTestObject("Object Repository/CORAccountCreationPage/BillingStreet"), COR_BillingStreet): Text '15, West Graham Street' is set on object 'Object Repository/CORAccountCreationPage/BillingStreet'

2023-09-29 15:57:18 - [MESSAGE][PASSED] - Text '15, West Graham Street' is set on object 'Object Repository/CORAccountCreationPage/BillingStreet'

2023-09-29 15:57:18 - [TEST_STEP][PASSED] - setText(findTestObject("Object Repository/CORAccountCreationPage/PostalCode"), COR_PostalCode): Text '12ER3W' is set on object 'Object Repository/CORAccountCreationPage/PostalCode'

2023-09-29 15:57:19 - [MESSAGE][PASSED] - Text '12ER3W' is set on object 'Object Repository/CORAccountCreationPage/PostalCode'

2023-09-29 15:57:19 - [TEST_STEP][PASSED] - setText(findTestObject("Object Repository/CORAccountCreationPage/BillingCity"), COR_BillingCity): Text 'Washington' is set on object 'Object Repository/CORAccountCreationPage/BillingCity'

2023-09-29 15:57:20 - [MESSAGE][PASSED] - Text 'Washington' is set on object 'Object Repository/CORAccountCreationPage/BillingCity'

2023-09-29 15:57:20 - [TEST_STEP][PASSED] - scrollToElement(findTestObject("Object Repository/CORAccountCreationPage/SalesTerritoryLabel"), 20): Scroll to object 'Object Repository/CORAccountCreationPage/SalesTerritoryLabel' successfully

2023-09-29 15:57:20 - [MESSAGE][PASSED] - Scroll to object 'Object Repository/CORAccountCreationPage/SalesTerritoryLabel' successfully

2023-09-29 15:57:20 - [TEST_STEP][PASSED] - vipreQA.ClickUsingJS.ClickNewObj(findTestObject("Object Repository/CORAccountCreationPage/SalesTerritoryNone"), 20): vipreQA.ClickUsingJS.ClickNewObj is PASSED

2023-09-29 15:57:21 - [MESSAGE][PASSED] - vipreQA.ClickUsingJS.ClickNewObj is PASSED

2023-09-29 15:57:21 - [TEST_STEP][PASSED] - vipreQA.ClickUsingJS.ClickNewObj(findTestObject("Object Repository/CORAccountCreationPage/SalesTerritoryValue", ["value":SalesTerritory_VIPRE]), 20): vipreQA.ClickUsingJS.ClickNewObj is PASSED

2023-09-29 15:57:21 - [MESSAGE][PASSED] - vipreQA.ClickUsingJS.ClickNewObj is PASSED

2023-09-29 15:57:21 - [TEST_STEP][PASSED] - vipreQA.ClickUsingJS.ClickNewObj(findTestObject("Object Repository/CORAccountCreationPage/SaveButton"), 20): vipreQA.ClickUsingJS.ClickNewObj is PASSED

2023-09-29 15:57:22 - [MESSAGE][PASSED] - vipreQA.ClickUsingJS.ClickNewObj is PASSED

2023-09-29 15:57:22 - [TEST_STEP][PASSED] - sleep(5000): null

2023-09-29 15:57:27 - [TEST_STEP][PASSED] - vipreQA.ClickUsingJS.ClickNewObj(findTestObject("Object Repository/PartnerQuoteCreationScreen/PrimaryContactInputbox"), 20): vipreQA.ClickUsingJS.ClickNewObj is PASSED

2023-09-29 15:57:27 - [MESSAGE][PASSED] - vipreQA.ClickUsingJS.ClickNewObj is PASSED

2023-09-29 15:57:27 - [TEST_STEP][PASSED] - sleep(5000): null

2023-09-29 15:57:32 - [TEST_STEP][PASSED] - vipreQA.ClickUsingJS.ClickNewObj(findTestObject("Object Repository/PartnerQuoteCreationScreen/NewContact"), 20): vipreQA.ClickUsingJS.ClickNewObj is PASSED

2023-09-29 15:57:33 - [MESSAGE][PASSED] - vipreQA.ClickUsingJS.ClickNewObj is PASSED

2023-09-29 15:57:33 - [TEST_STEP][PASSED] - verifyElementPresent(findTestObject("Object Repository/PartnerQuoteCreationScreen/NewContactTextVerify"), 20): Object 'Object Repository/PartnerQuoteCreationScreen/NewContactTextVerify' is present

2023-09-29 15:57:35 - [MESSAGE][PASSED] - Object 'Object Repository/PartnerQuoteCreationScreen/NewContactTextVerify' is present

2023-09-29 15:57:35 - [TEST_STEP][PASSED] - setText(findTestObject("Object Repository/PAOppMandatoryField/PrimaryContact/FirstName"), FirstName): Text 'Gayathri' is set on object 'Object Repository/PAOppMandatoryField/PrimaryContact/FirstName'

2023-09-29 15:57:36 - [MESSAGE][PASSED] - Text 'Gayathri' is set on object 'Object Repository/PAOppMandatoryField/PrimaryContact/FirstName'

2023-09-29 15:57:36 - [TEST_STEP][PASSED] - setText(findTestObject("Object Repository/PAOppMandatoryField/PrimaryContact/Last Name"), LastName): Text 'K' is set on object 'Object Repository/PAOppMandatoryField/PrimaryContact/Last Name'

2023-09-29 15:57:37 - [MESSAGE][PASSED] - Text 'K' is set on object 'Object Repository/PAOppMandatoryField/PrimaryContact/Last Name'

2023-09-29 15:57:37 - [TEST_STEP][PASSED] - setText(findTestObject("Object Repository/PAOppMandatoryField/PrimaryContact/Account Name"), COR_AccountName): Text 'COR_TA_Reseller_001' is set on object 'Object Repository/PAOppMandatoryField/PrimaryContact/Account Name'

2023-09-29 15:57:38 - [MESSAGE][PASSED] - Text 'COR_TA_Reseller_001' is set on object 'Object Repository/PAOppMandatoryField/PrimaryContact/Account Name'

2023-09-29 15:57:38 - [TEST_STEP][PASSED] - vipreQA.ClickUsingJS.ClickNewObj(findTestObject("Object Repository/PAOppMandatoryField/PrimaryContact/AccountNameList", ["value":COR_AccountName]), 20): vipreQA.ClickUsingJS.ClickNewObj is PASSED

2023-09-29 15:57:39 - [MESSAGE][PASSED] - vipreQA.ClickUsingJS.ClickNewObj is PASSED

2023-09-29 15:57:39 - [TEST_STEP][PASSED] - setText(findTestObject("Object Repository/PAOppMandatoryField/PrimaryContact/Email"), Email): Text 'g3us2009@gmail.com' is set on object 'Object Repository/PAOppMandatoryField/PrimaryContact/Email'

2023-09-29 15:57:40 - [MESSAGE][PASSED] - Text 'g3us2009@gmail.com' is set on object 'Object Repository/PAOppMandatoryField/PrimaryContact/Email'

2023-09-29 15:57:40 - [TEST_STEP][PASSED] - setText(findTestObject("Object Repository/PAOppMandatoryField/PrimaryContact/Phone"), PhoneNumber): Text '6187657897' is set on object 'Object Repository/PAOppMandatoryField/PrimaryContact/Phone'

2023-09-29 15:57:41 - [MESSAGE][PASSED] - Text '6187657897' is set on object 'Object Repository/PAOppMandatoryField/PrimaryContact/Phone'

2023-09-29 15:57:41 - [TEST_STEP][PASSED] - setText(findTestObject("Object Repository/PAOppMandatoryField/PrimaryContact/Title"), Title): Text 'Vice President' is set on object 'Object Repository/PAOppMandatoryField/PrimaryContact/Title'

2023-09-29 15:57:42 - [MESSAGE][PASSED] - Text 'Vice President' is set on object 'Object Repository/PAOppMandatoryField/PrimaryContact/Title'

2023-09-29 15:57:42 - [TEST_STEP][PASSED] - vipreQA.ClickUsingJS.ClickNewObj(findTestObject("Object Repository/PAOppMandatoryField/PrimaryContact/SaveButton"), 20): vipreQA.ClickUsingJS.ClickNewObj is PASSED

2023-09-29 15:57:43 - [MESSAGE][PASSED] - vipreQA.ClickUsingJS.ClickNewObj is PASSED

2023-09-29 15:57:43 - [TEST_STEP][PASSED] - sleep(10000): null

2023-09-29 15:57:53 - [TEST_STEP][PASSED] - vipreQA.ClickUsingJS.ClickNewObj(findTestObject("Object Repository/PartnerQuoteCreationScreen/SaveButton"), 20): vipreQA.ClickUsingJS.ClickNewObj is PASSED

2023-09-29 15:57:53 - [MESSAGE][PASSED] - vipreQA.ClickUsingJS.ClickNewObj is PASSED]]></system-out>
         <system-err><![CDATA[]]></system-err>
      </testcase>
      <testcase name="Test Cases/PartnerContract-PartnerQuoteSelection" time="37.442" classname="Test Cases/PartnerContract-PartnerQuoteSelection" status="PASSED">
         <system-out><![CDATA[2023-09-29 15:57:53 - [TEST_CASE][PASSED] - Test Cases/PartnerContract-PartnerQuoteSelection: Test Cases/PartnerContract-PartnerQuoteSelection

2023-09-29 15:57:54 - [TEST_STEP][PASSED] - sleep(5000): null

2023-09-29 15:57:59 - [TEST_STEP][PASSED] - verifyElementPresent(findTestObject("Object Repository/PartnerQuoteSelection/AccountNameLabelVerify"), 20): Object 'Object Repository/PartnerQuoteSelection/AccountNameLabelVerify' is present

2023-09-29 15:58:08 - [MESSAGE][PASSED] - Object 'Object Repository/PartnerQuoteSelection/AccountNameLabelVerify' is present

2023-09-29 15:58:08 - [TEST_STEP][PASSED] - URL = getAttribute(findTestObject("Object Repository/PartnerQuoteSelection/ClickAccountFromContract"), "href"): Attribute 'href' of object 'Object Repository/PartnerQuoteSelection/ClickAccountFromContract' is: 'https://vipre-exm--qa.sandbox.lightning.force.com/lightning/r/Account/001JX000008ET8qYAG/view'

2023-09-29 15:58:08 - [MESSAGE][PASSED] - Attribute 'href' of object 'Object Repository/PartnerQuoteSelection/ClickAccountFromContract' is: 'https://vipre-exm--qa.sandbox.lightning.force.com/lightning/r/Account/001JX000008ET8qYAG/view'

2023-09-29 15:58:08 - [TEST_STEP][PASSED] - out.println("URL of the Account:" + URL): null

2023-09-29 15:58:08 - [TEST_STEP][PASSED] - callTestCase(findTestCase("Test Cases/OpenInaNewTab"), ["Path":URL]): Call Test Case 'Test Cases/OpenInaNewTab' successfully

2023-09-29 15:58:09 - [TEST_CASE][PASSED] - Test Cases/OpenInaNewTab: Test Cases/OpenInaNewTab

2023-09-29 15:58:09 - [TEST_STEP][PASSED] - currentPage = getUrl(): Current window's url is: 'https://vipre-exm--qa.sandbox.lightning.force.com/lightning/r/Contract/800JX000005VBsLYAW/view'

2023-09-29 15:58:09 - [MESSAGE][PASSED] - Current window's url is: 'https://vipre-exm--qa.sandbox.lightning.force.com/lightning/r/Contract/800JX000005VBsLYAW/view'

2023-09-29 15:58:09 - [TEST_STEP][PASSED] - currentTab = getWindowIndex(): Current window's index is: 0

2023-09-29 15:58:09 - [MESSAGE][PASSED] - Current window's index is: 0

2023-09-29 15:58:09 - [TEST_STEP][PASSED] - driver = getWebDriver(): null

2023-09-29 15:58:09 - [TEST_STEP][PASSED] - js = driver: null

2023-09-29 15:58:09 - [TEST_STEP][PASSED] - js.executeScript("window.open();"): null

2023-09-29 15:58:09 - [TEST_STEP][PASSED] - switchToWindowIndex(currentTab + 1): Switched to window with index: '1'

2023-09-29 15:58:09 - [MESSAGE][PASSED] - Switched to window with index: '1'

2023-09-29 15:58:09 - [TEST_STEP][PASSED] - navigateToUrl(Path): Navigate to 'https://vipre-exm--qa.sandbox.lightning.force.com/lightning/r/Account/001JX000008ET8qYAG/view' successfully

2023-09-29 15:58:10 - [MESSAGE][PASSED] - Navigate to 'https://vipre-exm--qa.sandbox.lightning.force.com/lightning/r/Account/001JX000008ET8qYAG/view' successfully

2023-09-29 15:58:10 - [MESSAGE][PASSED] - Call Test Case 'Test Cases/OpenInaNewTab' successfully

2023-09-29 15:58:10 - [TEST_STEP][PASSED] - sleep(5000): null

2023-09-29 15:58:15 - [TEST_STEP][PASSED] - refresh(): Refresh successfully

2023-09-29 15:58:15 - [MESSAGE][PASSED] - Refresh successfully

2023-09-29 15:58:15 - [TEST_STEP][PASSED] - waitForElementPresent(findTestObject("Object Repository/PartnerQuoteSelection/ClickOpportunityfromAccount"), 20): Object 'Object Repository/PartnerQuoteSelection/ClickOpportunityfromAccount' is present

2023-09-29 15:58:23 - [MESSAGE][PASSED] - Object 'Object Repository/PartnerQuoteSelection/ClickOpportunityfromAccount' is present

2023-09-29 15:58:23 - [TEST_STEP][PASSED] - verifyElementPresent(findTestObject("Object Repository/PartnerQuoteSelection/ClickOpportunityfromAccount"), 20): Object 'Object Repository/PartnerQuoteSelection/ClickOpportunityfromAccount' is present

2023-09-29 15:58:24 - [MESSAGE][PASSED] - Object 'Object Repository/PartnerQuoteSelection/ClickOpportunityfromAccount' is present

2023-09-29 15:58:24 - [TEST_STEP][PASSED] - vipreQA.ClickUsingJS.ClickNewObj(findTestObject("Object Repository/PartnerQuoteSelection/ClickOpportunityfromAccount"), 20): vipreQA.ClickUsingJS.ClickNewObj is PASSED

2023-09-29 15:58:24 - [MESSAGE][PASSED] - vipreQA.ClickUsingJS.ClickNewObj is PASSED

2023-09-29 15:58:24 - [TEST_STEP][PASSED] - verifyElementPresent(findTestObject("Object Repository/PartnerQuoteSelection/OpportunityTextVerify"), 20): Object 'Object Repository/PartnerQuoteSelection/OpportunityTextVerify' is present

2023-09-29 15:58:26 - [MESSAGE][PASSED] - Object 'Object Repository/PartnerQuoteSelection/OpportunityTextVerify' is present

2023-09-29 15:58:26 - [TEST_STEP][PASSED] - vipreQA.ClickUsingJS.ClickNewObj(findTestObject("Object Repository/PartnerQuoteSelection/SelectPartnerOpportunitylinkedwithQuote"), 20): vipreQA.ClickUsingJS.ClickNewObj is PASSED

2023-09-29 15:58:27 - [MESSAGE][PASSED] - vipreQA.ClickUsingJS.ClickNewObj is PASSED

2023-09-29 15:58:27 - [TEST_STEP][PASSED] - verifyElementPresent(findTestObject("Object Repository/PartnerQuoteSelection/OpportunityPageVerification"), 20): Object 'Object Repository/PartnerQuoteSelection/OpportunityPageVerification' is present

2023-09-29 15:58:30 - [MESSAGE][PASSED] - Object 'Object Repository/PartnerQuoteSelection/OpportunityPageVerification' is present

2023-09-29 15:58:30 - [TEST_STEP][PASSED] - vipreQA.ClickUsingJS.ClickNewObj(findTestObject("Object Repository/PartnerQuoteSelection/SelectQuote"), 20): vipreQA.ClickUsingJS.ClickNewObj is PASSED

2023-09-29 15:58:30 - [MESSAGE][PASSED] - vipreQA.ClickUsingJS.ClickNewObj is PASSED]]></system-out>
         <system-err><![CDATA[]]></system-err>
      </testcase>
      <testcase name="Test Cases/PartnerContract-PartnerQuotePageandEditLines" time="99.71" classname="Test Cases/PartnerContract-PartnerQuotePageandEditLines" status="PASSED">
         <system-out><![CDATA[2023-09-29 15:58:31 - [TEST_CASE][PASSED] - Test Cases/PartnerContract-PartnerQuotePageandEditLines: Test Cases/PartnerContract-PartnerQuotePageandEditLines

2023-09-29 15:58:31 - [TEST_STEP][PASSED] - verifyElementPresent(findTestObject("Object Repository/PartnerQuotePageandEditlines/QuoteTextVerification"), 20): Object 'Object Repository/PartnerQuotePageandEditlines/QuoteTextVerification' is present

2023-09-29 15:58:34 - [MESSAGE][PASSED] - Object 'Object Repository/PartnerQuotePageandEditlines/QuoteTextVerification' is present

2023-09-29 15:58:34 - [TEST_STEP][PASSED] - scrollToElement(findTestObject("Object Repository/PartnerQuotePageandEditlines/StatusField"), 20): Scroll to object 'Object Repository/PartnerQuotePageandEditlines/StatusField' successfully

2023-09-29 15:58:35 - [MESSAGE][PASSED] - Scroll to object 'Object Repository/PartnerQuotePageandEditlines/StatusField' successfully

2023-09-29 15:58:35 - [TEST_STEP][PASSED] - Status = verifyElementText(findTestObject("Object Repository/PartnerQuotePageandEditlines/StatusFieldValue"), "Draft"): Actual text and expected text of test object 'Object Repository/PartnerQuotePageandEditlines/StatusFieldValue' are matched.

2023-09-29 15:58:37 - [MESSAGE][PASSED] - Actual text and expected text of test object 'Object Repository/PartnerQuotePageandEditlines/StatusFieldValue' are matched.

2023-09-29 15:58:37 - [TEST_STEP][PASSED] - out.println(Status): null

2023-09-29 15:58:37 - [TEST_STEP][PASSED] - vipreQA.ClickUsingJS.ClickNewObj(findTestObject("Object Repository/QuoteLineandQuote/EditLineButton"), 20): vipreQA.ClickUsingJS.ClickNewObj is PASSED

2023-09-29 15:58:38 - [MESSAGE][PASSED] - vipreQA.ClickUsingJS.ClickNewObj is PASSED

2023-09-29 15:58:38 - [TEST_STEP][PASSED] - switchToFrame(findTestObject("Object Repository/QuoteLineandQuote/IFrameSelector"), 20, STOP_ON_FAILURE): null

2023-09-29 15:58:45 - [TEST_STEP][PASSED] - verifyElementPresent(findTestObject("Object Repository/QuoteLineandQuote/EditQuoteTextVerify"), 20, STOP_ON_FAILURE): Object 'Object Repository/QuoteLineandQuote/EditQuoteTextVerify' is present

2023-09-29 15:58:49 - [MESSAGE][PASSED] - Object 'Object Repository/QuoteLineandQuote/EditQuoteTextVerify' is present

2023-09-29 15:58:49 - [TEST_STEP][PASSED] - click(findTestObject("Object Repository/QuoteLineandQuote/AddProductButton"), STOP_ON_FAILURE): Object: 'Object Repository/QuoteLineandQuote/AddProductButton' is clicked on

2023-09-29 15:58:50 - [MESSAGE][PASSED] - Object: 'Object Repository/QuoteLineandQuote/AddProductButton' is clicked on

2023-09-29 15:58:50 - [TEST_STEP][PASSED] - verifyElementPresent(findTestObject("Object Repository/QuoteLineandQuote/ProductSelectionTextVerify"), 20, STOP_ON_FAILURE): Object 'Object Repository/QuoteLineandQuote/ProductSelectionTextVerify' is present

2023-09-29 15:58:50 - [MESSAGE][PASSED] - Object 'Object Repository/QuoteLineandQuote/ProductSelectionTextVerify' is present

2023-09-29 15:58:50 - [TEST_STEP][PASSED] - click(findTestObject("Object Repository/QuoteLineandQuote/SearchProductSearchBar"), STOP_ON_FAILURE): Object: 'Object Repository/QuoteLineandQuote/SearchProductSearchBar' is clicked on

2023-09-29 15:58:51 - [MESSAGE][PASSED] - Object: 'Object Repository/QuoteLineandQuote/SearchProductSearchBar' is clicked on

2023-09-29 15:58:51 - [TEST_STEP][PASSED] - setText(findTestObject("Object Repository/QuoteLineandQuote/SearchProductSearchBar"), Product, STOP_ON_FAILURE): Text 'FM-ES-001' is set on object 'Object Repository/QuoteLineandQuote/SearchProductSearchBar'

2023-09-29 15:58:51 - [MESSAGE][PASSED] - Text 'FM-ES-001' is set on object 'Object Repository/QuoteLineandQuote/SearchProductSearchBar'

2023-09-29 15:58:51 - [TEST_STEP][PASSED] - click(findTestObject("Object Repository/QuoteLineandQuote/ClickSearchButton"), STOP_ON_FAILURE): Object: 'Object Repository/QuoteLineandQuote/ClickSearchButton' is clicked on

2023-09-29 15:58:52 - [MESSAGE][PASSED] - Object: 'Object Repository/QuoteLineandQuote/ClickSearchButton' is clicked on

2023-09-29 15:58:52 - [TEST_STEP][PASSED] - verifyElementPresent(findTestObject("Object Repository/QuoteLineandQuote/ProdutCode", ["value":Product]), 20, STOP_ON_FAILURE): Object 'Object Repository/QuoteLineandQuote/ProdutCode' is present

2023-09-29 15:58:52 - [MESSAGE][PASSED] - Object 'Object Repository/QuoteLineandQuote/ProdutCode' is present

2023-09-29 15:58:52 - [TEST_STEP][PASSED] - click(findTestObject("Object Repository/QuoteLineandQuote/SelectProductCheckbox", ["value":Product]), STOP_ON_FAILURE): Object: 'Object Repository/QuoteLineandQuote/SelectProductCheckbox' is clicked on

2023-09-29 15:58:53 - [MESSAGE][PASSED] - Object: 'Object Repository/QuoteLineandQuote/SelectProductCheckbox' is clicked on

2023-09-29 15:58:53 - [TEST_STEP][PASSED] - click(findTestObject("Object Repository/QuoteLineandQuote/SelectProduct-SelectionPage"), STOP_ON_FAILURE): Object: 'Object Repository/QuoteLineandQuote/SelectProduct-SelectionPage' is clicked on

2023-09-29 15:58:53 - [MESSAGE][PASSED] - Object: 'Object Repository/QuoteLineandQuote/SelectProduct-SelectionPage' is clicked on

2023-09-29 15:58:53 - [TEST_STEP][PASSED] - verifyElementPresent(findTestObject("Object Repository/QuoteLineandQuote/EditQuoteTextVerify"), 20, STOP_ON_FAILURE): Object 'Object Repository/QuoteLineandQuote/EditQuoteTextVerify' is present

2023-09-29 15:58:56 - [MESSAGE][PASSED] - Object 'Object Repository/QuoteLineandQuote/EditQuoteTextVerify' is present

2023-09-29 15:58:56 - [TEST_STEP][PASSED] - doubleClick(findTestObject("Object Repository/PartnerQuotePageandEditlines/EditQuantity")): Object: 'Object Repository/PartnerQuotePageandEditlines/EditQuantity' is double clicked on

2023-09-29 15:58:56 - [MESSAGE][PASSED] - Object: 'Object Repository/PartnerQuotePageandEditlines/EditQuantity' is double clicked on

2023-09-29 15:58:56 - [TEST_STEP][PASSED] - vipreQA.ClickUsingJS.ClickNewObj(findTestObject("Object Repository/PartnerQuotePageandEditlines/EditQuantity"), 20): vipreQA.ClickUsingJS.ClickNewObj is PASSED

2023-09-29 15:58:56 - [MESSAGE][PASSED] - vipreQA.ClickUsingJS.ClickNewObj is PASSED

2023-09-29 15:58:56 - [TEST_STEP][PASSED] - sendKeys(findTestObject("Object Repository/PartnerQuotePageandEditlines/QuantityInput"), ProductQuantity): Keys '25' sent to object: 'Object Repository/PartnerQuotePageandEditlines/QuantityInput'

2023-09-29 15:58:57 - [MESSAGE][PASSED] - Keys '25' sent to object: 'Object Repository/PartnerQuotePageandEditlines/QuantityInput'

2023-09-29 15:58:57 - [TEST_STEP][PASSED] - verifyElementPresent(findTestObject("Object Repository/PartnerQuotePageandEditlines/TargetCustomerAmountLabel"), 20): Object 'Object Repository/PartnerQuotePageandEditlines/TargetCustomerAmountLabel' is present

2023-09-29 15:58:57 - [MESSAGE][PASSED] - Object 'Object Repository/PartnerQuotePageandEditlines/TargetCustomerAmountLabel' is present

2023-09-29 15:58:57 - [TEST_STEP][PASSED] - click(findTestObject("Object Repository/PartnerQuotePageandEditlines/TargetCustomerAmountField")): Object: 'Object Repository/PartnerQuotePageandEditlines/TargetCustomerAmountField' is clicked on

2023-09-29 15:58:57 - [MESSAGE][PASSED] - Object: 'Object Repository/PartnerQuotePageandEditlines/TargetCustomerAmountField' is clicked on

2023-09-29 15:58:57 - [TEST_STEP][PASSED] - vipreQA.ClickUsingJS.ClickNewObj(findTestObject("Object Repository/PartnerQuotePageandEditlines/QuickSaveButton"), 20): vipreQA.ClickUsingJS.ClickNewObj is PASSED

2023-09-29 15:58:57 - [MESSAGE][PASSED] - vipreQA.ClickUsingJS.ClickNewObj is PASSED

2023-09-29 15:58:57 - [TEST_STEP][PASSED] - sleep(1000): null

2023-09-29 15:58:58 - [TEST_STEP][PASSED] - Quantity = getText(findTestObject("Object Repository/PartnerQuotePageandEditlines/QuantityValue")): Text of object 'Object Repository/PartnerQuotePageandEditlines/QuantityValue' is: '25,00'

2023-09-29 15:59:08 - [MESSAGE][PASSED] - Text of object 'Object Repository/PartnerQuotePageandEditlines/QuantityValue' is: '25,00'

2023-09-29 15:59:08 - [TEST_STEP][PASSED] - out.println(Quantity): null

2023-09-29 15:59:08 - [TEST_STEP][PASSED] - UnitPrice = getText(findTestObject("Object Repository/PartnerQuotePageandEditlines/ListUnitPriceValue")): Text of object 'Object Repository/PartnerQuotePageandEditlines/ListUnitPriceValue' is: '2,32800000 USD'

2023-09-29 15:59:08 - [MESSAGE][PASSED] - Text of object 'Object Repository/PartnerQuotePageandEditlines/ListUnitPriceValue' is: '2,32800000 USD'

2023-09-29 15:59:08 - [TEST_STEP][PASSED] - UnitPrices = UnitPrice.split(" ")[0]: null

2023-09-29 15:59:08 - [TEST_STEP][PASSED] - out.println(UnitPrices): null

2023-09-29 15:59:08 - [TEST_STEP][PASSED] - Subscription = getAttribute(findTestObject("Object Repository/PartnerQuotePageandEditlines/SubscriptionTerm"), "value"): Attribute 'value' of object 'Object Repository/PartnerQuotePageandEditlines/SubscriptionTerm' is: '12'

2023-09-29 15:59:08 - [MESSAGE][PASSED] - Attribute 'value' of object 'Object Repository/PartnerQuotePageandEditlines/SubscriptionTerm' is: '12'

2023-09-29 15:59:08 - [TEST_STEP][PASSED] - click(findTestObject("Object Repository/QuoteLineandQuote/SaveButton"), STOP_ON_FAILURE): Object: 'Object Repository/QuoteLineandQuote/SaveButton' is clicked on

2023-09-29 15:59:08 - [MESSAGE][PASSED] - Object: 'Object Repository/QuoteLineandQuote/SaveButton' is clicked on

2023-09-29 15:59:08 - [TEST_STEP][PASSED] - sleep(5000): null

2023-09-29 15:59:13 - [TEST_STEP][PASSED] - callTestCase(findTestCase("Test Cases/QuoteSigning"), null): Call Test Case 'Test Cases/QuoteSigning' successfully

2023-09-29 15:59:13 - [TEST_CASE][PASSED] - Test Cases/QuoteSigning: Test Cases/QuoteSigning

2023-09-29 15:59:14 - [TEST_STEP][PASSED] - click(findTestObject("Object Repository/QuoteLineandQuote/SystemTabonQuote/Tab_SystemonQuote"), STOP_ON_FAILURE): Object: 'Object Repository/QuoteLineandQuote/SystemTabonQuote/Tab_SystemonQuote' is clicked on

2023-09-29 15:59:15 - [MESSAGE][PASSED] - Object: 'Object Repository/QuoteLineandQuote/SystemTabonQuote/Tab_SystemonQuote' is clicked on

2023-09-29 15:59:15 - [TEST_STEP][PASSED] - verifyElementPresent(findTestObject("Object Repository/QuoteLineandQuote/SystemTabonQuote/Text_SignedDocumentValidation"), 20, STOP_ON_FAILURE): Object 'Object Repository/QuoteLineandQuote/SystemTabonQuote/Text_SignedDocumentValidation' is present

2023-09-29 15:59:16 - [MESSAGE][PASSED] - Object 'Object Repository/QuoteLineandQuote/SystemTabonQuote/Text_SignedDocumentValidation' is present

2023-09-29 15:59:16 - [TEST_STEP][PASSED] - verifyElementPresent(findTestObject("Object Repository/QuoteLineandQuote/SystemTabonQuote/Field_OverrideSignedDocumentValidation"), 20, STOP_ON_FAILURE): Object 'Object Repository/QuoteLineandQuote/SystemTabonQuote/Field_OverrideSignedDocumentValidation' is present

2023-09-29 15:59:17 - [MESSAGE][PASSED] - Object 'Object Repository/QuoteLineandQuote/SystemTabonQuote/Field_OverrideSignedDocumentValidation' is present

2023-09-29 15:59:17 - [TEST_STEP][PASSED] - click(findTestObject("Object Repository/QuoteLineandQuote/SystemTabonQuote/btn_EditOverrideDocument"), STOP_ON_FAILURE): Object: 'Object Repository/QuoteLineandQuote/SystemTabonQuote/btn_EditOverrideDocument' is clicked on

2023-09-29 15:59:17 - [MESSAGE][PASSED] - Object: 'Object Repository/QuoteLineandQuote/SystemTabonQuote/btn_EditOverrideDocument' is clicked on

2023-09-29 15:59:17 - [TEST_STEP][PASSED] - scrollToPosition(0, 40, STOP_ON_FAILURE): Browser is scrolled to position x = 0, y = 40

2023-09-29 15:59:18 - [MESSAGE][PASSED] - Browser is scrolled to position x = 0, y = 40

2023-09-29 15:59:18 - [TEST_STEP][PASSED] - click(findTestObject("Object Repository/QuoteLineandQuote/SystemTabonQuote/ChkBox_OverrideSigned"), STOP_ON_FAILURE): Object: 'Object Repository/QuoteLineandQuote/SystemTabonQuote/ChkBox_OverrideSigned' is clicked on

2023-09-29 15:59:19 - [MESSAGE][PASSED] - Object: 'Object Repository/QuoteLineandQuote/SystemTabonQuote/ChkBox_OverrideSigned' is clicked on

2023-09-29 15:59:19 - [TEST_STEP][PASSED] - click(findTestObject("Object Repository/QuoteLineandQuote/SystemTabonQuote/btn_Save"), STOP_ON_FAILURE): Object: 'Object Repository/QuoteLineandQuote/SystemTabonQuote/btn_Save' is clicked on

2023-09-29 15:59:19 - [MESSAGE][PASSED] - Object: 'Object Repository/QuoteLineandQuote/SystemTabonQuote/btn_Save' is clicked on

2023-09-29 15:59:19 - [MESSAGE][PASSED] - Call Test Case 'Test Cases/QuoteSigning' successfully

2023-09-29 15:59:19 - [TEST_STEP][PASSED] - click(findTestObject("Object Repository/PartnerQuotePageandEditlines/Tab_Details")): Object: 'Object Repository/PartnerQuotePageandEditlines/Tab_Details' is clicked on

2023-09-29 15:59:23 - [MESSAGE][PASSED] - Object: 'Object Repository/PartnerQuotePageandEditlines/Tab_Details' is clicked on

2023-09-29 15:59:23 - [TEST_STEP][PASSED] - scrollToElement(findTestObject("Object Repository/PartnerQuotePageandEditlines/StatusField"), 20): Scroll to object 'Object Repository/PartnerQuotePageandEditlines/StatusField' successfully

2023-09-29 15:59:23 - [MESSAGE][PASSED] - Scroll to object 'Object Repository/PartnerQuotePageandEditlines/StatusField' successfully

2023-09-29 15:59:23 - [TEST_STEP][PASSED] - vipreQA.ClickUsingJS.ClickNewObj(findTestObject("Object Repository/PartnerQuotePageandEditlines/StatusFieldEdit"), 20): vipreQA.ClickUsingJS.ClickNewObj is PASSED

2023-09-29 15:59:24 - [MESSAGE][PASSED] - vipreQA.ClickUsingJS.ClickNewObj is PASSED

2023-09-29 15:59:24 - [TEST_STEP][PASSED] - sleep(5000): null

2023-09-29 15:59:29 - [TEST_STEP][PASSED] - vipreQA.ClickUsingJS.ClickNewObj(findTestObject("Object Repository/PartnerQuotePageandEditlines/StatusFieldNone"), 20): vipreQA.ClickUsingJS.ClickNewObj is PASSED

2023-09-29 15:59:29 - [MESSAGE][PASSED] - vipreQA.ClickUsingJS.ClickNewObj is PASSED

2023-09-29 15:59:29 - [TEST_STEP][PASSED] - sleep(5000): null

2023-09-29 15:59:34 - [TEST_STEP][PASSED] - vipreQA.ClickUsingJS.ClickNewObj(findTestObject("Object Repository/PartnerQuotePageandEditlines/StatusFieldAccepted"), 20): vipreQA.ClickUsingJS.ClickNewObj is PASSED

2023-09-29 15:59:35 - [MESSAGE][PASSED] - vipreQA.ClickUsingJS.ClickNewObj is PASSED

2023-09-29 15:59:35 - [TEST_STEP][PASSED] - vipreQA.ClickUsingJS.ClickNewObj(findTestObject("Object Repository/PartnerQuotePageandEditlines/SaveButton"), 20): vipreQA.ClickUsingJS.ClickNewObj is PASSED

2023-09-29 15:59:35 - [MESSAGE][PASSED] - vipreQA.ClickUsingJS.ClickNewObj is PASSED

2023-09-29 15:59:35 - [TEST_STEP][PASSED] - StatusValue = getText(findTestObject("Object Repository/PartnerQuotePageandEditlines/StatusFieldValue")): Text of object 'Object Repository/PartnerQuotePageandEditlines/StatusFieldValue' is: 'Accepted'

2023-09-29 15:59:44 - [MESSAGE][PASSED] - Text of object 'Object Repository/PartnerQuotePageandEditlines/StatusFieldValue' is: 'Accepted'

2023-09-29 15:59:44 - [TEST_STEP][PASSED] - verifyMatch(StatusValue, "Accepted", false): Actual text 'Accepted' and expected text 'Accepted' are matched 

2023-09-29 15:59:44 - [MESSAGE][PASSED] - Actual text 'Accepted' and expected text 'Accepted' are matched 

2023-09-29 15:59:44 - [TEST_STEP][PASSED] - sleep(10000): null

2023-09-29 15:59:54 - [TEST_STEP][PASSED] - refresh(): Refresh successfully

2023-09-29 15:59:54 - [MESSAGE][PASSED] - Refresh successfully

2023-09-29 15:59:54 - [TEST_STEP][PASSED] - refresh(): Refresh successfully

2023-09-29 15:59:57 - [MESSAGE][PASSED] - Refresh successfully

2023-09-29 15:59:57 - [TEST_STEP][PASSED] - waitForElementPresent(findTestObject("Object Repository/PartnerQuotePageandEditlines/ContractName"), 20): Object 'Object Repository/PartnerQuotePageandEditlines/ContractName' is present

2023-09-29 16:00:04 - [MESSAGE][PASSED] - Object 'Object Repository/PartnerQuotePageandEditlines/ContractName' is present

2023-09-29 16:00:04 - [TEST_STEP][PASSED] - vipreQA.ClickUsingJS.ClickNewObj(findTestObject("Object Repository/PartnerQuotePageandEditlines/ClickContractName"), 20): vipreQA.ClickUsingJS.ClickNewObj is PASSED

2023-09-29 16:00:04 - [MESSAGE][PASSED] - vipreQA.ClickUsingJS.ClickNewObj is PASSED

2023-09-29 16:00:04 - [TEST_STEP][PASSED] - vipreQA.ClickUsingJS.ClickNewObj(findTestObject("Object Repository/PartnerCustomerOrder/DetailsTab"), 20): vipreQA.ClickUsingJS.ClickNewObj is PASSED

2023-09-29 16:00:10 - [MESSAGE][PASSED] - vipreQA.ClickUsingJS.ClickNewObj is PASSED]]></system-out>
         <system-err><![CDATA[]]></system-err>
      </testcase>
      <system-out><![CDATA[2023-09-29 15:52:01 - [TEST_SUITE][PASSED] - Partner Quote as User - Try: Test Cases/PartnerContract-PartnerQuotePageandEditLines]]></system-out>
      <system-err><![CDATA[]]></system-err>
   </testsuite>
</testsuites>
