<?xml version="1.0" encoding="UTF-8"?>
<testsuites name="ResellerAccount-PAOpp-ResellerContract-SystemAdmin" time="233.599" tests="4" failures="0" errors="0">
   <testsuite name="ResellerAccount-PAOpp-ResellerContract-SystemAdmin" tests="4" failures="0" errors="0" time="233.599" skipped="0" timestamp="2023-09-23 14:53:54" hostname="GayathriKumaresan - IN-PC-00208" id="Test Suites/ResellerAccount-PAOpp-ResellerContract-SystemAdmin">
      <properties>
         <property name="deviceName" value=""/>
         <property name="devicePlatform" value=""/>
         <property name="logFolder" value="C:\\Users\\gayathri.kumaresan\\git\\VIPRE-RecordCreations\\Reports\\20230923_145352\\ResellerAccount-PAOpp-ResellerContract-SystemAdmin\\20230923_145352"/>
         <property name="logFiles" value="C:\\Users\\gayathri.kumaresan\\git\\VIPRE-RecordCreations\\Reports\\20230923_145352\\ResellerAccount-PAOpp-ResellerContract-SystemAdmin\\20230923_145352\\execution0.log"/>
         <property name="attachments" value=""/>
         <property name="hostName" value="GayathriKumaresan - IN-PC-00208"/>
         <property name="os" value="Windows 10 64bit"/>
         <property name="katalonVersion" value="8.3.5.208"/>
         <property name="browser" value="Chrome 116.0.0.0"/>
         <property name="hostAddress" value="192.168.29.57"/>
         <property name="sessionId" value="037251a2b44c7dfd27565010c60fe8b7"/>
         <property name="seleniumVersion" value="3.141.59"/>
         <property name="proxyInformation" value="ProxyInformation { proxyOption=NO_PROXY, proxyServerType=HTTP, username=, password=********, proxyServerAddress=, proxyServerPort=0, executionList=&quot;&quot;, isApplyToDesiredCapabilities=true }"/>
         <property name="platform" value="Windows 10"/>
      </properties>
      <testcase name="Test Cases/LogintoSalesforce-Admin" time="18.378" classname="Test Cases/LogintoSalesforce-Admin" status="PASSED">
         <system-out><![CDATA[2023-09-23 14:53:54 - [TEST_CASE][PASSED] - Test Cases/LogintoSalesforce-Admin: Test Cases/LogintoSalesforce-Admin

2023-09-23 14:53:55 - [TEST_STEP][PASSED] - openBrowser(LoginURL): Browser is opened with url: 'https://vipre-exm--qa.sandbox.lightning.force.com/lightning/page/home'

2023-09-23 14:53:55 - [MESSAGE][INFO] - Starting 'Chrome' driver

2023-09-23 14:53:55 - [MESSAGE][INFO] - User set preference: ['args', '[--disable-notifications]']

2023-09-23 14:53:55 - [MESSAGE][INFO] - Action delay is set to 0 milliseconds

2023-09-23 14:54:02 - [MESSAGE][PASSED] - Browser is opened with url: 'https://vipre-exm--qa.sandbox.lightning.force.com/lightning/page/home'

2023-09-23 14:54:02 - [TEST_STEP][PASSED] - maximizeWindow(): Current window maximized

2023-09-23 14:54:02 - [MESSAGE][PASSED] - Current window maximized

2023-09-23 14:54:02 - [TEST_STEP][PASSED] - setText(findTestObject("LoginPage/Username"), UserName): Text 'eu_gayathri.kumaresan@listertechnologies.com.qa' is set on object 'Object Repository/LoginPage/Username'

2023-09-23 14:54:03 - [MESSAGE][PASSED] - Text 'eu_gayathri.kumaresan@listertechnologies.com.qa' is set on object 'Object Repository/LoginPage/Username'

2023-09-23 14:54:03 - [TEST_STEP][PASSED] - setText(findTestObject("LoginPage/Password"), Password): Text 'Lister@123456' is set on object 'Object Repository/LoginPage/Password'

2023-09-23 14:54:04 - [MESSAGE][PASSED] - Text 'Lister@123456' is set on object 'Object Repository/LoginPage/Password'

2023-09-23 14:54:04 - [TEST_STEP][PASSED] - click(findTestObject("LoginPage/LoginButton")): Object: 'Object Repository/LoginPage/LoginButton' is clicked on

2023-09-23 14:54:13 - [MESSAGE][PASSED] - Object: 'Object Repository/LoginPage/LoginButton' is clicked on]]></system-out>
         <system-err><![CDATA[]]></system-err>
      </testcase>
      <testcase name="Test Cases/CreatingResellerAccount-VIPRE-Admin" time="28.949" classname="Test Cases/CreatingResellerAccount-VIPRE-Admin" status="PASSED">
         <system-out><![CDATA[2023-09-23 14:54:13 - [TEST_CASE][PASSED] - Test Cases/CreatingResellerAccount-VIPRE-Admin: Test Cases/CreatingResellerAccount-VIPRE-Admin

2023-09-23 14:54:13 - [TEST_STEP][PASSED] - sleep(5000): null

2023-09-23 14:54:18 - [TEST_STEP][PASSED] - verifyElementPresent(findTestObject("Object Repository/AccountCreationPage/VIPRESalesElement"), 30): Object 'Object Repository/AccountCreationPage/VIPRESalesElement' is present

2023-09-23 14:54:20 - [MESSAGE][PASSED] - Object 'Object Repository/AccountCreationPage/VIPRESalesElement' is present

2023-09-23 14:54:20 - [TEST_STEP][PASSED] - vipreQA.ClickUsingJS.ClickNewObj(findTestObject("Object Repository/AccountObject/AccountsTab"), 30): vipreQA.ClickUsingJS.ClickNewObj is PASSED

2023-09-23 14:54:21 - [MESSAGE][PASSED] - vipreQA.ClickUsingJS.ClickNewObj is PASSED

2023-09-23 14:54:21 - [TEST_STEP][PASSED] - vipreQA.ClickUsingJS.ClickNewObj(findTestObject("Object Repository/AccountObject/NewButtononAccount"), 30): vipreQA.ClickUsingJS.ClickNewObj is PASSED

2023-09-23 14:54:22 - [MESSAGE][PASSED] - vipreQA.ClickUsingJS.ClickNewObj is PASSED

2023-09-23 14:54:22 - [TEST_STEP][PASSED] - click(findTestObject("Object Repository/AccountRecordTypes/Reseller")): Object: 'Object Repository/AccountRecordTypes/Reseller' is clicked on

2023-09-23 14:54:23 - [MESSAGE][PASSED] - Object: 'Object Repository/AccountRecordTypes/Reseller' is clicked on

2023-09-23 14:54:23 - [TEST_STEP][PASSED] - click(findTestObject("Object Repository/AccountRecordTypes/NextButton")): Object: 'Object Repository/AccountRecordTypes/NextButton' is clicked on

2023-09-23 14:54:24 - [MESSAGE][PASSED] - Object: 'Object Repository/AccountRecordTypes/NextButton' is clicked on

2023-09-23 14:54:24 - [TEST_STEP][PASSED] - verifyElementPresent(findTestObject("Object Repository/AccountRecordTypes/ResellerTextVerify"), 20, STOP_ON_FAILURE): Object 'Object Repository/AccountRecordTypes/ResellerTextVerify' is present

2023-09-23 14:54:27 - [MESSAGE][PASSED] - Object 'Object Repository/AccountRecordTypes/ResellerTextVerify' is present

2023-09-23 14:54:27 - [TEST_STEP][PASSED] - sendKeys(findTestObject("AccountCreationPage/AccountName"), AccountName_Reseller_VIPRE): Keys 'TA_Reseller_VIPRE_001' sent to object: 'Object Repository/AccountCreationPage/AccountName'

2023-09-23 14:54:28 - [MESSAGE][PASSED] - Keys 'TA_Reseller_VIPRE_001' sent to object: 'Object Repository/AccountCreationPage/AccountName'

2023-09-23 14:54:28 - [TEST_STEP][PASSED] - scrollToElement(findTestObject("Object Repository/AccountCreationPage/AccountCurrencyLabel"), 20): Scroll to object 'Object Repository/AccountCreationPage/AccountCurrencyLabel' successfully

2023-09-23 14:54:28 - [MESSAGE][PASSED] - Scroll to object 'Object Repository/AccountCreationPage/AccountCurrencyLabel' successfully

2023-09-23 14:54:28 - [TEST_STEP][PASSED] - scrollToElement(findTestObject("Object Repository/AccountCreationPage/BillingCountryLabel"), 20): Scroll to object 'Object Repository/AccountCreationPage/BillingCountryLabel' successfully

2023-09-23 14:54:29 - [MESSAGE][PASSED] - Scroll to object 'Object Repository/AccountCreationPage/BillingCountryLabel' successfully

2023-09-23 14:54:29 - [TEST_STEP][PASSED] - click(findTestObject("Object Repository/AccountCreationPage/BillingCountryNone")): Object: 'Object Repository/AccountCreationPage/BillingCountryNone' is clicked on

2023-09-23 14:54:29 - [MESSAGE][PASSED] - Object: 'Object Repository/AccountCreationPage/BillingCountryNone' is clicked on

2023-09-23 14:54:29 - [TEST_STEP][PASSED] - click(findTestObject("Object Repository/AccountCreationPage/BillingCountryBahrain")): Object: 'Object Repository/AccountCreationPage/BillingCountryBahrain' is clicked on

2023-09-23 14:54:30 - [MESSAGE][PASSED] - Object: 'Object Repository/AccountCreationPage/BillingCountryBahrain' is clicked on

2023-09-23 14:54:30 - [TEST_STEP][PASSED] - setText(findTestObject("AccountCreationPage/BillingStreet"), BillingStreet): Text '234, Sidney Street' is set on object 'Object Repository/AccountCreationPage/BillingStreet'

2023-09-23 14:54:31 - [MESSAGE][PASSED] - Text '234, Sidney Street' is set on object 'Object Repository/AccountCreationPage/BillingStreet'

2023-09-23 14:54:31 - [TEST_STEP][PASSED] - setText(findTestObject("AccountCreationPage/BillingCity"), BillingCity): Text 'Toronto' is set on object 'Object Repository/AccountCreationPage/BillingCity'

2023-09-23 14:54:32 - [MESSAGE][PASSED] - Text 'Toronto' is set on object 'Object Repository/AccountCreationPage/BillingCity'

2023-09-23 14:54:32 - [TEST_STEP][PASSED] - setText(findTestObject("AccountCreationPage/PostalCode"), PostalCode): Text '12AB3N' is set on object 'Object Repository/AccountCreationPage/PostalCode'

2023-09-23 14:54:32 - [MESSAGE][PASSED] - Text '12AB3N' is set on object 'Object Repository/AccountCreationPage/PostalCode'

2023-09-23 14:54:32 - [TEST_STEP][PASSED] - setText(findTestObject("AccountCreationPage/CompanyRegistrationNo"), CompanyRegistrationNumber): Text 'WA12345Test' is set on object 'Object Repository/AccountCreationPage/CompanyRegistrationNo'

2023-09-23 14:54:33 - [MESSAGE][PASSED] - Text 'WA12345Test' is set on object 'Object Repository/AccountCreationPage/CompanyRegistrationNo'

2023-09-23 14:54:33 - [TEST_STEP][PASSED] - scrollToElement(findTestObject("Object Repository/AccountCreationPage/SalesTerritoryLabel"), 20): Scroll to object 'Object Repository/AccountCreationPage/SalesTerritoryLabel' successfully

2023-09-23 14:54:34 - [MESSAGE][PASSED] - Scroll to object 'Object Repository/AccountCreationPage/SalesTerritoryLabel' successfully

2023-09-23 14:54:34 - [TEST_STEP][PASSED] - click(findTestObject("Object Repository/AccountCreationPage/SalesTerritoryNone")): Object: 'Object Repository/AccountCreationPage/SalesTerritoryNone' is clicked on

2023-09-23 14:54:34 - [MESSAGE][PASSED] - Object: 'Object Repository/AccountCreationPage/SalesTerritoryNone' is clicked on

2023-09-23 14:54:34 - [TEST_STEP][PASSED] - click(findTestObject("Object Repository/AccountCreationPage/SalesTerritoryValue", ["value":SalesTerritory_VIPRE])): Object: 'Object Repository/AccountCreationPage/SalesTerritoryValue' is clicked on

2023-09-23 14:54:35 - [MESSAGE][PASSED] - Object: 'Object Repository/AccountCreationPage/SalesTerritoryValue' is clicked on

2023-09-23 14:54:35 - [TEST_STEP][PASSED] - click(findTestObject("Object Repository/AccountCreationPage/SaveButton")): Object: 'Object Repository/AccountCreationPage/SaveButton' is clicked on

2023-09-23 14:54:35 - [MESSAGE][PASSED] - Object: 'Object Repository/AccountCreationPage/SaveButton' is clicked on

2023-09-23 14:54:35 - [TEST_STEP][PASSED] - verifyElementPresent(findTestObject("Object Repository/AccountCreationPage/AccountPageAppear"), 30): Object 'Object Repository/AccountCreationPage/AccountPageAppear' is present

2023-09-23 14:54:42 - [MESSAGE][PASSED] - Object 'Object Repository/AccountCreationPage/AccountPageAppear' is present]]></system-out>
         <system-err><![CDATA[]]></system-err>
      </testcase>
      <testcase name="Test Cases/CreatePartnerAcquisitionOpportunity-Admin" time="21.889" classname="Test Cases/CreatePartnerAcquisitionOpportunity-Admin" status="PASSED">
         <system-out><![CDATA[2023-09-23 14:54:42 - [TEST_CASE][PASSED] - Test Cases/CreatePartnerAcquisitionOpportunity-Admin: Test Cases/CreatePartnerAcquisitionOpportunity-Admin

2023-09-23 14:54:42 - [TEST_STEP][PASSED] - click(findTestObject("Object Repository/PartnerAcquisitionCreation/DropDownMenuonAccount"), STOP_ON_FAILURE): Object: 'Object Repository/PartnerAcquisitionCreation/DropDownMenuonAccount' is clicked on

2023-09-23 14:54:43 - [MESSAGE][PASSED] - Object: 'Object Repository/PartnerAcquisitionCreation/DropDownMenuonAccount' is clicked on

2023-09-23 14:54:43 - [TEST_STEP][PASSED] - click(findTestObject("Object Repository/PartnerAcquisitionCreation/PAOpportunity-VIPRE"), STOP_ON_FAILURE): Object: 'Object Repository/PartnerAcquisitionCreation/PAOpportunity-VIPRE' is clicked on

2023-09-23 14:54:44 - [MESSAGE][PASSED] - Object: 'Object Repository/PartnerAcquisitionCreation/PAOpportunity-VIPRE' is clicked on

2023-09-23 14:54:44 - [TEST_STEP][PASSED] - scrollToElement(findTestObject("Object Repository/PartnerAcquisitionCreation/SalesTerritoryLabel"), 20, STOP_ON_FAILURE): Scroll to object 'Object Repository/PartnerAcquisitionCreation/SalesTerritoryLabel' successfully

2023-09-23 14:54:45 - [MESSAGE][PASSED] - Scroll to object 'Object Repository/PartnerAcquisitionCreation/SalesTerritoryLabel' successfully

2023-09-23 14:54:45 - [TEST_STEP][PASSED] - click(findTestObject("Object Repository/PartnerAcquisitionCreation/SalesTerritoryNone"), STOP_ON_FAILURE): Object: 'Object Repository/PartnerAcquisitionCreation/SalesTerritoryNone' is clicked on

2023-09-23 14:54:46 - [MESSAGE][PASSED] - Object: 'Object Repository/PartnerAcquisitionCreation/SalesTerritoryNone' is clicked on

2023-09-23 14:54:46 - [TEST_STEP][PASSED] - click(findTestObject("Object Repository/PartnerAcquisitionCreation/SalesTerritoryValue", ["value":SalesTerritory_VIPRE]), STOP_ON_FAILURE): Object: 'Object Repository/PartnerAcquisitionCreation/SalesTerritoryValue' is clicked on

2023-09-23 14:54:46 - [MESSAGE][PASSED] - Object: 'Object Repository/PartnerAcquisitionCreation/SalesTerritoryValue' is clicked on

2023-09-23 14:54:46 - [TEST_STEP][PASSED] - scrollToElement(findTestObject("Object Repository/PartnerAcquisitionCreation/BillingEntityLabel"), 20, STOP_ON_FAILURE): Scroll to object 'Object Repository/PartnerAcquisitionCreation/BillingEntityLabel' successfully

2023-09-23 14:54:47 - [MESSAGE][PASSED] - Scroll to object 'Object Repository/PartnerAcquisitionCreation/BillingEntityLabel' successfully

2023-09-23 14:54:47 - [TEST_STEP][PASSED] - click(findTestObject("Object Repository/PartnerAcquisitionCreation/BillingEntityNone"), STOP_ON_FAILURE): Object: 'Object Repository/PartnerAcquisitionCreation/BillingEntityNone' is clicked on

2023-09-23 14:54:47 - [MESSAGE][PASSED] - Object: 'Object Repository/PartnerAcquisitionCreation/BillingEntityNone' is clicked on

2023-09-23 14:54:47 - [TEST_STEP][PASSED] - click(findTestObject("Object Repository/PartnerAcquisitionCreation/BillingEntityValue", ["value":BillingEntity_VIPRE]), STOP_ON_FAILURE): Object: 'Object Repository/PartnerAcquisitionCreation/BillingEntityValue' is clicked on

2023-09-23 14:54:48 - [MESSAGE][PASSED] - Object: 'Object Repository/PartnerAcquisitionCreation/BillingEntityValue' is clicked on

2023-09-23 14:54:48 - [TEST_STEP][PASSED] - click(findTestObject("Object Repository/PartnerAcquisitionCreation/CloseDateBox"), STOP_ON_FAILURE): Object: 'Object Repository/PartnerAcquisitionCreation/CloseDateBox' is clicked on

2023-09-23 14:54:48 - [MESSAGE][PASSED] - Object: 'Object Repository/PartnerAcquisitionCreation/CloseDateBox' is clicked on

2023-09-23 14:54:48 - [TEST_STEP][PASSED] - setText(findTestObject("Object Repository/PartnerAcquisitionCreation/CloseDateBox"), CloseDate, STOP_ON_FAILURE): Text '31/07/2023' is set on object 'Object Repository/PartnerAcquisitionCreation/CloseDateBox'

2023-09-23 14:54:49 - [MESSAGE][PASSED] - Text '31/07/2023' is set on object 'Object Repository/PartnerAcquisitionCreation/CloseDateBox'

2023-09-23 14:54:49 - [TEST_STEP][PASSED] - click(findTestObject("Object Repository/PartnerAcquisitionCreation/SaveButton"), STOP_ON_FAILURE): Object: 'Object Repository/PartnerAcquisitionCreation/SaveButton' is clicked on

2023-09-23 14:54:50 - [MESSAGE][PASSED] - Object: 'Object Repository/PartnerAcquisitionCreation/SaveButton' is clicked on

2023-09-23 14:54:50 - [TEST_STEP][PASSED] - scrollToPosition(0, 50): Browser is scrolled to position x = 0, y = 50

2023-09-23 14:54:50 - [MESSAGE][PASSED] - Browser is scrolled to position x = 0, y = 50

2023-09-23 14:54:50 - [TEST_STEP][PASSED] - click(findTestObject("Object Repository/PartnerAcquisitionCreation/ClickOpportunities"), STOP_ON_FAILURE): Object: 'Object Repository/PartnerAcquisitionCreation/ClickOpportunities' is clicked on

2023-09-23 14:54:55 - [MESSAGE][PASSED] - Object: 'Object Repository/PartnerAcquisitionCreation/ClickOpportunities' is clicked on

2023-09-23 14:54:55 - [TEST_STEP][PASSED] - verifyElementPresent(findTestObject("Object Repository/PartnerAcquisitionCreation/OpportunityTextVerify"), 30, STOP_ON_FAILURE): Object 'Object Repository/PartnerAcquisitionCreation/OpportunityTextVerify' is present

2023-09-23 14:54:57 - [MESSAGE][PASSED] - Object 'Object Repository/PartnerAcquisitionCreation/OpportunityTextVerify' is present

2023-09-23 14:54:57 - [TEST_STEP][PASSED] - click(findTestObject("Object Repository/PartnerAcquisitionCreation/ClickonCreatedOpportunity", ["value":AccountName_Reseller_VIPRE]), STOP_ON_FAILURE): Object: 'Object Repository/PartnerAcquisitionCreation/ClickonCreatedOpportunity' is clicked on

2023-09-23 14:54:57 - [MESSAGE][PASSED] - Object: 'Object Repository/PartnerAcquisitionCreation/ClickonCreatedOpportunity' is clicked on

2023-09-23 14:54:57 - [TEST_STEP][PASSED] - verifyElementPresent(findTestObject("Object Repository/PartnerAcquisitionCreation/PAOppPageVerify", ["value":AccountName_Reseller_VIPRE]), 20, STOP_ON_FAILURE): Object 'Object Repository/PartnerAcquisitionCreation/PAOppPageVerify' is present

2023-09-23 14:55:01 - [MESSAGE][PASSED] - Object 'Object Repository/PartnerAcquisitionCreation/PAOppPageVerify' is present

2023-09-23 14:55:01 - [TEST_STEP][PASSED] - verifyElementPresent(findTestObject("Object Repository/PartnerAcquisitionCreation/PartnerModelValidationMsg"), 20, STOP_ON_FAILURE): Object 'Object Repository/PartnerAcquisitionCreation/PartnerModelValidationMsg' is present

2023-09-23 14:55:02 - [MESSAGE][PASSED] - Object 'Object Repository/PartnerAcquisitionCreation/PartnerModelValidationMsg' is present

2023-09-23 14:55:02 - [TEST_STEP][PASSED] - sleep(2000): null]]></system-out>
         <system-err><![CDATA[]]></system-err>
      </testcase>
      <testcase name="Test Cases/ResellerPartnerContract-SystemAdmin" time="164.167" classname="Test Cases/ResellerPartnerContract-SystemAdmin" status="PASSED">
         <system-out><![CDATA[2023-09-23 14:55:04 - [TEST_CASE][PASSED] - Test Cases/ResellerPartnerContract-SystemAdmin: Test Cases/ResellerPartnerContract-SystemAdmin

2023-09-23 14:55:04 - [TEST_STEP][PASSED] - verifyElementPresent(findTestObject("Object Repository/PAOppMandatoryField/PartnerModel/PartnerModelValidationMessageRevalidate"), 20): Object 'Object Repository/PAOppMandatoryField/PartnerModel/PartnerModelValidationMessageRevalidate' is present

2023-09-23 14:55:04 - [MESSAGE][PASSED] - Object 'Object Repository/PAOppMandatoryField/PartnerModel/PartnerModelValidationMessageRevalidate' is present

2023-09-23 14:55:04 - [TEST_STEP][PASSED] - MandatoryFields = getText(findTestObject("Object Repository/PAOppMandatoryField/MandatoryField/GetMandatoryFields")): Text of object 'Object Repository/PAOppMandatoryField/MandatoryField/GetMandatoryFields' is: 'Partner Model'

2023-09-23 14:55:05 - [MESSAGE][PASSED] - Text of object 'Object Repository/PAOppMandatoryField/MandatoryField/GetMandatoryFields' is: 'Partner Model'

2023-09-23 14:55:05 - [TEST_STEP][PASSED] - out.println("Fields:" + MandatoryFields): null

2023-09-23 14:55:05 - [TEST_STEP][PASSED] - scrollToElement(findTestObject("Object Repository/PAOppMandatoryField/PartnerModel/QualificationElement"), 20): Scroll to object 'Object Repository/PAOppMandatoryField/PartnerModel/QualificationElement' successfully

2023-09-23 14:55:05 - [MESSAGE][PASSED] - Scroll to object 'Object Repository/PAOppMandatoryField/PartnerModel/QualificationElement' successfully

2023-09-23 14:55:05 - [TEST_STEP][PASSED] - vipreQA.ClickUsingJS.ClickNewObj(findTestObject("Object Repository/PAOppMandatoryField/PartnerModel/PartnerModelEdit"), 20): vipreQA.ClickUsingJS.ClickNewObj is PASSED

2023-09-23 14:55:07 - [MESSAGE][PASSED] - vipreQA.ClickUsingJS.ClickNewObj is PASSED

2023-09-23 14:55:07 - [TEST_STEP][PASSED] - sleep(5000): null

2023-09-23 14:55:12 - [TEST_STEP][PASSED] - vipreQA.ClickUsingJS.ClickNewObj(findTestObject("Object Repository/PAOppMandatoryField/PartnerModel/PartnerModelNone"), 20): vipreQA.ClickUsingJS.ClickNewObj is PASSED

2023-09-23 14:55:13 - [MESSAGE][PASSED] - vipreQA.ClickUsingJS.ClickNewObj is PASSED

2023-09-23 14:55:13 - [TEST_STEP][PASSED] - vipreQA.ClickUsingJS.ClickNewObj(findTestObject("Object Repository/PAOppMandatoryField/PartnerModel/PartnerModelValues", ["value":ResellerPartnerModel]), 20): vipreQA.ClickUsingJS.ClickNewObj is PASSED

2023-09-23 14:55:13 - [MESSAGE][PASSED] - vipreQA.ClickUsingJS.ClickNewObj is PASSED

2023-09-23 14:55:13 - [TEST_STEP][PASSED] - vipreQA.ClickUsingJS.ClickNewObj(findTestObject("Object Repository/PAOppMandatoryField/Accreditation/AccreditationNone"), 20): vipreQA.ClickUsingJS.ClickNewObj is PASSED

2023-09-23 14:55:14 - [MESSAGE][PASSED] - vipreQA.ClickUsingJS.ClickNewObj is PASSED

2023-09-23 14:55:14 - [TEST_STEP][PASSED] - vipreQA.ClickUsingJS.ClickNewObj(findTestObject("Object Repository/PAOppMandatoryField/Accreditation/AccreditationValues", ["value":ResellerAccreditationLevel]), 20): vipreQA.ClickUsingJS.ClickNewObj is PASSED

2023-09-23 14:55:14 - [MESSAGE][PASSED] - vipreQA.ClickUsingJS.ClickNewObj is PASSED

2023-09-23 14:55:14 - [TEST_STEP][PASSED] - vipreQA.ClickUsingJS.ClickNewObj(findTestObject("Object Repository/PAOppMandatoryField/SaveButton"), 20): vipreQA.ClickUsingJS.ClickNewObj is PASSED

2023-09-23 14:55:15 - [MESSAGE][PASSED] - vipreQA.ClickUsingJS.ClickNewObj is PASSED

2023-09-23 14:55:15 - [TEST_STEP][PASSED] - sleep(5000): null

2023-09-23 14:55:20 - [TEST_STEP][PASSED] - vipreQA.ClickUsingJS.ClickNewObj(findTestObject("Object Repository/PAOppMandatoryField/RevalidateButton"), 20): vipreQA.ClickUsingJS.ClickNewObj is PASSED

2023-09-23 14:55:20 - [MESSAGE][PASSED] - vipreQA.ClickUsingJS.ClickNewObj is PASSED

2023-09-23 14:55:20 - [TEST_STEP][PASSED] - verifyElementPresent(findTestObject("Object Repository/PAOppMandatoryField/AddandEditProducts/AddProductRevalidation"), 20): Object 'Object Repository/PAOppMandatoryField/AddandEditProducts/AddProductRevalidation' is present

2023-09-23 14:55:22 - [MESSAGE][PASSED] - Object 'Object Repository/PAOppMandatoryField/AddandEditProducts/AddProductRevalidation' is present

2023-09-23 14:55:22 - [TEST_STEP][PASSED] - scrollToPosition(0, 3500): Browser is scrolled to position x = 0, y = 3500

2023-09-23 14:55:22 - [MESSAGE][PASSED] - Browser is scrolled to position x = 0, y = 3500

2023-09-23 14:55:22 - [TEST_STEP][PASSED] - waitForElementPresent(findTestObject("Object Repository/PAOppMandatoryField/AddandEditProducts/AddProductButton"), 20): Object 'Object Repository/PAOppMandatoryField/AddandEditProducts/AddProductButton' is present

2023-09-23 14:55:23 - [MESSAGE][PASSED] - Object 'Object Repository/PAOppMandatoryField/AddandEditProducts/AddProductButton' is present

2023-09-23 14:55:23 - [TEST_STEP][PASSED] - vipreQA.ClickUsingJS.ClickNewObj(findTestObject("Object Repository/PAOppMandatoryField/AddandEditProducts/AddProductButton"), 20): vipreQA.ClickUsingJS.ClickNewObj is PASSED

2023-09-23 14:55:24 - [MESSAGE][PASSED] - vipreQA.ClickUsingJS.ClickNewObj is PASSED

2023-09-23 14:55:24 - [TEST_STEP][PASSED] - verifyElementPresent(findTestObject("Object Repository/PAOppMandatoryField/AddandEditProducts/PriceBookHeader-VIPRE"), 20): Object 'Object Repository/PAOppMandatoryField/AddandEditProducts/PriceBookHeader-VIPRE' is present

2023-09-23 14:55:25 - [MESSAGE][PASSED] - Object 'Object Repository/PAOppMandatoryField/AddandEditProducts/PriceBookHeader-VIPRE' is present

2023-09-23 14:55:25 - [TEST_STEP][PASSED] - vipreQA.ClickUsingJS.ClickNewObj(findTestObject("Object Repository/PAOppMandatoryField/AddandEditProducts/PAProductSelection", ["value":PAProducts]), 20): vipreQA.ClickUsingJS.ClickNewObj is PASSED

2023-09-23 14:55:26 - [MESSAGE][PASSED] - vipreQA.ClickUsingJS.ClickNewObj is PASSED

2023-09-23 14:55:26 - [TEST_STEP][PASSED] - vipreQA.ClickUsingJS.ClickNewObj(findTestObject("Object Repository/PAOppMandatoryField/NextButton"), 20): vipreQA.ClickUsingJS.ClickNewObj is PASSED

2023-09-23 14:55:26 - [MESSAGE][PASSED] - vipreQA.ClickUsingJS.ClickNewObj is PASSED

2023-09-23 14:55:26 - [TEST_STEP][PASSED] - verifyElementPresent(findTestObject("Object Repository/PAOppMandatoryField/AddandEditProducts/EditSelectedProductVerification"), 20): Object 'Object Repository/PAOppMandatoryField/AddandEditProducts/EditSelectedProductVerification' is present

2023-09-23 14:55:27 - [MESSAGE][PASSED] - Object 'Object Repository/PAOppMandatoryField/AddandEditProducts/EditSelectedProductVerification' is present

2023-09-23 14:55:27 - [TEST_STEP][PASSED] - vipreQA.ClickUsingJS.ClickNewObj(findTestObject("Object Repository/PAOppMandatoryField/AddandEditProducts/ClickSalePrice"), 20): vipreQA.ClickUsingJS.ClickNewObj is PASSED

2023-09-23 14:55:28 - [MESSAGE][PASSED] - vipreQA.ClickUsingJS.ClickNewObj is PASSED

2023-09-23 14:55:28 - [TEST_STEP][PASSED] - setText(findTestObject("Object Repository/PAOppMandatoryField/AddandEditProducts/SalesPriceInput"), SalePrice): Text '25' is set on object 'Object Repository/PAOppMandatoryField/AddandEditProducts/SalesPriceInput'

2023-09-23 14:55:29 - [MESSAGE][PASSED] - Text '25' is set on object 'Object Repository/PAOppMandatoryField/AddandEditProducts/SalesPriceInput'

2023-09-23 14:55:29 - [TEST_STEP][PASSED] - vipreQA.ClickUsingJS.ClickNewObj(findTestObject("Object Repository/PAOppMandatoryField/AddandEditProducts/ClickEditQuantity"), 20): vipreQA.ClickUsingJS.ClickNewObj is PASSED

2023-09-23 14:55:29 - [MESSAGE][PASSED] - vipreQA.ClickUsingJS.ClickNewObj is PASSED

2023-09-23 14:55:29 - [TEST_STEP][PASSED] - sendKeys(findTestObject("Object Repository/PAOppMandatoryField/AddandEditProducts/QuantityInput"), Quantity): Keys '50' sent to object: 'Object Repository/PAOppMandatoryField/AddandEditProducts/QuantityInput'

2023-09-23 14:55:30 - [MESSAGE][PASSED] - Keys '50' sent to object: 'Object Repository/PAOppMandatoryField/AddandEditProducts/QuantityInput'

2023-09-23 14:55:30 - [TEST_STEP][PASSED] - vipreQA.ClickUsingJS.ClickNewObj(findTestObject("Object Repository/PAOppMandatoryField/AddandEditProducts/ClickLineDescription"), 20): vipreQA.ClickUsingJS.ClickNewObj is PASSED

2023-09-23 14:55:30 - [MESSAGE][PASSED] - vipreQA.ClickUsingJS.ClickNewObj is PASSED

2023-09-23 14:55:30 - [TEST_STEP][PASSED] - vipreQA.ClickUsingJS.ClickNewObj(findTestObject("Object Repository/PAOppMandatoryField/AddandEditProducts/EditSelectedProductSaveButton"), 20): vipreQA.ClickUsingJS.ClickNewObj is PASSED

2023-09-23 14:55:31 - [MESSAGE][PASSED] - vipreQA.ClickUsingJS.ClickNewObj is PASSED

2023-09-23 14:55:31 - [TEST_STEP][PASSED] - sleep(1000): null

2023-09-23 14:55:32 - [TEST_STEP][PASSED] - scrollToElement(findTestObject("Object Repository/PAOppMandatoryField/RevalidateButton"), 20): Scroll to object 'Object Repository/PAOppMandatoryField/RevalidateButton' successfully

2023-09-23 14:55:35 - [MESSAGE][PASSED] - Scroll to object 'Object Repository/PAOppMandatoryField/RevalidateButton' successfully

2023-09-23 14:55:35 - [TEST_STEP][PASSED] - sleep(1000): null

2023-09-23 14:55:36 - [TEST_STEP][PASSED] - vipreQA.ClickUsingJS.ClickNewObj(findTestObject("Object Repository/PAOppMandatoryField/RevalidateButton"), 20): vipreQA.ClickUsingJS.ClickNewObj is PASSED

2023-09-23 14:55:37 - [MESSAGE][PASSED] - vipreQA.ClickUsingJS.ClickNewObj is PASSED

2023-09-23 14:55:37 - [TEST_STEP][PASSED] - verifyElementPresent(findTestObject("Object Repository/PAOppMandatoryField/CreateDraftContract/CreateDraftContractValidation"), 20): Object 'Object Repository/PAOppMandatoryField/CreateDraftContract/CreateDraftContractValidation' is present

2023-09-23 14:55:39 - [MESSAGE][PASSED] - Object 'Object Repository/PAOppMandatoryField/CreateDraftContract/CreateDraftContractValidation' is present

2023-09-23 14:55:39 - [TEST_STEP][PASSED] - vipreQA.ClickUsingJS.ClickNewObj(findTestObject("Object Repository/PAOppMandatoryField/CreateDraftContract/CreateDraftcontractButton"), 20): vipreQA.ClickUsingJS.ClickNewObj is PASSED

2023-09-23 14:55:40 - [MESSAGE][PASSED] - vipreQA.ClickUsingJS.ClickNewObj is PASSED

2023-09-23 14:55:40 - [TEST_STEP][PASSED] - verifyElementPresent(findTestObject("Object Repository/PAOppMandatoryField/CreateDraftContract/CreateDraftContractScreenValidation"), 20): Object 'Object Repository/PAOppMandatoryField/CreateDraftContract/CreateDraftContractScreenValidation' is present

2023-09-23 14:55:42 - [MESSAGE][PASSED] - Object 'Object Repository/PAOppMandatoryField/CreateDraftContract/CreateDraftContractScreenValidation' is present

2023-09-23 14:55:42 - [TEST_STEP][PASSED] - setText(findTestObject("Object Repository/PAOppMandatoryField/CreateDraftContract/ResellerPartner-AnnualSalesTarget"), AnnualSalesTarget): Text '5000' is set on object 'Object Repository/PAOppMandatoryField/CreateDraftContract/ResellerPartner-AnnualSalesTarget'

2023-09-23 14:55:43 - [MESSAGE][PASSED] - Text '5000' is set on object 'Object Repository/PAOppMandatoryField/CreateDraftContract/ResellerPartner-AnnualSalesTarget'

2023-09-23 14:55:43 - [TEST_STEP][PASSED] - setText(findTestObject("Object Repository/PAOppMandatoryField/CreateDraftContract/ResellerPartner-MinimumOrderValue"), MinimumOrderValue): Text '50' is set on object 'Object Repository/PAOppMandatoryField/CreateDraftContract/ResellerPartner-MinimumOrderValue'

2023-09-23 14:55:44 - [MESSAGE][PASSED] - Text '50' is set on object 'Object Repository/PAOppMandatoryField/CreateDraftContract/ResellerPartner-MinimumOrderValue'

2023-09-23 14:55:44 - [TEST_STEP][PASSED] - vipreQA.ClickUsingJS.ClickNewObj(findTestObject("Object Repository/PAOppMandatoryField/CreateDraftContract/CreateDraftContractNext"), 20): vipreQA.ClickUsingJS.ClickNewObj is PASSED

2023-09-23 14:55:44 - [MESSAGE][PASSED] - vipreQA.ClickUsingJS.ClickNewObj is PASSED

2023-09-23 14:55:44 - [TEST_STEP][PASSED] - waitForElementPresent(findTestObject("Object Repository/PAOppMandatoryField/CreateDraftContract/CreateDraftContractFinishButton"), 30): Object 'Object Repository/PAOppMandatoryField/CreateDraftContract/CreateDraftContractFinishButton' is present

2023-09-23 14:55:49 - [MESSAGE][PASSED] - Object 'Object Repository/PAOppMandatoryField/CreateDraftContract/CreateDraftContractFinishButton' is present

2023-09-23 14:55:49 - [TEST_STEP][PASSED] - verifyElementPresent(findTestObject("Object Repository/PAOppMandatoryField/CreateDraftContract/CreateDraftContractFinishButton"), 20): Object 'Object Repository/PAOppMandatoryField/CreateDraftContract/CreateDraftContractFinishButton' is present

2023-09-23 14:55:50 - [MESSAGE][PASSED] - Object 'Object Repository/PAOppMandatoryField/CreateDraftContract/CreateDraftContractFinishButton' is present

2023-09-23 14:55:50 - [TEST_STEP][PASSED] - vipreQA.ClickUsingJS.ClickNewObj(findTestObject("Object Repository/PAOppMandatoryField/CreateDraftContract/CreateDraftContractFinishButton"), 20): vipreQA.ClickUsingJS.ClickNewObj is PASSED

2023-09-23 14:55:50 - [MESSAGE][PASSED] - vipreQA.ClickUsingJS.ClickNewObj is PASSED

2023-09-23 14:55:50 - [TEST_STEP][PASSED] - vipreQA.ClickUsingJS.ClickNewObj(findTestObject("Object Repository/PAOppMandatoryField/RevalidateButton"), 20): vipreQA.ClickUsingJS.ClickNewObj is PASSED

2023-09-23 14:55:53 - [MESSAGE][PASSED] - vipreQA.ClickUsingJS.ClickNewObj is PASSED

2023-09-23 14:55:53 - [TEST_STEP][PASSED] - verifyElementPresent(findTestObject("Object Repository/PAOppMandatoryField/MandatoryField/MandatoryFieldMsgs"), 20): Object 'Object Repository/PAOppMandatoryField/MandatoryField/MandatoryFieldMsgs' is present

2023-09-23 14:55:56 - [MESSAGE][PASSED] - Object 'Object Repository/PAOppMandatoryField/MandatoryField/MandatoryFieldMsgs' is present

2023-09-23 14:55:56 - [TEST_STEP][PASSED] - MandatoryFields = getText(findTestObject("Object Repository/PAOppMandatoryField/MandatoryField/GetMandatoryFields")): Text of object 'Object Repository/PAOppMandatoryField/MandatoryField/GetMandatoryFields' is: 'Account: Primary Billing Contact'

2023-09-23 14:55:56 - [MESSAGE][PASSED] - Text of object 'Object Repository/PAOppMandatoryField/MandatoryField/GetMandatoryFields' is: 'Account: Primary Billing Contact'

2023-09-23 14:55:56 - [TEST_STEP][PASSED] - out.println(MandatoryFields.size()): null

2023-09-23 14:55:56 - [TEST_STEP][PASSED] - out.println("Fields:" + MandatoryFields): null

2023-09-23 14:55:56 - [TEST_STEP][PASSED] - URL = getAttribute(findTestObject("Object Repository/PAOppMandatoryField/Account-PrimaryBillingContact/AccountNameonPA"), "href"): Attribute 'href' of object 'Object Repository/PAOppMandatoryField/Account-PrimaryBillingContact/AccountNameonPA' is: 'https://vipre-exm--qa.sandbox.lightning.force.com/lightning/r/Account/001JX000007tg2bYAA/view'

2023-09-23 14:55:56 - [MESSAGE][PASSED] - Attribute 'href' of object 'Object Repository/PAOppMandatoryField/Account-PrimaryBillingContact/AccountNameonPA' is: 'https://vipre-exm--qa.sandbox.lightning.force.com/lightning/r/Account/001JX000007tg2bYAA/view'

2023-09-23 14:55:56 - [TEST_STEP][PASSED] - out.println("URL of the Account:" + URL): null

2023-09-23 14:55:56 - [TEST_STEP][PASSED] - callTestCase(findTestCase("Test Cases/OpenInaNewTab"), ["Path":URL]): Call Test Case 'Test Cases/OpenInaNewTab' successfully

2023-09-23 14:55:57 - [TEST_CASE][PASSED] - Test Cases/OpenInaNewTab: Test Cases/OpenInaNewTab

2023-09-23 14:55:57 - [TEST_STEP][PASSED] - currentPage = getUrl(): Current window's url is: 'https://vipre-exm--qa.sandbox.lightning.force.com/lightning/r/Opportunity/006JX0000073KNxYAM/view'

2023-09-23 14:55:57 - [MESSAGE][PASSED] - Current window's url is: 'https://vipre-exm--qa.sandbox.lightning.force.com/lightning/r/Opportunity/006JX0000073KNxYAM/view'

2023-09-23 14:55:57 - [TEST_STEP][PASSED] - currentTab = getWindowIndex(): Current window's index is: 0

2023-09-23 14:55:57 - [MESSAGE][PASSED] - Current window's index is: 0

2023-09-23 14:55:57 - [TEST_STEP][PASSED] - driver = getWebDriver(): null

2023-09-23 14:55:57 - [TEST_STEP][PASSED] - js = driver: null

2023-09-23 14:55:57 - [TEST_STEP][PASSED] - js.executeScript("window.open();"): null

2023-09-23 14:55:57 - [TEST_STEP][PASSED] - switchToWindowIndex(currentTab + 1): Switched to window with index: '1'

2023-09-23 14:55:57 - [MESSAGE][PASSED] - Switched to window with index: '1'

2023-09-23 14:55:57 - [TEST_STEP][PASSED] - navigateToUrl(Path): Navigate to 'https://vipre-exm--qa.sandbox.lightning.force.com/lightning/r/Account/001JX000007tg2bYAA/view' successfully

2023-09-23 14:55:58 - [MESSAGE][PASSED] - Navigate to 'https://vipre-exm--qa.sandbox.lightning.force.com/lightning/r/Account/001JX000007tg2bYAA/view' successfully

2023-09-23 14:55:58 - [MESSAGE][PASSED] - Call Test Case 'Test Cases/OpenInaNewTab' successfully

2023-09-23 14:55:58 - [TEST_STEP][PASSED] - scrollToElement(findTestObject("Object Repository/PAOppMandatoryField/Account-PrimaryBillingContact/PrimaryBillingContact"), 20): Scroll to object 'Object Repository/PAOppMandatoryField/Account-PrimaryBillingContact/PrimaryBillingContact' successfully

2023-09-23 14:56:03 - [MESSAGE][PASSED] - Scroll to object 'Object Repository/PAOppMandatoryField/Account-PrimaryBillingContact/PrimaryBillingContact' successfully

2023-09-23 14:56:03 - [TEST_STEP][PASSED] - vipreQA.ClickUsingJS.ClickNewObj(findTestObject("Object Repository/PAOppMandatoryField/Account-PrimaryBillingContact/PrimaryBillingContactEdit"), 20): vipreQA.ClickUsingJS.ClickNewObj is PASSED

2023-09-23 14:56:04 - [MESSAGE][PASSED] - vipreQA.ClickUsingJS.ClickNewObj is PASSED

2023-09-23 14:56:04 - [TEST_STEP][PASSED] - vipreQA.ClickUsingJS.ClickNewObj(findTestObject("Object Repository/PAOppMandatoryField/Account-PrimaryBillingContact/PrimaryBillingContactInputField"), 20): vipreQA.ClickUsingJS.ClickNewObj is PASSED

2023-09-23 14:56:05 - [MESSAGE][PASSED] - vipreQA.ClickUsingJS.ClickNewObj is PASSED

2023-09-23 14:56:05 - [TEST_STEP][PASSED] - vipreQA.ClickUsingJS.ClickNewObj(findTestObject("Object Repository/PAOppMandatoryField/Account-PrimaryBillingContact/PrimaryBilling-NewContact"), 20): vipreQA.ClickUsingJS.ClickNewObj is PASSED

2023-09-23 14:56:06 - [MESSAGE][PASSED] - vipreQA.ClickUsingJS.ClickNewObj is PASSED

2023-09-23 14:56:06 - [TEST_STEP][PASSED] - verifyElementPresent(findTestObject("Object Repository/ContactObject/NewContactPopupScreen"), 20): Object 'Object Repository/ContactObject/NewContactPopupScreen' is present

2023-09-23 14:56:07 - [MESSAGE][PASSED] - Object 'Object Repository/ContactObject/NewContactPopupScreen' is present

2023-09-23 14:56:07 - [TEST_STEP][PASSED] - click(findTestObject("Object Repository/ContactObject/VIPREContactRecordType")): Object: 'Object Repository/ContactObject/VIPREContactRecordType' is clicked on

2023-09-23 14:56:08 - [MESSAGE][PASSED] - Object: 'Object Repository/ContactObject/VIPREContactRecordType' is clicked on

2023-09-23 14:56:08 - [TEST_STEP][PASSED] - click(findTestObject("Object Repository/ContactObject/NextButton")): Object: 'Object Repository/ContactObject/NextButton' is clicked on

2023-09-23 14:56:08 - [MESSAGE][PASSED] - Object: 'Object Repository/ContactObject/NextButton' is clicked on

2023-09-23 14:56:08 - [TEST_STEP][PASSED] - verifyElementPresent(findTestObject("Object Repository/ContactObject/NewContactVIPREelement"), 20): Object 'Object Repository/ContactObject/NewContactVIPREelement' is present

2023-09-23 14:56:10 - [MESSAGE][PASSED] - Object 'Object Repository/ContactObject/NewContactVIPREelement' is present

2023-09-23 14:56:10 - [TEST_STEP][PASSED] - scrollToElement(findTestObject("Object Repository/PAOppMandatoryField/PrimaryContact/SalutationLabel"), 20): Scroll to object 'Object Repository/PAOppMandatoryField/PrimaryContact/SalutationLabel' successfully

2023-09-23 14:56:10 - [MESSAGE][PASSED] - Scroll to object 'Object Repository/PAOppMandatoryField/PrimaryContact/SalutationLabel' successfully

2023-09-23 14:56:10 - [TEST_STEP][PASSED] - vipreQA.ClickUsingJS.ClickNewObj(findTestObject("Object Repository/PAOppMandatoryField/PrimaryContact/SalutationNone"), 20): vipreQA.ClickUsingJS.ClickNewObj is PASSED

2023-09-23 14:56:11 - [MESSAGE][PASSED] - vipreQA.ClickUsingJS.ClickNewObj is PASSED

2023-09-23 14:56:11 - [TEST_STEP][PASSED] - vipreQA.ClickUsingJS.ClickNewObj(findTestObject("Object Repository/PAOppMandatoryField/PrimaryContact/SalutationValue", ["value":Salutation]), 20): vipreQA.ClickUsingJS.ClickNewObj is PASSED

2023-09-23 14:56:11 - [MESSAGE][PASSED] - vipreQA.ClickUsingJS.ClickNewObj is PASSED

2023-09-23 14:56:11 - [TEST_STEP][PASSED] - setText(findTestObject("Object Repository/PAOppMandatoryField/PrimaryContact/FirstName"), FirstName): Text 'Gayathri' is set on object 'Object Repository/PAOppMandatoryField/PrimaryContact/FirstName'

2023-09-23 14:56:12 - [MESSAGE][PASSED] - Text 'Gayathri' is set on object 'Object Repository/PAOppMandatoryField/PrimaryContact/FirstName'

2023-09-23 14:56:12 - [TEST_STEP][PASSED] - setText(findTestObject("Object Repository/PAOppMandatoryField/PrimaryContact/Last Name"), LastName): Text 'K' is set on object 'Object Repository/PAOppMandatoryField/PrimaryContact/Last Name'

2023-09-23 14:56:13 - [MESSAGE][PASSED] - Text 'K' is set on object 'Object Repository/PAOppMandatoryField/PrimaryContact/Last Name'

2023-09-23 14:56:13 - [TEST_STEP][PASSED] - setText(findTestObject("Object Repository/PAOppMandatoryField/PrimaryContact/Account Name"), AccountName_Reseller_VIPRE): Text 'TA_Reseller_VIPRE_001' is set on object 'Object Repository/PAOppMandatoryField/PrimaryContact/Account Name'

2023-09-23 14:56:14 - [MESSAGE][PASSED] - Text 'TA_Reseller_VIPRE_001' is set on object 'Object Repository/PAOppMandatoryField/PrimaryContact/Account Name'

2023-09-23 14:56:14 - [TEST_STEP][PASSED] - vipreQA.ClickUsingJS.ClickNewObj(findTestObject("Object Repository/PAOppMandatoryField/PrimaryContact/AccountNameList", ["value":AccountName_Reseller_VIPRE]), 20): vipreQA.ClickUsingJS.ClickNewObj is PASSED

2023-09-23 14:56:15 - [MESSAGE][PASSED] - vipreQA.ClickUsingJS.ClickNewObj is PASSED

2023-09-23 14:56:15 - [TEST_STEP][PASSED] - setText(findTestObject("Object Repository/PAOppMandatoryField/PrimaryContact/Email"), Email): Text 'g3us2009@gmail.com' is set on object 'Object Repository/PAOppMandatoryField/PrimaryContact/Email'

2023-09-23 14:56:16 - [MESSAGE][PASSED] - Text 'g3us2009@gmail.com' is set on object 'Object Repository/PAOppMandatoryField/PrimaryContact/Email'

2023-09-23 14:56:16 - [TEST_STEP][PASSED] - setText(findTestObject("Object Repository/PAOppMandatoryField/PrimaryContact/Phone"), PhoneNumber): Text '6187657897' is set on object 'Object Repository/PAOppMandatoryField/PrimaryContact/Phone'

2023-09-23 14:56:17 - [MESSAGE][PASSED] - Text '6187657897' is set on object 'Object Repository/PAOppMandatoryField/PrimaryContact/Phone'

2023-09-23 14:56:17 - [TEST_STEP][PASSED] - setText(findTestObject("Object Repository/PAOppMandatoryField/PrimaryContact/Title"), Title): Text 'Vice President' is set on object 'Object Repository/PAOppMandatoryField/PrimaryContact/Title'

2023-09-23 14:56:18 - [MESSAGE][PASSED] - Text 'Vice President' is set on object 'Object Repository/PAOppMandatoryField/PrimaryContact/Title'

2023-09-23 14:56:18 - [TEST_STEP][PASSED] - vipreQA.ClickUsingJS.ClickNewObj(findTestObject("Object Repository/PAOppMandatoryField/PrimaryContact/SaveButton"), 20): vipreQA.ClickUsingJS.ClickNewObj is PASSED

2023-09-23 14:56:18 - [MESSAGE][PASSED] - vipreQA.ClickUsingJS.ClickNewObj is PASSED

2023-09-23 14:56:18 - [TEST_STEP][PASSED] - sleep(10000): null

2023-09-23 14:56:28 - [TEST_STEP][PASSED] - vipreQA.ClickUsingJS.ClickNewObj(findTestObject("Object Repository/PAOppMandatoryField/Account-PrimaryBillingContact/SaveButton"), 20): vipreQA.ClickUsingJS.ClickNewObj is PASSED

2023-09-23 14:56:29 - [MESSAGE][PASSED] - vipreQA.ClickUsingJS.ClickNewObj is PASSED

2023-09-23 14:56:29 - [TEST_STEP][PASSED] - sleep(10000): null

2023-09-23 14:56:39 - [TEST_STEP][PASSED] - switchToWindowIndex(0): Switched to window with index: '0'

2023-09-23 14:56:39 - [MESSAGE][PASSED] - Switched to window with index: '0'

2023-09-23 14:56:39 - [TEST_STEP][PASSED] - sleep(1000): null

2023-09-23 14:56:40 - [TEST_STEP][PASSED] - vipreQA.ClickUsingJS.ClickNewObj(findTestObject("Object Repository/PAOppMandatoryField/RevalidateButton"), 20): vipreQA.ClickUsingJS.ClickNewObj is PASSED

2023-09-23 14:56:40 - [MESSAGE][PASSED] - vipreQA.ClickUsingJS.ClickNewObj is PASSED

2023-09-23 14:56:40 - [TEST_STEP][PASSED] - MandatoryFields = getText(findTestObject("Object Repository/PAOppMandatoryField/MandatoryField/GetMandatoryFields")): Text of object 'Object Repository/PAOppMandatoryField/MandatoryField/GetMandatoryFields' is: 'Contact'

2023-09-23 14:56:43 - [MESSAGE][PASSED] - Text of object 'Object Repository/PAOppMandatoryField/MandatoryField/GetMandatoryFields' is: 'Contact'

2023-09-23 14:56:43 - [TEST_STEP][PASSED] - out.println("Fields:" + MandatoryFields): null

2023-09-23 14:56:43 - [TEST_STEP][PASSED] - vipreQA.ClickUsingJS.ClickNewObj(findTestObject("Object Repository/PAOppMandatoryField/PrimaryContact/PrimaryContactField", ["value":MandatoryFields]), 20): vipreQA.ClickUsingJS.ClickNewObj is PASSED

2023-09-23 14:56:43 - [MESSAGE][PASSED] - vipreQA.ClickUsingJS.ClickNewObj is PASSED

2023-09-23 14:56:43 - [TEST_STEP][PASSED] - vipreQA.ClickUsingJS.ClickNewObj(findTestObject("Object Repository/PAOppMandatoryField/PrimaryContact/PrimaryContactclick"), 20): vipreQA.ClickUsingJS.ClickNewObj is PASSED

2023-09-23 14:56:44 - [MESSAGE][PASSED] - vipreQA.ClickUsingJS.ClickNewObj is PASSED

2023-09-23 14:56:44 - [TEST_STEP][PASSED] - setText(findTestObject("Object Repository/PAOppMandatoryField/PrimaryContact/PrimaryContactclick"), FirstName): Text 'Gayathri' is set on object 'Object Repository/PAOppMandatoryField/PrimaryContact/PrimaryContactclick'

2023-09-23 14:56:45 - [MESSAGE][PASSED] - Text 'Gayathri' is set on object 'Object Repository/PAOppMandatoryField/PrimaryContact/PrimaryContactclick'

2023-09-23 14:56:45 - [TEST_STEP][PASSED] - vipreQA.ClickUsingJS.ClickNewObj(findTestObject("Object Repository/PAOppMandatoryField/PrimaryContact/SelectListedContact", ["value":FirstName]), 20): vipreQA.ClickUsingJS.ClickNewObj is PASSED

2023-09-23 14:56:46 - [MESSAGE][PASSED] - vipreQA.ClickUsingJS.ClickNewObj is PASSED

2023-09-23 14:56:46 - [TEST_STEP][PASSED] - vipreQA.ClickUsingJS.ClickNewObj(findTestObject("Object Repository/PAOppMandatoryField/SaveButton"), 20): vipreQA.ClickUsingJS.ClickNewObj is PASSED

2023-09-23 14:56:47 - [MESSAGE][PASSED] - vipreQA.ClickUsingJS.ClickNewObj is PASSED

2023-09-23 14:56:47 - [TEST_STEP][PASSED] - sleep(1000): null

2023-09-23 14:56:48 - [TEST_STEP][PASSED] - vipreQA.ClickUsingJS.ClickNewObj(findTestObject("Object Repository/PAOppMandatoryField/RevalidateButton"), 20): vipreQA.ClickUsingJS.ClickNewObj is PASSED

2023-09-23 14:56:50 - [MESSAGE][PASSED] - vipreQA.ClickUsingJS.ClickNewObj is PASSED

2023-09-23 14:56:50 - [TEST_STEP][PASSED] - MandatoryFields = getText(findTestObject("Object Repository/PAOppMandatoryField/MandatoryField/GetMandatoryFields")): Text of object 'Object Repository/PAOppMandatoryField/MandatoryField/GetMandatoryFields' is: 'Ongoing Account Manager'

2023-09-23 14:56:52 - [MESSAGE][PASSED] - Text of object 'Object Repository/PAOppMandatoryField/MandatoryField/GetMandatoryFields' is: 'Ongoing Account Manager'

2023-09-23 14:56:52 - [TEST_STEP][PASSED] - out.println("Fields:" + MandatoryFields): null

2023-09-23 14:56:52 - [TEST_STEP][PASSED] - scrollToElement(findTestObject("Object Repository/PAOppMandatoryField/OngoingAccountManagers/OngoingAccountManagerLabel", ["value":MandatoryFields]), 20): Scroll to object 'Object Repository/PAOppMandatoryField/OngoingAccountManagers/OngoingAccountManagerLabel' successfully

2023-09-23 14:56:53 - [MESSAGE][PASSED] - Scroll to object 'Object Repository/PAOppMandatoryField/OngoingAccountManagers/OngoingAccountManagerLabel' successfully

2023-09-23 14:56:53 - [TEST_STEP][PASSED] - vipreQA.ClickUsingJS.ClickNewObj(findTestObject("Object Repository/PAOppMandatoryField/OngoingAccountManagers/EditButtonOngoingManager"), 20): vipreQA.ClickUsingJS.ClickNewObj is PASSED

2023-09-23 14:56:53 - [MESSAGE][PASSED] - vipreQA.ClickUsingJS.ClickNewObj is PASSED

2023-09-23 14:56:53 - [TEST_STEP][PASSED] - setText(findTestObject("Object Repository/PAOppMandatoryField/OngoingAccountManagers/InputOngoingManager"), LoginUserNameVIPRE): Text 'Fiete Marohn' is set on object 'Object Repository/PAOppMandatoryField/OngoingAccountManagers/InputOngoingManager'

2023-09-23 14:56:54 - [MESSAGE][PASSED] - Text 'Fiete Marohn' is set on object 'Object Repository/PAOppMandatoryField/OngoingAccountManagers/InputOngoingManager'

2023-09-23 14:56:54 - [TEST_STEP][PASSED] - vipreQA.ClickUsingJS.ClickNewObj(findTestObject("Object Repository/PAOppMandatoryField/OngoingAccountManagers/ClickOngoingManagerValue", ["value":MandatoryFields]), 20): vipreQA.ClickUsingJS.ClickNewObj is PASSED

2023-09-23 14:56:56 - [MESSAGE][PASSED] - vipreQA.ClickUsingJS.ClickNewObj is PASSED

2023-09-23 14:56:56 - [TEST_STEP][PASSED] - vipreQA.ClickUsingJS.ClickNewObj(findTestObject("Object Repository/PAOppMandatoryField/SaveButton"), 20): vipreQA.ClickUsingJS.ClickNewObj is PASSED

2023-09-23 14:56:56 - [MESSAGE][PASSED] - vipreQA.ClickUsingJS.ClickNewObj is PASSED

2023-09-23 14:56:56 - [TEST_STEP][PASSED] - sleep(1000): null

2023-09-23 14:56:57 - [TEST_STEP][PASSED] - vipreQA.ClickUsingJS.ClickNewObj(findTestObject("Object Repository/PAOppMandatoryField/RevalidateButton"), 20): vipreQA.ClickUsingJS.ClickNewObj is PASSED

2023-09-23 14:57:00 - [MESSAGE][PASSED] - vipreQA.ClickUsingJS.ClickNewObj is PASSED

2023-09-23 14:57:00 - [TEST_STEP][PASSED] - MandatoryFields = getText(findTestObject("Object Repository/PAOppMandatoryField/MandatoryField/GetMandatoryFields")): Text of object 'Object Repository/PAOppMandatoryField/MandatoryField/GetMandatoryFields' is: 'Resale Territory'

2023-09-23 14:57:03 - [MESSAGE][PASSED] - Text of object 'Object Repository/PAOppMandatoryField/MandatoryField/GetMandatoryFields' is: 'Resale Territory'

2023-09-23 14:57:03 - [TEST_STEP][PASSED] - out.println("Fields:" + MandatoryFields): null

2023-09-23 14:57:03 - [TEST_STEP][PASSED] - scrollToElement(findTestObject("Object Repository/PAOppMandatoryField/Resale Territorys/ResaleTerritory", ["value":MandatoryFields]), 20): Scroll to object 'Object Repository/PAOppMandatoryField/Resale Territorys/ResaleTerritory' successfully

2023-09-23 14:57:03 - [MESSAGE][PASSED] - Scroll to object 'Object Repository/PAOppMandatoryField/Resale Territorys/ResaleTerritory' successfully

2023-09-23 14:57:03 - [TEST_STEP][PASSED] - vipreQA.ClickUsingJS.ClickNewObj(findTestObject("Object Repository/PAOppMandatoryField/Resale Territorys/EditResaleTerritory"), 20): vipreQA.ClickUsingJS.ClickNewObj is PASSED

2023-09-23 14:57:04 - [MESSAGE][PASSED] - vipreQA.ClickUsingJS.ClickNewObj is PASSED

2023-09-23 14:57:04 - [TEST_STEP][PASSED] - setText(findTestObject("Object Repository/PAOppMandatoryField/Resale Territorys/ResaleTerritoryInput"), SalesTerritory_VIPRE): Text 'Nordics' is set on object 'Object Repository/PAOppMandatoryField/Resale Territorys/ResaleTerritoryInput'

2023-09-23 14:57:04 - [MESSAGE][PASSED] - Text 'Nordics' is set on object 'Object Repository/PAOppMandatoryField/Resale Territorys/ResaleTerritoryInput'

2023-09-23 14:57:04 - [TEST_STEP][PASSED] - vipreQA.ClickUsingJS.ClickNewObj(findTestObject("Object Repository/PAOppMandatoryField/Payment Method/PaymentMethodNone"), 20): vipreQA.ClickUsingJS.ClickNewObj is PASSED

2023-09-23 14:57:05 - [MESSAGE][PASSED] - vipreQA.ClickUsingJS.ClickNewObj is PASSED

2023-09-23 14:57:05 - [TEST_STEP][PASSED] - vipreQA.ClickUsingJS.ClickNewObj(findTestObject("Object Repository/PAOppMandatoryField/SaveButton"), 20): vipreQA.ClickUsingJS.ClickNewObj is PASSED

2023-09-23 14:57:05 - [MESSAGE][PASSED] - vipreQA.ClickUsingJS.ClickNewObj is PASSED

2023-09-23 14:57:05 - [TEST_STEP][PASSED] - vipreQA.ClickUsingJS.ClickNewObj(findTestObject("Object Repository/PAOppMandatoryField/RevalidateButton"), 20): vipreQA.ClickUsingJS.ClickNewObj is PASSED

2023-09-23 14:57:08 - [MESSAGE][PASSED] - vipreQA.ClickUsingJS.ClickNewObj is PASSED

2023-09-23 14:57:08 - [TEST_STEP][PASSED] - MandatoryFields = getText(findTestObject("Object Repository/PAOppMandatoryField/MandatoryField/GetMandatoryFields")): Text of object 'Object Repository/PAOppMandatoryField/MandatoryField/GetMandatoryFields' is: 'Payment Method'

2023-09-23 14:57:10 - [MESSAGE][PASSED] - Text of object 'Object Repository/PAOppMandatoryField/MandatoryField/GetMandatoryFields' is: 'Payment Method'

2023-09-23 14:57:10 - [TEST_STEP][PASSED] - out.println("Fields:" + MandatoryFields): null

2023-09-23 14:57:10 - [TEST_STEP][PASSED] - scrollToElement(findTestObject("Object Repository/PAOppMandatoryField/Payment Method/PaymentMethodLabel", ["value":MandatoryFields]), 20): Scroll to object 'Object Repository/PAOppMandatoryField/Payment Method/PaymentMethodLabel' successfully

2023-09-23 14:57:11 - [MESSAGE][PASSED] - Scroll to object 'Object Repository/PAOppMandatoryField/Payment Method/PaymentMethodLabel' successfully

2023-09-23 14:57:11 - [TEST_STEP][PASSED] - vipreQA.ClickUsingJS.ClickNewObj(findTestObject("Object Repository/PAOppMandatoryField/Payment Method/PaymentMethodEdit"), 20): vipreQA.ClickUsingJS.ClickNewObj is PASSED

2023-09-23 14:57:11 - [MESSAGE][PASSED] - vipreQA.ClickUsingJS.ClickNewObj is PASSED

2023-09-23 14:57:11 - [TEST_STEP][PASSED] - vipreQA.ClickUsingJS.ClickNewObj(findTestObject("Object Repository/PAOppMandatoryField/Payment Method/PaymentMethodNone"), 20): vipreQA.ClickUsingJS.ClickNewObj is PASSED

2023-09-23 14:57:12 - [MESSAGE][PASSED] - vipreQA.ClickUsingJS.ClickNewObj is PASSED

2023-09-23 14:57:12 - [TEST_STEP][PASSED] - vipreQA.ClickUsingJS.ClickNewObj(findTestObject("Object Repository/PAOppMandatoryField/Payment Method/PaymentMethodValue", ["value":PaymentMethod]), 20): vipreQA.ClickUsingJS.ClickNewObj is PASSED

2023-09-23 14:57:12 - [MESSAGE][PASSED] - vipreQA.ClickUsingJS.ClickNewObj is PASSED

2023-09-23 14:57:12 - [TEST_STEP][PASSED] - vipreQA.ClickUsingJS.ClickNewObj(findTestObject("Object Repository/PAOppMandatoryField/SaveButton"), 20): vipreQA.ClickUsingJS.ClickNewObj is PASSED

2023-09-23 14:57:13 - [MESSAGE][PASSED] - vipreQA.ClickUsingJS.ClickNewObj is PASSED

2023-09-23 14:57:13 - [TEST_STEP][PASSED] - sleep(5000): null

2023-09-23 14:57:18 - [TEST_STEP][PASSED] - vipreQA.ClickUsingJS.ClickNewObj(findTestObject("Object Repository/PAOppMandatoryField/RevalidateButton"), 20): vipreQA.ClickUsingJS.ClickNewObj is PASSED

2023-09-23 14:57:18 - [MESSAGE][PASSED] - vipreQA.ClickUsingJS.ClickNewObj is PASSED

2023-09-23 14:57:18 - [TEST_STEP][PASSED] - MandatoryFields = getText(findTestObject("Object Repository/PAOppMandatoryField/MandatoryField/GetMandatoryFields")): Text of object 'Object Repository/PAOppMandatoryField/MandatoryField/GetMandatoryFields' is: 'Pricing/Discount Information'

2023-09-23 14:57:20 - [MESSAGE][PASSED] - Text of object 'Object Repository/PAOppMandatoryField/MandatoryField/GetMandatoryFields' is: 'Pricing/Discount Information'

2023-09-23 14:57:20 - [TEST_STEP][PASSED] - out.println("Fields:" + MandatoryFields): null

2023-09-23 14:57:20 - [TEST_STEP][PASSED] - vipreQA.ClickUsingJS.ClickNewObj(findTestObject("Object Repository/PAOppMandatoryField/PricingInformation/PricingTab"), 20): vipreQA.ClickUsingJS.ClickNewObj is PASSED

2023-09-23 14:57:21 - [MESSAGE][PASSED] - vipreQA.ClickUsingJS.ClickNewObj is PASSED

2023-09-23 14:57:21 - [TEST_STEP][PASSED] - vipreQA.ClickUsingJS.ClickNewObj(findTestObject("Object Repository/PAOppMandatoryField/PricingInformation/EditPricingInformation"), 20): vipreQA.ClickUsingJS.ClickNewObj is PASSED

2023-09-23 14:57:22 - [MESSAGE][PASSED] - vipreQA.ClickUsingJS.ClickNewObj is PASSED

2023-09-23 14:57:22 - [TEST_STEP][PASSED] - setText(findTestObject("Object Repository/PAOppMandatoryField/PricingInformation/PricingInformationInput"), PricingInformation): Text 'WebSecurity-$0.09' is set on object 'Object Repository/PAOppMandatoryField/PricingInformation/PricingInformationInput'

2023-09-23 14:57:24 - [MESSAGE][PASSED] - Text 'WebSecurity-$0.09' is set on object 'Object Repository/PAOppMandatoryField/PricingInformation/PricingInformationInput'

2023-09-23 14:57:24 - [TEST_STEP][PASSED] - vipreQA.ClickUsingJS.ClickNewObj(findTestObject("Object Repository/PAOppMandatoryField/PricingInformation/DetailsTab"), 20): vipreQA.ClickUsingJS.ClickNewObj is PASSED

2023-09-23 14:57:24 - [MESSAGE][PASSED] - vipreQA.ClickUsingJS.ClickNewObj is PASSED

2023-09-23 14:57:24 - [TEST_STEP][PASSED] - vipreQA.ClickUsingJS.ClickNewObj(findTestObject("Object Repository/PAOppMandatoryField/SaveButton"), 20): vipreQA.ClickUsingJS.ClickNewObj is PASSED

2023-09-23 14:57:25 - [MESSAGE][PASSED] - vipreQA.ClickUsingJS.ClickNewObj is PASSED

2023-09-23 14:57:25 - [TEST_STEP][PASSED] - sleep(1000): null

2023-09-23 14:57:26 - [TEST_STEP][PASSED] - vipreQA.ClickUsingJS.ClickNewObj(findTestObject("Object Repository/PAOppMandatoryField/RevalidateButton"), 20): vipreQA.ClickUsingJS.ClickNewObj is PASSED

2023-09-23 14:57:28 - [MESSAGE][PASSED] - vipreQA.ClickUsingJS.ClickNewObj is PASSED

2023-09-23 14:57:28 - [TEST_STEP][PASSED] - verifyElementPresent(findTestObject("Object Repository/PAOppMandatoryField/PAOutforSignatureValidationMsg"), 20): Object 'Object Repository/PAOppMandatoryField/PAOutforSignatureValidationMsg' is present

2023-09-23 14:57:30 - [MESSAGE][PASSED] - Object 'Object Repository/PAOppMandatoryField/PAOutforSignatureValidationMsg' is present

2023-09-23 14:57:30 - [TEST_STEP][PASSED] - verifyElementPresent(findTestObject("Object Repository/PAOppMandatoryField/SendPAforSignButton"), 20): Object 'Object Repository/PAOppMandatoryField/SendPAforSignButton' is present

2023-09-23 14:57:30 - [MESSAGE][PASSED] - Object 'Object Repository/PAOppMandatoryField/SendPAforSignButton' is present

2023-09-23 14:57:30 - [TEST_STEP][PASSED] - scrollToElement(findTestObject("Object Repository/PAOppMandatoryField/StartDate and Stage/StartDateField"), 20): Scroll to object 'Object Repository/PAOppMandatoryField/StartDate and Stage/StartDateField' successfully

2023-09-23 14:57:30 - [MESSAGE][PASSED] - Scroll to object 'Object Repository/PAOppMandatoryField/StartDate and Stage/StartDateField' successfully

2023-09-23 14:57:30 - [TEST_STEP][PASSED] - vipreQA.ClickUsingJS.ClickNewObj(findTestObject("Object Repository/PAOppMandatoryField/StartDate and Stage/StartDateEdit"), 20): vipreQA.ClickUsingJS.ClickNewObj is PASSED

2023-09-23 14:57:31 - [MESSAGE][PASSED] - vipreQA.ClickUsingJS.ClickNewObj is PASSED

2023-09-23 14:57:31 - [TEST_STEP][PASSED] - setText(findTestObject("Object Repository/PAOppMandatoryField/StartDate and Stage/StartDateInput"), StartDate): Text '15/06/2023' is set on object 'Object Repository/PAOppMandatoryField/StartDate and Stage/StartDateInput'

2023-09-23 14:57:32 - [MESSAGE][PASSED] - Text '15/06/2023' is set on object 'Object Repository/PAOppMandatoryField/StartDate and Stage/StartDateInput'

2023-09-23 14:57:32 - [TEST_STEP][PASSED] - scrollToElement(findTestObject("Object Repository/PAOppMandatoryField/StartDate and Stage/Stage-SalesQualified"), 20): Scroll to object 'Object Repository/PAOppMandatoryField/StartDate and Stage/Stage-SalesQualified' successfully

2023-09-23 14:57:32 - [MESSAGE][PASSED] - Scroll to object 'Object Repository/PAOppMandatoryField/StartDate and Stage/Stage-SalesQualified' successfully

2023-09-23 14:57:32 - [TEST_STEP][PASSED] - vipreQA.ClickUsingJS.ClickNewObj(findTestObject("Object Repository/PAOppMandatoryField/StartDate and Stage/Stage-SalesQualified"), 20): vipreQA.ClickUsingJS.ClickNewObj is PASSED

2023-09-23 14:57:33 - [MESSAGE][PASSED] - vipreQA.ClickUsingJS.ClickNewObj is PASSED

2023-09-23 14:57:33 - [TEST_STEP][PASSED] - sleep(5000): null

2023-09-23 14:57:38 - [TEST_STEP][PASSED] - vipreQA.ClickUsingJS.ClickNewObj(findTestObject("Object Repository/PAOppMandatoryField/StartDate and Stage/Stage-ClosedWon"), 20): vipreQA.ClickUsingJS.ClickNewObj is PASSED

2023-09-23 14:57:38 - [MESSAGE][PASSED] - vipreQA.ClickUsingJS.ClickNewObj is PASSED

2023-09-23 14:57:38 - [TEST_STEP][PASSED] - vipreQA.ClickUsingJS.ClickNewObj(findTestObject("Object Repository/PAOppMandatoryField/SaveButton"), 20): vipreQA.ClickUsingJS.ClickNewObj is PASSED

2023-09-23 14:57:39 - [MESSAGE][PASSED] - vipreQA.ClickUsingJS.ClickNewObj is PASSED

2023-09-23 14:57:39 - [TEST_STEP][PASSED] - sleep(5000): null

2023-09-23 14:57:44 - [TEST_STEP][PASSED] - scrollToPosition(0, 10): Browser is scrolled to position x = 0, y = 10

2023-09-23 14:57:44 - [MESSAGE][PASSED] - Browser is scrolled to position x = 0, y = 10

2023-09-23 14:57:44 - [TEST_STEP][PASSED] - vipreQA.ClickUsingJS.ClickNewObj(findTestObject("Object Repository/PAOppMandatoryField/RevalidateButton"), 20): vipreQA.ClickUsingJS.ClickNewObj is PASSED

2023-09-23 14:57:46 - [MESSAGE][PASSED] - vipreQA.ClickUsingJS.ClickNewObj is PASSED

2023-09-23 14:57:46 - [TEST_STEP][PASSED] - verifyElementPresent(findTestObject("Object Repository/PAOppMandatoryField/PACloseWonValidationMsg"), 20, STOP_ON_FAILURE): Object 'Object Repository/PAOppMandatoryField/PACloseWonValidationMsg' is present

2023-09-23 14:57:48 - [MESSAGE][PASSED] - Object 'Object Repository/PAOppMandatoryField/PACloseWonValidationMsg' is present

2023-09-23 14:57:48 - [TEST_STEP][PASSED] - closeWindowIndex(1): Window with index 1 is closed

2023-09-23 14:57:48 - [MESSAGE][PASSED] - Window with index 1 is closed]]></system-out>
         <system-err><![CDATA[]]></system-err>
      </testcase>
      <system-out><![CDATA[2023-09-23 14:53:54 - [TEST_SUITE][PASSED] - ResellerAccount-PAOpp-ResellerContract-SystemAdmin: Test Cases/ResellerPartnerContract-SystemAdmin]]></system-out>
      <system-err><![CDATA[]]></system-err>
   </testsuite>
</testsuites>
