<?xml version="1.0" encoding="UTF-8"?>
<testsuites name="ResellerAccount-PAOpp-MSPContract-ExcelMicro-User" time="375.488" tests="4" failures="0" errors="0">
   <testsuite name="ResellerAccount-PAOpp-MSPContract-ExcelMicro-User" tests="4" failures="0" errors="0" time="375.488" skipped="0" timestamp="2023-09-14 18:22:03" hostname="GayathriKumaresan - LT-NB-571" id="Test Suites/ResellerAccount-PAOpp-MSPContract-ExcelMicro-User">
      <properties>
         <property name="deviceName" value=""/>
         <property name="devicePlatform" value=""/>
         <property name="logFolder" value="C:\\Users\\gayathri.kumaresan\\git\\VIPRE-RecordCreations\\Reports\\20230914_182159\\ResellerAccount-PAOpp-MSPContract-ExcelMicro-User\\20230914_182159"/>
         <property name="logFiles" value="C:\\Users\\gayathri.kumaresan\\git\\VIPRE-RecordCreations\\Reports\\20230914_182159\\ResellerAccount-PAOpp-MSPContract-ExcelMicro-User\\20230914_182159\\execution0.log"/>
         <property name="attachments" value=""/>
         <property name="hostName" value="GayathriKumaresan - LT-NB-571"/>
         <property name="os" value="Windows 10 64bit"/>
         <property name="katalonVersion" value="8.3.5.208"/>
         <property name="browser" value="Chrome 116.0.0.0"/>
         <property name="hostAddress" value="192.168.29.57"/>
         <property name="sessionId" value="26a82aa2425dff81c0ebdc9211ca782c"/>
         <property name="seleniumVersion" value="3.141.59"/>
         <property name="proxyInformation" value="ProxyInformation { proxyOption=NO_PROXY, proxyServerType=HTTP, username=, password=********, proxyServerAddress=, proxyServerPort=0, executionList=&quot;&quot;, isApplyToDesiredCapabilities=true }"/>
         <property name="platform" value="Windows 10"/>
      </properties>
      <testcase name="Test Cases/LoginasExcelMicroUser" time="61.723" classname="Test Cases/LoginasExcelMicroUser" status="PASSED">
         <system-out><![CDATA[2023-09-14 18:22:03 - [TEST_CASE][PASSED] - Test Cases/LoginasExcelMicroUser: Test Cases/LoginasExcelMicroUser

2023-09-14 18:22:04 - [TEST_STEP][PASSED] - callTestCase(findTestCase("Test Cases/LogintoSalesforce-Admin"), null): Call Test Case 'Test Cases/LogintoSalesforce-Admin' successfully

2023-09-14 18:22:04 - [TEST_CASE][PASSED] - Test Cases/LogintoSalesforce-Admin: Test Cases/LogintoSalesforce-Admin

2023-09-14 18:22:04 - [TEST_STEP][PASSED] - openBrowser(LoginURL): Browser is opened with url: 'https://vipre-exm--qa.sandbox.lightning.force.com/lightning/page/home'

2023-09-14 18:22:05 - [MESSAGE][INFO] - Starting 'Chrome' driver

2023-09-14 18:22:05 - [MESSAGE][INFO] - User set preference: ['args', '[--disable-notifications]']

2023-09-14 18:22:05 - [MESSAGE][INFO] - Action delay is set to 0 milliseconds

2023-09-14 18:22:15 - [MESSAGE][PASSED] - Browser is opened with url: 'https://vipre-exm--qa.sandbox.lightning.force.com/lightning/page/home'

2023-09-14 18:22:15 - [TEST_STEP][PASSED] - maximizeWindow(): Current window maximized

2023-09-14 18:22:15 - [MESSAGE][PASSED] - Current window maximized

2023-09-14 18:22:15 - [TEST_STEP][PASSED] - setText(findTestObject("LoginPage/Username"), UserName): Text 'eu_gayathri.kumaresan@listertechnologies.com.qa' is set on object 'Object Repository/LoginPage/Username'

2023-09-14 18:22:17 - [MESSAGE][PASSED] - Text 'eu_gayathri.kumaresan@listertechnologies.com.qa' is set on object 'Object Repository/LoginPage/Username'

2023-09-14 18:22:17 - [TEST_STEP][PASSED] - setText(findTestObject("LoginPage/Password"), Password): Text 'Lister@123456' is set on object 'Object Repository/LoginPage/Password'

2023-09-14 18:22:18 - [MESSAGE][PASSED] - Text 'Lister@123456' is set on object 'Object Repository/LoginPage/Password'

2023-09-14 18:22:18 - [TEST_STEP][PASSED] - click(findTestObject("LoginPage/LoginButton")): Object: 'Object Repository/LoginPage/LoginButton' is clicked on

2023-09-14 18:22:32 - [MESSAGE][PASSED] - Object: 'Object Repository/LoginPage/LoginButton' is clicked on

2023-09-14 18:22:32 - [MESSAGE][PASSED] - Call Test Case 'Test Cases/LogintoSalesforce-Admin' successfully

2023-09-14 18:22:32 - [TEST_STEP][PASSED] - verifyElementPresent(findTestObject("Object Repository/AccountCreationPage/VIPRESalesElement"), 30): Object 'Object Repository/AccountCreationPage/VIPRESalesElement' is present

2023-09-14 18:22:35 - [MESSAGE][PASSED] - Object 'Object Repository/AccountCreationPage/VIPRESalesElement' is present

2023-09-14 18:22:35 - [TEST_STEP][PASSED] - sleep(2000): null

2023-09-14 18:22:37 - [TEST_STEP][PASSED] - click(findTestObject("Object Repository/UserLoginSearch/SearchButton"), STOP_ON_FAILURE): Object: 'Object Repository/UserLoginSearch/SearchButton' is clicked on

2023-09-14 18:22:39 - [MESSAGE][PASSED] - Object: 'Object Repository/UserLoginSearch/SearchButton' is clicked on

2023-09-14 18:22:39 - [TEST_STEP][PASSED] - sendKeys(findTestObject("Object Repository/UserLoginSearch/SearchInput"), LoginUserNameExcelMicro): Keys 'David Russo' sent to object: 'Object Repository/UserLoginSearch/SearchInput'

2023-09-14 18:22:40 - [MESSAGE][PASSED] - Keys 'David Russo' sent to object: 'Object Repository/UserLoginSearch/SearchInput'

2023-09-14 18:22:40 - [TEST_STEP][PASSED] - sendKeys(findTestObject("Object Repository/UserLoginSearch/SearchInput"), Keys.chord(ENTER)): Keys 'ENTER + ' sent to object: 'Object Repository/UserLoginSearch/SearchInput'

2023-09-14 18:22:42 - [MESSAGE][PASSED] - Keys 'ENTER + ' sent to object: 'Object Repository/UserLoginSearch/SearchInput'

2023-09-14 18:22:42 - [TEST_STEP][PASSED] - verifyElementPresent(findTestObject("Object Repository/UserLoginSearch/PeopleElement"), 20): Object 'Object Repository/UserLoginSearch/PeopleElement' is present

2023-09-14 18:22:46 - [MESSAGE][PASSED] - Object 'Object Repository/UserLoginSearch/PeopleElement' is present

2023-09-14 18:22:46 - [TEST_STEP][PASSED] - vipreQA.ClickUsingJS.ClickNewObj(findTestObject("Object Repository/UserLoginSearch/PeopleElement"), 20): vipreQA.ClickUsingJS.ClickNewObj is PASSED

2023-09-14 18:22:48 - [MESSAGE][PASSED] - vipreQA.ClickUsingJS.ClickNewObj is PASSED

2023-09-14 18:22:48 - [TEST_STEP][PASSED] - click(findTestObject("Object Repository/UserLoginSearch/SelectUserfromPeople")): Object: 'Object Repository/UserLoginSearch/SelectUserfromPeople' is clicked on

2023-09-14 18:22:49 - [MESSAGE][PASSED] - Object: 'Object Repository/UserLoginSearch/SelectUserfromPeople' is clicked on

2023-09-14 18:22:49 - [TEST_STEP][PASSED] - click(findTestObject("Object Repository/UserLoginSearch/UserDetailButton")): Object: 'Object Repository/UserLoginSearch/UserDetailButton' is clicked on

2023-09-14 18:22:53 - [MESSAGE][PASSED] - Object: 'Object Repository/UserLoginSearch/UserDetailButton' is clicked on

2023-09-14 18:22:53 - [TEST_STEP][PASSED] - switchToFrame(findTestObject("Object Repository/UserLoginSearch/UserIframe"), 20): null

2023-09-14 18:23:04 - [TEST_STEP][PASSED] - verifyElementPresent(findTestObject("Object Repository/UserLoginSearch/LoginButton"), 30): Object 'Object Repository/UserLoginSearch/LoginButton' is present

2023-09-14 18:23:05 - [MESSAGE][PASSED] - Object 'Object Repository/UserLoginSearch/LoginButton' is present

2023-09-14 18:23:05 - [TEST_STEP][PASSED] - vipreQA.ClickUsingJS.ClickNewObj(findTestObject("Object Repository/UserLoginSearch/LoginButton"), 20): vipreQA.ClickUsingJS.ClickNewObj is PASSED

2023-09-14 18:23:05 - [MESSAGE][PASSED] - vipreQA.ClickUsingJS.ClickNewObj is PASSED]]></system-out>
         <system-err><![CDATA[]]></system-err>
      </testcase>
      <testcase name="Test Cases/CreatingResellerAccount-User-ExcelMicro" time="66.133" classname="Test Cases/CreatingResellerAccount-User-ExcelMicro" status="PASSED">
         <system-out><![CDATA[2023-09-14 18:23:05 - [TEST_CASE][PASSED] - Test Cases/CreatingResellerAccount-User-ExcelMicro: Test Cases/CreatingResellerAccount-User-ExcelMicro

2023-09-14 18:23:06 - [TEST_STEP][PASSED] - sleep(5000): null

2023-09-14 18:23:11 - [TEST_STEP][PASSED] - verifyElementPresent(findTestObject("Object Repository/AccountCreationPage/ExcelMicroSalesElement"), 30): Object 'Object Repository/AccountCreationPage/ExcelMicroSalesElement' is present

2023-09-14 18:23:22 - [MESSAGE][PASSED] - Object 'Object Repository/AccountCreationPage/ExcelMicroSalesElement' is present

2023-09-14 18:23:22 - [TEST_STEP][PASSED] - vipreQA.ClickUsingJS.ClickNewObj(findTestObject("Object Repository/AccountObject/AccountsTab"), 30): vipreQA.ClickUsingJS.ClickNewObj is PASSED

2023-09-14 18:23:23 - [MESSAGE][PASSED] - vipreQA.ClickUsingJS.ClickNewObj is PASSED

2023-09-14 18:23:23 - [TEST_STEP][PASSED] - vipreQA.ClickUsingJS.ClickNewObj(findTestObject("Object Repository/AccountObject/NewButtononAccount"), 30): vipreQA.ClickUsingJS.ClickNewObj is PASSED

2023-09-14 18:23:25 - [MESSAGE][PASSED] - vipreQA.ClickUsingJS.ClickNewObj is PASSED

2023-09-14 18:23:25 - [TEST_STEP][PASSED] - click(findTestObject("Object Repository/AccountRecordTypes/Reseller")): Object: 'Object Repository/AccountRecordTypes/Reseller' is clicked on

2023-09-14 18:23:26 - [MESSAGE][PASSED] - Object: 'Object Repository/AccountRecordTypes/Reseller' is clicked on

2023-09-14 18:23:26 - [TEST_STEP][PASSED] - click(findTestObject("Object Repository/AccountRecordTypes/NextButton")): Object: 'Object Repository/AccountRecordTypes/NextButton' is clicked on

2023-09-14 18:23:27 - [MESSAGE][PASSED] - Object: 'Object Repository/AccountRecordTypes/NextButton' is clicked on

2023-09-14 18:23:27 - [TEST_STEP][PASSED] - verifyElementPresent(findTestObject("Object Repository/AccountRecordTypes/ResellerTextVerify"), 20, STOP_ON_FAILURE): Object 'Object Repository/AccountRecordTypes/ResellerTextVerify' is present

2023-09-14 18:23:31 - [MESSAGE][PASSED] - Object 'Object Repository/AccountRecordTypes/ResellerTextVerify' is present

2023-09-14 18:23:31 - [TEST_STEP][PASSED] - sendKeys(findTestObject("AccountCreationPage/AccountName"), AccountName_Reseller_ExcelMicro): Keys 'TA_Reseller_ExcelMicro_001' sent to object: 'Object Repository/AccountCreationPage/AccountName'

2023-09-14 18:23:32 - [MESSAGE][PASSED] - Keys 'TA_Reseller_ExcelMicro_001' sent to object: 'Object Repository/AccountCreationPage/AccountName'

2023-09-14 18:23:32 - [TEST_STEP][PASSED] - scrollToElement(findTestObject("Object Repository/AccountCreationPage/SalesTerritoryLabel"), 20): Scroll to object 'Object Repository/AccountCreationPage/SalesTerritoryLabel' successfully

2023-09-14 18:23:33 - [MESSAGE][PASSED] - Scroll to object 'Object Repository/AccountCreationPage/SalesTerritoryLabel' successfully

2023-09-14 18:23:33 - [TEST_STEP][PASSED] - click(findTestObject("Object Repository/AccountCreationPage/SalesTerritoryNone")): Object: 'Object Repository/AccountCreationPage/SalesTerritoryNone' is clicked on

2023-09-14 18:23:34 - [MESSAGE][PASSED] - Object: 'Object Repository/AccountCreationPage/SalesTerritoryNone' is clicked on

2023-09-14 18:23:34 - [TEST_STEP][PASSED] - click(findTestObject("Object Repository/AccountCreationPage/SalesTerritoryValue", ["value":SalesTerritory_ExcelMicro])): Object: 'Object Repository/AccountCreationPage/SalesTerritoryValue' is clicked on

2023-09-14 18:23:34 - [MESSAGE][PASSED] - Object: 'Object Repository/AccountCreationPage/SalesTerritoryValue' is clicked on

2023-09-14 18:23:34 - [TEST_STEP][PASSED] - scrollToElement(findTestObject("Object Repository/AccountCreationPage/BillingCountryLabel"), 20): Scroll to object 'Object Repository/AccountCreationPage/BillingCountryLabel' successfully

2023-09-14 18:23:35 - [MESSAGE][PASSED] - Scroll to object 'Object Repository/AccountCreationPage/BillingCountryLabel' successfully

2023-09-14 18:23:35 - [TEST_STEP][PASSED] - click(findTestObject("Object Repository/AccountCreationPage/BillingCountryNone")): Object: 'Object Repository/AccountCreationPage/BillingCountryNone' is clicked on

2023-09-14 18:23:36 - [MESSAGE][PASSED] - Object: 'Object Repository/AccountCreationPage/BillingCountryNone' is clicked on

2023-09-14 18:23:36 - [TEST_STEP][PASSED] - click(findTestObject("Object Repository/AccountCreationPage/BillingCountryBahrain")): Object: 'Object Repository/AccountCreationPage/BillingCountryBahrain' is clicked on

2023-09-14 18:23:36 - [MESSAGE][PASSED] - Object: 'Object Repository/AccountCreationPage/BillingCountryBahrain' is clicked on

2023-09-14 18:23:36 - [TEST_STEP][PASSED] - setText(findTestObject("AccountCreationPage/BillingStreet"), BillingStreet): Text '234, Sidney Street' is set on object 'Object Repository/AccountCreationPage/BillingStreet'

2023-09-14 18:23:38 - [MESSAGE][PASSED] - Text '234, Sidney Street' is set on object 'Object Repository/AccountCreationPage/BillingStreet'

2023-09-14 18:23:38 - [TEST_STEP][PASSED] - setText(findTestObject("AccountCreationPage/BillingCity"), BillingCity): Text 'Toronto' is set on object 'Object Repository/AccountCreationPage/BillingCity'

2023-09-14 18:23:39 - [MESSAGE][PASSED] - Text 'Toronto' is set on object 'Object Repository/AccountCreationPage/BillingCity'

2023-09-14 18:23:39 - [TEST_STEP][PASSED] - setText(findTestObject("AccountCreationPage/PostalCode"), PostalCode): Text '12AB3N' is set on object 'Object Repository/AccountCreationPage/PostalCode'

2023-09-14 18:23:40 - [MESSAGE][PASSED] - Text '12AB3N' is set on object 'Object Repository/AccountCreationPage/PostalCode'

2023-09-14 18:23:40 - [TEST_STEP][PASSED] - click(findTestObject("Object Repository/AccountCreationPage/SaveButton")): Object: 'Object Repository/AccountCreationPage/SaveButton' is clicked on

2023-09-14 18:23:41 - [MESSAGE][PASSED] - Object: 'Object Repository/AccountCreationPage/SaveButton' is clicked on

2023-09-14 18:23:41 - [TEST_STEP][PASSED] - verifyElementPresent(findTestObject("Object Repository/AccountCreationPage/AccountPageAppear"), 30): Object 'Object Repository/AccountCreationPage/AccountPageAppear' is present

2023-09-14 18:24:11 - [MESSAGE][PASSED] - Object 'Object Repository/AccountCreationPage/AccountPageAppear' is present]]></system-out>
         <system-err><![CDATA[]]></system-err>
      </testcase>
      <testcase name="Test Cases/CreatePAOpp-User-ExcelMicro-ResellerAccount" time="40.632" classname="Test Cases/CreatePAOpp-User-ExcelMicro-ResellerAccount" status="PASSED">
         <system-out><![CDATA[2023-09-14 18:24:11 - [TEST_CASE][PASSED] - Test Cases/CreatePAOpp-User-ExcelMicro-ResellerAccount: Test Cases/CreatePAOpp-User-ExcelMicro-ResellerAccount

2023-09-14 18:24:12 - [TEST_STEP][PASSED] - click(findTestObject("Object Repository/PartnerAcquisitionCreation/PAOpportunityButton-ExcelMicro"), STOP_ON_FAILURE): Object: 'Object Repository/PartnerAcquisitionCreation/PAOpportunityButton-ExcelMicro' is clicked on

2023-09-14 18:24:25 - [MESSAGE][PASSED] - Object: 'Object Repository/PartnerAcquisitionCreation/PAOpportunityButton-ExcelMicro' is clicked on

2023-09-14 18:24:25 - [TEST_STEP][PASSED] - click(findTestObject("Object Repository/PartnerAcquisitionCreation/CloseDateBox"), STOP_ON_FAILURE): Object: 'Object Repository/PartnerAcquisitionCreation/CloseDateBox' is clicked on

2023-09-14 18:24:28 - [MESSAGE][PASSED] - Object: 'Object Repository/PartnerAcquisitionCreation/CloseDateBox' is clicked on

2023-09-14 18:24:28 - [TEST_STEP][PASSED] - setText(findTestObject("Object Repository/PartnerAcquisitionCreation/CloseDateBox"), CloseDate_ExcelMicro_User, STOP_ON_FAILURE): Text '9/29/2023' is set on object 'Object Repository/PartnerAcquisitionCreation/CloseDateBox'

2023-09-14 18:24:30 - [MESSAGE][PASSED] - Text '9/29/2023' is set on object 'Object Repository/PartnerAcquisitionCreation/CloseDateBox'

2023-09-14 18:24:30 - [TEST_STEP][PASSED] - click(findTestObject("Object Repository/PartnerAcquisitionCreation/SaveButton"), STOP_ON_FAILURE): Object: 'Object Repository/PartnerAcquisitionCreation/SaveButton' is clicked on

2023-09-14 18:24:31 - [MESSAGE][PASSED] - Object: 'Object Repository/PartnerAcquisitionCreation/SaveButton' is clicked on

2023-09-14 18:24:31 - [TEST_STEP][PASSED] - click(findTestObject("Object Repository/PartnerAcquisitionCreation/ClickOpportunities"), STOP_ON_FAILURE): Object: 'Object Repository/PartnerAcquisitionCreation/ClickOpportunities' is clicked on

2023-09-14 18:24:40 - [MESSAGE][PASSED] - Object: 'Object Repository/PartnerAcquisitionCreation/ClickOpportunities' is clicked on

2023-09-14 18:24:40 - [TEST_STEP][PASSED] - verifyElementPresent(findTestObject("Object Repository/PartnerAcquisitionCreation/OpportunityTextVerify"), 30, STOP_ON_FAILURE): Object 'Object Repository/PartnerAcquisitionCreation/OpportunityTextVerify' is present

2023-09-14 18:24:42 - [MESSAGE][PASSED] - Object 'Object Repository/PartnerAcquisitionCreation/OpportunityTextVerify' is present

2023-09-14 18:24:42 - [TEST_STEP][PASSED] - click(findTestObject("Object Repository/PartnerAcquisitionCreation/ClickonCreatedOpportunity", ["value":AccountName_Reseller_ExcelMicro]), STOP_ON_FAILURE): Object: 'Object Repository/PartnerAcquisitionCreation/ClickonCreatedOpportunity' is clicked on

2023-09-14 18:24:43 - [MESSAGE][PASSED] - Object: 'Object Repository/PartnerAcquisitionCreation/ClickonCreatedOpportunity' is clicked on

2023-09-14 18:24:43 - [TEST_STEP][PASSED] - verifyElementPresent(findTestObject("Object Repository/PartnerAcquisitionCreation/PAOppPageVerify", ["value":AccountName_Reseller_ExcelMicro]), 20, STOP_ON_FAILURE): Object 'Object Repository/PartnerAcquisitionCreation/PAOppPageVerify' is present

2023-09-14 18:24:50 - [MESSAGE][PASSED] - Object 'Object Repository/PartnerAcquisitionCreation/PAOppPageVerify' is present

2023-09-14 18:24:50 - [TEST_STEP][PASSED] - sleep(2000): null]]></system-out>
         <system-err><![CDATA[]]></system-err>
      </testcase>
      <testcase name="Test Cases/MSPContract-ExcelMicroUser-ResellerAccount" time="206.524" classname="Test Cases/MSPContract-ExcelMicroUser-ResellerAccount" status="PASSED">
         <system-out><![CDATA[2023-09-14 18:24:52 - [TEST_CASE][PASSED] - Test Cases/MSPContract-ExcelMicroUser-ResellerAccount: Test Cases/MSPContract-ExcelMicroUser-ResellerAccount

2023-09-14 18:24:53 - [TEST_STEP][PASSED] - verifyElementPresent(findTestObject("Object Repository/PAOppMandatoryField/AddandEditProducts/AddProductRevalidation"), 20): Object 'Object Repository/PAOppMandatoryField/AddandEditProducts/AddProductRevalidation' is present

2023-09-14 18:24:53 - [MESSAGE][PASSED] - Object 'Object Repository/PAOppMandatoryField/AddandEditProducts/AddProductRevalidation' is present

2023-09-14 18:24:53 - [TEST_STEP][PASSED] - scrollToPosition(0, 3500): Browser is scrolled to position x = 0, y = 3500

2023-09-14 18:24:53 - [MESSAGE][PASSED] - Browser is scrolled to position x = 0, y = 3500

2023-09-14 18:24:53 - [TEST_STEP][PASSED] - waitForElementPresent(findTestObject("Object Repository/PAOppMandatoryField/AddandEditProducts/AddProductButton"), 20): Object 'Object Repository/PAOppMandatoryField/AddandEditProducts/AddProductButton' is present

2023-09-14 18:24:55 - [MESSAGE][PASSED] - Object 'Object Repository/PAOppMandatoryField/AddandEditProducts/AddProductButton' is present

2023-09-14 18:24:55 - [TEST_STEP][PASSED] - vipreQA.ClickUsingJS.ClickNewObj(findTestObject("Object Repository/PAOppMandatoryField/AddandEditProducts/AddProductButton"), 20): vipreQA.ClickUsingJS.ClickNewObj is PASSED

2023-09-14 18:24:55 - [MESSAGE][PASSED] - vipreQA.ClickUsingJS.ClickNewObj is PASSED

2023-09-14 18:24:55 - [TEST_STEP][PASSED] - verifyElementPresent(findTestObject("Object Repository/PAOppMandatoryField/AddandEditProducts/PriceBookHeader-ExcelMicro"), 20): Object 'Object Repository/PAOppMandatoryField/AddandEditProducts/PriceBookHeader-ExcelMicro' is present

2023-09-14 18:24:57 - [MESSAGE][PASSED] - Object 'Object Repository/PAOppMandatoryField/AddandEditProducts/PriceBookHeader-ExcelMicro' is present

2023-09-14 18:24:57 - [TEST_STEP][PASSED] - vipreQA.ClickUsingJS.ClickNewObj(findTestObject("Object Repository/PAOppMandatoryField/AddandEditProducts/PAProductSelection", ["value":PAProducts]), 20): vipreQA.ClickUsingJS.ClickNewObj is PASSED

2023-09-14 18:24:57 - [MESSAGE][PASSED] - vipreQA.ClickUsingJS.ClickNewObj is PASSED

2023-09-14 18:24:57 - [TEST_STEP][PASSED] - vipreQA.ClickUsingJS.ClickNewObj(findTestObject("Object Repository/PAOppMandatoryField/NextButton"), 20): vipreQA.ClickUsingJS.ClickNewObj is PASSED

2023-09-14 18:24:58 - [MESSAGE][PASSED] - vipreQA.ClickUsingJS.ClickNewObj is PASSED

2023-09-14 18:24:58 - [TEST_STEP][PASSED] - verifyElementPresent(findTestObject("Object Repository/PAOppMandatoryField/AddandEditProducts/EditSelectedProductVerification"), 20): Object 'Object Repository/PAOppMandatoryField/AddandEditProducts/EditSelectedProductVerification' is present

2023-09-14 18:25:00 - [MESSAGE][PASSED] - Object 'Object Repository/PAOppMandatoryField/AddandEditProducts/EditSelectedProductVerification' is present

2023-09-14 18:25:00 - [TEST_STEP][PASSED] - vipreQA.ClickUsingJS.ClickNewObj(findTestObject("Object Repository/PAOppMandatoryField/AddandEditProducts/ClickSalePrice"), 20): vipreQA.ClickUsingJS.ClickNewObj is PASSED

2023-09-14 18:25:01 - [MESSAGE][PASSED] - vipreQA.ClickUsingJS.ClickNewObj is PASSED

2023-09-14 18:25:01 - [TEST_STEP][PASSED] - setText(findTestObject("Object Repository/PAOppMandatoryField/AddandEditProducts/SalesPriceInput"), SalePrice): Text '25' is set on object 'Object Repository/PAOppMandatoryField/AddandEditProducts/SalesPriceInput'

2023-09-14 18:25:02 - [MESSAGE][PASSED] - Text '25' is set on object 'Object Repository/PAOppMandatoryField/AddandEditProducts/SalesPriceInput'

2023-09-14 18:25:02 - [TEST_STEP][PASSED] - vipreQA.ClickUsingJS.ClickNewObj(findTestObject("Object Repository/PAOppMandatoryField/AddandEditProducts/ClickEditQuantity"), 20): vipreQA.ClickUsingJS.ClickNewObj is PASSED

2023-09-14 18:25:03 - [MESSAGE][PASSED] - vipreQA.ClickUsingJS.ClickNewObj is PASSED

2023-09-14 18:25:03 - [TEST_STEP][PASSED] - sendKeys(findTestObject("Object Repository/PAOppMandatoryField/AddandEditProducts/QuantityInput"), Quantity, STOP_ON_FAILURE): Keys '50' sent to object: 'Object Repository/PAOppMandatoryField/AddandEditProducts/QuantityInput'

2023-09-14 18:25:03 - [MESSAGE][PASSED] - Keys '50' sent to object: 'Object Repository/PAOppMandatoryField/AddandEditProducts/QuantityInput'

2023-09-14 18:25:03 - [TEST_STEP][PASSED] - sleep(1000): null

2023-09-14 18:25:04 - [TEST_STEP][PASSED] - vipreQA.ClickUsingJS.ClickNewObj(findTestObject("Object Repository/PAOppMandatoryField/AddandEditProducts/EditSelectedProductSaveButton"), 20): vipreQA.ClickUsingJS.ClickNewObj is PASSED

2023-09-14 18:25:05 - [MESSAGE][PASSED] - vipreQA.ClickUsingJS.ClickNewObj is PASSED

2023-09-14 18:25:05 - [TEST_STEP][PASSED] - sleep(1000): null

2023-09-14 18:25:06 - [TEST_STEP][PASSED] - scrollToElement(findTestObject("Object Repository/PAOppMandatoryField/RevalidateButton"), 20): Scroll to object 'Object Repository/PAOppMandatoryField/RevalidateButton' successfully

2023-09-14 18:25:06 - [MESSAGE][PASSED] - Scroll to object 'Object Repository/PAOppMandatoryField/RevalidateButton' successfully

2023-09-14 18:25:06 - [TEST_STEP][PASSED] - sleep(1000): null

2023-09-14 18:25:07 - [TEST_STEP][PASSED] - vipreQA.ClickUsingJS.ClickNewObj(findTestObject("Object Repository/PAOppMandatoryField/RevalidateButton"), 20): vipreQA.ClickUsingJS.ClickNewObj is PASSED

2023-09-14 18:25:09 - [MESSAGE][PASSED] - vipreQA.ClickUsingJS.ClickNewObj is PASSED

2023-09-14 18:25:09 - [TEST_STEP][PASSED] - sleep(1000): null

2023-09-14 18:25:10 - [TEST_STEP][PASSED] - vipreQA.ClickUsingJS.ClickNewObj(findTestObject("Object Repository/PAOppMandatoryField/RevalidateButton"), 20): vipreQA.ClickUsingJS.ClickNewObj is PASSED

2023-09-14 18:25:12 - [MESSAGE][PASSED] - vipreQA.ClickUsingJS.ClickNewObj is PASSED

2023-09-14 18:25:12 - [TEST_STEP][PASSED] - verifyElementPresent(findTestObject("Object Repository/GenerateMSPPricing/GenerateMSPPricingValidationMessage"), 20): Object 'Object Repository/GenerateMSPPricing/GenerateMSPPricingValidationMessage' is present

2023-09-14 18:25:26 - [MESSAGE][PASSED] - Object 'Object Repository/GenerateMSPPricing/GenerateMSPPricingValidationMessage' is present

2023-09-14 18:25:26 - [TEST_STEP][PASSED] - vipreQA.ClickUsingJS.ClickNewObj(findTestObject("Object Repository/GenerateMSPPricing/GenerateMSPPricingButton"), 20): vipreQA.ClickUsingJS.ClickNewObj is PASSED

2023-09-14 18:25:27 - [MESSAGE][PASSED] - vipreQA.ClickUsingJS.ClickNewObj is PASSED

2023-09-14 18:25:27 - [TEST_STEP][PASSED] - verifyElementPresent(findTestObject("Object Repository/GenerateMSPPricing/GenerateMSPScreenMessage"), 20): Object 'Object Repository/GenerateMSPPricing/GenerateMSPScreenMessage' is present

2023-09-14 18:25:30 - [MESSAGE][PASSED] - Object 'Object Repository/GenerateMSPPricing/GenerateMSPScreenMessage' is present

2023-09-14 18:25:30 - [TEST_STEP][PASSED] - verifyElementPresent(findTestObject("Object Repository/GenerateMSPPricing/ClickNextToGenerateMSPMessage"), 20): Object 'Object Repository/GenerateMSPPricing/ClickNextToGenerateMSPMessage' is present

2023-09-14 18:25:31 - [MESSAGE][PASSED] - Object 'Object Repository/GenerateMSPPricing/ClickNextToGenerateMSPMessage' is present

2023-09-14 18:25:31 - [TEST_STEP][PASSED] - vipreQA.ClickUsingJS.ClickNewObj(findTestObject("Object Repository/GenerateMSPPricing/NextButton"), 20): vipreQA.ClickUsingJS.ClickNewObj is PASSED

2023-09-14 18:25:32 - [MESSAGE][PASSED] - vipreQA.ClickUsingJS.ClickNewObj is PASSED

2023-09-14 18:25:32 - [TEST_STEP][PASSED] - verifyElementPresent(findTestObject("Object Repository/GenerateMSPPricing/PricingGeneratedSuccessfullyMessage"), 20): Object 'Object Repository/GenerateMSPPricing/PricingGeneratedSuccessfullyMessage' is present

2023-09-14 18:25:37 - [MESSAGE][PASSED] - Object 'Object Repository/GenerateMSPPricing/PricingGeneratedSuccessfullyMessage' is present

2023-09-14 18:25:37 - [TEST_STEP][PASSED] - vipreQA.ClickUsingJS.ClickNewObj(findTestObject("Object Repository/GenerateMSPPricing/FinishButton"), 20): vipreQA.ClickUsingJS.ClickNewObj is PASSED

2023-09-14 18:25:38 - [MESSAGE][PASSED] - vipreQA.ClickUsingJS.ClickNewObj is PASSED

2023-09-14 18:25:38 - [TEST_STEP][PASSED] - vipreQA.ClickUsingJS.ClickNewObj(findTestObject("Object Repository/PAOppMandatoryField/PricingInformation/PricingTab"), 20): vipreQA.ClickUsingJS.ClickNewObj is PASSED

2023-09-14 18:25:42 - [MESSAGE][PASSED] - vipreQA.ClickUsingJS.ClickNewObj is PASSED

2023-09-14 18:25:42 - [TEST_STEP][PASSED] - PricingTableCount = getText(findTestObject("Object Repository/PAOppMandatoryField/PricingInformation/GetMSPPricingTableCount")): Text of object 'Object Repository/PAOppMandatoryField/PricingInformation/GetMSPPricingTableCount' is: '(10+)'

2023-09-14 18:25:44 - [MESSAGE][PASSED] - Text of object 'Object Repository/PAOppMandatoryField/PricingInformation/GetMSPPricingTableCount' is: '(10+)'

2023-09-14 18:25:44 - [TEST_STEP][PASSED] - out.println(PricingTableCount): null

2023-09-14 18:25:44 - [TEST_STEP][PASSED] - vipreQA.ClickUsingJS.ClickNewObj(findTestObject("Object Repository/PAOppMandatoryField/PricingInformation/DetailsTab"), 20): vipreQA.ClickUsingJS.ClickNewObj is PASSED

2023-09-14 18:25:45 - [MESSAGE][PASSED] - vipreQA.ClickUsingJS.ClickNewObj is PASSED

2023-09-14 18:25:45 - [TEST_STEP][PASSED] - vipreQA.ClickUsingJS.ClickNewObj(findTestObject("Object Repository/PAOppMandatoryField/RevalidateButton"), 20): vipreQA.ClickUsingJS.ClickNewObj is PASSED

2023-09-14 18:25:45 - [MESSAGE][PASSED] - vipreQA.ClickUsingJS.ClickNewObj is PASSED

2023-09-14 18:25:45 - [TEST_STEP][PASSED] - verifyElementPresent(findTestObject("Object Repository/PAOppMandatoryField/CreateDraftContract/CreateDraftContractValidation"), 20): Object 'Object Repository/PAOppMandatoryField/CreateDraftContract/CreateDraftContractValidation' is present

2023-09-14 18:25:49 - [MESSAGE][PASSED] - Object 'Object Repository/PAOppMandatoryField/CreateDraftContract/CreateDraftContractValidation' is present

2023-09-14 18:25:49 - [TEST_STEP][PASSED] - vipreQA.ClickUsingJS.ClickNewObj(findTestObject("Object Repository/PAOppMandatoryField/CreateDraftContract/CreateDraftcontractButton"), 20): vipreQA.ClickUsingJS.ClickNewObj is PASSED

2023-09-14 18:25:50 - [MESSAGE][PASSED] - vipreQA.ClickUsingJS.ClickNewObj is PASSED

2023-09-14 18:25:50 - [TEST_STEP][PASSED] - verifyElementPresent(findTestObject("Object Repository/PAOppMandatoryField/CreateDraftContract/CreateDraftContractScreenValidation"), 20): Object 'Object Repository/PAOppMandatoryField/CreateDraftContract/CreateDraftContractScreenValidation' is present

2023-09-14 18:25:52 - [MESSAGE][PASSED] - Object 'Object Repository/PAOppMandatoryField/CreateDraftContract/CreateDraftContractScreenValidation' is present

2023-09-14 18:25:52 - [TEST_STEP][PASSED] - setText(findTestObject("Object Repository/PAOppMandatoryField/CreateDraftContract/MSP-ContractStartDate"), MSPContractStartDate): Text 'JUN 14, 2023' is set on object 'Object Repository/PAOppMandatoryField/CreateDraftContract/MSP-ContractStartDate'

2023-09-14 18:25:53 - [MESSAGE][PASSED] - Text 'JUN 14, 2023' is set on object 'Object Repository/PAOppMandatoryField/CreateDraftContract/MSP-ContractStartDate'

2023-09-14 18:25:53 - [TEST_STEP][PASSED] - setText(findTestObject("Object Repository/PAOppMandatoryField/CreateDraftContract/MSP-MinumumMonthlyCommitment"), MSPMinumumMonthlyCommitment): Text '150' is set on object 'Object Repository/PAOppMandatoryField/CreateDraftContract/MSP-MinumumMonthlyCommitment'

2023-09-14 18:25:54 - [MESSAGE][PASSED] - Text '150' is set on object 'Object Repository/PAOppMandatoryField/CreateDraftContract/MSP-MinumumMonthlyCommitment'

2023-09-14 18:25:54 - [TEST_STEP][PASSED] - vipreQA.ClickUsingJS.ClickNewObj(findTestObject("Object Repository/PAOppMandatoryField/CreateDraftContract/CreateDraftContractNext"), 20): vipreQA.ClickUsingJS.ClickNewObj is PASSED

2023-09-14 18:25:55 - [MESSAGE][PASSED] - vipreQA.ClickUsingJS.ClickNewObj is PASSED

2023-09-14 18:25:55 - [TEST_STEP][PASSED] - waitForElementPresent(findTestObject("Object Repository/PAOppMandatoryField/CreateDraftContract/CreateDraftContractFinishButton"), 30): Object 'Object Repository/PAOppMandatoryField/CreateDraftContract/CreateDraftContractFinishButton' is present

2023-09-14 18:26:05 - [MESSAGE][PASSED] - Object 'Object Repository/PAOppMandatoryField/CreateDraftContract/CreateDraftContractFinishButton' is present

2023-09-14 18:26:05 - [TEST_STEP][PASSED] - verifyElementPresent(findTestObject("Object Repository/PAOppMandatoryField/CreateDraftContract/CreateDraftContractFinishButton"), 20): Object 'Object Repository/PAOppMandatoryField/CreateDraftContract/CreateDraftContractFinishButton' is present

2023-09-14 18:26:06 - [MESSAGE][PASSED] - Object 'Object Repository/PAOppMandatoryField/CreateDraftContract/CreateDraftContractFinishButton' is present

2023-09-14 18:26:06 - [TEST_STEP][PASSED] - vipreQA.ClickUsingJS.ClickNewObj(findTestObject("Object Repository/PAOppMandatoryField/CreateDraftContract/CreateDraftContractFinishButton"), 20): vipreQA.ClickUsingJS.ClickNewObj is PASSED

2023-09-14 18:26:06 - [MESSAGE][PASSED] - vipreQA.ClickUsingJS.ClickNewObj is PASSED

2023-09-14 18:26:06 - [TEST_STEP][PASSED] - vipreQA.ClickUsingJS.ClickNewObj(findTestObject("Object Repository/PAOppMandatoryField/RevalidateButton"), 20): vipreQA.ClickUsingJS.ClickNewObj is PASSED

2023-09-14 18:26:10 - [MESSAGE][PASSED] - vipreQA.ClickUsingJS.ClickNewObj is PASSED

2023-09-14 18:26:10 - [TEST_STEP][PASSED] - verifyElementPresent(findTestObject("Object Repository/PAOppMandatoryField/MandatoryField/MandatoryFieldMsgs"), 20): Object 'Object Repository/PAOppMandatoryField/MandatoryField/MandatoryFieldMsgs' is present

2023-09-14 18:26:14 - [MESSAGE][PASSED] - Object 'Object Repository/PAOppMandatoryField/MandatoryField/MandatoryFieldMsgs' is present

2023-09-14 18:26:14 - [TEST_STEP][PASSED] - MandatoryFields = getText(findTestObject("Object Repository/PAOppMandatoryField/MandatoryField/GetMandatoryFields")): Text of object 'Object Repository/PAOppMandatoryField/MandatoryField/GetMandatoryFields' is: 'Account: Primary Billing Contact'

2023-09-14 18:26:15 - [MESSAGE][PASSED] - Text of object 'Object Repository/PAOppMandatoryField/MandatoryField/GetMandatoryFields' is: 'Account: Primary Billing Contact'

2023-09-14 18:26:15 - [TEST_STEP][PASSED] - out.println(MandatoryFields.size()): null

2023-09-14 18:26:15 - [TEST_STEP][PASSED] - out.println("Fields:" + MandatoryFields): null

2023-09-14 18:26:15 - [TEST_STEP][PASSED] - URL = getAttribute(findTestObject("Object Repository/PAOppMandatoryField/Account-PrimaryBillingContact/AccountNameonPA"), "href"): Attribute 'href' of object 'Object Repository/PAOppMandatoryField/Account-PrimaryBillingContact/AccountNameonPA' is: 'https://vipre-exm--qa.sandbox.lightning.force.com/lightning/r/Account/0010E00001YZhd3QAD/view'

2023-09-14 18:26:16 - [MESSAGE][PASSED] - Attribute 'href' of object 'Object Repository/PAOppMandatoryField/Account-PrimaryBillingContact/AccountNameonPA' is: 'https://vipre-exm--qa.sandbox.lightning.force.com/lightning/r/Account/0010E00001YZhd3QAD/view'

2023-09-14 18:26:16 - [TEST_STEP][PASSED] - out.println("URL of the Account:" + URL): null

2023-09-14 18:26:16 - [TEST_STEP][PASSED] - callTestCase(findTestCase("Test Cases/OpenInaNewTab"), ["Path":URL]): Call Test Case 'Test Cases/OpenInaNewTab' successfully

2023-09-14 18:26:16 - [TEST_CASE][PASSED] - Test Cases/OpenInaNewTab: Test Cases/OpenInaNewTab

2023-09-14 18:26:17 - [TEST_STEP][PASSED] - currentPage = getUrl(): Current window's url is: 'https://vipre-exm--qa.sandbox.lightning.force.com/lightning/r/Opportunity/0060E00001v2OJuQAM/view'

2023-09-14 18:26:17 - [MESSAGE][PASSED] - Current window's url is: 'https://vipre-exm--qa.sandbox.lightning.force.com/lightning/r/Opportunity/0060E00001v2OJuQAM/view'

2023-09-14 18:26:17 - [TEST_STEP][PASSED] - currentTab = getWindowIndex(): Current window's index is: 0

2023-09-14 18:26:17 - [MESSAGE][PASSED] - Current window's index is: 0

2023-09-14 18:26:17 - [TEST_STEP][PASSED] - driver = getWebDriver(): null

2023-09-14 18:26:17 - [TEST_STEP][PASSED] - js = driver: null

2023-09-14 18:26:17 - [TEST_STEP][PASSED] - js.executeScript("window.open();"): null

2023-09-14 18:26:17 - [TEST_STEP][PASSED] - switchToWindowIndex(currentTab + 1): Switched to window with index: '1'

2023-09-14 18:26:17 - [MESSAGE][PASSED] - Switched to window with index: '1'

2023-09-14 18:26:17 - [TEST_STEP][PASSED] - navigateToUrl(Path): Navigate to 'https://vipre-exm--qa.sandbox.lightning.force.com/lightning/r/Account/0010E00001YZhd3QAD/view' successfully

2023-09-14 18:26:22 - [MESSAGE][PASSED] - Navigate to 'https://vipre-exm--qa.sandbox.lightning.force.com/lightning/r/Account/0010E00001YZhd3QAD/view' successfully

2023-09-14 18:26:22 - [MESSAGE][PASSED] - Call Test Case 'Test Cases/OpenInaNewTab' successfully

2023-09-14 18:26:22 - [TEST_STEP][PASSED] - scrollToElement(findTestObject("Object Repository/PAOppMandatoryField/Account-PrimaryBillingContact/PrimaryBillingContact"), 20): Scroll to object 'Object Repository/PAOppMandatoryField/Account-PrimaryBillingContact/PrimaryBillingContact' successfully

2023-09-14 18:26:29 - [MESSAGE][PASSED] - Scroll to object 'Object Repository/PAOppMandatoryField/Account-PrimaryBillingContact/PrimaryBillingContact' successfully

2023-09-14 18:26:29 - [TEST_STEP][PASSED] - vipreQA.ClickUsingJS.ClickNewObj(findTestObject("Object Repository/PAOppMandatoryField/Account-PrimaryBillingContact/PrimaryBillingContactEdit"), 20): vipreQA.ClickUsingJS.ClickNewObj is PASSED

2023-09-14 18:26:31 - [MESSAGE][PASSED] - vipreQA.ClickUsingJS.ClickNewObj is PASSED

2023-09-14 18:26:31 - [TEST_STEP][PASSED] - vipreQA.ClickUsingJS.ClickNewObj(findTestObject("Object Repository/PAOppMandatoryField/Account-PrimaryBillingContact/PrimaryBillingContactInputField"), 20): vipreQA.ClickUsingJS.ClickNewObj is PASSED

2023-09-14 18:26:33 - [MESSAGE][PASSED] - vipreQA.ClickUsingJS.ClickNewObj is PASSED

2023-09-14 18:26:33 - [TEST_STEP][PASSED] - vipreQA.ClickUsingJS.ClickNewObj(findTestObject("Object Repository/PAOppMandatoryField/Account-PrimaryBillingContact/PrimaryBilling-NewContact"), 20): vipreQA.ClickUsingJS.ClickNewObj is PASSED

2023-09-14 18:26:34 - [MESSAGE][PASSED] - vipreQA.ClickUsingJS.ClickNewObj is PASSED

2023-09-14 18:26:34 - [TEST_STEP][PASSED] - scrollToElement(findTestObject("Object Repository/PAOppMandatoryField/PrimaryContact/SalutationLabel"), 20): Scroll to object 'Object Repository/PAOppMandatoryField/PrimaryContact/SalutationLabel' successfully

2023-09-14 18:26:38 - [MESSAGE][PASSED] - Scroll to object 'Object Repository/PAOppMandatoryField/PrimaryContact/SalutationLabel' successfully

2023-09-14 18:26:38 - [TEST_STEP][PASSED] - vipreQA.ClickUsingJS.ClickNewObj(findTestObject("Object Repository/PAOppMandatoryField/PrimaryContact/SalutationNone"), 20): vipreQA.ClickUsingJS.ClickNewObj is PASSED

2023-09-14 18:26:38 - [MESSAGE][PASSED] - vipreQA.ClickUsingJS.ClickNewObj is PASSED

2023-09-14 18:26:38 - [TEST_STEP][PASSED] - vipreQA.ClickUsingJS.ClickNewObj(findTestObject("Object Repository/PAOppMandatoryField/PrimaryContact/SalutationValue", ["value":Salutation]), 20): vipreQA.ClickUsingJS.ClickNewObj is PASSED

2023-09-14 18:26:39 - [MESSAGE][PASSED] - vipreQA.ClickUsingJS.ClickNewObj is PASSED

2023-09-14 18:26:39 - [TEST_STEP][PASSED] - setText(findTestObject("Object Repository/PAOppMandatoryField/PrimaryContact/FirstName"), FirstName): Text 'Gayathri' is set on object 'Object Repository/PAOppMandatoryField/PrimaryContact/FirstName'

2023-09-14 18:26:40 - [MESSAGE][PASSED] - Text 'Gayathri' is set on object 'Object Repository/PAOppMandatoryField/PrimaryContact/FirstName'

2023-09-14 18:26:40 - [TEST_STEP][PASSED] - setText(findTestObject("Object Repository/PAOppMandatoryField/PrimaryContact/Last Name"), LastName): Text 'K' is set on object 'Object Repository/PAOppMandatoryField/PrimaryContact/Last Name'

2023-09-14 18:26:41 - [MESSAGE][PASSED] - Text 'K' is set on object 'Object Repository/PAOppMandatoryField/PrimaryContact/Last Name'

2023-09-14 18:26:41 - [TEST_STEP][PASSED] - setText(findTestObject("Object Repository/PAOppMandatoryField/PrimaryContact/Account Name"), AccountName_Reseller_ExcelMicro): Text 'TA_Reseller_ExcelMicro_001' is set on object 'Object Repository/PAOppMandatoryField/PrimaryContact/Account Name'

2023-09-14 18:26:42 - [MESSAGE][PASSED] - Text 'TA_Reseller_ExcelMicro_001' is set on object 'Object Repository/PAOppMandatoryField/PrimaryContact/Account Name'

2023-09-14 18:26:42 - [TEST_STEP][PASSED] - vipreQA.ClickUsingJS.ClickNewObj(findTestObject("Object Repository/PAOppMandatoryField/PrimaryContact/AccountNameList", ["value":AccountName_Reseller_ExcelMicro]), 20): vipreQA.ClickUsingJS.ClickNewObj is PASSED

2023-09-14 18:26:44 - [MESSAGE][PASSED] - vipreQA.ClickUsingJS.ClickNewObj is PASSED

2023-09-14 18:26:44 - [TEST_STEP][PASSED] - setText(findTestObject("Object Repository/PAOppMandatoryField/PrimaryContact/Email"), Email): Text 'g3us2009@gmail.com' is set on object 'Object Repository/PAOppMandatoryField/PrimaryContact/Email'

2023-09-14 18:26:45 - [MESSAGE][PASSED] - Text 'g3us2009@gmail.com' is set on object 'Object Repository/PAOppMandatoryField/PrimaryContact/Email'

2023-09-14 18:26:45 - [TEST_STEP][PASSED] - setText(findTestObject("Object Repository/PAOppMandatoryField/PrimaryContact/Phone"), PhoneNumber): Text '6187657897' is set on object 'Object Repository/PAOppMandatoryField/PrimaryContact/Phone'

2023-09-14 18:26:47 - [MESSAGE][PASSED] - Text '6187657897' is set on object 'Object Repository/PAOppMandatoryField/PrimaryContact/Phone'

2023-09-14 18:26:47 - [TEST_STEP][PASSED] - setText(findTestObject("Object Repository/PAOppMandatoryField/PrimaryContact/Title"), Title): Text 'Vice President' is set on object 'Object Repository/PAOppMandatoryField/PrimaryContact/Title'

2023-09-14 18:26:48 - [MESSAGE][PASSED] - Text 'Vice President' is set on object 'Object Repository/PAOppMandatoryField/PrimaryContact/Title'

2023-09-14 18:26:48 - [TEST_STEP][PASSED] - vipreQA.ClickUsingJS.ClickNewObj(findTestObject("Object Repository/PAOppMandatoryField/PrimaryContact/SaveButton"), 20): vipreQA.ClickUsingJS.ClickNewObj is PASSED

2023-09-14 18:26:48 - [MESSAGE][PASSED] - vipreQA.ClickUsingJS.ClickNewObj is PASSED

2023-09-14 18:26:48 - [TEST_STEP][PASSED] - sleep(10000): null

2023-09-14 18:26:58 - [TEST_STEP][PASSED] - vipreQA.ClickUsingJS.ClickNewObj(findTestObject("Object Repository/PAOppMandatoryField/Account-PrimaryBillingContact/SaveButton"), 20): vipreQA.ClickUsingJS.ClickNewObj is PASSED

2023-09-14 18:26:59 - [MESSAGE][PASSED] - vipreQA.ClickUsingJS.ClickNewObj is PASSED

2023-09-14 18:26:59 - [TEST_STEP][PASSED] - sleep(10000): null

2023-09-14 18:27:09 - [TEST_STEP][PASSED] - switchToWindowIndex(0): Switched to window with index: '0'

2023-09-14 18:27:09 - [MESSAGE][PASSED] - Switched to window with index: '0'

2023-09-14 18:27:09 - [TEST_STEP][PASSED] - sleep(1000): null

2023-09-14 18:27:10 - [TEST_STEP][PASSED] - vipreQA.ClickUsingJS.ClickNewObj(findTestObject("Object Repository/PAOppMandatoryField/RevalidateButton"), 20): vipreQA.ClickUsingJS.ClickNewObj is PASSED

2023-09-14 18:27:10 - [MESSAGE][PASSED] - vipreQA.ClickUsingJS.ClickNewObj is PASSED

2023-09-14 18:27:10 - [TEST_STEP][PASSED] - MandatoryFields = getText(findTestObject("Object Repository/PAOppMandatoryField/MandatoryField/GetMandatoryFields")): Text of object 'Object Repository/PAOppMandatoryField/MandatoryField/GetMandatoryFields' is: 'Contact'

2023-09-14 18:27:15 - [MESSAGE][PASSED] - Text of object 'Object Repository/PAOppMandatoryField/MandatoryField/GetMandatoryFields' is: 'Contact'

2023-09-14 18:27:15 - [TEST_STEP][PASSED] - out.println("Fields:" + MandatoryFields): null

2023-09-14 18:27:15 - [TEST_STEP][PASSED] - vipreQA.ClickUsingJS.ClickNewObj(findTestObject("Object Repository/PAOppMandatoryField/PrimaryContact/PrimaryContactField", ["value":MandatoryFields]), 20): vipreQA.ClickUsingJS.ClickNewObj is PASSED

2023-09-14 18:27:16 - [MESSAGE][PASSED] - vipreQA.ClickUsingJS.ClickNewObj is PASSED

2023-09-14 18:27:16 - [TEST_STEP][PASSED] - vipreQA.ClickUsingJS.ClickNewObj(findTestObject("Object Repository/PAOppMandatoryField/PrimaryContact/PrimaryContactclick"), 20): vipreQA.ClickUsingJS.ClickNewObj is PASSED

2023-09-14 18:27:19 - [MESSAGE][PASSED] - vipreQA.ClickUsingJS.ClickNewObj is PASSED

2023-09-14 18:27:19 - [TEST_STEP][PASSED] - setText(findTestObject("Object Repository/PAOppMandatoryField/PrimaryContact/PrimaryContactclick"), FirstName): Text 'Gayathri' is set on object 'Object Repository/PAOppMandatoryField/PrimaryContact/PrimaryContactclick'

2023-09-14 18:27:22 - [MESSAGE][PASSED] - Text 'Gayathri' is set on object 'Object Repository/PAOppMandatoryField/PrimaryContact/PrimaryContactclick'

2023-09-14 18:27:22 - [TEST_STEP][PASSED] - vipreQA.ClickUsingJS.ClickNewObj(findTestObject("Object Repository/PAOppMandatoryField/PrimaryContact/SelectListedContact", ["value":FirstName]), 20): vipreQA.ClickUsingJS.ClickNewObj is PASSED

2023-09-14 18:27:29 - [MESSAGE][PASSED] - vipreQA.ClickUsingJS.ClickNewObj is PASSED

2023-09-14 18:27:29 - [TEST_STEP][PASSED] - vipreQA.ClickUsingJS.ClickNewObj(findTestObject("Object Repository/PAOppMandatoryField/SaveButton"), 20): vipreQA.ClickUsingJS.ClickNewObj is PASSED

2023-09-14 18:27:29 - [MESSAGE][PASSED] - vipreQA.ClickUsingJS.ClickNewObj is PASSED

2023-09-14 18:27:29 - [TEST_STEP][PASSED] - sleep(1000): null

2023-09-14 18:27:30 - [TEST_STEP][PASSED] - vipreQA.ClickUsingJS.ClickNewObj(findTestObject("Object Repository/PAOppMandatoryField/RevalidateButton"), 20): vipreQA.ClickUsingJS.ClickNewObj is PASSED

2023-09-14 18:27:35 - [MESSAGE][PASSED] - vipreQA.ClickUsingJS.ClickNewObj is PASSED

2023-09-14 18:27:35 - [TEST_STEP][PASSED] - MandatoryFields = getText(findTestObject("Object Repository/PAOppMandatoryField/MandatoryField/GetMandatoryFields")): Text of object 'Object Repository/PAOppMandatoryField/MandatoryField/GetMandatoryFields' is: 'Payment Method'

2023-09-14 18:27:38 - [MESSAGE][PASSED] - Text of object 'Object Repository/PAOppMandatoryField/MandatoryField/GetMandatoryFields' is: 'Payment Method'

2023-09-14 18:27:38 - [TEST_STEP][PASSED] - out.println("Fields:" + MandatoryFields): null

2023-09-14 18:27:38 - [TEST_STEP][PASSED] - scrollToElement(findTestObject("Object Repository/PAOppMandatoryField/Payment Method/PaymentMethodLabel", ["value":MandatoryFields]), 20): Scroll to object 'Object Repository/PAOppMandatoryField/Payment Method/PaymentMethodLabel' successfully

2023-09-14 18:27:38 - [MESSAGE][PASSED] - Scroll to object 'Object Repository/PAOppMandatoryField/Payment Method/PaymentMethodLabel' successfully

2023-09-14 18:27:38 - [TEST_STEP][PASSED] - vipreQA.ClickUsingJS.ClickNewObj(findTestObject("Object Repository/PAOppMandatoryField/Payment Method/PaymentMethodEdit"), 20): vipreQA.ClickUsingJS.ClickNewObj is PASSED

2023-09-14 18:27:39 - [MESSAGE][PASSED] - vipreQA.ClickUsingJS.ClickNewObj is PASSED

2023-09-14 18:27:39 - [TEST_STEP][PASSED] - vipreQA.ClickUsingJS.ClickNewObj(findTestObject("Object Repository/PAOppMandatoryField/Payment Method/PaymentMethodNone"), 20): vipreQA.ClickUsingJS.ClickNewObj is PASSED

2023-09-14 18:27:39 - [MESSAGE][PASSED] - vipreQA.ClickUsingJS.ClickNewObj is PASSED

2023-09-14 18:27:39 - [TEST_STEP][PASSED] - vipreQA.ClickUsingJS.ClickNewObj(findTestObject("Object Repository/PAOppMandatoryField/Payment Method/PaymentMethodValue", ["value":PaymentMethod]), 20): vipreQA.ClickUsingJS.ClickNewObj is PASSED

2023-09-14 18:27:40 - [MESSAGE][PASSED] - vipreQA.ClickUsingJS.ClickNewObj is PASSED

2023-09-14 18:27:40 - [TEST_STEP][PASSED] - vipreQA.ClickUsingJS.ClickNewObj(findTestObject("Object Repository/PAOppMandatoryField/SaveButton"), 20): vipreQA.ClickUsingJS.ClickNewObj is PASSED

2023-09-14 18:27:41 - [MESSAGE][PASSED] - vipreQA.ClickUsingJS.ClickNewObj is PASSED

2023-09-14 18:27:41 - [TEST_STEP][PASSED] - sleep(5000): null

2023-09-14 18:27:46 - [TEST_STEP][PASSED] - vipreQA.ClickUsingJS.ClickNewObj(findTestObject("Object Repository/PAOppMandatoryField/RevalidateButton"), 20): vipreQA.ClickUsingJS.ClickNewObj is PASSED

2023-09-14 18:27:49 - [MESSAGE][PASSED] - vipreQA.ClickUsingJS.ClickNewObj is PASSED

2023-09-14 18:27:49 - [TEST_STEP][PASSED] - verifyElementPresent(findTestObject("Object Repository/PAOppMandatoryField/PAOutforSignatureValidationMsg"), 20): Object 'Object Repository/PAOppMandatoryField/PAOutforSignatureValidationMsg' is present

2023-09-14 18:27:51 - [MESSAGE][PASSED] - Object 'Object Repository/PAOppMandatoryField/PAOutforSignatureValidationMsg' is present

2023-09-14 18:27:51 - [TEST_STEP][PASSED] - vipreQA.ClickUsingJS.ClickNewObj(findTestObject("Object Repository/PAOppMandatoryField/MSP-ShowmoreActionButtonforSendPA"), 20): vipreQA.ClickUsingJS.ClickNewObj is PASSED

2023-09-14 18:27:52 - [MESSAGE][PASSED] - vipreQA.ClickUsingJS.ClickNewObj is PASSED

2023-09-14 18:27:52 - [TEST_STEP][PASSED] - verifyElementPresent(findTestObject("Object Repository/PAOppMandatoryField/MSP-SendPAforSignButton"), 20): Object 'Object Repository/PAOppMandatoryField/MSP-SendPAforSignButton' is present

2023-09-14 18:27:52 - [MESSAGE][PASSED] - Object 'Object Repository/PAOppMandatoryField/MSP-SendPAforSignButton' is present

2023-09-14 18:27:52 - [TEST_STEP][PASSED] - scrollToElement(findTestObject("Object Repository/PAOppMandatoryField/StartDate and Stage/StartDateField"), 20): Scroll to object 'Object Repository/PAOppMandatoryField/StartDate and Stage/StartDateField' successfully

2023-09-14 18:27:53 - [MESSAGE][PASSED] - Scroll to object 'Object Repository/PAOppMandatoryField/StartDate and Stage/StartDateField' successfully

2023-09-14 18:27:53 - [TEST_STEP][PASSED] - vipreQA.ClickUsingJS.ClickNewObj(findTestObject("Object Repository/PAOppMandatoryField/StartDate and Stage/StartDateEdit"), 20): vipreQA.ClickUsingJS.ClickNewObj is PASSED

2023-09-14 18:27:54 - [MESSAGE][PASSED] - vipreQA.ClickUsingJS.ClickNewObj is PASSED

2023-09-14 18:27:54 - [TEST_STEP][PASSED] - setText(findTestObject("Object Repository/PAOppMandatoryField/StartDate and Stage/StartDateInput"), StartDatePA_ExcelMicro): Text '6/19/2023' is set on object 'Object Repository/PAOppMandatoryField/StartDate and Stage/StartDateInput'

2023-09-14 18:27:55 - [MESSAGE][PASSED] - Text '6/19/2023' is set on object 'Object Repository/PAOppMandatoryField/StartDate and Stage/StartDateInput'

2023-09-14 18:27:55 - [TEST_STEP][PASSED] - sleep(10000): null

2023-09-14 18:28:05 - [TEST_STEP][PASSED] - vipreQA.ClickUsingJS.ClickNewObj(findTestObject("Object Repository/PAOppMandatoryField/SaveButton"), 20): vipreQA.ClickUsingJS.ClickNewObj is PASSED

2023-09-14 18:28:06 - [MESSAGE][PASSED] - vipreQA.ClickUsingJS.ClickNewObj is PASSED

2023-09-14 18:28:06 - [TEST_STEP][PASSED] - vipreQA.ClickUsingJS.ClickNewObj(findTestObject("Object Repository/PAOppMandatoryField/StartDate and Stage/CloseErrorDialog"), 20): vipreQA.ClickUsingJS.ClickNewObj is PASSED

2023-09-14 18:28:06 - [MESSAGE][PASSED] - vipreQA.ClickUsingJS.ClickNewObj is PASSED

2023-09-14 18:28:06 - [TEST_STEP][PASSED] - vipreQA.ClickUsingJS.ClickNewObj(findTestObject("Object Repository/PAOppMandatoryField/SaveButton"), 20): vipreQA.ClickUsingJS.ClickNewObj is PASSED

2023-09-14 18:28:08 - [MESSAGE][PASSED] - vipreQA.ClickUsingJS.ClickNewObj is PASSED

2023-09-14 18:28:08 - [TEST_STEP][PASSED] - sleep(10000): null

2023-09-14 18:28:18 - [TEST_STEP][PASSED] - vipreQA.ClickUsingJS.ClickNewObj(findTestObject("Object Repository/PAOppMandatoryField/RevalidateButton"), 20): vipreQA.ClickUsingJS.ClickNewObj is PASSED

2023-09-14 18:28:18 - [MESSAGE][PASSED] - vipreQA.ClickUsingJS.ClickNewObj is PASSED]]></system-out>
         <system-err><![CDATA[]]></system-err>
      </testcase>
      <system-out><![CDATA[2023-09-14 18:22:03 - [TEST_SUITE][PASSED] - ResellerAccount-PAOpp-MSPContract-ExcelMicro-User: Test Cases/MSPContract-ExcelMicroUser-ResellerAccount]]></system-out>
      <system-err><![CDATA[]]></system-err>
   </testsuite>
</testsuites>
