<?xml version="1.0" encoding="UTF-8"?>
<testsuites name="DirectAccount-DirectCustomerContract-VIPRE-User" time="178.685" tests="5" failures="0" errors="0">
   <testsuite name="DirectAccount-DirectCustomerContract-VIPRE-User" tests="5" failures="0" errors="0" time="178.685" skipped="0" timestamp="2023-09-23 13:41:11" hostname="GayathriKumaresan - IN-PC-00208" id="Test Suites/DirectAccount-DirectCustomerContract-VIPRE-User">
      <properties>
         <property name="deviceName" value=""/>
         <property name="devicePlatform" value=""/>
         <property name="logFolder" value="C:\\Users\\gayathri.kumaresan\\git\\VIPRE-RecordCreations\\Reports\\20230923_134108\\DirectAccount-DirectCustomerContract-VIPRE-User\\20230923_134109"/>
         <property name="logFiles" value="C:\\Users\\gayathri.kumaresan\\git\\VIPRE-RecordCreations\\Reports\\20230923_134108\\DirectAccount-DirectCustomerContract-VIPRE-User\\20230923_134109\\execution0.log"/>
         <property name="attachments" value=""/>
         <property name="hostName" value="GayathriKumaresan - IN-PC-00208"/>
         <property name="os" value="Windows 10 64bit"/>
         <property name="katalonVersion" value="8.3.5.208"/>
         <property name="browser" value="Chrome 116.0.0.0"/>
         <property name="hostAddress" value="192.168.29.57"/>
         <property name="sessionId" value="5ee061004eca97b01cd4185a134f5555"/>
         <property name="seleniumVersion" value="3.141.59"/>
         <property name="proxyInformation" value="ProxyInformation { proxyOption=NO_PROXY, proxyServerType=HTTP, username=, password=********, proxyServerAddress=, proxyServerPort=0, executionList=&quot;&quot;, isApplyToDesiredCapabilities=true }"/>
         <property name="platform" value="Windows 10"/>
      </properties>
      <testcase name="Test Cases/LoginasVIPREUser" time="50.115" classname="Test Cases/LoginasVIPREUser" status="PASSED">
         <system-out><![CDATA[2023-09-23 13:41:11 - [TEST_CASE][PASSED] - Test Cases/LoginasVIPREUser: Test Cases/LoginasVIPREUser

2023-09-23 13:41:12 - [TEST_STEP][PASSED] - callTestCase(findTestCase("Test Cases/LogintoSalesforce-Admin"), null): Call Test Case 'Test Cases/LogintoSalesforce-Admin' successfully

2023-09-23 13:41:12 - [TEST_CASE][PASSED] - Test Cases/LogintoSalesforce-Admin: Test Cases/LogintoSalesforce-Admin

2023-09-23 13:41:12 - [TEST_STEP][PASSED] - openBrowser(LoginURL): Browser is opened with url: 'https://vipre-exm--qa.sandbox.lightning.force.com/lightning/page/home'

2023-09-23 13:41:13 - [MESSAGE][INFO] - Starting 'Chrome' driver

2023-09-23 13:41:13 - [MESSAGE][INFO] - User set preference: ['args', '[--disable-notifications]']

2023-09-23 13:41:13 - [MESSAGE][INFO] - Action delay is set to 0 milliseconds

2023-09-23 13:41:20 - [MESSAGE][PASSED] - Browser is opened with url: 'https://vipre-exm--qa.sandbox.lightning.force.com/lightning/page/home'

2023-09-23 13:41:20 - [TEST_STEP][PASSED] - maximizeWindow(): Current window maximized

2023-09-23 13:41:20 - [MESSAGE][PASSED] - Current window maximized

2023-09-23 13:41:20 - [TEST_STEP][PASSED] - setText(findTestObject("LoginPage/Username"), UserName): Text 'eu_gayathri.kumaresan@listertechnologies.com.qa' is set on object 'Object Repository/LoginPage/Username'

2023-09-23 13:41:21 - [MESSAGE][PASSED] - Text 'eu_gayathri.kumaresan@listertechnologies.com.qa' is set on object 'Object Repository/LoginPage/Username'

2023-09-23 13:41:21 - [TEST_STEP][PASSED] - setText(findTestObject("LoginPage/Password"), Password): Text 'Lister@123456' is set on object 'Object Repository/LoginPage/Password'

2023-09-23 13:41:22 - [MESSAGE][PASSED] - Text 'Lister@123456' is set on object 'Object Repository/LoginPage/Password'

2023-09-23 13:41:22 - [TEST_STEP][PASSED] - click(findTestObject("LoginPage/LoginButton")): Object: 'Object Repository/LoginPage/LoginButton' is clicked on

2023-09-23 13:41:29 - [MESSAGE][PASSED] - Object: 'Object Repository/LoginPage/LoginButton' is clicked on

2023-09-23 13:41:29 - [MESSAGE][PASSED] - Call Test Case 'Test Cases/LogintoSalesforce-Admin' successfully

2023-09-23 13:41:29 - [TEST_STEP][PASSED] - click(findTestObject("Object Repository/UserLogin/SetUp")): Object: 'Object Repository/UserLogin/SetUp' is clicked on

2023-09-23 13:41:33 - [MESSAGE][PASSED] - Object: 'Object Repository/UserLogin/SetUp' is clicked on

2023-09-23 13:41:33 - [TEST_STEP][PASSED] - sleep(5000): null

2023-09-23 13:41:38 - [TEST_STEP][PASSED] - click(findTestObject("Object Repository/UserLogin/SetUpforCurrentApp")): Object: 'Object Repository/UserLogin/SetUpforCurrentApp' is clicked on

2023-09-23 13:41:38 - [MESSAGE][PASSED] - Object: 'Object Repository/UserLogin/SetUpforCurrentApp' is clicked on

2023-09-23 13:41:38 - [TEST_STEP][PASSED] - sleep(5000): null

2023-09-23 13:41:43 - [TEST_STEP][PASSED] - switchToWindowIndex(1): Switched to window with index: '1'

2023-09-23 13:41:44 - [MESSAGE][PASSED] - Switched to window with index: '1'

2023-09-23 13:41:44 - [TEST_STEP][PASSED] - setText(findTestObject("Object Repository/UserLogin/SearchSetUp"), LoginUserNameVIPRE): Text 'Fiete Marohn' is set on object 'Object Repository/UserLogin/SearchSetUp'

2023-09-23 13:41:45 - [MESSAGE][PASSED] - Text 'Fiete Marohn' is set on object 'Object Repository/UserLogin/SearchSetUp'

2023-09-23 13:41:45 - [TEST_STEP][PASSED] - sleep(5000): null

2023-09-23 13:41:50 - [TEST_STEP][PASSED] - vipreQA.ClickUsingJS.ClickNewObj(findTestObject("Object Repository/UserLogin/SelectSearchUser", ["value":LoginUserNameVIPRE]), 20): vipreQA.ClickUsingJS.ClickNewObj is PASSED

2023-09-23 13:41:51 - [MESSAGE][PASSED] - vipreQA.ClickUsingJS.ClickNewObj is PASSED

2023-09-23 13:41:51 - [TEST_STEP][PASSED] - sleep(5000): null

2023-09-23 13:41:56 - [TEST_STEP][PASSED] - switchToFrame(findTestObject("Object Repository/UserLogin/UserIFrame"), 20): null

2023-09-23 13:41:56 - [TEST_STEP][PASSED] - verifyElementPresent(findTestObject("Object Repository/UserLogin/IsActiveChecked"), 20): Object 'Object Repository/UserLogin/IsActiveChecked' is present

2023-09-23 13:41:56 - [MESSAGE][PASSED] - Object 'Object Repository/UserLogin/IsActiveChecked' is present

2023-09-23 13:41:56 - [TEST_STEP][PASSED] - vipreQA.ClickUsingJS.ClickNewObj(findTestObject("Object Repository/UserLogin/LoginButton"), 20): vipreQA.ClickUsingJS.ClickNewObj is PASSED

2023-09-23 13:41:57 - [MESSAGE][PASSED] - vipreQA.ClickUsingJS.ClickNewObj is PASSED

2023-09-23 13:41:57 - [TEST_STEP][PASSED] - sleep(5000): null]]></system-out>
         <system-err><![CDATA[]]></system-err>
      </testcase>
      <testcase name="Test Cases/CreatingNewDirectAccount-VIPRE" time="23.07" classname="Test Cases/CreatingNewDirectAccount-VIPRE" status="PASSED">
         <system-out><![CDATA[2023-09-23 13:42:02 - [TEST_CASE][PASSED] - Test Cases/CreatingNewDirectAccount-VIPRE: Test Cases/CreatingNewDirectAccount-VIPRE

2023-09-23 13:42:02 - [TEST_STEP][PASSED] - verifyElementPresent(findTestObject("Object Repository/AccountCreationPage/VIPRESalesElement"), 30): Object 'Object Repository/AccountCreationPage/VIPRESalesElement' is present

2023-09-23 13:42:03 - [MESSAGE][PASSED] - Object 'Object Repository/AccountCreationPage/VIPRESalesElement' is present

2023-09-23 13:42:03 - [TEST_STEP][PASSED] - vipreQA.ClickUsingJS.ClickNewObj(findTestObject("Object Repository/AccountObject/AccountsTab"), 30): vipreQA.ClickUsingJS.ClickNewObj is PASSED

2023-09-23 13:42:05 - [MESSAGE][PASSED] - vipreQA.ClickUsingJS.ClickNewObj is PASSED

2023-09-23 13:42:05 - [TEST_STEP][PASSED] - vipreQA.ClickUsingJS.ClickNewObj(findTestObject("Object Repository/AccountObject/NewButtononAccount"), 30): vipreQA.ClickUsingJS.ClickNewObj is PASSED

2023-09-23 13:42:07 - [MESSAGE][PASSED] - vipreQA.ClickUsingJS.ClickNewObj is PASSED

2023-09-23 13:42:07 - [TEST_STEP][PASSED] - click(findTestObject("Object Repository/AccountRecordTypes/DirectClient")): Object: 'Object Repository/AccountRecordTypes/DirectClient' is clicked on

2023-09-23 13:42:08 - [MESSAGE][PASSED] - Object: 'Object Repository/AccountRecordTypes/DirectClient' is clicked on

2023-09-23 13:42:08 - [TEST_STEP][PASSED] - click(findTestObject("Object Repository/AccountRecordTypes/NextButton")): Object: 'Object Repository/AccountRecordTypes/NextButton' is clicked on

2023-09-23 13:42:08 - [MESSAGE][PASSED] - Object: 'Object Repository/AccountRecordTypes/NextButton' is clicked on

2023-09-23 13:42:08 - [TEST_STEP][PASSED] - sendKeys(findTestObject("AccountCreationPage/AccountName"), AccountName_Direct_VIPRE): Keys 'TestAutomation_DirectClient_VIPRE_001' sent to object: 'Object Repository/AccountCreationPage/AccountName'

2023-09-23 13:42:12 - [MESSAGE][PASSED] - Keys 'TestAutomation_DirectClient_VIPRE_001' sent to object: 'Object Repository/AccountCreationPage/AccountName'

2023-09-23 13:42:12 - [TEST_STEP][PASSED] - scrollToElement(findTestObject("Object Repository/AccountCreationPage/AccountCurrencyLabel"), 20): Scroll to object 'Object Repository/AccountCreationPage/AccountCurrencyLabel' successfully

2023-09-23 13:42:12 - [MESSAGE][PASSED] - Scroll to object 'Object Repository/AccountCreationPage/AccountCurrencyLabel' successfully

2023-09-23 13:42:12 - [TEST_STEP][PASSED] - scrollToElement(findTestObject("Object Repository/AccountCreationPage/BillingCountryLabel"), 20): Scroll to object 'Object Repository/AccountCreationPage/BillingCountryLabel' successfully

2023-09-23 13:42:13 - [MESSAGE][PASSED] - Scroll to object 'Object Repository/AccountCreationPage/BillingCountryLabel' successfully

2023-09-23 13:42:13 - [TEST_STEP][PASSED] - click(findTestObject("Object Repository/AccountCreationPage/BillingCountryNone")): Object: 'Object Repository/AccountCreationPage/BillingCountryNone' is clicked on

2023-09-23 13:42:13 - [MESSAGE][PASSED] - Object: 'Object Repository/AccountCreationPage/BillingCountryNone' is clicked on

2023-09-23 13:42:13 - [TEST_STEP][PASSED] - click(findTestObject("Object Repository/AccountCreationPage/BillingCountryBahrain")): Object: 'Object Repository/AccountCreationPage/BillingCountryBahrain' is clicked on

2023-09-23 13:42:14 - [MESSAGE][PASSED] - Object: 'Object Repository/AccountCreationPage/BillingCountryBahrain' is clicked on

2023-09-23 13:42:14 - [TEST_STEP][PASSED] - setText(findTestObject("AccountCreationPage/BillingStreet"), BillingStreet): Text '234, Sidney Street' is set on object 'Object Repository/AccountCreationPage/BillingStreet'

2023-09-23 13:42:15 - [MESSAGE][PASSED] - Text '234, Sidney Street' is set on object 'Object Repository/AccountCreationPage/BillingStreet'

2023-09-23 13:42:15 - [TEST_STEP][PASSED] - setText(findTestObject("AccountCreationPage/BillingCity"), BillingCity): Text 'Toronto' is set on object 'Object Repository/AccountCreationPage/BillingCity'

2023-09-23 13:42:16 - [MESSAGE][PASSED] - Text 'Toronto' is set on object 'Object Repository/AccountCreationPage/BillingCity'

2023-09-23 13:42:16 - [TEST_STEP][PASSED] - setText(findTestObject("AccountCreationPage/PostalCode"), PostalCode): Text '12AB3N' is set on object 'Object Repository/AccountCreationPage/PostalCode'

2023-09-23 13:42:16 - [MESSAGE][PASSED] - Text '12AB3N' is set on object 'Object Repository/AccountCreationPage/PostalCode'

2023-09-23 13:42:16 - [TEST_STEP][PASSED] - setText(findTestObject("AccountCreationPage/CompanyRegistrationNo"), CompanyRegistrationNumber): Text 'WA12345Test' is set on object 'Object Repository/AccountCreationPage/CompanyRegistrationNo'

2023-09-23 13:42:17 - [MESSAGE][PASSED] - Text 'WA12345Test' is set on object 'Object Repository/AccountCreationPage/CompanyRegistrationNo'

2023-09-23 13:42:17 - [TEST_STEP][PASSED] - scrollToElement(findTestObject("Object Repository/AccountCreationPage/SalesTerritoryLabel"), 20): Scroll to object 'Object Repository/AccountCreationPage/SalesTerritoryLabel' successfully

2023-09-23 13:42:18 - [MESSAGE][PASSED] - Scroll to object 'Object Repository/AccountCreationPage/SalesTerritoryLabel' successfully

2023-09-23 13:42:18 - [TEST_STEP][PASSED] - click(findTestObject("Object Repository/AccountCreationPage/SalesTerritoryNone")): Object: 'Object Repository/AccountCreationPage/SalesTerritoryNone' is clicked on

2023-09-23 13:42:18 - [MESSAGE][PASSED] - Object: 'Object Repository/AccountCreationPage/SalesTerritoryNone' is clicked on

2023-09-23 13:42:18 - [TEST_STEP][PASSED] - click(findTestObject("Object Repository/AccountCreationPage/SalesTerritoryValue", ["value":SalesTerritory_VIPRE])): Object: 'Object Repository/AccountCreationPage/SalesTerritoryValue' is clicked on

2023-09-23 13:42:19 - [MESSAGE][PASSED] - Object: 'Object Repository/AccountCreationPage/SalesTerritoryValue' is clicked on

2023-09-23 13:42:19 - [TEST_STEP][PASSED] - click(findTestObject("Object Repository/AccountCreationPage/SaveButton")): Object: 'Object Repository/AccountCreationPage/SaveButton' is clicked on

2023-09-23 13:42:19 - [MESSAGE][PASSED] - Object: 'Object Repository/AccountCreationPage/SaveButton' is clicked on

2023-09-23 13:42:19 - [TEST_STEP][PASSED] - verifyElementPresent(findTestObject("Object Repository/AccountCreationPage/AccountPageAppear"), 30): Object 'Object Repository/AccountCreationPage/AccountPageAppear' is present

2023-09-23 13:42:25 - [MESSAGE][PASSED] - Object 'Object Repository/AccountCreationPage/AccountPageAppear' is present]]></system-out>
         <system-err><![CDATA[]]></system-err>
      </testcase>
      <testcase name="Test Cases/CreatingNewContact-User" time="17.423" classname="Test Cases/CreatingNewContact-User" status="PASSED">
         <system-out><![CDATA[2023-09-23 13:42:25 - [TEST_CASE][PASSED] - Test Cases/CreatingNewContact-User: Test Cases/CreatingNewContact-User

2023-09-23 13:42:25 - [TEST_STEP][PASSED] - scrollToPosition(0, 0, STOP_ON_FAILURE): Browser is scrolled to position x = 0, y = 0

2023-09-23 13:42:25 - [MESSAGE][PASSED] - Browser is scrolled to position x = 0, y = 0

2023-09-23 13:42:25 - [TEST_STEP][PASSED] - verifyElementClickable(findTestObject("Object Repository/ContactObject/ContactLinkObject")): Object 'Object Repository/ContactObject/ContactLinkObject' is clickable

2023-09-23 13:42:26 - [MESSAGE][PASSED] - Object 'Object Repository/ContactObject/ContactLinkObject' is clickable

2023-09-23 13:42:26 - [TEST_STEP][PASSED] - click(findTestObject("Object Repository/ContactObject/ContactLinkObject")): Object: 'Object Repository/ContactObject/ContactLinkObject' is clicked on

2023-09-23 13:42:26 - [MESSAGE][PASSED] - Object: 'Object Repository/ContactObject/ContactLinkObject' is clicked on

2023-09-23 13:42:26 - [TEST_STEP][PASSED] - verifyElementPresent(findTestObject("Object Repository/ContactObject/ContactTitle"), 20): Object 'Object Repository/ContactObject/ContactTitle' is present

2023-09-23 13:42:28 - [MESSAGE][PASSED] - Object 'Object Repository/ContactObject/ContactTitle' is present

2023-09-23 13:42:28 - [TEST_STEP][PASSED] - click(findTestObject("Object Repository/ContactObject/NewButtonOnContact")): Object: 'Object Repository/ContactObject/NewButtonOnContact' is clicked on

2023-09-23 13:42:28 - [MESSAGE][PASSED] - Object: 'Object Repository/ContactObject/NewButtonOnContact' is clicked on

2023-09-23 13:42:28 - [TEST_STEP][PASSED] - scrollToElement(findTestObject("Object Repository/ContactObject/SalutationLabel"), 20): Scroll to object 'Object Repository/ContactObject/SalutationLabel' successfully

2023-09-23 13:42:31 - [MESSAGE][PASSED] - Scroll to object 'Object Repository/ContactObject/SalutationLabel' successfully

2023-09-23 13:42:31 - [TEST_STEP][PASSED] - click(findTestObject("Object Repository/ContactObject/SalutationNone")): Object: 'Object Repository/ContactObject/SalutationNone' is clicked on

2023-09-23 13:42:32 - [MESSAGE][PASSED] - Object: 'Object Repository/ContactObject/SalutationNone' is clicked on

2023-09-23 13:42:32 - [TEST_STEP][PASSED] - click(findTestObject("Object Repository/ContactObject/SalutationMs")): Object: 'Object Repository/ContactObject/SalutationMs' is clicked on

2023-09-23 13:42:32 - [MESSAGE][PASSED] - Object: 'Object Repository/ContactObject/SalutationMs' is clicked on

2023-09-23 13:42:32 - [TEST_STEP][PASSED] - setText(findTestObject("Object Repository/ContactObject/FirstName"), FirstName): Text 'Gayathri' is set on object 'Object Repository/ContactObject/FirstName'

2023-09-23 13:42:33 - [MESSAGE][PASSED] - Text 'Gayathri' is set on object 'Object Repository/ContactObject/FirstName'

2023-09-23 13:42:33 - [TEST_STEP][PASSED] - setText(findTestObject("Object Repository/ContactObject/LastName"), LastName): Text 'K' is set on object 'Object Repository/ContactObject/LastName'

2023-09-23 13:42:34 - [MESSAGE][PASSED] - Text 'K' is set on object 'Object Repository/ContactObject/LastName'

2023-09-23 13:42:34 - [TEST_STEP][PASSED] - setText(findTestObject("Object Repository/ContactObject/Email"), Email): Text 'g3us2009@gmail.com' is set on object 'Object Repository/ContactObject/Email'

2023-09-23 13:42:35 - [MESSAGE][PASSED] - Text 'g3us2009@gmail.com' is set on object 'Object Repository/ContactObject/Email'

2023-09-23 13:42:35 - [TEST_STEP][PASSED] - setText(findTestObject("Object Repository/ContactObject/Phone"), PhoneNumber): Text '6187657897' is set on object 'Object Repository/ContactObject/Phone'

2023-09-23 13:42:36 - [MESSAGE][PASSED] - Text '6187657897' is set on object 'Object Repository/ContactObject/Phone'

2023-09-23 13:42:36 - [TEST_STEP][PASSED] - setText(findTestObject("Object Repository/ContactObject/Title"), Title): Text 'Vice President' is set on object 'Object Repository/ContactObject/Title'

2023-09-23 13:42:37 - [MESSAGE][PASSED] - Text 'Vice President' is set on object 'Object Repository/ContactObject/Title'

2023-09-23 13:42:37 - [TEST_STEP][PASSED] - click(findTestObject("Object Repository/ContactObject/SaveButton")): Object: 'Object Repository/ContactObject/SaveButton' is clicked on

2023-09-23 13:42:37 - [MESSAGE][PASSED] - Object: 'Object Repository/ContactObject/SaveButton' is clicked on

2023-09-23 13:42:37 - [TEST_STEP][PASSED] - Name = concatenate([FirstName, LastName], STOP_ON_FAILURE): Concatenated string array: '['Gayathri','K']' into 'GayathriK'

2023-09-23 13:42:37 - [MESSAGE][PASSED] - Concatenated string array: '['Gayathri','K']' into 'GayathriK'

2023-09-23 13:42:37 - [TEST_STEP][PASSED] - println(Name): null

2023-09-23 13:42:37 - [TEST_STEP][PASSED] - vipreQA.ClickUsingJS.ClickNewObj(findTestObject("Object Repository/ContactObject/ContactCreated"), 20): vipreQA.ClickUsingJS.ClickNewObj is PASSED

2023-09-23 13:42:42 - [MESSAGE][PASSED] - vipreQA.ClickUsingJS.ClickNewObj is PASSED]]></system-out>
         <system-err><![CDATA[]]></system-err>
      </testcase>
      <testcase name="Test Cases/DirectQuoteCreation-VIPRE" time="17.322" classname="Test Cases/DirectQuoteCreation-VIPRE" status="PASSED">
         <system-out><![CDATA[2023-09-23 13:42:42 - [TEST_CASE][PASSED] - Test Cases/DirectQuoteCreation-VIPRE: Test Cases/DirectQuoteCreation-VIPRE

2023-09-23 13:42:42 - [TEST_STEP][PASSED] - click(findTestObject("Object Repository/DirectQuoteCreationObject/NewDirectQuoteButton")): Object: 'Object Repository/DirectQuoteCreationObject/NewDirectQuoteButton' is clicked on

2023-09-23 13:42:45 - [MESSAGE][PASSED] - Object: 'Object Repository/DirectQuoteCreationObject/NewDirectQuoteButton' is clicked on

2023-09-23 13:42:45 - [TEST_STEP][PASSED] - verifyElementPresent(findTestObject("Object Repository/DirectQuoteCreationObject/NewDirectQuoteTextVisibility"), 20): Object 'Object Repository/DirectQuoteCreationObject/NewDirectQuoteTextVisibility' is present

2023-09-23 13:42:46 - [MESSAGE][PASSED] - Object 'Object Repository/DirectQuoteCreationObject/NewDirectQuoteTextVisibility' is present

2023-09-23 13:42:46 - [TEST_STEP][PASSED] - scrollToElement(findTestObject("Object Repository/DirectQuoteCreationObject/QuoteSalesTerritory"), 20): Scroll to object 'Object Repository/DirectQuoteCreationObject/QuoteSalesTerritory' successfully

2023-09-23 13:42:47 - [MESSAGE][PASSED] - Scroll to object 'Object Repository/DirectQuoteCreationObject/QuoteSalesTerritory' successfully

2023-09-23 13:42:47 - [TEST_STEP][PASSED] - click(findTestObject("Object Repository/DirectQuoteCreationObject/QuoteSalesTerritory")): Object: 'Object Repository/DirectQuoteCreationObject/QuoteSalesTerritory' is clicked on

2023-09-23 13:42:47 - [MESSAGE][PASSED] - Object: 'Object Repository/DirectQuoteCreationObject/QuoteSalesTerritory' is clicked on

2023-09-23 13:42:47 - [TEST_STEP][PASSED] - click(findTestObject("DirectQuoteCreationObject/QuoteSalesTerritoryValue", ["value":SalesTerritory_VIPRE])): Object: 'Object Repository/DirectQuoteCreationObject/QuoteSalesTerritoryValue' is clicked on

2023-09-23 13:42:48 - [MESSAGE][PASSED] - Object: 'Object Repository/DirectQuoteCreationObject/QuoteSalesTerritoryValue' is clicked on

2023-09-23 13:42:48 - [TEST_STEP][PASSED] - scrollToElement(findTestObject("Object Repository/DirectQuoteCreationObject/QuoteBillingEntity"), 20): Scroll to object 'Object Repository/DirectQuoteCreationObject/QuoteBillingEntity' successfully

2023-09-23 13:42:48 - [MESSAGE][PASSED] - Scroll to object 'Object Repository/DirectQuoteCreationObject/QuoteBillingEntity' successfully

2023-09-23 13:42:48 - [TEST_STEP][PASSED] - click(findTestObject("Object Repository/DirectQuoteCreationObject/QuoteBillingEntity")): Object: 'Object Repository/DirectQuoteCreationObject/QuoteBillingEntity' is clicked on

2023-09-23 13:42:49 - [MESSAGE][PASSED] - Object: 'Object Repository/DirectQuoteCreationObject/QuoteBillingEntity' is clicked on

2023-09-23 13:42:49 - [TEST_STEP][PASSED] - click(findTestObject("Object Repository/DirectQuoteCreationObject/BillingEntityValue", ["value":BillingEntity_VIPRE])): Object: 'Object Repository/DirectQuoteCreationObject/BillingEntityValue' is clicked on

2023-09-23 13:42:49 - [MESSAGE][PASSED] - Object: 'Object Repository/DirectQuoteCreationObject/BillingEntityValue' is clicked on

2023-09-23 13:42:49 - [TEST_STEP][PASSED] - click(findTestObject("Object Repository/DirectQuoteCreationObject/QuoteSaveButon")): Object: 'Object Repository/DirectQuoteCreationObject/QuoteSaveButon' is clicked on

2023-09-23 13:42:50 - [MESSAGE][PASSED] - Object: 'Object Repository/DirectQuoteCreationObject/QuoteSaveButon' is clicked on

2023-09-23 13:42:50 - [TEST_STEP][PASSED] - verifyElementPresent(findTestObject("Object Repository/DirectQuoteCreationObject/QuoteElementVerify"), 20, STOP_ON_FAILURE): Object 'Object Repository/DirectQuoteCreationObject/QuoteElementVerify' is present

2023-09-23 13:42:59 - [MESSAGE][PASSED] - Object 'Object Repository/DirectQuoteCreationObject/QuoteElementVerify' is present

2023-09-23 13:42:59 - [TEST_STEP][PASSED] - vipreQA.ClickUsingJS.ClickNewObj(findTestObject("Object Repository/DirectQuoteCreationObject/QuoteSelection"), 30): vipreQA.ClickUsingJS.ClickNewObj is PASSED

2023-09-23 13:42:59 - [MESSAGE][PASSED] - vipreQA.ClickUsingJS.ClickNewObj is PASSED]]></system-out>
         <system-err><![CDATA[]]></system-err>
      </testcase>
      <testcase name="Test Cases/AddingQuoteLine" time="70.539" classname="Test Cases/AddingQuoteLine" status="PASSED">
         <system-out><![CDATA[2023-09-23 13:42:59 - [TEST_CASE][PASSED] - Test Cases/AddingQuoteLine: Test Cases/AddingQuoteLine

2023-09-23 13:43:00 - [TEST_STEP][PASSED] - verifyElementPresent(findTestObject("Object Repository/QuoteLineandQuote/EditLineButton"), 20): Object 'Object Repository/QuoteLineandQuote/EditLineButton' is present

2023-09-23 13:43:03 - [MESSAGE][PASSED] - Object 'Object Repository/QuoteLineandQuote/EditLineButton' is present

2023-09-23 13:43:03 - [TEST_STEP][PASSED] - click(findTestObject("Object Repository/QuoteLineandQuote/EditLineButton")): Object: 'Object Repository/QuoteLineandQuote/EditLineButton' is clicked on

2023-09-23 13:43:04 - [MESSAGE][PASSED] - Object: 'Object Repository/QuoteLineandQuote/EditLineButton' is clicked on

2023-09-23 13:43:04 - [TEST_STEP][PASSED] - switchToFrame(findTestObject("Object Repository/QuoteLineandQuote/IFrameSelector"), 20, STOP_ON_FAILURE): null

2023-09-23 13:43:08 - [TEST_STEP][PASSED] - verifyElementPresent(findTestObject("Object Repository/QuoteLineandQuote/EditQuoteTextVerify"), 20, STOP_ON_FAILURE): Object 'Object Repository/QuoteLineandQuote/EditQuoteTextVerify' is present

2023-09-23 13:43:12 - [MESSAGE][PASSED] - Object 'Object Repository/QuoteLineandQuote/EditQuoteTextVerify' is present

2023-09-23 13:43:12 - [TEST_STEP][PASSED] - click(findTestObject("Object Repository/QuoteLineandQuote/AddProductButton"), STOP_ON_FAILURE): Object: 'Object Repository/QuoteLineandQuote/AddProductButton' is clicked on

2023-09-23 13:43:12 - [MESSAGE][PASSED] - Object: 'Object Repository/QuoteLineandQuote/AddProductButton' is clicked on

2023-09-23 13:43:12 - [TEST_STEP][PASSED] - verifyElementPresent(findTestObject("Object Repository/QuoteLineandQuote/ProductSelectionTextVerify"), 20, STOP_ON_FAILURE): Object 'Object Repository/QuoteLineandQuote/ProductSelectionTextVerify' is present

2023-09-23 13:43:12 - [MESSAGE][PASSED] - Object 'Object Repository/QuoteLineandQuote/ProductSelectionTextVerify' is present

2023-09-23 13:43:12 - [TEST_STEP][PASSED] - click(findTestObject("Object Repository/QuoteLineandQuote/SearchProductSearchBar"), STOP_ON_FAILURE): Object: 'Object Repository/QuoteLineandQuote/SearchProductSearchBar' is clicked on

2023-09-23 13:43:13 - [MESSAGE][PASSED] - Object: 'Object Repository/QuoteLineandQuote/SearchProductSearchBar' is clicked on

2023-09-23 13:43:13 - [TEST_STEP][PASSED] - setText(findTestObject("Object Repository/QuoteLineandQuote/SearchProductSearchBar"), Product, STOP_ON_FAILURE): Text 'FM-ES-001' is set on object 'Object Repository/QuoteLineandQuote/SearchProductSearchBar'

2023-09-23 13:43:13 - [MESSAGE][PASSED] - Text 'FM-ES-001' is set on object 'Object Repository/QuoteLineandQuote/SearchProductSearchBar'

2023-09-23 13:43:13 - [TEST_STEP][PASSED] - click(findTestObject("Object Repository/QuoteLineandQuote/ClickSearchButton"), STOP_ON_FAILURE): Object: 'Object Repository/QuoteLineandQuote/ClickSearchButton' is clicked on

2023-09-23 13:43:14 - [MESSAGE][PASSED] - Object: 'Object Repository/QuoteLineandQuote/ClickSearchButton' is clicked on

2023-09-23 13:43:14 - [TEST_STEP][PASSED] - verifyElementPresent(findTestObject("Object Repository/QuoteLineandQuote/ProdutCode", ["value":Product]), 20, STOP_ON_FAILURE): Object 'Object Repository/QuoteLineandQuote/ProdutCode' is present

2023-09-23 13:43:14 - [MESSAGE][PASSED] - Object 'Object Repository/QuoteLineandQuote/ProdutCode' is present

2023-09-23 13:43:14 - [TEST_STEP][PASSED] - click(findTestObject("Object Repository/QuoteLineandQuote/SelectProductCheckbox", ["value":Product]), STOP_ON_FAILURE): Object: 'Object Repository/QuoteLineandQuote/SelectProductCheckbox' is clicked on

2023-09-23 13:43:15 - [MESSAGE][PASSED] - Object: 'Object Repository/QuoteLineandQuote/SelectProductCheckbox' is clicked on

2023-09-23 13:43:15 - [TEST_STEP][PASSED] - click(findTestObject("Object Repository/QuoteLineandQuote/SelectProduct-SelectionPage"), STOP_ON_FAILURE): Object: 'Object Repository/QuoteLineandQuote/SelectProduct-SelectionPage' is clicked on

2023-09-23 13:43:15 - [MESSAGE][PASSED] - Object: 'Object Repository/QuoteLineandQuote/SelectProduct-SelectionPage' is clicked on

2023-09-23 13:43:15 - [TEST_STEP][PASSED] - verifyElementPresent(findTestObject("Object Repository/QuoteLineandQuote/EditQuoteTextVerify"), 20, STOP_ON_FAILURE): Object 'Object Repository/QuoteLineandQuote/EditQuoteTextVerify' is present

2023-09-23 13:43:17 - [MESSAGE][PASSED] - Object 'Object Repository/QuoteLineandQuote/EditQuoteTextVerify' is present

2023-09-23 13:43:17 - [TEST_STEP][PASSED] - click(findTestObject("Object Repository/QuoteLineandQuote/SaveButton"), STOP_ON_FAILURE): Object: 'Object Repository/QuoteLineandQuote/SaveButton' is clicked on

2023-09-23 13:43:17 - [MESSAGE][PASSED] - Object: 'Object Repository/QuoteLineandQuote/SaveButton' is clicked on

2023-09-23 13:43:17 - [TEST_STEP][PASSED] - comment("Calling QuoteSigning Testcases to accept the quote without sending for signing"): Calling QuoteSigning Testcases to accept the quote without sending for signing

2023-09-23 13:43:17 - [MESSAGE][INFO] - Calling QuoteSigning Testcases to accept the quote without sending for signing

2023-09-23 13:43:17 - [TEST_STEP][PASSED] - callTestCase(findTestCase("Test Cases/QuoteSigning"), null, STOP_ON_FAILURE): Call Test Case 'Test Cases/QuoteSigning' successfully

2023-09-23 13:43:17 - [TEST_CASE][PASSED] - Test Cases/QuoteSigning: Test Cases/QuoteSigning

2023-09-23 13:43:18 - [TEST_STEP][PASSED] - click(findTestObject("Object Repository/QuoteLineandQuote/SystemTabonQuote/Tab_SystemonQuote"), STOP_ON_FAILURE): Object: 'Object Repository/QuoteLineandQuote/SystemTabonQuote/Tab_SystemonQuote' is clicked on

2023-09-23 13:43:26 - [MESSAGE][PASSED] - Object: 'Object Repository/QuoteLineandQuote/SystemTabonQuote/Tab_SystemonQuote' is clicked on

2023-09-23 13:43:26 - [TEST_STEP][PASSED] - verifyElementPresent(findTestObject("Object Repository/QuoteLineandQuote/SystemTabonQuote/Text_SignedDocumentValidation"), 20, STOP_ON_FAILURE): Object 'Object Repository/QuoteLineandQuote/SystemTabonQuote/Text_SignedDocumentValidation' is present

2023-09-23 13:43:27 - [MESSAGE][PASSED] - Object 'Object Repository/QuoteLineandQuote/SystemTabonQuote/Text_SignedDocumentValidation' is present

2023-09-23 13:43:27 - [TEST_STEP][PASSED] - verifyElementPresent(findTestObject("Object Repository/QuoteLineandQuote/SystemTabonQuote/Field_OverrideSignedDocumentValidation"), 20, STOP_ON_FAILURE): Object 'Object Repository/QuoteLineandQuote/SystemTabonQuote/Field_OverrideSignedDocumentValidation' is present

2023-09-23 13:43:28 - [MESSAGE][PASSED] - Object 'Object Repository/QuoteLineandQuote/SystemTabonQuote/Field_OverrideSignedDocumentValidation' is present

2023-09-23 13:43:28 - [TEST_STEP][PASSED] - click(findTestObject("Object Repository/QuoteLineandQuote/SystemTabonQuote/btn_EditOverrideDocument"), STOP_ON_FAILURE): Object: 'Object Repository/QuoteLineandQuote/SystemTabonQuote/btn_EditOverrideDocument' is clicked on

2023-09-23 13:43:28 - [MESSAGE][PASSED] - Object: 'Object Repository/QuoteLineandQuote/SystemTabonQuote/btn_EditOverrideDocument' is clicked on

2023-09-23 13:43:28 - [TEST_STEP][PASSED] - scrollToPosition(0, 40, STOP_ON_FAILURE): Browser is scrolled to position x = 0, y = 40

2023-09-23 13:43:28 - [MESSAGE][PASSED] - Browser is scrolled to position x = 0, y = 40

2023-09-23 13:43:28 - [TEST_STEP][PASSED] - click(findTestObject("Object Repository/QuoteLineandQuote/SystemTabonQuote/ChkBox_OverrideSigned"), STOP_ON_FAILURE): Object: 'Object Repository/QuoteLineandQuote/SystemTabonQuote/ChkBox_OverrideSigned' is clicked on

2023-09-23 13:43:30 - [MESSAGE][PASSED] - Object: 'Object Repository/QuoteLineandQuote/SystemTabonQuote/ChkBox_OverrideSigned' is clicked on

2023-09-23 13:43:30 - [TEST_STEP][PASSED] - click(findTestObject("Object Repository/QuoteLineandQuote/SystemTabonQuote/btn_Save"), STOP_ON_FAILURE): Object: 'Object Repository/QuoteLineandQuote/SystemTabonQuote/btn_Save' is clicked on

2023-09-23 13:43:30 - [MESSAGE][PASSED] - Object: 'Object Repository/QuoteLineandQuote/SystemTabonQuote/btn_Save' is clicked on

2023-09-23 13:43:30 - [MESSAGE][PASSED] - Call Test Case 'Test Cases/QuoteSigning' successfully

2023-09-23 13:43:30 - [TEST_STEP][PASSED] - sleep(5000): null

2023-09-23 13:43:35 - [TEST_STEP][PASSED] - vipreQA.ClickUsingJS.ClickNewObj(findTestObject("Object Repository/QuoteLineandQuote/Tab_Details"), 30): vipreQA.ClickUsingJS.ClickNewObj is PASSED

2023-09-23 13:43:35 - [MESSAGE][PASSED] - vipreQA.ClickUsingJS.ClickNewObj is PASSED

2023-09-23 13:43:35 - [TEST_STEP][PASSED] - vipreQA.ClickUsingJS.ClickNewObj(findTestObject("Object Repository/QuoteLineandQuote/AcceptedSalesProcess"), 30): vipreQA.ClickUsingJS.ClickNewObj is PASSED

2023-09-23 13:43:36 - [MESSAGE][PASSED] - vipreQA.ClickUsingJS.ClickNewObj is PASSED

2023-09-23 13:43:36 - [TEST_STEP][PASSED] - vipreQA.ClickUsingJS.ClickNewObj(findTestObject("Object Repository/QuoteLineandQuote/MarkasCurrentStatus"), 30): vipreQA.ClickUsingJS.ClickNewObj is PASSED

2023-09-23 13:43:36 - [MESSAGE][PASSED] - vipreQA.ClickUsingJS.ClickNewObj is PASSED

2023-09-23 13:43:36 - [TEST_STEP][PASSED] - sleep(20000): null

2023-09-23 13:43:56 - [TEST_STEP][PASSED] - refresh(STOP_ON_FAILURE): Refresh successfully

2023-09-23 13:43:56 - [MESSAGE][PASSED] - Refresh successfully

2023-09-23 13:43:56 - [TEST_STEP][PASSED] - scrollToElement(findTestObject("Object Repository/QuoteLineandQuote/ClickContract"), 20): Scroll to object 'Object Repository/QuoteLineandQuote/ClickContract' successfully

2023-09-23 13:44:03 - [MESSAGE][PASSED] - Scroll to object 'Object Repository/QuoteLineandQuote/ClickContract' successfully

2023-09-23 13:44:03 - [TEST_STEP][PASSED] - vipreQA.ClickUsingJS.ClickNewObj(findTestObject("Object Repository/QuoteLineandQuote/ClickContract"), 30): vipreQA.ClickUsingJS.ClickNewObj is PASSED

2023-09-23 13:44:05 - [MESSAGE][PASSED] - vipreQA.ClickUsingJS.ClickNewObj is PASSED

2023-09-23 13:44:05 - [TEST_STEP][PASSED] - verifyElementPresent(findTestObject("Object Repository/QuoteLineandQuote/ContractPageVerify"), 20, STOP_ON_FAILURE): Object 'Object Repository/QuoteLineandQuote/ContractPageVerify' is present

2023-09-23 13:44:10 - [MESSAGE][PASSED] - Object 'Object Repository/QuoteLineandQuote/ContractPageVerify' is present]]></system-out>
         <system-err><![CDATA[]]></system-err>
      </testcase>
      <system-out><![CDATA[2023-09-23 13:41:11 - [TEST_SUITE][PASSED] - DirectAccount-DirectCustomerContract-VIPRE-User: Test Cases/AddingQuoteLine]]></system-out>
      <system-err><![CDATA[]]></system-err>
   </testsuite>
</testsuites>
