<?xml version="1.0" encoding="UTF-8"?>
<testsuites name="DirectAccount-PAOpp-MSPContract-ExcelMicro-User" time="838.124" tests="4" failures="1" errors="0">
   <testsuite name="DirectAccount-PAOpp-MSPContract-ExcelMicro-User" tests="4" failures="1" errors="0" time="838.124" skipped="0" timestamp="2023-09-04 10:16:23" hostname="GayathriKumaresan - LT-NB-571" id="Test Suites/DirectAccount-PAOpp-MSPContract-ExcelMicro-User">
      <properties>
         <property name="deviceName" value=""/>
         <property name="devicePlatform" value=""/>
         <property name="logFolder" value="C:\\Users\\gayathri.kumaresan\\git\\VIPRE-RecordCreations\\Reports\\20230904_101620\\DirectAccount-PAOpp-MSPContract-ExcelMicro-User\\20230904_101620"/>
         <property name="logFiles" value="C:\\Users\\gayathri.kumaresan\\git\\VIPRE-RecordCreations\\Reports\\20230904_101620\\DirectAccount-PAOpp-MSPContract-ExcelMicro-User\\20230904_101620\\execution0.log"/>
         <property name="attachments" value="C:\\Users\\gayathri.kumaresan\\git\\VIPRE-RecordCreations\\Reports\\20230904_101620\\DirectAccount-PAOpp-MSPContract-ExcelMicro-User\\20230904_101620\\1693803621005.png"/>
         <property name="hostName" value="GayathriKumaresan - LT-NB-571"/>
         <property name="os" value="Windows 10 64bit"/>
         <property name="katalonVersion" value="8.3.5.208"/>
         <property name="browser" value="Chrome 116.0.0.0"/>
         <property name="hostAddress" value="192.168.20.112"/>
         <property name="sessionId" value="319d3d073ae4e8ce58fdd9cd62553621"/>
         <property name="seleniumVersion" value="3.141.59"/>
         <property name="proxyInformation" value="ProxyInformation { proxyOption=NO_PROXY, proxyServerType=HTTP, username=, password=********, proxyServerAddress=, proxyServerPort=0, executionList=&quot;&quot;, isApplyToDesiredCapabilities=true }"/>
         <property name="platform" value="Windows 10"/>
      </properties>
      <testcase name="Test Cases/LoginasExcelMicroUser" time="202.416" classname="Test Cases/LoginasExcelMicroUser" status="PASSED">
         <system-out><![CDATA[2023-09-04 10:16:23 - [TEST_CASE][PASSED] - Test Cases/LoginasExcelMicroUser: Test Cases/LoginasExcelMicroUser

2023-09-04 10:16:23 - [TEST_STEP][PASSED] - callTestCase(findTestCase("Test Cases/LogintoSalesforce-Admin"), null): Call Test Case 'Test Cases/LogintoSalesforce-Admin' successfully

2023-09-04 10:16:23 - [TEST_CASE][PASSED] - Test Cases/LogintoSalesforce-Admin: Test Cases/LogintoSalesforce-Admin

2023-09-04 10:16:24 - [TEST_STEP][PASSED] - openBrowser(LoginURL): Browser is opened with url: 'https://vipre-exm--qa.sandbox.lightning.force.com/lightning/page/home'

2023-09-04 10:16:25 - [MESSAGE][INFO] - Starting 'Chrome' driver

2023-09-04 10:16:25 - [MESSAGE][INFO] - User set preference: ['args', '[--disable-notifications]']

2023-09-04 10:16:25 - [MESSAGE][INFO] - Action delay is set to 0 milliseconds

2023-09-04 10:16:48 - [MESSAGE][PASSED] - Browser is opened with url: 'https://vipre-exm--qa.sandbox.lightning.force.com/lightning/page/home'

2023-09-04 10:16:48 - [TEST_STEP][PASSED] - maximizeWindow(): Current window maximized

2023-09-04 10:16:48 - [MESSAGE][PASSED] - Current window maximized

2023-09-04 10:16:48 - [TEST_STEP][PASSED] - setText(findTestObject("LoginPage/Username"), UserName): Text 'eu_gayathri.kumaresan@listertechnologies.com.qa' is set on object 'Object Repository/LoginPage/Username'

2023-09-04 10:16:49 - [MESSAGE][PASSED] - Text 'eu_gayathri.kumaresan@listertechnologies.com.qa' is set on object 'Object Repository/LoginPage/Username'

2023-09-04 10:16:49 - [TEST_STEP][PASSED] - setText(findTestObject("LoginPage/Password"), Password): Text 'Lister@123456' is set on object 'Object Repository/LoginPage/Password'

2023-09-04 10:16:50 - [MESSAGE][PASSED] - Text 'Lister@123456' is set on object 'Object Repository/LoginPage/Password'

2023-09-04 10:16:50 - [TEST_STEP][PASSED] - click(findTestObject("LoginPage/LoginButton")): Object: 'Object Repository/LoginPage/LoginButton' is clicked on

2023-09-04 10:16:50 - [MESSAGE][PASSED] - Object: 'Object Repository/LoginPage/LoginButton' is clicked on

2023-09-04 10:16:50 - [MESSAGE][PASSED] - Call Test Case 'Test Cases/LogintoSalesforce-Admin' successfully

2023-09-04 10:16:50 - [TEST_STEP][PASSED] - verifyElementPresent(findTestObject("Object Repository/AccountCreationPage/VIPRESalesElement"), 30): Object 'Object Repository/AccountCreationPage/VIPRESalesElement' is present

2023-09-04 10:17:22 - [MESSAGE][PASSED] - Object 'Object Repository/AccountCreationPage/VIPRESalesElement' is present

2023-09-04 10:17:22 - [TEST_STEP][PASSED] - sleep(2000): null

2023-09-04 10:17:24 - [TEST_STEP][PASSED] - click(findTestObject("Object Repository/UserLoginSearch/SearchButton"), STOP_ON_FAILURE): Object: 'Object Repository/UserLoginSearch/SearchButton' is clicked on

2023-09-04 10:17:49 - [MESSAGE][PASSED] - Object: 'Object Repository/UserLoginSearch/SearchButton' is clicked on

2023-09-04 10:17:49 - [TEST_STEP][PASSED] - sendKeys(findTestObject("Object Repository/UserLoginSearch/SearchInput"), LoginUserNameExcelMicro): Keys 'David Russo' sent to object: 'Object Repository/UserLoginSearch/SearchInput'

2023-09-04 10:18:03 - [MESSAGE][PASSED] - Keys 'David Russo' sent to object: 'Object Repository/UserLoginSearch/SearchInput'

2023-09-04 10:18:03 - [TEST_STEP][PASSED] - sendKeys(findTestObject("Object Repository/UserLoginSearch/SearchInput"), Keys.chord(ENTER)): Keys 'ENTER + ' sent to object: 'Object Repository/UserLoginSearch/SearchInput'

2023-09-04 10:18:29 - [MESSAGE][PASSED] - Keys 'ENTER + ' sent to object: 'Object Repository/UserLoginSearch/SearchInput'

2023-09-04 10:18:29 - [TEST_STEP][PASSED] - verifyElementPresent(findTestObject("Object Repository/UserLoginSearch/PeopleElement"), 20): Object 'Object Repository/UserLoginSearch/PeopleElement' is present

2023-09-04 10:18:46 - [MESSAGE][PASSED] - Object 'Object Repository/UserLoginSearch/PeopleElement' is present

2023-09-04 10:18:46 - [TEST_STEP][PASSED] - vipreQA.ClickUsingJS.ClickNewObj(findTestObject("Object Repository/UserLoginSearch/PeopleElement"), 20): vipreQA.ClickUsingJS.ClickNewObj is PASSED

2023-09-04 10:19:16 - [MESSAGE][PASSED] - vipreQA.ClickUsingJS.ClickNewObj is PASSED

2023-09-04 10:19:16 - [TEST_STEP][PASSED] - click(findTestObject("Object Repository/UserLoginSearch/SelectUserfromPeople")): Object: 'Object Repository/UserLoginSearch/SelectUserfromPeople' is clicked on

2023-09-04 10:19:19 - [MESSAGE][PASSED] - Object: 'Object Repository/UserLoginSearch/SelectUserfromPeople' is clicked on

2023-09-04 10:19:19 - [TEST_STEP][PASSED] - click(findTestObject("Object Repository/UserLoginSearch/UserDetailButton")): Object: 'Object Repository/UserLoginSearch/UserDetailButton' is clicked on

2023-09-04 10:19:24 - [MESSAGE][PASSED] - Object: 'Object Repository/UserLoginSearch/UserDetailButton' is clicked on

2023-09-04 10:19:24 - [TEST_STEP][PASSED] - switchToFrame(findTestObject("Object Repository/UserLoginSearch/UserIframe"), 20): null

2023-09-04 10:19:45 - [TEST_STEP][PASSED] - verifyElementPresent(findTestObject("Object Repository/UserLoginSearch/LoginButton"), 30): Object 'Object Repository/UserLoginSearch/LoginButton' is present

2023-09-04 10:19:45 - [MESSAGE][PASSED] - Object 'Object Repository/UserLoginSearch/LoginButton' is present

2023-09-04 10:19:45 - [TEST_STEP][PASSED] - vipreQA.ClickUsingJS.ClickNewObj(findTestObject("Object Repository/UserLoginSearch/LoginButton"), 20): vipreQA.ClickUsingJS.ClickNewObj is PASSED

2023-09-04 10:19:45 - [MESSAGE][PASSED] - vipreQA.ClickUsingJS.ClickNewObj is PASSED]]></system-out>
         <system-err><![CDATA[]]></system-err>
      </testcase>
      <testcase name="Test Cases/CreatingNewDirectAccount-ExcelMicro" time="88.274" classname="Test Cases/CreatingNewDirectAccount-ExcelMicro" status="PASSED">
         <system-out><![CDATA[2023-09-04 10:19:45 - [TEST_CASE][PASSED] - Test Cases/CreatingNewDirectAccount-ExcelMicro: Test Cases/CreatingNewDirectAccount-ExcelMicro

2023-09-04 10:19:46 - [TEST_STEP][PASSED] - verifyElementPresent(findTestObject("Object Repository/AccountCreationPage/ExcelMicroSalesElement"), 30): Object 'Object Repository/AccountCreationPage/ExcelMicroSalesElement' is present

2023-09-04 10:20:10 - [MESSAGE][PASSED] - Object 'Object Repository/AccountCreationPage/ExcelMicroSalesElement' is present

2023-09-04 10:20:10 - [TEST_STEP][PASSED] - vipreQA.ClickUsingJS.ClickNewObj(findTestObject("Object Repository/AccountObject/AccountsTab"), 30): vipreQA.ClickUsingJS.ClickNewObj is PASSED

2023-09-04 10:20:15 - [MESSAGE][PASSED] - vipreQA.ClickUsingJS.ClickNewObj is PASSED

2023-09-04 10:20:15 - [TEST_STEP][PASSED] - vipreQA.ClickUsingJS.ClickNewObj(findTestObject("Object Repository/AccountObject/NewButtononAccount"), 30): vipreQA.ClickUsingJS.ClickNewObj is PASSED

2023-09-04 10:20:28 - [MESSAGE][PASSED] - vipreQA.ClickUsingJS.ClickNewObj is PASSED

2023-09-04 10:20:28 - [TEST_STEP][PASSED] - click(findTestObject("Object Repository/AccountRecordTypes/DirectClient")): Object: 'Object Repository/AccountRecordTypes/DirectClient' is clicked on

2023-09-04 10:20:39 - [MESSAGE][PASSED] - Object: 'Object Repository/AccountRecordTypes/DirectClient' is clicked on

2023-09-04 10:20:39 - [TEST_STEP][PASSED] - click(findTestObject("Object Repository/AccountRecordTypes/NextButton")): Object: 'Object Repository/AccountRecordTypes/NextButton' is clicked on

2023-09-04 10:20:39 - [MESSAGE][PASSED] - Object: 'Object Repository/AccountRecordTypes/NextButton' is clicked on

2023-09-04 10:20:39 - [TEST_STEP][PASSED] - sendKeys(findTestObject("AccountCreationPage/AccountName"), AccountName_Direct_ExcelMicro): Keys 'TestAutomation_DirectClient_ExcelMicro_001' sent to object: 'Object Repository/AccountCreationPage/AccountName'

2023-09-04 10:20:57 - [MESSAGE][PASSED] - Keys 'TestAutomation_DirectClient_ExcelMicro_001' sent to object: 'Object Repository/AccountCreationPage/AccountName'

2023-09-04 10:20:57 - [TEST_STEP][PASSED] - scrollToElement(findTestObject("Object Repository/AccountCreationPage/BillingCountryLabel"), 20): Scroll to object 'Object Repository/AccountCreationPage/BillingCountryLabel' successfully

2023-09-04 10:20:58 - [MESSAGE][PASSED] - Scroll to object 'Object Repository/AccountCreationPage/BillingCountryLabel' successfully

2023-09-04 10:20:58 - [TEST_STEP][PASSED] - click(findTestObject("Object Repository/AccountCreationPage/BillingCountryNone")): Object: 'Object Repository/AccountCreationPage/BillingCountryNone' is clicked on

2023-09-04 10:20:58 - [MESSAGE][PASSED] - Object: 'Object Repository/AccountCreationPage/BillingCountryNone' is clicked on

2023-09-04 10:20:58 - [TEST_STEP][PASSED] - click(findTestObject("Object Repository/AccountCreationPage/BillingCountryBahrain")): Object: 'Object Repository/AccountCreationPage/BillingCountryBahrain' is clicked on

2023-09-04 10:20:59 - [MESSAGE][PASSED] - Object: 'Object Repository/AccountCreationPage/BillingCountryBahrain' is clicked on

2023-09-04 10:20:59 - [TEST_STEP][PASSED] - setText(findTestObject("AccountCreationPage/BillingStreet"), BillingStreet): Text '234, Sidney Street' is set on object 'Object Repository/AccountCreationPage/BillingStreet'

2023-09-04 10:21:00 - [MESSAGE][PASSED] - Text '234, Sidney Street' is set on object 'Object Repository/AccountCreationPage/BillingStreet'

2023-09-04 10:21:00 - [TEST_STEP][PASSED] - setText(findTestObject("AccountCreationPage/BillingCity"), BillingCity): Text 'Toronto' is set on object 'Object Repository/AccountCreationPage/BillingCity'

2023-09-04 10:21:01 - [MESSAGE][PASSED] - Text 'Toronto' is set on object 'Object Repository/AccountCreationPage/BillingCity'

2023-09-04 10:21:01 - [TEST_STEP][PASSED] - setText(findTestObject("AccountCreationPage/PostalCode"), PostalCode): Text '12AB3N' is set on object 'Object Repository/AccountCreationPage/PostalCode'

2023-09-04 10:21:02 - [MESSAGE][PASSED] - Text '12AB3N' is set on object 'Object Repository/AccountCreationPage/PostalCode'

2023-09-04 10:21:02 - [TEST_STEP][PASSED] - scrollToElement(findTestObject("Object Repository/AccountCreationPage/SalesTerritoryLabel"), 20): Scroll to object 'Object Repository/AccountCreationPage/SalesTerritoryLabel' successfully

2023-09-04 10:21:02 - [MESSAGE][PASSED] - Scroll to object 'Object Repository/AccountCreationPage/SalesTerritoryLabel' successfully

2023-09-04 10:21:02 - [TEST_STEP][PASSED] - click(findTestObject("Object Repository/AccountCreationPage/SalesTerritoryNone")): Object: 'Object Repository/AccountCreationPage/SalesTerritoryNone' is clicked on

2023-09-04 10:21:03 - [MESSAGE][PASSED] - Object: 'Object Repository/AccountCreationPage/SalesTerritoryNone' is clicked on

2023-09-04 10:21:03 - [TEST_STEP][PASSED] - click(findTestObject("Object Repository/AccountCreationPage/SalesTerritoryValue", ["value":SalesTerritory_ExcelMicro])): Object: 'Object Repository/AccountCreationPage/SalesTerritoryValue' is clicked on

2023-09-04 10:21:03 - [MESSAGE][PASSED] - Object: 'Object Repository/AccountCreationPage/SalesTerritoryValue' is clicked on

2023-09-04 10:21:03 - [TEST_STEP][PASSED] - click(findTestObject("Object Repository/AccountCreationPage/SaveButton")): Object: 'Object Repository/AccountCreationPage/SaveButton' is clicked on

2023-09-04 10:21:04 - [MESSAGE][PASSED] - Object: 'Object Repository/AccountCreationPage/SaveButton' is clicked on

2023-09-04 10:21:04 - [TEST_STEP][PASSED] - verifyElementPresent(findTestObject("Object Repository/AccountCreationPage/AccountPageAppear"), 30): Object 'Object Repository/AccountCreationPage/AccountPageAppear' is present

2023-09-04 10:21:14 - [MESSAGE][PASSED] - Object 'Object Repository/AccountCreationPage/AccountPageAppear' is present]]></system-out>
         <system-err><![CDATA[]]></system-err>
      </testcase>
      <testcase name="Test Cases/CreatePAOpp-User-ExcelMicro-DirectAccount" time="42.606" classname="Test Cases/CreatePAOpp-User-ExcelMicro-DirectAccount" status="PASSED">
         <system-out><![CDATA[2023-09-04 10:21:14 - [TEST_CASE][PASSED] - Test Cases/CreatePAOpp-User-ExcelMicro-DirectAccount: Test Cases/CreatePAOpp-User-ExcelMicro-DirectAccount

2023-09-04 10:21:14 - [TEST_STEP][PASSED] - click(findTestObject("Object Repository/PartnerAcquisitionCreation/PAOpportunityButton-ExcelMicro"), STOP_ON_FAILURE): Object: 'Object Repository/PartnerAcquisitionCreation/PAOpportunityButton-ExcelMicro' is clicked on

2023-09-04 10:21:14 - [MESSAGE][PASSED] - Object: 'Object Repository/PartnerAcquisitionCreation/PAOpportunityButton-ExcelMicro' is clicked on

2023-09-04 10:21:14 - [TEST_STEP][PASSED] - click(findTestObject("Object Repository/PartnerAcquisitionCreation/CloseDateBox"), STOP_ON_FAILURE): Object: 'Object Repository/PartnerAcquisitionCreation/CloseDateBox' is clicked on

2023-09-04 10:21:17 - [MESSAGE][PASSED] - Object: 'Object Repository/PartnerAcquisitionCreation/CloseDateBox' is clicked on

2023-09-04 10:21:17 - [TEST_STEP][PASSED] - setText(findTestObject("Object Repository/PartnerAcquisitionCreation/CloseDateBox"), CloseDate_ExcelMicro_User, STOP_ON_FAILURE): Text '9/29/2023' is set on object 'Object Repository/PartnerAcquisitionCreation/CloseDateBox'

2023-09-04 10:21:29 - [MESSAGE][PASSED] - Text '9/29/2023' is set on object 'Object Repository/PartnerAcquisitionCreation/CloseDateBox'

2023-09-04 10:21:29 - [TEST_STEP][PASSED] - click(findTestObject("Object Repository/PartnerAcquisitionCreation/SaveButton"), STOP_ON_FAILURE): Object: 'Object Repository/PartnerAcquisitionCreation/SaveButton' is clicked on

2023-09-04 10:21:29 - [MESSAGE][PASSED] - Object: 'Object Repository/PartnerAcquisitionCreation/SaveButton' is clicked on

2023-09-04 10:21:29 - [TEST_STEP][PASSED] - click(findTestObject("Object Repository/PartnerAcquisitionCreation/ClickOpportunities"), STOP_ON_FAILURE): Object: 'Object Repository/PartnerAcquisitionCreation/ClickOpportunities' is clicked on

2023-09-04 10:21:44 - [MESSAGE][PASSED] - Object: 'Object Repository/PartnerAcquisitionCreation/ClickOpportunities' is clicked on

2023-09-04 10:21:44 - [TEST_STEP][PASSED] - verifyElementPresent(findTestObject("Object Repository/PartnerAcquisitionCreation/OpportunityTextVerify"), 30, STOP_ON_FAILURE): Object 'Object Repository/PartnerAcquisitionCreation/OpportunityTextVerify' is present

2023-09-04 10:21:50 - [MESSAGE][PASSED] - Object 'Object Repository/PartnerAcquisitionCreation/OpportunityTextVerify' is present

2023-09-04 10:21:50 - [TEST_STEP][PASSED] - click(findTestObject("Object Repository/PartnerAcquisitionCreation/ClickonCreatedOpportunity", ["value":AccountName_Direct_ExcelMicro]), STOP_ON_FAILURE): Object: 'Object Repository/PartnerAcquisitionCreation/ClickonCreatedOpportunity' is clicked on

2023-09-04 10:21:50 - [MESSAGE][PASSED] - Object: 'Object Repository/PartnerAcquisitionCreation/ClickonCreatedOpportunity' is clicked on

2023-09-04 10:21:50 - [TEST_STEP][PASSED] - verifyElementPresent(findTestObject("Object Repository/PartnerAcquisitionCreation/PAOppPageVerify", ["value":AccountName_Direct_ExcelMicro]), 20, STOP_ON_FAILURE): Object 'Object Repository/PartnerAcquisitionCreation/PAOppPageVerify' is present

2023-09-04 10:21:54 - [MESSAGE][PASSED] - Object 'Object Repository/PartnerAcquisitionCreation/PAOppPageVerify' is present

2023-09-04 10:21:54 - [TEST_STEP][PASSED] - sleep(2000): null]]></system-out>
         <system-err><![CDATA[]]></system-err>
      </testcase>
      <testcase name="Test Cases/MSPContract-ExcelMicroUser-DirectAccount" time="504.555" classname="Test Cases/MSPContract-ExcelMicroUser-DirectAccount" status="FAILED">
         <failure type="FAILED" message="Test Cases/MSPContract-ExcelMicroUser-DirectAccount FAILED.
Reason:
com.kms.katalon.core.exception.StepFailedException: Unable to get text of object 'Object Repository/PAOppMandatoryField/MandatoryField/GetMandatoryFields'
	at com.kms.katalon.core.webui.keyword.internal.WebUIKeywordMain.stepFailed(WebUIKeywordMain.groovy:64)
	at com.kms.katalon.core.webui.keyword.internal.WebUIKeywordMain.runKeyword(WebUIKeywordMain.groovy:26)
	at com.kms.katalon.core.webui.keyword.builtin.GetTextKeyword.getText(GetTextKeyword.groovy:88)
	at com.kms.katalon.core.webui.keyword.builtin.GetTextKeyword.execute(GetTextKeyword.groovy:67)
	at com.kms.katalon.core.keyword.internal.KeywordExecutor.executeKeywordForPlatform(KeywordExecutor.groovy:74)
	at com.kms.katalon.core.webui.keyword.WebUiBuiltInKeywords.getText(WebUiBuiltInKeywords.groovy:918)
	at com.kms.katalon.core.webui.keyword.WebUiBuiltInKeywords$getText$12.call(Unknown Source)
	at MSPContract-ExcelMicroUser-DirectAccount.run(MSPContract-ExcelMicroUser-DirectAccount:163)
	at com.kms.katalon.core.main.ScriptEngine.run(ScriptEngine.java:194)
	at com.kms.katalon.core.main.ScriptEngine.runScriptAsRawText(ScriptEngine.java:119)
	at com.kms.katalon.core.main.TestCaseExecutor.runScript(TestCaseExecutor.java:445)
	at com.kms.katalon.core.main.TestCaseExecutor.doExecute(TestCaseExecutor.java:436)
	at com.kms.katalon.core.main.TestCaseExecutor.processExecutionPhase(TestCaseExecutor.java:415)
	at com.kms.katalon.core.main.TestCaseExecutor.accessMainPhase(TestCaseExecutor.java:407)
	at com.kms.katalon.core.main.TestCaseExecutor.execute(TestCaseExecutor.java:284)
	at com.kms.katalon.core.common.CommonExecutor.accessTestCaseMainPhase(CommonExecutor.java:65)
	at com.kms.katalon.core.main.TestSuiteExecutor.accessTestSuiteMainPhase(TestSuiteExecutor.java:144)
	at com.kms.katalon.core.main.TestSuiteExecutor.execute(TestSuiteExecutor.java:106)
	at com.kms.katalon.core.main.TestCaseMain.startTestSuite(TestCaseMain.java:185)
	at com.kms.katalon.core.main.TestCaseMain$startTestSuite$0.call(Unknown Source)
	at TempTestSuite1693802780529.run(TempTestSuite1693802780529.groovy:36)
Caused by: com.kms.katalon.core.webui.exception.WebElementNotFoundException: Web element with id: 'Object Repository/PAOppMandatoryField/MandatoryField/GetMandatoryFields' located by '//flowruntime-lwc-field[@class='field-element']//span//li' not found
	at com.kms.katalon.core.webui.common.WebUiCommonHelper.findWebElement(WebUiCommonHelper.java:1370)
	at com.kms.katalon.core.webui.keyword.internal.WebUIAbstractKeyword.findWebElement(WebUIAbstractKeyword.groovy:27)
	at com.kms.katalon.core.webui.keyword.internal.WebUIAbstractKeyword.findWebElement(WebUIAbstractKeyword.groovy:26)
	at com.kms.katalon.core.webui.keyword.builtin.GetTextKeyword$_getText_closure1.doCall(GetTextKeyword.groovy:78)
	at com.kms.katalon.core.webui.keyword.builtin.GetTextKeyword$_getText_closure1.call(GetTextKeyword.groovy)
	at com.kms.katalon.core.webui.keyword.internal.WebUIKeywordMain.runKeyword(WebUIKeywordMain.groovy:20)
	... 19 more
"/>
         <system-out><![CDATA[2023-09-04 10:21:56 - [TEST_CASE][FAILED] - Test Cases/MSPContract-ExcelMicroUser-DirectAccount: Test Cases/MSPContract-ExcelMicroUser-DirectAccount FAILED.
Reason:
com.kms.katalon.core.exception.StepFailedException: Unable to get text of object 'Object Repository/PAOppMandatoryField/MandatoryField/GetMandatoryFields'
	at com.kms.katalon.core.webui.keyword.internal.WebUIKeywordMain.stepFailed(WebUIKeywordMain.groovy:64)
	at com.kms.katalon.core.webui.keyword.internal.WebUIKeywordMain.runKeyword(WebUIKeywordMain.groovy:26)
	at com.kms.katalon.core.webui.keyword.builtin.GetTextKeyword.getText(GetTextKeyword.groovy:88)
	at com.kms.katalon.core.webui.keyword.builtin.GetTextKeyword.execute(GetTextKeyword.groovy:67)
	at com.kms.katalon.core.keyword.internal.KeywordExecutor.executeKeywordForPlatform(KeywordExecutor.groovy:74)
	at com.kms.katalon.core.webui.keyword.WebUiBuiltInKeywords.getText(WebUiBuiltInKeywords.groovy:918)
	at com.kms.katalon.core.webui.keyword.WebUiBuiltInKeywords$getText$12.call(Unknown Source)
	at MSPContract-ExcelMicroUser-DirectAccount.run(MSPContract-ExcelMicroUser-DirectAccount:163)
	at com.kms.katalon.core.main.ScriptEngine.run(ScriptEngine.java:194)
	at com.kms.katalon.core.main.ScriptEngine.runScriptAsRawText(ScriptEngine.java:119)
	at com.kms.katalon.core.main.TestCaseExecutor.runScript(TestCaseExecutor.java:445)
	at com.kms.katalon.core.main.TestCaseExecutor.doExecute(TestCaseExecutor.java:436)
	at com.kms.katalon.core.main.TestCaseExecutor.processExecutionPhase(TestCaseExecutor.java:415)
	at com.kms.katalon.core.main.TestCaseExecutor.accessMainPhase(TestCaseExecutor.java:407)
	at com.kms.katalon.core.main.TestCaseExecutor.execute(TestCaseExecutor.java:284)
	at com.kms.katalon.core.common.CommonExecutor.accessTestCaseMainPhase(CommonExecutor.java:65)
	at com.kms.katalon.core.main.TestSuiteExecutor.accessTestSuiteMainPhase(TestSuiteExecutor.java:144)
	at com.kms.katalon.core.main.TestSuiteExecutor.execute(TestSuiteExecutor.java:106)
	at com.kms.katalon.core.main.TestCaseMain.startTestSuite(TestCaseMain.java:185)
	at com.kms.katalon.core.main.TestCaseMain$startTestSuite$0.call(Unknown Source)
	at TempTestSuite1693802780529.run(TempTestSuite1693802780529.groovy:36)
Caused by: com.kms.katalon.core.webui.exception.WebElementNotFoundException: Web element with id: 'Object Repository/PAOppMandatoryField/MandatoryField/GetMandatoryFields' located by '//flowruntime-lwc-field[@class='field-element']//span//li' not found
	at com.kms.katalon.core.webui.common.WebUiCommonHelper.findWebElement(WebUiCommonHelper.java:1370)
	at com.kms.katalon.core.webui.keyword.internal.WebUIAbstractKeyword.findWebElement(WebUIAbstractKeyword.groovy:27)
	at com.kms.katalon.core.webui.keyword.internal.WebUIAbstractKeyword.findWebElement(WebUIAbstractKeyword.groovy:26)
	at com.kms.katalon.core.webui.keyword.builtin.GetTextKeyword$_getText_closure1.doCall(GetTextKeyword.groovy:78)
	at com.kms.katalon.core.webui.keyword.builtin.GetTextKeyword$_getText_closure1.call(GetTextKeyword.groovy)
	at com.kms.katalon.core.webui.keyword.internal.WebUIKeywordMain.runKeyword(WebUIKeywordMain.groovy:20)
	... 19 more


2023-09-04 10:21:57 - [TEST_STEP][PASSED] - verifyElementPresent(findTestObject("Object Repository/PAOppMandatoryField/AddandEditProducts/AddProductRevalidation"), 20): Object 'Object Repository/PAOppMandatoryField/AddandEditProducts/AddProductRevalidation' is present

2023-09-04 10:22:00 - [MESSAGE][PASSED] - Object 'Object Repository/PAOppMandatoryField/AddandEditProducts/AddProductRevalidation' is present

2023-09-04 10:22:00 - [TEST_STEP][PASSED] - scrollToPosition(0, 3500): Browser is scrolled to position x = 0, y = 3500

2023-09-04 10:22:00 - [MESSAGE][PASSED] - Browser is scrolled to position x = 0, y = 3500

2023-09-04 10:22:00 - [TEST_STEP][PASSED] - waitForElementPresent(findTestObject("Object Repository/PAOppMandatoryField/AddandEditProducts/AddProductButton"), 20): Object 'Object Repository/PAOppMandatoryField/AddandEditProducts/AddProductButton' is present

2023-09-04 10:22:16 - [MESSAGE][PASSED] - Object 'Object Repository/PAOppMandatoryField/AddandEditProducts/AddProductButton' is present

2023-09-04 10:22:16 - [TEST_STEP][PASSED] - vipreQA.ClickUsingJS.ClickNewObj(findTestObject("Object Repository/PAOppMandatoryField/AddandEditProducts/AddProductButton"), 20): vipreQA.ClickUsingJS.ClickNewObj is PASSED

2023-09-04 10:22:17 - [MESSAGE][PASSED] - vipreQA.ClickUsingJS.ClickNewObj is PASSED

2023-09-04 10:22:17 - [TEST_STEP][PASSED] - verifyElementPresent(findTestObject("Object Repository/PAOppMandatoryField/AddandEditProducts/PriceBookHeader-ExcelMicro"), 20): Object 'Object Repository/PAOppMandatoryField/AddandEditProducts/PriceBookHeader-ExcelMicro' is present

2023-09-04 10:22:19 - [MESSAGE][PASSED] - Object 'Object Repository/PAOppMandatoryField/AddandEditProducts/PriceBookHeader-ExcelMicro' is present

2023-09-04 10:22:19 - [TEST_STEP][PASSED] - vipreQA.ClickUsingJS.ClickNewObj(findTestObject("Object Repository/PAOppMandatoryField/AddandEditProducts/PAProductSelection", ["value":PAProducts]), 20): vipreQA.ClickUsingJS.ClickNewObj is PASSED

2023-09-04 10:22:19 - [MESSAGE][PASSED] - vipreQA.ClickUsingJS.ClickNewObj is PASSED

2023-09-04 10:22:19 - [TEST_STEP][PASSED] - vipreQA.ClickUsingJS.ClickNewObj(findTestObject("Object Repository/PAOppMandatoryField/NextButton"), 20): vipreQA.ClickUsingJS.ClickNewObj is PASSED

2023-09-04 10:22:20 - [MESSAGE][PASSED] - vipreQA.ClickUsingJS.ClickNewObj is PASSED

2023-09-04 10:22:20 - [TEST_STEP][PASSED] - verifyElementPresent(findTestObject("Object Repository/PAOppMandatoryField/AddandEditProducts/EditSelectedProductVerification"), 20): Object 'Object Repository/PAOppMandatoryField/AddandEditProducts/EditSelectedProductVerification' is present

2023-09-04 10:22:22 - [MESSAGE][PASSED] - Object 'Object Repository/PAOppMandatoryField/AddandEditProducts/EditSelectedProductVerification' is present

2023-09-04 10:22:22 - [TEST_STEP][PASSED] - vipreQA.ClickUsingJS.ClickNewObj(findTestObject("Object Repository/PAOppMandatoryField/AddandEditProducts/ClickSalePrice"), 20): vipreQA.ClickUsingJS.ClickNewObj is PASSED

2023-09-04 10:22:23 - [MESSAGE][PASSED] - vipreQA.ClickUsingJS.ClickNewObj is PASSED

2023-09-04 10:22:23 - [TEST_STEP][PASSED] - setText(findTestObject("Object Repository/PAOppMandatoryField/AddandEditProducts/SalesPriceInput"), SalePrice): Text '25' is set on object 'Object Repository/PAOppMandatoryField/AddandEditProducts/SalesPriceInput'

2023-09-04 10:22:24 - [MESSAGE][PASSED] - Text '25' is set on object 'Object Repository/PAOppMandatoryField/AddandEditProducts/SalesPriceInput'

2023-09-04 10:22:24 - [TEST_STEP][PASSED] - vipreQA.ClickUsingJS.ClickNewObj(findTestObject("Object Repository/PAOppMandatoryField/AddandEditProducts/ClickEditQuantity"), 20): vipreQA.ClickUsingJS.ClickNewObj is PASSED

2023-09-04 10:22:25 - [MESSAGE][PASSED] - vipreQA.ClickUsingJS.ClickNewObj is PASSED

2023-09-04 10:22:25 - [TEST_STEP][PASSED] - sendKeys(findTestObject("Object Repository/PAOppMandatoryField/AddandEditProducts/QuantityInput"), Quantity): Keys '50' sent to object: 'Object Repository/PAOppMandatoryField/AddandEditProducts/QuantityInput'

2023-09-04 10:22:26 - [MESSAGE][PASSED] - Keys '50' sent to object: 'Object Repository/PAOppMandatoryField/AddandEditProducts/QuantityInput'

2023-09-04 10:22:26 - [TEST_STEP][PASSED] - sleep(1000): null

2023-09-04 10:22:27 - [TEST_STEP][PASSED] - vipreQA.ClickUsingJS.ClickNewObj(findTestObject("Object Repository/PAOppMandatoryField/AddandEditProducts/EditSelectedProductSaveButton"), 20): vipreQA.ClickUsingJS.ClickNewObj is PASSED

2023-09-04 10:22:28 - [MESSAGE][PASSED] - vipreQA.ClickUsingJS.ClickNewObj is PASSED

2023-09-04 10:22:28 - [TEST_STEP][PASSED] - sleep(1000): null

2023-09-04 10:22:29 - [TEST_STEP][PASSED] - scrollToElement(findTestObject("Object Repository/PAOppMandatoryField/RevalidateButton"), 20): Scroll to object 'Object Repository/PAOppMandatoryField/RevalidateButton' successfully

2023-09-04 10:22:59 - [MESSAGE][PASSED] - Scroll to object 'Object Repository/PAOppMandatoryField/RevalidateButton' successfully

2023-09-04 10:22:59 - [TEST_STEP][PASSED] - sleep(1000): null

2023-09-04 10:23:00 - [TEST_STEP][PASSED] - vipreQA.ClickUsingJS.ClickNewObj(findTestObject("Object Repository/PAOppMandatoryField/RevalidateButton"), 20): vipreQA.ClickUsingJS.ClickNewObj is PASSED

2023-09-04 10:23:14 - [MESSAGE][PASSED] - vipreQA.ClickUsingJS.ClickNewObj is PASSED

2023-09-04 10:23:14 - [TEST_STEP][PASSED] - sleep(1000): null

2023-09-04 10:23:15 - [TEST_STEP][PASSED] - vipreQA.ClickUsingJS.ClickNewObj(findTestObject("Object Repository/PAOppMandatoryField/RevalidateButton"), 20): vipreQA.ClickUsingJS.ClickNewObj is PASSED

2023-09-04 10:23:46 - [MESSAGE][PASSED] - vipreQA.ClickUsingJS.ClickNewObj is PASSED

2023-09-04 10:23:46 - [TEST_STEP][PASSED] - verifyElementPresent(findTestObject("Object Repository/GenerateMSPPricing/GenerateMSPPricingValidationMessage"), 20): Object 'Object Repository/GenerateMSPPricing/GenerateMSPPricingValidationMessage' is present

2023-09-04 10:24:15 - [MESSAGE][PASSED] - Object 'Object Repository/GenerateMSPPricing/GenerateMSPPricingValidationMessage' is present

2023-09-04 10:24:15 - [TEST_STEP][PASSED] - vipreQA.ClickUsingJS.ClickNewObj(findTestObject("Object Repository/GenerateMSPPricing/GenerateMSPPricingButton"), 20): vipreQA.ClickUsingJS.ClickNewObj is PASSED

2023-09-04 10:24:27 - [MESSAGE][PASSED] - vipreQA.ClickUsingJS.ClickNewObj is PASSED

2023-09-04 10:24:27 - [TEST_STEP][PASSED] - verifyElementPresent(findTestObject("Object Repository/GenerateMSPPricing/GenerateMSPScreenMessage"), 20): Object 'Object Repository/GenerateMSPPricing/GenerateMSPScreenMessage' is present

2023-09-04 10:24:40 - [MESSAGE][PASSED] - Object 'Object Repository/GenerateMSPPricing/GenerateMSPScreenMessage' is present

2023-09-04 10:24:40 - [TEST_STEP][PASSED] - verifyElementPresent(findTestObject("Object Repository/GenerateMSPPricing/ClickNextToGenerateMSPMessage"), 20): Object 'Object Repository/GenerateMSPPricing/ClickNextToGenerateMSPMessage' is present

2023-09-04 10:24:44 - [MESSAGE][PASSED] - Object 'Object Repository/GenerateMSPPricing/ClickNextToGenerateMSPMessage' is present

2023-09-04 10:24:44 - [TEST_STEP][PASSED] - vipreQA.ClickUsingJS.ClickNewObj(findTestObject("Object Repository/GenerateMSPPricing/NextButton"), 20): vipreQA.ClickUsingJS.ClickNewObj is PASSED

2023-09-04 10:24:44 - [MESSAGE][PASSED] - vipreQA.ClickUsingJS.ClickNewObj is PASSED

2023-09-04 10:24:44 - [TEST_STEP][PASSED] - verifyElementPresent(findTestObject("Object Repository/GenerateMSPPricing/PricingGeneratedSuccessfullyMessage"), 20): Object 'Object Repository/GenerateMSPPricing/PricingGeneratedSuccessfullyMessage' is present

2023-09-04 10:24:55 - [MESSAGE][PASSED] - Object 'Object Repository/GenerateMSPPricing/PricingGeneratedSuccessfullyMessage' is present

2023-09-04 10:24:55 - [TEST_STEP][PASSED] - vipreQA.ClickUsingJS.ClickNewObj(findTestObject("Object Repository/GenerateMSPPricing/FinishButton"), 20): vipreQA.ClickUsingJS.ClickNewObj is PASSED

2023-09-04 10:24:55 - [MESSAGE][PASSED] - vipreQA.ClickUsingJS.ClickNewObj is PASSED

2023-09-04 10:24:55 - [TEST_STEP][PASSED] - vipreQA.ClickUsingJS.ClickNewObj(findTestObject("Object Repository/PAOppMandatoryField/PricingInformation/PricingTab"), 20): vipreQA.ClickUsingJS.ClickNewObj is PASSED

2023-09-04 10:25:03 - [MESSAGE][PASSED] - vipreQA.ClickUsingJS.ClickNewObj is PASSED

2023-09-04 10:25:03 - [TEST_STEP][PASSED] - PricingTableCount = getText(findTestObject("Object Repository/PAOppMandatoryField/PricingInformation/GetMSPPricingTableCount")): Text of object 'Object Repository/PAOppMandatoryField/PricingInformation/GetMSPPricingTableCount' is: ''

2023-09-04 10:25:33 - [MESSAGE][PASSED] - Text of object 'Object Repository/PAOppMandatoryField/PricingInformation/GetMSPPricingTableCount' is: ''

2023-09-04 10:25:33 - [TEST_STEP][PASSED] - out.println(PricingTableCount): null

2023-09-04 10:25:33 - [TEST_STEP][PASSED] - vipreQA.ClickUsingJS.ClickNewObj(findTestObject("Object Repository/PAOppMandatoryField/PricingInformation/DetailsTab"), 20): vipreQA.ClickUsingJS.ClickNewObj is PASSED

2023-09-04 10:25:34 - [MESSAGE][PASSED] - vipreQA.ClickUsingJS.ClickNewObj is PASSED

2023-09-04 10:25:34 - [TEST_STEP][PASSED] - vipreQA.ClickUsingJS.ClickNewObj(findTestObject("Object Repository/PAOppMandatoryField/RevalidateButton"), 20): vipreQA.ClickUsingJS.ClickNewObj is PASSED

2023-09-04 10:25:37 - [MESSAGE][PASSED] - vipreQA.ClickUsingJS.ClickNewObj is PASSED

2023-09-04 10:25:37 - [TEST_STEP][PASSED] - verifyElementPresent(findTestObject("Object Repository/PAOppMandatoryField/CreateDraftContract/CreateDraftContractValidation"), 20): Object 'Object Repository/PAOppMandatoryField/CreateDraftContract/CreateDraftContractValidation' is present

2023-09-04 10:25:44 - [MESSAGE][PASSED] - Object 'Object Repository/PAOppMandatoryField/CreateDraftContract/CreateDraftContractValidation' is present

2023-09-04 10:25:44 - [TEST_STEP][PASSED] - vipreQA.ClickUsingJS.ClickNewObj(findTestObject("Object Repository/PAOppMandatoryField/CreateDraftContract/CreateDraftcontractButton"), 20): vipreQA.ClickUsingJS.ClickNewObj is PASSED

2023-09-04 10:25:44 - [MESSAGE][PASSED] - vipreQA.ClickUsingJS.ClickNewObj is PASSED

2023-09-04 10:25:44 - [TEST_STEP][PASSED] - verifyElementPresent(findTestObject("Object Repository/PAOppMandatoryField/CreateDraftContract/CreateDraftContractScreenValidation"), 20): Object 'Object Repository/PAOppMandatoryField/CreateDraftContract/CreateDraftContractScreenValidation' is present

2023-09-04 10:25:48 - [MESSAGE][PASSED] - Object 'Object Repository/PAOppMandatoryField/CreateDraftContract/CreateDraftContractScreenValidation' is present

2023-09-04 10:25:48 - [TEST_STEP][PASSED] - setText(findTestObject("Object Repository/PAOppMandatoryField/CreateDraftContract/MSP-ContractStartDate"), MSPContractStartDate): Text 'JUN 14, 2023' is set on object 'Object Repository/PAOppMandatoryField/CreateDraftContract/MSP-ContractStartDate'

2023-09-04 10:26:03 - [MESSAGE][PASSED] - Text 'JUN 14, 2023' is set on object 'Object Repository/PAOppMandatoryField/CreateDraftContract/MSP-ContractStartDate'

2023-09-04 10:26:03 - [TEST_STEP][PASSED] - setText(findTestObject("Object Repository/PAOppMandatoryField/CreateDraftContract/MSP-MinumumMonthlyCommitment"), MSPMinumumMonthlyCommitment): Text '150' is set on object 'Object Repository/PAOppMandatoryField/CreateDraftContract/MSP-MinumumMonthlyCommitment'

2023-09-04 10:26:04 - [MESSAGE][PASSED] - Text '150' is set on object 'Object Repository/PAOppMandatoryField/CreateDraftContract/MSP-MinumumMonthlyCommitment'

2023-09-04 10:26:04 - [TEST_STEP][PASSED] - vipreQA.ClickUsingJS.ClickNewObj(findTestObject("Object Repository/PAOppMandatoryField/CreateDraftContract/CreateDraftContractNext"), 20): vipreQA.ClickUsingJS.ClickNewObj is PASSED

2023-09-04 10:26:04 - [MESSAGE][PASSED] - vipreQA.ClickUsingJS.ClickNewObj is PASSED

2023-09-04 10:26:04 - [TEST_STEP][PASSED] - waitForElementPresent(findTestObject("Object Repository/PAOppMandatoryField/CreateDraftContract/CreateDraftContractFinishButton"), 30): Object 'Object Repository/PAOppMandatoryField/CreateDraftContract/CreateDraftContractFinishButton' is present

2023-09-04 10:26:26 - [MESSAGE][PASSED] - Object 'Object Repository/PAOppMandatoryField/CreateDraftContract/CreateDraftContractFinishButton' is present

2023-09-04 10:26:26 - [TEST_STEP][PASSED] - verifyElementPresent(findTestObject("Object Repository/PAOppMandatoryField/CreateDraftContract/CreateDraftContractFinishButton"), 20): Object 'Object Repository/PAOppMandatoryField/CreateDraftContract/CreateDraftContractFinishButton' is present

2023-09-04 10:26:26 - [MESSAGE][PASSED] - Object 'Object Repository/PAOppMandatoryField/CreateDraftContract/CreateDraftContractFinishButton' is present

2023-09-04 10:26:26 - [TEST_STEP][PASSED] - vipreQA.ClickUsingJS.ClickNewObj(findTestObject("Object Repository/PAOppMandatoryField/CreateDraftContract/CreateDraftContractFinishButton"), 20): vipreQA.ClickUsingJS.ClickNewObj is PASSED

2023-09-04 10:26:27 - [MESSAGE][PASSED] - vipreQA.ClickUsingJS.ClickNewObj is PASSED

2023-09-04 10:26:27 - [TEST_STEP][PASSED] - vipreQA.ClickUsingJS.ClickNewObj(findTestObject("Object Repository/PAOppMandatoryField/RevalidateButton"), 20): vipreQA.ClickUsingJS.ClickNewObj is PASSED

2023-09-04 10:26:37 - [MESSAGE][PASSED] - vipreQA.ClickUsingJS.ClickNewObj is PASSED

2023-09-04 10:26:37 - [TEST_STEP][PASSED] - verifyElementPresent(findTestObject("Object Repository/PAOppMandatoryField/MandatoryField/MandatoryFieldMsgs"), 20): Object 'Object Repository/PAOppMandatoryField/MandatoryField/MandatoryFieldMsgs' is present

2023-09-04 10:27:00 - [MESSAGE][PASSED] - Object 'Object Repository/PAOppMandatoryField/MandatoryField/MandatoryFieldMsgs' is present

2023-09-04 10:27:00 - [TEST_STEP][PASSED] - MandatoryFields = getText(findTestObject("Object Repository/PAOppMandatoryField/MandatoryField/GetMandatoryFields")): Text of object 'Object Repository/PAOppMandatoryField/MandatoryField/GetMandatoryFields' is: 'Account: Primary Billing Contact'

2023-09-04 10:27:11 - [MESSAGE][PASSED] - Text of object 'Object Repository/PAOppMandatoryField/MandatoryField/GetMandatoryFields' is: 'Account: Primary Billing Contact'

2023-09-04 10:27:11 - [TEST_STEP][PASSED] - out.println(MandatoryFields.size()): null

2023-09-04 10:27:11 - [TEST_STEP][PASSED] - out.println("Fields:" + MandatoryFields): null

2023-09-04 10:27:11 - [TEST_STEP][PASSED] - URL = getAttribute(findTestObject("Object Repository/PAOppMandatoryField/Account-PrimaryBillingContact/AccountNameonPA"), "href"): Attribute 'href' of object 'Object Repository/PAOppMandatoryField/Account-PrimaryBillingContact/AccountNameonPA' is: 'https://vipre-exm--qa.sandbox.lightning.force.com/lightning/r/Account/0010E00001YOLsjQAH/view'

2023-09-04 10:27:12 - [MESSAGE][PASSED] - Attribute 'href' of object 'Object Repository/PAOppMandatoryField/Account-PrimaryBillingContact/AccountNameonPA' is: 'https://vipre-exm--qa.sandbox.lightning.force.com/lightning/r/Account/0010E00001YOLsjQAH/view'

2023-09-04 10:27:12 - [TEST_STEP][PASSED] - out.println("URL of the Account:" + URL): null

2023-09-04 10:27:12 - [TEST_STEP][PASSED] - callTestCase(findTestCase("Test Cases/OpenInaNewTab"), ["Path":URL]): Call Test Case 'Test Cases/OpenInaNewTab' successfully

2023-09-04 10:27:12 - [TEST_CASE][PASSED] - Test Cases/OpenInaNewTab: Test Cases/OpenInaNewTab

2023-09-04 10:27:12 - [TEST_STEP][PASSED] - currentPage = getUrl(): Current window's url is: 'https://vipre-exm--qa.sandbox.lightning.force.com/lightning/r/Opportunity/0060E00001mDJwEQAW/view'

2023-09-04 10:27:12 - [MESSAGE][PASSED] - Current window's url is: 'https://vipre-exm--qa.sandbox.lightning.force.com/lightning/r/Opportunity/0060E00001mDJwEQAW/view'

2023-09-04 10:27:12 - [TEST_STEP][PASSED] - currentTab = getWindowIndex(): Current window's index is: 0

2023-09-04 10:27:12 - [MESSAGE][PASSED] - Current window's index is: 0

2023-09-04 10:27:12 - [TEST_STEP][PASSED] - driver = getWebDriver(): null

2023-09-04 10:27:12 - [TEST_STEP][PASSED] - js = driver: null

2023-09-04 10:27:12 - [TEST_STEP][PASSED] - js.executeScript("window.open();"): null

2023-09-04 10:27:12 - [TEST_STEP][PASSED] - switchToWindowIndex(currentTab + 1): Switched to window with index: '1'

2023-09-04 10:27:12 - [MESSAGE][PASSED] - Switched to window with index: '1'

2023-09-04 10:27:12 - [TEST_STEP][PASSED] - navigateToUrl(Path): Navigate to 'https://vipre-exm--qa.sandbox.lightning.force.com/lightning/r/Account/0010E00001YOLsjQAH/view' successfully

2023-09-04 10:27:18 - [MESSAGE][PASSED] - Navigate to 'https://vipre-exm--qa.sandbox.lightning.force.com/lightning/r/Account/0010E00001YOLsjQAH/view' successfully

2023-09-04 10:27:18 - [MESSAGE][PASSED] - Call Test Case 'Test Cases/OpenInaNewTab' successfully

2023-09-04 10:27:18 - [TEST_STEP][PASSED] - scrollToElement(findTestObject("Object Repository/PAOppMandatoryField/Account-PrimaryBillingContact/PrimaryBillingContact"), 20): Scroll to object 'Object Repository/PAOppMandatoryField/Account-PrimaryBillingContact/PrimaryBillingContact' successfully

2023-09-04 10:27:30 - [MESSAGE][PASSED] - Scroll to object 'Object Repository/PAOppMandatoryField/Account-PrimaryBillingContact/PrimaryBillingContact' successfully

2023-09-04 10:27:30 - [TEST_STEP][PASSED] - vipreQA.ClickUsingJS.ClickNewObj(findTestObject("Object Repository/PAOppMandatoryField/Account-PrimaryBillingContact/PrimaryBillingContactEdit"), 20): vipreQA.ClickUsingJS.ClickNewObj is PASSED

2023-09-04 10:27:54 - [MESSAGE][PASSED] - vipreQA.ClickUsingJS.ClickNewObj is PASSED

2023-09-04 10:27:54 - [TEST_STEP][PASSED] - vipreQA.ClickUsingJS.ClickNewObj(findTestObject("Object Repository/PAOppMandatoryField/Account-PrimaryBillingContact/PrimaryBillingContactInputField"), 20): vipreQA.ClickUsingJS.ClickNewObj is PASSED

2023-09-04 10:27:57 - [MESSAGE][PASSED] - vipreQA.ClickUsingJS.ClickNewObj is PASSED

2023-09-04 10:27:57 - [TEST_STEP][PASSED] - vipreQA.ClickUsingJS.ClickNewObj(findTestObject("Object Repository/PAOppMandatoryField/Account-PrimaryBillingContact/PrimaryBilling-NewContact"), 20): vipreQA.ClickUsingJS.ClickNewObj is PASSED

2023-09-04 10:28:06 - [MESSAGE][PASSED] - vipreQA.ClickUsingJS.ClickNewObj is PASSED

2023-09-04 10:28:06 - [TEST_STEP][PASSED] - scrollToElement(findTestObject("Object Repository/PAOppMandatoryField/PrimaryContact/SalutationLabel"), 20): Scroll to object 'Object Repository/PAOppMandatoryField/PrimaryContact/SalutationLabel' successfully

2023-09-04 10:28:12 - [MESSAGE][PASSED] - Scroll to object 'Object Repository/PAOppMandatoryField/PrimaryContact/SalutationLabel' successfully

2023-09-04 10:28:12 - [TEST_STEP][PASSED] - vipreQA.ClickUsingJS.ClickNewObj(findTestObject("Object Repository/PAOppMandatoryField/PrimaryContact/SalutationNone"), 20): vipreQA.ClickUsingJS.ClickNewObj is PASSED

2023-09-04 10:28:12 - [MESSAGE][PASSED] - vipreQA.ClickUsingJS.ClickNewObj is PASSED

2023-09-04 10:28:12 - [TEST_STEP][PASSED] - vipreQA.ClickUsingJS.ClickNewObj(findTestObject("Object Repository/PAOppMandatoryField/PrimaryContact/SalutationValue", ["value":Salutation]), 20): vipreQA.ClickUsingJS.ClickNewObj is PASSED

2023-09-04 10:28:13 - [MESSAGE][PASSED] - vipreQA.ClickUsingJS.ClickNewObj is PASSED

2023-09-04 10:28:13 - [TEST_STEP][PASSED] - setText(findTestObject("Object Repository/PAOppMandatoryField/PrimaryContact/FirstName"), FirstName): Text 'Gayathri' is set on object 'Object Repository/PAOppMandatoryField/PrimaryContact/FirstName'

2023-09-04 10:28:14 - [MESSAGE][PASSED] - Text 'Gayathri' is set on object 'Object Repository/PAOppMandatoryField/PrimaryContact/FirstName'

2023-09-04 10:28:14 - [TEST_STEP][PASSED] - setText(findTestObject("Object Repository/PAOppMandatoryField/PrimaryContact/Last Name"), LastName): Text 'K' is set on object 'Object Repository/PAOppMandatoryField/PrimaryContact/Last Name'

2023-09-04 10:28:15 - [MESSAGE][PASSED] - Text 'K' is set on object 'Object Repository/PAOppMandatoryField/PrimaryContact/Last Name'

2023-09-04 10:28:15 - [TEST_STEP][PASSED] - setText(findTestObject("Object Repository/PAOppMandatoryField/PrimaryContact/Account Name"), AccountName_Direct_ExcelMicro): Text 'TestAutomation_DirectClient_ExcelMicro_001' is set on object 'Object Repository/PAOppMandatoryField/PrimaryContact/Account Name'

2023-09-04 10:28:16 - [MESSAGE][PASSED] - Text 'TestAutomation_DirectClient_ExcelMicro_001' is set on object 'Object Repository/PAOppMandatoryField/PrimaryContact/Account Name'

2023-09-04 10:28:16 - [TEST_STEP][PASSED] - vipreQA.ClickUsingJS.ClickNewObj(findTestObject("Object Repository/PAOppMandatoryField/PrimaryContact/AccountNameList", ["value":AccountName_Direct_ExcelMicro]), 20): vipreQA.ClickUsingJS.ClickNewObj is PASSED

2023-09-04 10:28:18 - [MESSAGE][PASSED] - vipreQA.ClickUsingJS.ClickNewObj is PASSED

2023-09-04 10:28:18 - [TEST_STEP][PASSED] - setText(findTestObject("Object Repository/PAOppMandatoryField/PrimaryContact/Email"), Email): Text 'g3us2009@gmail.com' is set on object 'Object Repository/PAOppMandatoryField/PrimaryContact/Email'

2023-09-04 10:28:19 - [MESSAGE][PASSED] - Text 'g3us2009@gmail.com' is set on object 'Object Repository/PAOppMandatoryField/PrimaryContact/Email'

2023-09-04 10:28:19 - [TEST_STEP][PASSED] - setText(findTestObject("Object Repository/PAOppMandatoryField/PrimaryContact/Phone"), PhoneNumber): Text '6187657897' is set on object 'Object Repository/PAOppMandatoryField/PrimaryContact/Phone'

2023-09-04 10:28:20 - [MESSAGE][PASSED] - Text '6187657897' is set on object 'Object Repository/PAOppMandatoryField/PrimaryContact/Phone'

2023-09-04 10:28:20 - [TEST_STEP][PASSED] - setText(findTestObject("Object Repository/PAOppMandatoryField/PrimaryContact/Title"), Title): Text 'Vice President' is set on object 'Object Repository/PAOppMandatoryField/PrimaryContact/Title'

2023-09-04 10:28:21 - [MESSAGE][PASSED] - Text 'Vice President' is set on object 'Object Repository/PAOppMandatoryField/PrimaryContact/Title'

2023-09-04 10:28:21 - [TEST_STEP][PASSED] - vipreQA.ClickUsingJS.ClickNewObj(findTestObject("Object Repository/PAOppMandatoryField/PrimaryContact/SaveButton"), 20): vipreQA.ClickUsingJS.ClickNewObj is PASSED

2023-09-04 10:28:21 - [MESSAGE][PASSED] - vipreQA.ClickUsingJS.ClickNewObj is PASSED

2023-09-04 10:28:21 - [TEST_STEP][PASSED] - sleep(10000): null

2023-09-04 10:28:31 - [TEST_STEP][PASSED] - vipreQA.ClickUsingJS.ClickNewObj(findTestObject("Object Repository/PAOppMandatoryField/Account-PrimaryBillingContact/SaveButton"), 20): vipreQA.ClickUsingJS.ClickNewObj is PASSED

2023-09-04 10:28:42 - [MESSAGE][PASSED] - vipreQA.ClickUsingJS.ClickNewObj is PASSED

2023-09-04 10:28:42 - [TEST_STEP][PASSED] - sleep(10000): null

2023-09-04 10:28:52 - [TEST_STEP][PASSED] - switchToWindowIndex(0): Switched to window with index: '0'

2023-09-04 10:28:52 - [MESSAGE][PASSED] - Switched to window with index: '0'

2023-09-04 10:28:52 - [TEST_STEP][PASSED] - sleep(1000): null

2023-09-04 10:28:53 - [TEST_STEP][PASSED] - vipreQA.ClickUsingJS.ClickNewObj(findTestObject("Object Repository/PAOppMandatoryField/RevalidateButton"), 20): vipreQA.ClickUsingJS.ClickNewObj is PASSED

2023-09-04 10:28:54 - [MESSAGE][PASSED] - vipreQA.ClickUsingJS.ClickNewObj is PASSED

2023-09-04 10:28:54 - [TEST_STEP][PASSED] - MandatoryFields = getText(findTestObject("Object Repository/PAOppMandatoryField/MandatoryField/GetMandatoryFields")): Text of object 'Object Repository/PAOppMandatoryField/MandatoryField/GetMandatoryFields' is: 'Contact'

2023-09-04 10:28:59 - [MESSAGE][PASSED] - Text of object 'Object Repository/PAOppMandatoryField/MandatoryField/GetMandatoryFields' is: 'Contact'

2023-09-04 10:28:59 - [TEST_STEP][PASSED] - out.println("Fields:" + MandatoryFields): null

2023-09-04 10:28:59 - [TEST_STEP][PASSED] - vipreQA.ClickUsingJS.ClickNewObj(findTestObject("Object Repository/PAOppMandatoryField/PrimaryContact/PrimaryContactField", ["value":MandatoryFields]), 20): vipreQA.ClickUsingJS.ClickNewObj is PASSED

2023-09-04 10:29:12 - [MESSAGE][PASSED] - vipreQA.ClickUsingJS.ClickNewObj is PASSED

2023-09-04 10:29:12 - [TEST_STEP][PASSED] - vipreQA.ClickUsingJS.ClickNewObj(findTestObject("Object Repository/PAOppMandatoryField/PrimaryContact/PrimaryContactclick"), 20): vipreQA.ClickUsingJS.ClickNewObj is PASSED

2023-09-04 10:29:15 - [MESSAGE][PASSED] - vipreQA.ClickUsingJS.ClickNewObj is PASSED

2023-09-04 10:29:15 - [TEST_STEP][PASSED] - setText(findTestObject("Object Repository/PAOppMandatoryField/PrimaryContact/PrimaryContactclick"), FirstName): Text 'Gayathri' is set on object 'Object Repository/PAOppMandatoryField/PrimaryContact/PrimaryContactclick'

2023-09-04 10:29:16 - [MESSAGE][PASSED] - Text 'Gayathri' is set on object 'Object Repository/PAOppMandatoryField/PrimaryContact/PrimaryContactclick'

2023-09-04 10:29:16 - [TEST_STEP][PASSED] - vipreQA.ClickUsingJS.ClickNewObj(findTestObject("Object Repository/PAOppMandatoryField/PrimaryContact/SelectListedContact", ["value":FirstName]), 20): vipreQA.ClickUsingJS.ClickNewObj is PASSED

2023-09-04 10:29:20 - [MESSAGE][PASSED] - vipreQA.ClickUsingJS.ClickNewObj is PASSED

2023-09-04 10:29:20 - [TEST_STEP][PASSED] - vipreQA.ClickUsingJS.ClickNewObj(findTestObject("Object Repository/PAOppMandatoryField/SaveButton"), 20): vipreQA.ClickUsingJS.ClickNewObj is PASSED

2023-09-04 10:29:21 - [MESSAGE][PASSED] - vipreQA.ClickUsingJS.ClickNewObj is PASSED

2023-09-04 10:29:21 - [TEST_STEP][PASSED] - sleep(1000): null

2023-09-04 10:29:22 - [TEST_STEP][PASSED] - vipreQA.ClickUsingJS.ClickNewObj(findTestObject("Object Repository/PAOppMandatoryField/RevalidateButton"), 20): vipreQA.ClickUsingJS.ClickNewObj is PASSED

2023-09-04 10:29:31 - [MESSAGE][PASSED] - vipreQA.ClickUsingJS.ClickNewObj is PASSED

2023-09-04 10:29:31 - [TEST_STEP][PASSED] - MandatoryFields = getText(findTestObject("Object Repository/PAOppMandatoryField/MandatoryField/GetMandatoryFields")): Text of object 'Object Repository/PAOppMandatoryField/MandatoryField/GetMandatoryFields' is: 'Payment Method'

2023-09-04 10:29:41 - [MESSAGE][PASSED] - Text of object 'Object Repository/PAOppMandatoryField/MandatoryField/GetMandatoryFields' is: 'Payment Method'

2023-09-04 10:29:41 - [TEST_STEP][PASSED] - out.println("Fields:" + MandatoryFields): null

2023-09-04 10:29:41 - [TEST_STEP][PASSED] - scrollToElement(findTestObject("Object Repository/PAOppMandatoryField/Payment Method/PaymentMethodLabel", ["value":MandatoryFields]), 20): Scroll to object 'Object Repository/PAOppMandatoryField/Payment Method/PaymentMethodLabel' successfully

2023-09-04 10:29:41 - [MESSAGE][PASSED] - Scroll to object 'Object Repository/PAOppMandatoryField/Payment Method/PaymentMethodLabel' successfully

2023-09-04 10:29:41 - [TEST_STEP][PASSED] - vipreQA.ClickUsingJS.ClickNewObj(findTestObject("Object Repository/PAOppMandatoryField/Payment Method/PaymentMethodEdit"), 20): vipreQA.ClickUsingJS.ClickNewObj is PASSED

2023-09-04 10:29:42 - [MESSAGE][PASSED] - vipreQA.ClickUsingJS.ClickNewObj is PASSED

2023-09-04 10:29:42 - [TEST_STEP][PASSED] - vipreQA.ClickUsingJS.ClickNewObj(findTestObject("Object Repository/PAOppMandatoryField/Payment Method/PaymentMethodNone"), 20): vipreQA.ClickUsingJS.ClickNewObj is PASSED

2023-09-04 10:29:42 - [MESSAGE][PASSED] - vipreQA.ClickUsingJS.ClickNewObj is PASSED

2023-09-04 10:29:42 - [TEST_STEP][PASSED] - vipreQA.ClickUsingJS.ClickNewObj(findTestObject("Object Repository/PAOppMandatoryField/Payment Method/PaymentMethodValue", ["value":PaymentMethod]), 20): vipreQA.ClickUsingJS.ClickNewObj is PASSED

2023-09-04 10:29:43 - [MESSAGE][PASSED] - vipreQA.ClickUsingJS.ClickNewObj is PASSED

2023-09-04 10:29:43 - [TEST_STEP][PASSED] - vipreQA.ClickUsingJS.ClickNewObj(findTestObject("Object Repository/PAOppMandatoryField/SaveButton"), 20): vipreQA.ClickUsingJS.ClickNewObj is PASSED

2023-09-04 10:29:43 - [MESSAGE][PASSED] - vipreQA.ClickUsingJS.ClickNewObj is PASSED

2023-09-04 10:29:43 - [TEST_STEP][PASSED] - sleep(5000): null

2023-09-04 10:29:48 - [TEST_STEP][PASSED] - vipreQA.ClickUsingJS.ClickNewObj(findTestObject("Object Repository/PAOppMandatoryField/RevalidateButton"), 20): vipreQA.ClickUsingJS.ClickNewObj is PASSED

2023-09-04 10:29:49 - [MESSAGE][PASSED] - vipreQA.ClickUsingJS.ClickNewObj is PASSED

2023-09-04 10:29:49 - [TEST_STEP][FAILED] - MandatoryFields = getText(findTestObject("Object Repository/PAOppMandatoryField/MandatoryField/GetMandatoryFields")): Unable to get text of object 'Object Repository/PAOppMandatoryField/MandatoryField/GetMandatoryFields' (Root cause: com.kms.katalon.core.exception.StepFailedException: Unable to get text of object 'Object Repository/PAOppMandatoryField/MandatoryField/GetMandatoryFields'
	at com.kms.katalon.core.webui.keyword.internal.WebUIKeywordMain.stepFailed(WebUIKeywordMain.groovy:64)
	at com.kms.katalon.core.webui.keyword.internal.WebUIKeywordMain.runKeyword(WebUIKeywordMain.groovy:26)
	at com.kms.katalon.core.webui.keyword.builtin.GetTextKeyword.getText(GetTextKeyword.groovy:88)
	at com.kms.katalon.core.webui.keyword.builtin.GetTextKeyword.execute(GetTextKeyword.groovy:67)
	at com.kms.katalon.core.keyword.internal.KeywordExecutor.executeKeywordForPlatform(KeywordExecutor.groovy:74)
	at com.kms.katalon.core.webui.keyword.WebUiBuiltInKeywords.getText(WebUiBuiltInKeywords.groovy:918)
	at com.kms.katalon.core.webui.keyword.WebUiBuiltInKeywords$getText$12.call(Unknown Source)
	at MSPContract-ExcelMicroUser-DirectAccount.run(MSPContract-ExcelMicroUser-DirectAccount:163)
	at com.kms.katalon.core.main.ScriptEngine.run(ScriptEngine.java:194)
	at com.kms.katalon.core.main.ScriptEngine.runScriptAsRawText(ScriptEngine.java:119)
	at com.kms.katalon.core.main.TestCaseExecutor.runScript(TestCaseExecutor.java:445)
	at com.kms.katalon.core.main.TestCaseExecutor.doExecute(TestCaseExecutor.java:436)
	at com.kms.katalon.core.main.TestCaseExecutor.processExecutionPhase(TestCaseExecutor.java:415)
	at com.kms.katalon.core.main.TestCaseExecutor.accessMainPhase(TestCaseExecutor.java:407)
	at com.kms.katalon.core.main.TestCaseExecutor.execute(TestCaseExecutor.java:284)
	at com.kms.katalon.core.common.CommonExecutor.accessTestCaseMainPhase(CommonExecutor.java:65)
	at com.kms.katalon.core.main.TestSuiteExecutor.accessTestSuiteMainPhase(TestSuiteExecutor.java:144)
	at com.kms.katalon.core.main.TestSuiteExecutor.execute(TestSuiteExecutor.java:106)
	at com.kms.katalon.core.main.TestCaseMain.startTestSuite(TestCaseMain.java:185)
	at com.kms.katalon.core.main.TestCaseMain$startTestSuite$0.call(Unknown Source)
	at TempTestSuite1693802780529.run(TempTestSuite1693802780529.groovy:36)
Caused by: com.kms.katalon.core.webui.exception.WebElementNotFoundException: Web element with id: 'Object Repository/PAOppMandatoryField/MandatoryField/GetMandatoryFields' located by '//flowruntime-lwc-field[@class='field-element']//span//li' not found
	at com.kms.katalon.core.webui.common.WebUiCommonHelper.findWebElement(WebUiCommonHelper.java:1370)
	at com.kms.katalon.core.webui.keyword.internal.WebUIAbstractKeyword.findWebElement(WebUIAbstractKeyword.groovy:27)
	at com.kms.katalon.core.webui.keyword.internal.WebUIAbstractKeyword.findWebElement(WebUIAbstractKeyword.groovy:26)
	at com.kms.katalon.core.webui.keyword.builtin.GetTextKeyword$_getText_closure1.doCall(GetTextKeyword.groovy:78)
	at com.kms.katalon.core.webui.keyword.builtin.GetTextKeyword$_getText_closure1.call(GetTextKeyword.groovy)
	at com.kms.katalon.core.webui.keyword.internal.WebUIKeywordMain.runKeyword(WebUIKeywordMain.groovy:20)
	at com.kms.katalon.core.webui.keyword.builtin.GetTextKeyword.getText(GetTextKeyword.groovy:88)
	at com.kms.katalon.core.webui.keyword.builtin.GetTextKeyword.execute(GetTextKeyword.groovy:67)
	at com.kms.katalon.core.keyword.internal.KeywordExecutor.executeKeywordForPlatform(KeywordExecutor.groovy:74)
	at com.kms.katalon.core.webui.keyword.WebUiBuiltInKeywords.getText(WebUiBuiltInKeywords.groovy:918)
	at com.kms.katalon.core.webui.keyword.WebUiBuiltInKeywords$getText$12.call(Unknown Source)
	at Script1693327022266.run(Script1693327022266.groovy:163)
	... 13 more
)

2023-09-04 10:30:21 - [MESSAGE][INFO] - Unable to find the element located by 'By.xpath: //flowruntime-lwc-field[@class='field-element']//span//li'. Please recheck the objects properties to make sure the desired element is located. 

2023-09-04 10:30:21 - [MESSAGE][FAILED] - Unable to get text of object 'Object Repository/PAOppMandatoryField/MandatoryField/GetMandatoryFields' (Root cause: com.kms.katalon.core.exception.StepFailedException: Unable to get text of object 'Object Repository/PAOppMandatoryField/MandatoryField/GetMandatoryFields'
	at com.kms.katalon.core.webui.keyword.internal.WebUIKeywordMain.stepFailed(WebUIKeywordMain.groovy:64)
	at com.kms.katalon.core.webui.keyword.internal.WebUIKeywordMain.runKeyword(WebUIKeywordMain.groovy:26)
	at com.kms.katalon.core.webui.keyword.builtin.GetTextKeyword.getText(GetTextKeyword.groovy:88)
	at com.kms.katalon.core.webui.keyword.builtin.GetTextKeyword.execute(GetTextKeyword.groovy:67)
	at com.kms.katalon.core.keyword.internal.KeywordExecutor.executeKeywordForPlatform(KeywordExecutor.groovy:74)
	at com.kms.katalon.core.webui.keyword.WebUiBuiltInKeywords.getText(WebUiBuiltInKeywords.groovy:918)
	at com.kms.katalon.core.webui.keyword.WebUiBuiltInKeywords$getText$12.call(Unknown Source)
	at MSPContract-ExcelMicroUser-DirectAccount.run(MSPContract-ExcelMicroUser-DirectAccount:163)
	at com.kms.katalon.core.main.ScriptEngine.run(ScriptEngine.java:194)
	at com.kms.katalon.core.main.ScriptEngine.runScriptAsRawText(ScriptEngine.java:119)
	at com.kms.katalon.core.main.TestCaseExecutor.runScript(TestCaseExecutor.java:445)
	at com.kms.katalon.core.main.TestCaseExecutor.doExecute(TestCaseExecutor.java:436)
	at com.kms.katalon.core.main.TestCaseExecutor.processExecutionPhase(TestCaseExecutor.java:415)
	at com.kms.katalon.core.main.TestCaseExecutor.accessMainPhase(TestCaseExecutor.java:407)
	at com.kms.katalon.core.main.TestCaseExecutor.execute(TestCaseExecutor.java:284)
	at com.kms.katalon.core.common.CommonExecutor.accessTestCaseMainPhase(CommonExecutor.java:65)
	at com.kms.katalon.core.main.TestSuiteExecutor.accessTestSuiteMainPhase(TestSuiteExecutor.java:144)
	at com.kms.katalon.core.main.TestSuiteExecutor.execute(TestSuiteExecutor.java:106)
	at com.kms.katalon.core.main.TestCaseMain.startTestSuite(TestCaseMain.java:185)
	at com.kms.katalon.core.main.TestCaseMain$startTestSuite$0.call(Unknown Source)
	at TempTestSuite1693802780529.run(TempTestSuite1693802780529.groovy:36)
Caused by: com.kms.katalon.core.webui.exception.WebElementNotFoundException: Web element with id: 'Object Repository/PAOppMandatoryField/MandatoryField/GetMandatoryFields' located by '//flowruntime-lwc-field[@class='field-element']//span//li' not found
	at com.kms.katalon.core.webui.common.WebUiCommonHelper.findWebElement(WebUiCommonHelper.java:1370)
	at com.kms.katalon.core.webui.keyword.internal.WebUIAbstractKeyword.findWebElement(WebUIAbstractKeyword.groovy:27)
	at com.kms.katalon.core.webui.keyword.internal.WebUIAbstractKeyword.findWebElement(WebUIAbstractKeyword.groovy:26)
	at com.kms.katalon.core.webui.keyword.builtin.GetTextKeyword$_getText_closure1.doCall(GetTextKeyword.groovy:78)
	at com.kms.katalon.core.webui.keyword.builtin.GetTextKeyword$_getText_closure1.call(GetTextKeyword.groovy)
	at com.kms.katalon.core.webui.keyword.internal.WebUIKeywordMain.runKeyword(WebUIKeywordMain.groovy:20)
	at com.kms.katalon.core.webui.keyword.builtin.GetTextKeyword.getText(GetTextKeyword.groovy:88)
	at com.kms.katalon.core.webui.keyword.builtin.GetTextKeyword.execute(GetTextKeyword.groovy:67)
	at com.kms.katalon.core.keyword.internal.KeywordExecutor.executeKeywordForPlatform(KeywordExecutor.groovy:74)
	at com.kms.katalon.core.webui.keyword.WebUiBuiltInKeywords.getText(WebUiBuiltInKeywords.groovy:918)
	at com.kms.katalon.core.webui.keyword.WebUiBuiltInKeywords$getText$12.call(Unknown Source)
	at Script1693327022266.run(Script1693327022266.groovy:163)
	... 13 more
)
[[ATTACHMENT|C:\\Users\\gayathri.kumaresan\\git\\VIPRE-RecordCreations\\Reports\\20230904_101620\\DirectAccount-PAOpp-MSPContract-ExcelMicro-User\\20230904_101620\\1693803621005.png]]]]></system-out>
         <system-err><![CDATA[2023-09-04 10:21:56 - [TEST_CASE][FAILED] - Test Cases/MSPContract-ExcelMicroUser-DirectAccount: Test Cases/MSPContract-ExcelMicroUser-DirectAccount FAILED.
Reason:
com.kms.katalon.core.exception.StepFailedException: Unable to get text of object 'Object Repository/PAOppMandatoryField/MandatoryField/GetMandatoryFields'
	at com.kms.katalon.core.webui.keyword.internal.WebUIKeywordMain.stepFailed(WebUIKeywordMain.groovy:64)
	at com.kms.katalon.core.webui.keyword.internal.WebUIKeywordMain.runKeyword(WebUIKeywordMain.groovy:26)
	at com.kms.katalon.core.webui.keyword.builtin.GetTextKeyword.getText(GetTextKeyword.groovy:88)
	at com.kms.katalon.core.webui.keyword.builtin.GetTextKeyword.execute(GetTextKeyword.groovy:67)
	at com.kms.katalon.core.keyword.internal.KeywordExecutor.executeKeywordForPlatform(KeywordExecutor.groovy:74)
	at com.kms.katalon.core.webui.keyword.WebUiBuiltInKeywords.getText(WebUiBuiltInKeywords.groovy:918)
	at com.kms.katalon.core.webui.keyword.WebUiBuiltInKeywords$getText$12.call(Unknown Source)
	at MSPContract-ExcelMicroUser-DirectAccount.run(MSPContract-ExcelMicroUser-DirectAccount:163)
	at com.kms.katalon.core.main.ScriptEngine.run(ScriptEngine.java:194)
	at com.kms.katalon.core.main.ScriptEngine.runScriptAsRawText(ScriptEngine.java:119)
	at com.kms.katalon.core.main.TestCaseExecutor.runScript(TestCaseExecutor.java:445)
	at com.kms.katalon.core.main.TestCaseExecutor.doExecute(TestCaseExecutor.java:436)
	at com.kms.katalon.core.main.TestCaseExecutor.processExecutionPhase(TestCaseExecutor.java:415)
	at com.kms.katalon.core.main.TestCaseExecutor.accessMainPhase(TestCaseExecutor.java:407)
	at com.kms.katalon.core.main.TestCaseExecutor.execute(TestCaseExecutor.java:284)
	at com.kms.katalon.core.common.CommonExecutor.accessTestCaseMainPhase(CommonExecutor.java:65)
	at com.kms.katalon.core.main.TestSuiteExecutor.accessTestSuiteMainPhase(TestSuiteExecutor.java:144)
	at com.kms.katalon.core.main.TestSuiteExecutor.execute(TestSuiteExecutor.java:106)
	at com.kms.katalon.core.main.TestCaseMain.startTestSuite(TestCaseMain.java:185)
	at com.kms.katalon.core.main.TestCaseMain$startTestSuite$0.call(Unknown Source)
	at TempTestSuite1693802780529.run(TempTestSuite1693802780529.groovy:36)
Caused by: com.kms.katalon.core.webui.exception.WebElementNotFoundException: Web element with id: 'Object Repository/PAOppMandatoryField/MandatoryField/GetMandatoryFields' located by '//flowruntime-lwc-field[@class='field-element']//span//li' not found
	at com.kms.katalon.core.webui.common.WebUiCommonHelper.findWebElement(WebUiCommonHelper.java:1370)
	at com.kms.katalon.core.webui.keyword.internal.WebUIAbstractKeyword.findWebElement(WebUIAbstractKeyword.groovy:27)
	at com.kms.katalon.core.webui.keyword.internal.WebUIAbstractKeyword.findWebElement(WebUIAbstractKeyword.groovy:26)
	at com.kms.katalon.core.webui.keyword.builtin.GetTextKeyword$_getText_closure1.doCall(GetTextKeyword.groovy:78)
	at com.kms.katalon.core.webui.keyword.builtin.GetTextKeyword$_getText_closure1.call(GetTextKeyword.groovy)
	at com.kms.katalon.core.webui.keyword.internal.WebUIKeywordMain.runKeyword(WebUIKeywordMain.groovy:20)
	... 19 more]]></system-err>
      </testcase>
      <system-out><![CDATA[2023-09-04 10:16:23 - [TEST_SUITE][FAILED] - DirectAccount-PAOpp-MSPContract-ExcelMicro-User: Test Cases/MSPContract-ExcelMicroUser-DirectAccount FAILED.
Reason:
com.kms.katalon.core.exception.StepFailedException: Unable to get text of object 'Object Repository/PAOppMandatoryField/MandatoryField/GetMandatoryFields'
	at com.kms.katalon.core.webui.keyword.internal.WebUIKeywordMain.stepFailed(WebUIKeywordMain.groovy:64)
	at com.kms.katalon.core.webui.keyword.internal.WebUIKeywordMain.runKeyword(WebUIKeywordMain.groovy:26)
	at com.kms.katalon.core.webui.keyword.builtin.GetTextKeyword.getText(GetTextKeyword.groovy:88)
	at com.kms.katalon.core.webui.keyword.builtin.GetTextKeyword.execute(GetTextKeyword.groovy:67)
	at com.kms.katalon.core.keyword.internal.KeywordExecutor.executeKeywordForPlatform(KeywordExecutor.groovy:74)
	at com.kms.katalon.core.webui.keyword.WebUiBuiltInKeywords.getText(WebUiBuiltInKeywords.groovy:918)
	at com.kms.katalon.core.webui.keyword.WebUiBuiltInKeywords$getText$12.call(Unknown Source)
	at MSPContract-ExcelMicroUser-DirectAccount.run(MSPContract-ExcelMicroUser-DirectAccount:163)
	at com.kms.katalon.core.main.ScriptEngine.run(ScriptEngine.java:194)
	at com.kms.katalon.core.main.ScriptEngine.runScriptAsRawText(ScriptEngine.java:119)
	at com.kms.katalon.core.main.TestCaseExecutor.runScript(TestCaseExecutor.java:445)
	at com.kms.katalon.core.main.TestCaseExecutor.doExecute(TestCaseExecutor.java:436)
	at com.kms.katalon.core.main.TestCaseExecutor.processExecutionPhase(TestCaseExecutor.java:415)
	at com.kms.katalon.core.main.TestCaseExecutor.accessMainPhase(TestCaseExecutor.java:407)
	at com.kms.katalon.core.main.TestCaseExecutor.execute(TestCaseExecutor.java:284)
	at com.kms.katalon.core.common.CommonExecutor.accessTestCaseMainPhase(CommonExecutor.java:65)
	at com.kms.katalon.core.main.TestSuiteExecutor.accessTestSuiteMainPhase(TestSuiteExecutor.java:144)
	at com.kms.katalon.core.main.TestSuiteExecutor.execute(TestSuiteExecutor.java:106)
	at com.kms.katalon.core.main.TestCaseMain.startTestSuite(TestCaseMain.java:185)
	at com.kms.katalon.core.main.TestCaseMain$startTestSuite$0.call(Unknown Source)
	at TempTestSuite1693802780529.run(TempTestSuite1693802780529.groovy:36)
Caused by: com.kms.katalon.core.webui.exception.WebElementNotFoundException: Web element with id: 'Object Repository/PAOppMandatoryField/MandatoryField/GetMandatoryFields' located by '//flowruntime-lwc-field[@class='field-element']//span//li' not found
	at com.kms.katalon.core.webui.common.WebUiCommonHelper.findWebElement(WebUiCommonHelper.java:1370)
	at com.kms.katalon.core.webui.keyword.internal.WebUIAbstractKeyword.findWebElement(WebUIAbstractKeyword.groovy:27)
	at com.kms.katalon.core.webui.keyword.internal.WebUIAbstractKeyword.findWebElement(WebUIAbstractKeyword.groovy:26)
	at com.kms.katalon.core.webui.keyword.builtin.GetTextKeyword$_getText_closure1.doCall(GetTextKeyword.groovy:78)
	at com.kms.katalon.core.webui.keyword.builtin.GetTextKeyword$_getText_closure1.call(GetTextKeyword.groovy)
	at com.kms.katalon.core.webui.keyword.internal.WebUIKeywordMain.runKeyword(WebUIKeywordMain.groovy:20)
	... 19 more]]></system-out>
      <system-err><![CDATA[2023-09-04 10:16:23 - [TEST_SUITE][FAILED] - DirectAccount-PAOpp-MSPContract-ExcelMicro-User: Test Cases/MSPContract-ExcelMicroUser-DirectAccount FAILED.
Reason:
com.kms.katalon.core.exception.StepFailedException: Unable to get text of object 'Object Repository/PAOppMandatoryField/MandatoryField/GetMandatoryFields'
	at com.kms.katalon.core.webui.keyword.internal.WebUIKeywordMain.stepFailed(WebUIKeywordMain.groovy:64)
	at com.kms.katalon.core.webui.keyword.internal.WebUIKeywordMain.runKeyword(WebUIKeywordMain.groovy:26)
	at com.kms.katalon.core.webui.keyword.builtin.GetTextKeyword.getText(GetTextKeyword.groovy:88)
	at com.kms.katalon.core.webui.keyword.builtin.GetTextKeyword.execute(GetTextKeyword.groovy:67)
	at com.kms.katalon.core.keyword.internal.KeywordExecutor.executeKeywordForPlatform(KeywordExecutor.groovy:74)
	at com.kms.katalon.core.webui.keyword.WebUiBuiltInKeywords.getText(WebUiBuiltInKeywords.groovy:918)
	at com.kms.katalon.core.webui.keyword.WebUiBuiltInKeywords$getText$12.call(Unknown Source)
	at MSPContract-ExcelMicroUser-DirectAccount.run(MSPContract-ExcelMicroUser-DirectAccount:163)
	at com.kms.katalon.core.main.ScriptEngine.run(ScriptEngine.java:194)
	at com.kms.katalon.core.main.ScriptEngine.runScriptAsRawText(ScriptEngine.java:119)
	at com.kms.katalon.core.main.TestCaseExecutor.runScript(TestCaseExecutor.java:445)
	at com.kms.katalon.core.main.TestCaseExecutor.doExecute(TestCaseExecutor.java:436)
	at com.kms.katalon.core.main.TestCaseExecutor.processExecutionPhase(TestCaseExecutor.java:415)
	at com.kms.katalon.core.main.TestCaseExecutor.accessMainPhase(TestCaseExecutor.java:407)
	at com.kms.katalon.core.main.TestCaseExecutor.execute(TestCaseExecutor.java:284)
	at com.kms.katalon.core.common.CommonExecutor.accessTestCaseMainPhase(CommonExecutor.java:65)
	at com.kms.katalon.core.main.TestSuiteExecutor.accessTestSuiteMainPhase(TestSuiteExecutor.java:144)
	at com.kms.katalon.core.main.TestSuiteExecutor.execute(TestSuiteExecutor.java:106)
	at com.kms.katalon.core.main.TestCaseMain.startTestSuite(TestCaseMain.java:185)
	at com.kms.katalon.core.main.TestCaseMain$startTestSuite$0.call(Unknown Source)
	at TempTestSuite1693802780529.run(TempTestSuite1693802780529.groovy:36)
Caused by: com.kms.katalon.core.webui.exception.WebElementNotFoundException: Web element with id: 'Object Repository/PAOppMandatoryField/MandatoryField/GetMandatoryFields' located by '//flowruntime-lwc-field[@class='field-element']//span//li' not found
	at com.kms.katalon.core.webui.common.WebUiCommonHelper.findWebElement(WebUiCommonHelper.java:1370)
	at com.kms.katalon.core.webui.keyword.internal.WebUIAbstractKeyword.findWebElement(WebUIAbstractKeyword.groovy:27)
	at com.kms.katalon.core.webui.keyword.internal.WebUIAbstractKeyword.findWebElement(WebUIAbstractKeyword.groovy:26)
	at com.kms.katalon.core.webui.keyword.builtin.GetTextKeyword$_getText_closure1.doCall(GetTextKeyword.groovy:78)
	at com.kms.katalon.core.webui.keyword.builtin.GetTextKeyword$_getText_closure1.call(GetTextKeyword.groovy)
	at com.kms.katalon.core.webui.keyword.internal.WebUIKeywordMain.runKeyword(WebUIKeywordMain.groovy:20)
	... 19 more]]></system-err>
   </testsuite>
</testsuites>
