<?xml version="1.0" encoding="UTF-8"?>
<testsuites name="DirectAccount-PAOpp-MSPContract-ExcelMicro-User" time="258.202" tests="4" failures="0" errors="0">
   <testsuite name="DirectAccount-PAOpp-MSPContract-ExcelMicro-User" tests="4" failures="0" errors="0" time="258.202" skipped="0" timestamp="2023-09-19 11:33:12" hostname="GayathriKumaresan - LT-NB-571" id="Test Suites/DirectAccount-PAOpp-MSPContract-ExcelMicro-User">
      <properties>
         <property name="deviceName" value=""/>
         <property name="devicePlatform" value=""/>
         <property name="logFolder" value="C:\\Users\\gayathri.kumaresan\\git\\VIPRE-RecordCreations\\Reports\\20230919_113309\\DirectAccount-PAOpp-MSPContract-ExcelMicro-User\\20230919_113309"/>
         <property name="logFiles" value="C:\\Users\\gayathri.kumaresan\\git\\VIPRE-RecordCreations\\Reports\\20230919_113309\\DirectAccount-PAOpp-MSPContract-ExcelMicro-User\\20230919_113309\\execution0.log"/>
         <property name="attachments" value=""/>
         <property name="hostName" value="GayathriKumaresan - LT-NB-571"/>
         <property name="os" value="Windows 10 64bit"/>
         <property name="katalonVersion" value="8.3.5.208"/>
         <property name="browser" value="Chrome 116.0.0.0"/>
         <property name="hostAddress" value="192.168.29.57"/>
         <property name="sessionId" value="7c273166d5f39c5f537f2af62bacb5a9"/>
         <property name="seleniumVersion" value="3.141.59"/>
         <property name="proxyInformation" value="ProxyInformation { proxyOption=NO_PROXY, proxyServerType=HTTP, username=, password=********, proxyServerAddress=, proxyServerPort=0, executionList=&quot;&quot;, isApplyToDesiredCapabilities=true }"/>
         <property name="platform" value="Windows 10"/>
      </properties>
      <testcase name="Test Cases/LoginasExcelMicroUser" time="41.046" classname="Test Cases/LoginasExcelMicroUser" status="PASSED">
         <system-out><![CDATA[2023-09-19 11:33:12 - [TEST_CASE][PASSED] - Test Cases/LoginasExcelMicroUser: Test Cases/LoginasExcelMicroUser

2023-09-19 11:33:12 - [TEST_STEP][PASSED] - callTestCase(findTestCase("Test Cases/LogintoSalesforce-Admin"), null): Call Test Case 'Test Cases/LogintoSalesforce-Admin' successfully

2023-09-19 11:33:12 - [TEST_CASE][PASSED] - Test Cases/LogintoSalesforce-Admin: Test Cases/LogintoSalesforce-Admin

2023-09-19 11:33:13 - [TEST_STEP][PASSED] - openBrowser(LoginURL): Browser is opened with url: 'https://vipre-exm--qa.sandbox.lightning.force.com/lightning/page/home'

2023-09-19 11:33:13 - [MESSAGE][INFO] - Starting 'Chrome' driver

2023-09-19 11:33:13 - [MESSAGE][INFO] - User set preference: ['args', '[--disable-notifications]']

2023-09-19 11:33:13 - [MESSAGE][INFO] - Action delay is set to 0 milliseconds

2023-09-19 11:33:18 - [MESSAGE][PASSED] - Browser is opened with url: 'https://vipre-exm--qa.sandbox.lightning.force.com/lightning/page/home'

2023-09-19 11:33:18 - [TEST_STEP][PASSED] - maximizeWindow(): Current window maximized

2023-09-19 11:33:19 - [MESSAGE][PASSED] - Current window maximized

2023-09-19 11:33:19 - [TEST_STEP][PASSED] - setText(findTestObject("LoginPage/Username"), UserName): Text 'eu_gayathri.kumaresan@listertechnologies.com.qa' is set on object 'Object Repository/LoginPage/Username'

2023-09-19 11:33:20 - [MESSAGE][PASSED] - Text 'eu_gayathri.kumaresan@listertechnologies.com.qa' is set on object 'Object Repository/LoginPage/Username'

2023-09-19 11:33:20 - [TEST_STEP][PASSED] - setText(findTestObject("LoginPage/Password"), Password): Text 'Lister@123456' is set on object 'Object Repository/LoginPage/Password'

2023-09-19 11:33:20 - [MESSAGE][PASSED] - Text 'Lister@123456' is set on object 'Object Repository/LoginPage/Password'

2023-09-19 11:33:20 - [TEST_STEP][PASSED] - click(findTestObject("LoginPage/LoginButton")): Object: 'Object Repository/LoginPage/LoginButton' is clicked on

2023-09-19 11:33:28 - [MESSAGE][PASSED] - Object: 'Object Repository/LoginPage/LoginButton' is clicked on

2023-09-19 11:33:28 - [MESSAGE][PASSED] - Call Test Case 'Test Cases/LogintoSalesforce-Admin' successfully

2023-09-19 11:33:28 - [TEST_STEP][PASSED] - verifyElementPresent(findTestObject("Object Repository/AccountCreationPage/VIPRESalesElement"), 30): Object 'Object Repository/AccountCreationPage/VIPRESalesElement' is present

2023-09-19 11:33:33 - [MESSAGE][PASSED] - Object 'Object Repository/AccountCreationPage/VIPRESalesElement' is present

2023-09-19 11:33:33 - [TEST_STEP][PASSED] - sleep(2000): null

2023-09-19 11:33:35 - [TEST_STEP][PASSED] - click(findTestObject("Object Repository/UserLoginSearch/SearchButton"), STOP_ON_FAILURE): Object: 'Object Repository/UserLoginSearch/SearchButton' is clicked on

2023-09-19 11:33:35 - [MESSAGE][PASSED] - Object: 'Object Repository/UserLoginSearch/SearchButton' is clicked on

2023-09-19 11:33:35 - [TEST_STEP][PASSED] - sendKeys(findTestObject("Object Repository/UserLoginSearch/SearchInput"), LoginUserNameExcelMicro): Keys 'David Russo' sent to object: 'Object Repository/UserLoginSearch/SearchInput'

2023-09-19 11:33:36 - [MESSAGE][PASSED] - Keys 'David Russo' sent to object: 'Object Repository/UserLoginSearch/SearchInput'

2023-09-19 11:33:36 - [TEST_STEP][PASSED] - sendKeys(findTestObject("Object Repository/UserLoginSearch/SearchInput"), Keys.chord(ENTER)): Keys 'ENTER + ' sent to object: 'Object Repository/UserLoginSearch/SearchInput'

2023-09-19 11:33:38 - [MESSAGE][PASSED] - Keys 'ENTER + ' sent to object: 'Object Repository/UserLoginSearch/SearchInput'

2023-09-19 11:33:38 - [TEST_STEP][PASSED] - verifyElementPresent(findTestObject("Object Repository/UserLoginSearch/PeopleElement"), 20): Object 'Object Repository/UserLoginSearch/PeopleElement' is present

2023-09-19 11:33:42 - [MESSAGE][PASSED] - Object 'Object Repository/UserLoginSearch/PeopleElement' is present

2023-09-19 11:33:42 - [TEST_STEP][PASSED] - vipreQA.ClickUsingJS.ClickNewObj(findTestObject("Object Repository/UserLoginSearch/PeopleElement"), 20): vipreQA.ClickUsingJS.ClickNewObj is PASSED

2023-09-19 11:33:42 - [MESSAGE][PASSED] - vipreQA.ClickUsingJS.ClickNewObj is PASSED

2023-09-19 11:33:42 - [TEST_STEP][PASSED] - click(findTestObject("Object Repository/UserLoginSearch/SelectUserfromPeople")): Object: 'Object Repository/UserLoginSearch/SelectUserfromPeople' is clicked on

2023-09-19 11:33:43 - [MESSAGE][PASSED] - Object: 'Object Repository/UserLoginSearch/SelectUserfromPeople' is clicked on

2023-09-19 11:33:43 - [TEST_STEP][PASSED] - click(findTestObject("Object Repository/UserLoginSearch/UserDetailButton")): Object: 'Object Repository/UserLoginSearch/UserDetailButton' is clicked on

2023-09-19 11:33:46 - [MESSAGE][PASSED] - Object: 'Object Repository/UserLoginSearch/UserDetailButton' is clicked on

2023-09-19 11:33:46 - [TEST_STEP][PASSED] - switchToFrame(findTestObject("Object Repository/UserLoginSearch/UserIframe"), 20): null

2023-09-19 11:33:53 - [TEST_STEP][PASSED] - verifyElementPresent(findTestObject("Object Repository/UserLoginSearch/LoginButton"), 30): Object 'Object Repository/UserLoginSearch/LoginButton' is present

2023-09-19 11:33:53 - [MESSAGE][PASSED] - Object 'Object Repository/UserLoginSearch/LoginButton' is present

2023-09-19 11:33:53 - [TEST_STEP][PASSED] - vipreQA.ClickUsingJS.ClickNewObj(findTestObject("Object Repository/UserLoginSearch/LoginButton"), 20): vipreQA.ClickUsingJS.ClickNewObj is PASSED

2023-09-19 11:33:53 - [MESSAGE][PASSED] - vipreQA.ClickUsingJS.ClickNewObj is PASSED]]></system-out>
         <system-err><![CDATA[]]></system-err>
      </testcase>
      <testcase name="Test Cases/CreatingNewDirectAccount-ExcelMicro" time="33.753" classname="Test Cases/CreatingNewDirectAccount-ExcelMicro" status="PASSED">
         <system-out><![CDATA[2023-09-19 11:33:53 - [TEST_CASE][PASSED] - Test Cases/CreatingNewDirectAccount-ExcelMicro: Test Cases/CreatingNewDirectAccount-ExcelMicro

2023-09-19 11:33:53 - [TEST_STEP][PASSED] - verifyElementPresent(findTestObject("Object Repository/AccountCreationPage/ExcelMicroSalesElement"), 30): Object 'Object Repository/AccountCreationPage/ExcelMicroSalesElement' is present

2023-09-19 11:34:00 - [MESSAGE][PASSED] - Object 'Object Repository/AccountCreationPage/ExcelMicroSalesElement' is present

2023-09-19 11:34:00 - [TEST_STEP][PASSED] - vipreQA.ClickUsingJS.ClickNewObj(findTestObject("Object Repository/AccountObject/AccountsTab"), 30): vipreQA.ClickUsingJS.ClickNewObj is PASSED

2023-09-19 11:34:02 - [MESSAGE][PASSED] - vipreQA.ClickUsingJS.ClickNewObj is PASSED

2023-09-19 11:34:02 - [TEST_STEP][PASSED] - vipreQA.ClickUsingJS.ClickNewObj(findTestObject("Object Repository/AccountObject/NewButtononAccount"), 30): vipreQA.ClickUsingJS.ClickNewObj is PASSED

2023-09-19 11:34:04 - [MESSAGE][PASSED] - vipreQA.ClickUsingJS.ClickNewObj is PASSED

2023-09-19 11:34:04 - [TEST_STEP][PASSED] - click(findTestObject("Object Repository/AccountRecordTypes/DirectClient")): Object: 'Object Repository/AccountRecordTypes/DirectClient' is clicked on

2023-09-19 11:34:05 - [MESSAGE][PASSED] - Object: 'Object Repository/AccountRecordTypes/DirectClient' is clicked on

2023-09-19 11:34:05 - [TEST_STEP][PASSED] - click(findTestObject("Object Repository/AccountRecordTypes/NextButton")): Object: 'Object Repository/AccountRecordTypes/NextButton' is clicked on

2023-09-19 11:34:05 - [MESSAGE][PASSED] - Object: 'Object Repository/AccountRecordTypes/NextButton' is clicked on

2023-09-19 11:34:05 - [TEST_STEP][PASSED] - sendKeys(findTestObject("AccountCreationPage/AccountName"), AccountName_Direct_ExcelMicro): Keys 'TestAutomation_DirectClient_ExcelMicro_001' sent to object: 'Object Repository/AccountCreationPage/AccountName'

2023-09-19 11:34:09 - [MESSAGE][PASSED] - Keys 'TestAutomation_DirectClient_ExcelMicro_001' sent to object: 'Object Repository/AccountCreationPage/AccountName'

2023-09-19 11:34:09 - [TEST_STEP][PASSED] - scrollToElement(findTestObject("Object Repository/AccountCreationPage/BillingCountryLabel"), 20): Scroll to object 'Object Repository/AccountCreationPage/BillingCountryLabel' successfully

2023-09-19 11:34:10 - [MESSAGE][PASSED] - Scroll to object 'Object Repository/AccountCreationPage/BillingCountryLabel' successfully

2023-09-19 11:34:10 - [TEST_STEP][PASSED] - click(findTestObject("Object Repository/AccountCreationPage/BillingCountryNone")): Object: 'Object Repository/AccountCreationPage/BillingCountryNone' is clicked on

2023-09-19 11:34:10 - [MESSAGE][PASSED] - Object: 'Object Repository/AccountCreationPage/BillingCountryNone' is clicked on

2023-09-19 11:34:10 - [TEST_STEP][PASSED] - click(findTestObject("Object Repository/AccountCreationPage/BillingCountryBahrain")): Object: 'Object Repository/AccountCreationPage/BillingCountryBahrain' is clicked on

2023-09-19 11:34:11 - [MESSAGE][PASSED] - Object: 'Object Repository/AccountCreationPage/BillingCountryBahrain' is clicked on

2023-09-19 11:34:11 - [TEST_STEP][PASSED] - setText(findTestObject("AccountCreationPage/BillingStreet"), BillingStreet): Text '234, Sidney Street' is set on object 'Object Repository/AccountCreationPage/BillingStreet'

2023-09-19 11:34:12 - [MESSAGE][PASSED] - Text '234, Sidney Street' is set on object 'Object Repository/AccountCreationPage/BillingStreet'

2023-09-19 11:34:12 - [TEST_STEP][PASSED] - setText(findTestObject("AccountCreationPage/BillingCity"), BillingCity): Text 'Toronto' is set on object 'Object Repository/AccountCreationPage/BillingCity'

2023-09-19 11:34:13 - [MESSAGE][PASSED] - Text 'Toronto' is set on object 'Object Repository/AccountCreationPage/BillingCity'

2023-09-19 11:34:13 - [TEST_STEP][PASSED] - setText(findTestObject("AccountCreationPage/PostalCode"), PostalCode): Text '12AB3N' is set on object 'Object Repository/AccountCreationPage/PostalCode'

2023-09-19 11:34:14 - [MESSAGE][PASSED] - Text '12AB3N' is set on object 'Object Repository/AccountCreationPage/PostalCode'

2023-09-19 11:34:14 - [TEST_STEP][PASSED] - scrollToElement(findTestObject("Object Repository/AccountCreationPage/SalesTerritoryLabel"), 20): Scroll to object 'Object Repository/AccountCreationPage/SalesTerritoryLabel' successfully

2023-09-19 11:34:14 - [MESSAGE][PASSED] - Scroll to object 'Object Repository/AccountCreationPage/SalesTerritoryLabel' successfully

2023-09-19 11:34:14 - [TEST_STEP][PASSED] - click(findTestObject("Object Repository/AccountCreationPage/SalesTerritoryNone")): Object: 'Object Repository/AccountCreationPage/SalesTerritoryNone' is clicked on

2023-09-19 11:34:14 - [MESSAGE][PASSED] - Object: 'Object Repository/AccountCreationPage/SalesTerritoryNone' is clicked on

2023-09-19 11:34:14 - [TEST_STEP][PASSED] - click(findTestObject("Object Repository/AccountCreationPage/SalesTerritoryValue", ["value":SalesTerritory_ExcelMicro])): Object: 'Object Repository/AccountCreationPage/SalesTerritoryValue' is clicked on

2023-09-19 11:34:15 - [MESSAGE][PASSED] - Object: 'Object Repository/AccountCreationPage/SalesTerritoryValue' is clicked on

2023-09-19 11:34:15 - [TEST_STEP][PASSED] - click(findTestObject("Object Repository/AccountCreationPage/SaveButton")): Object: 'Object Repository/AccountCreationPage/SaveButton' is clicked on

2023-09-19 11:34:15 - [MESSAGE][PASSED] - Object: 'Object Repository/AccountCreationPage/SaveButton' is clicked on

2023-09-19 11:34:15 - [TEST_STEP][PASSED] - verifyElementPresent(findTestObject("Object Repository/AccountCreationPage/AccountPageAppear"), 30): Object 'Object Repository/AccountCreationPage/AccountPageAppear' is present

2023-09-19 11:34:27 - [MESSAGE][PASSED] - Object 'Object Repository/AccountCreationPage/AccountPageAppear' is present]]></system-out>
         <system-err><![CDATA[]]></system-err>
      </testcase>
      <testcase name="Test Cases/CreatePAOpp-User-ExcelMicro-DirectAccount" time="18.632" classname="Test Cases/CreatePAOpp-User-ExcelMicro-DirectAccount" status="PASSED">
         <system-out><![CDATA[2023-09-19 11:34:27 - [TEST_CASE][PASSED] - Test Cases/CreatePAOpp-User-ExcelMicro-DirectAccount: Test Cases/CreatePAOpp-User-ExcelMicro-DirectAccount

2023-09-19 11:34:27 - [TEST_STEP][PASSED] - click(findTestObject("Object Repository/PartnerAcquisitionCreation/PAOpportunityButton-ExcelMicro"), STOP_ON_FAILURE): Object: 'Object Repository/PartnerAcquisitionCreation/PAOpportunityButton-ExcelMicro' is clicked on

2023-09-19 11:34:27 - [MESSAGE][PASSED] - Object: 'Object Repository/PartnerAcquisitionCreation/PAOpportunityButton-ExcelMicro' is clicked on

2023-09-19 11:34:27 - [TEST_STEP][PASSED] - click(findTestObject("Object Repository/PartnerAcquisitionCreation/CloseDateBox"), STOP_ON_FAILURE): Object: 'Object Repository/PartnerAcquisitionCreation/CloseDateBox' is clicked on

2023-09-19 11:34:29 - [MESSAGE][PASSED] - Object: 'Object Repository/PartnerAcquisitionCreation/CloseDateBox' is clicked on

2023-09-19 11:34:29 - [TEST_STEP][PASSED] - setText(findTestObject("Object Repository/PartnerAcquisitionCreation/CloseDateBox"), CloseDate_ExcelMicro_User, STOP_ON_FAILURE): Text '9/29/2023' is set on object 'Object Repository/PartnerAcquisitionCreation/CloseDateBox'

2023-09-19 11:34:30 - [MESSAGE][PASSED] - Text '9/29/2023' is set on object 'Object Repository/PartnerAcquisitionCreation/CloseDateBox'

2023-09-19 11:34:30 - [TEST_STEP][PASSED] - click(findTestObject("Object Repository/PartnerAcquisitionCreation/SaveButton"), STOP_ON_FAILURE): Object: 'Object Repository/PartnerAcquisitionCreation/SaveButton' is clicked on

2023-09-19 11:34:30 - [MESSAGE][PASSED] - Object: 'Object Repository/PartnerAcquisitionCreation/SaveButton' is clicked on

2023-09-19 11:34:30 - [TEST_STEP][PASSED] - click(findTestObject("Object Repository/PartnerAcquisitionCreation/ClickOpportunities"), STOP_ON_FAILURE): Object: 'Object Repository/PartnerAcquisitionCreation/ClickOpportunities' is clicked on

2023-09-19 11:34:38 - [MESSAGE][PASSED] - Object: 'Object Repository/PartnerAcquisitionCreation/ClickOpportunities' is clicked on

2023-09-19 11:34:38 - [TEST_STEP][PASSED] - verifyElementPresent(findTestObject("Object Repository/PartnerAcquisitionCreation/OpportunityTextVerify"), 30, STOP_ON_FAILURE): Object 'Object Repository/PartnerAcquisitionCreation/OpportunityTextVerify' is present

2023-09-19 11:34:39 - [MESSAGE][PASSED] - Object 'Object Repository/PartnerAcquisitionCreation/OpportunityTextVerify' is present

2023-09-19 11:34:39 - [TEST_STEP][PASSED] - click(findTestObject("Object Repository/PartnerAcquisitionCreation/ClickonCreatedOpportunity", ["value":AccountName_Direct_ExcelMicro]), STOP_ON_FAILURE): Object: 'Object Repository/PartnerAcquisitionCreation/ClickonCreatedOpportunity' is clicked on

2023-09-19 11:34:40 - [MESSAGE][PASSED] - Object: 'Object Repository/PartnerAcquisitionCreation/ClickonCreatedOpportunity' is clicked on

2023-09-19 11:34:40 - [TEST_STEP][PASSED] - verifyElementPresent(findTestObject("Object Repository/PartnerAcquisitionCreation/PAOppPageVerify", ["value":AccountName_Direct_ExcelMicro]), 20, STOP_ON_FAILURE): Object 'Object Repository/PartnerAcquisitionCreation/PAOppPageVerify' is present

2023-09-19 11:34:43 - [MESSAGE][PASSED] - Object 'Object Repository/PartnerAcquisitionCreation/PAOppPageVerify' is present

2023-09-19 11:34:43 - [TEST_STEP][PASSED] - sleep(2000): null]]></system-out>
         <system-err><![CDATA[]]></system-err>
      </testcase>
      <testcase name="Test Cases/MSPContract-ExcelMicroUser-DirectAccount" time="164.518" classname="Test Cases/MSPContract-ExcelMicroUser-DirectAccount" status="PASSED">
         <system-out><![CDATA[2023-09-19 11:34:45 - [TEST_CASE][PASSED] - Test Cases/MSPContract-ExcelMicroUser-DirectAccount: Test Cases/MSPContract-ExcelMicroUser-DirectAccount

2023-09-19 11:34:46 - [TEST_STEP][PASSED] - verifyElementPresent(findTestObject("Object Repository/PAOppMandatoryField/AddandEditProducts/AddProductRevalidation"), 20): Object 'Object Repository/PAOppMandatoryField/AddandEditProducts/AddProductRevalidation' is present

2023-09-19 11:34:46 - [MESSAGE][PASSED] - Object 'Object Repository/PAOppMandatoryField/AddandEditProducts/AddProductRevalidation' is present

2023-09-19 11:34:46 - [TEST_STEP][PASSED] - scrollToPosition(0, 3500): Browser is scrolled to position x = 0, y = 3500

2023-09-19 11:34:46 - [MESSAGE][PASSED] - Browser is scrolled to position x = 0, y = 3500

2023-09-19 11:34:46 - [TEST_STEP][PASSED] - waitForElementPresent(findTestObject("Object Repository/PAOppMandatoryField/AddandEditProducts/AddProductButton"), 20): Object 'Object Repository/PAOppMandatoryField/AddandEditProducts/AddProductButton' is present

2023-09-19 11:34:48 - [MESSAGE][PASSED] - Object 'Object Repository/PAOppMandatoryField/AddandEditProducts/AddProductButton' is present

2023-09-19 11:34:48 - [TEST_STEP][PASSED] - vipreQA.ClickUsingJS.ClickNewObj(findTestObject("Object Repository/PAOppMandatoryField/AddandEditProducts/AddProductButton"), 20): vipreQA.ClickUsingJS.ClickNewObj is PASSED

2023-09-19 11:34:48 - [MESSAGE][PASSED] - vipreQA.ClickUsingJS.ClickNewObj is PASSED

2023-09-19 11:34:48 - [TEST_STEP][PASSED] - verifyElementPresent(findTestObject("Object Repository/PAOppMandatoryField/AddandEditProducts/PriceBookHeader-ExcelMicro"), 20): Object 'Object Repository/PAOppMandatoryField/AddandEditProducts/PriceBookHeader-ExcelMicro' is present

2023-09-19 11:34:50 - [MESSAGE][PASSED] - Object 'Object Repository/PAOppMandatoryField/AddandEditProducts/PriceBookHeader-ExcelMicro' is present

2023-09-19 11:34:50 - [TEST_STEP][PASSED] - vipreQA.ClickUsingJS.ClickNewObj(findTestObject("Object Repository/PAOppMandatoryField/AddandEditProducts/PAProductSelection", ["value":PAProducts]), 20): vipreQA.ClickUsingJS.ClickNewObj is PASSED

2023-09-19 11:34:50 - [MESSAGE][PASSED] - vipreQA.ClickUsingJS.ClickNewObj is PASSED

2023-09-19 11:34:50 - [TEST_STEP][PASSED] - vipreQA.ClickUsingJS.ClickNewObj(findTestObject("Object Repository/PAOppMandatoryField/NextButton"), 20): vipreQA.ClickUsingJS.ClickNewObj is PASSED

2023-09-19 11:34:51 - [MESSAGE][PASSED] - vipreQA.ClickUsingJS.ClickNewObj is PASSED

2023-09-19 11:34:51 - [TEST_STEP][PASSED] - verifyElementPresent(findTestObject("Object Repository/PAOppMandatoryField/AddandEditProducts/EditSelectedProductVerification"), 20): Object 'Object Repository/PAOppMandatoryField/AddandEditProducts/EditSelectedProductVerification' is present

2023-09-19 11:34:52 - [MESSAGE][PASSED] - Object 'Object Repository/PAOppMandatoryField/AddandEditProducts/EditSelectedProductVerification' is present

2023-09-19 11:34:52 - [TEST_STEP][PASSED] - vipreQA.ClickUsingJS.ClickNewObj(findTestObject("Object Repository/PAOppMandatoryField/AddandEditProducts/ClickSalePrice"), 20): vipreQA.ClickUsingJS.ClickNewObj is PASSED

2023-09-19 11:34:53 - [MESSAGE][PASSED] - vipreQA.ClickUsingJS.ClickNewObj is PASSED

2023-09-19 11:34:53 - [TEST_STEP][PASSED] - setText(findTestObject("Object Repository/PAOppMandatoryField/AddandEditProducts/SalesPriceInput"), SalePrice): Text '25' is set on object 'Object Repository/PAOppMandatoryField/AddandEditProducts/SalesPriceInput'

2023-09-19 11:34:54 - [MESSAGE][PASSED] - Text '25' is set on object 'Object Repository/PAOppMandatoryField/AddandEditProducts/SalesPriceInput'

2023-09-19 11:34:54 - [TEST_STEP][PASSED] - vipreQA.ClickUsingJS.ClickNewObj(findTestObject("Object Repository/PAOppMandatoryField/AddandEditProducts/ClickEditQuantity"), 20): vipreQA.ClickUsingJS.ClickNewObj is PASSED

2023-09-19 11:34:54 - [MESSAGE][PASSED] - vipreQA.ClickUsingJS.ClickNewObj is PASSED

2023-09-19 11:34:54 - [TEST_STEP][PASSED] - sendKeys(findTestObject("Object Repository/PAOppMandatoryField/AddandEditProducts/QuantityInput"), Quantity, STOP_ON_FAILURE): Keys '50' sent to object: 'Object Repository/PAOppMandatoryField/AddandEditProducts/QuantityInput'

2023-09-19 11:34:55 - [MESSAGE][PASSED] - Keys '50' sent to object: 'Object Repository/PAOppMandatoryField/AddandEditProducts/QuantityInput'

2023-09-19 11:34:55 - [TEST_STEP][PASSED] - sleep(1000): null

2023-09-19 11:34:56 - [TEST_STEP][PASSED] - vipreQA.ClickUsingJS.ClickNewObj(findTestObject("Object Repository/PAOppMandatoryField/AddandEditProducts/EditSelectedProduct-Clickproduct"), 20): vipreQA.ClickUsingJS.ClickNewObj is PASSED

2023-09-19 11:34:56 - [MESSAGE][PASSED] - vipreQA.ClickUsingJS.ClickNewObj is PASSED

2023-09-19 11:34:56 - [TEST_STEP][PASSED] - vipreQA.ClickUsingJS.ClickNewObj(findTestObject("Object Repository/PAOppMandatoryField/AddandEditProducts/EditSelectedProductSaveButton"), 20): vipreQA.ClickUsingJS.ClickNewObj is PASSED

2023-09-19 11:34:57 - [MESSAGE][PASSED] - vipreQA.ClickUsingJS.ClickNewObj is PASSED

2023-09-19 11:34:57 - [TEST_STEP][PASSED] - sleep(1000): null

2023-09-19 11:34:58 - [TEST_STEP][PASSED] - scrollToElement(findTestObject("Object Repository/PAOppMandatoryField/RevalidateButton"), 20): Scroll to object 'Object Repository/PAOppMandatoryField/RevalidateButton' successfully

2023-09-19 11:35:02 - [MESSAGE][PASSED] - Scroll to object 'Object Repository/PAOppMandatoryField/RevalidateButton' successfully

2023-09-19 11:35:02 - [TEST_STEP][PASSED] - sleep(1000): null

2023-09-19 11:35:03 - [TEST_STEP][PASSED] - vipreQA.ClickUsingJS.ClickNewObj(findTestObject("Object Repository/PAOppMandatoryField/RevalidateButton"), 20): vipreQA.ClickUsingJS.ClickNewObj is PASSED

2023-09-19 11:35:05 - [MESSAGE][PASSED] - vipreQA.ClickUsingJS.ClickNewObj is PASSED

2023-09-19 11:35:05 - [TEST_STEP][PASSED] - sleep(1000): null

2023-09-19 11:35:06 - [TEST_STEP][PASSED] - vipreQA.ClickUsingJS.ClickNewObj(findTestObject("Object Repository/PAOppMandatoryField/RevalidateButton"), 20): vipreQA.ClickUsingJS.ClickNewObj is PASSED

2023-09-19 11:35:07 - [MESSAGE][PASSED] - vipreQA.ClickUsingJS.ClickNewObj is PASSED

2023-09-19 11:35:07 - [TEST_STEP][PASSED] - verifyElementPresent(findTestObject("Object Repository/GenerateMSPPricing/GenerateMSPPricingValidationMessage"), 20): Object 'Object Repository/GenerateMSPPricing/GenerateMSPPricingValidationMessage' is present

2023-09-19 11:35:09 - [MESSAGE][PASSED] - Object 'Object Repository/GenerateMSPPricing/GenerateMSPPricingValidationMessage' is present

2023-09-19 11:35:09 - [TEST_STEP][PASSED] - vipreQA.ClickUsingJS.ClickNewObj(findTestObject("Object Repository/GenerateMSPPricing/GenerateMSPPricingButton"), 20): vipreQA.ClickUsingJS.ClickNewObj is PASSED

2023-09-19 11:35:10 - [MESSAGE][PASSED] - vipreQA.ClickUsingJS.ClickNewObj is PASSED

2023-09-19 11:35:10 - [TEST_STEP][PASSED] - verifyElementPresent(findTestObject("Object Repository/GenerateMSPPricing/GenerateMSPScreenMessage"), 20): Object 'Object Repository/GenerateMSPPricing/GenerateMSPScreenMessage' is present

2023-09-19 11:35:13 - [MESSAGE][PASSED] - Object 'Object Repository/GenerateMSPPricing/GenerateMSPScreenMessage' is present

2023-09-19 11:35:13 - [TEST_STEP][PASSED] - verifyElementPresent(findTestObject("Object Repository/GenerateMSPPricing/ClickNextToGenerateMSPMessage"), 20): Object 'Object Repository/GenerateMSPPricing/ClickNextToGenerateMSPMessage' is present

2023-09-19 11:35:13 - [MESSAGE][PASSED] - Object 'Object Repository/GenerateMSPPricing/ClickNextToGenerateMSPMessage' is present

2023-09-19 11:35:13 - [TEST_STEP][PASSED] - vipreQA.ClickUsingJS.ClickNewObj(findTestObject("Object Repository/GenerateMSPPricing/NextButton"), 20): vipreQA.ClickUsingJS.ClickNewObj is PASSED

2023-09-19 11:35:14 - [MESSAGE][PASSED] - vipreQA.ClickUsingJS.ClickNewObj is PASSED

2023-09-19 11:35:14 - [TEST_STEP][PASSED] - verifyElementPresent(findTestObject("Object Repository/GenerateMSPPricing/PricingGeneratedSuccessfullyMessage"), 20): Object 'Object Repository/GenerateMSPPricing/PricingGeneratedSuccessfullyMessage' is present

2023-09-19 11:35:20 - [MESSAGE][PASSED] - Object 'Object Repository/GenerateMSPPricing/PricingGeneratedSuccessfullyMessage' is present

2023-09-19 11:35:20 - [TEST_STEP][PASSED] - vipreQA.ClickUsingJS.ClickNewObj(findTestObject("Object Repository/GenerateMSPPricing/FinishButton"), 20): vipreQA.ClickUsingJS.ClickNewObj is PASSED

2023-09-19 11:35:21 - [MESSAGE][PASSED] - vipreQA.ClickUsingJS.ClickNewObj is PASSED

2023-09-19 11:35:21 - [TEST_STEP][PASSED] - vipreQA.ClickUsingJS.ClickNewObj(findTestObject("Object Repository/PAOppMandatoryField/PricingInformation/PricingTab"), 20): vipreQA.ClickUsingJS.ClickNewObj is PASSED

2023-09-19 11:35:23 - [MESSAGE][PASSED] - vipreQA.ClickUsingJS.ClickNewObj is PASSED

2023-09-19 11:35:23 - [TEST_STEP][PASSED] - PricingTableCount = getText(findTestObject("Object Repository/PAOppMandatoryField/PricingInformation/GetMSPPricingTableCount")): Text of object 'Object Repository/PAOppMandatoryField/PricingInformation/GetMSPPricingTableCount' is: '(10+)'

2023-09-19 11:35:25 - [MESSAGE][PASSED] - Text of object 'Object Repository/PAOppMandatoryField/PricingInformation/GetMSPPricingTableCount' is: '(10+)'

2023-09-19 11:35:25 - [TEST_STEP][PASSED] - out.println(PricingTableCount): null

2023-09-19 11:35:25 - [TEST_STEP][PASSED] - vipreQA.ClickUsingJS.ClickNewObj(findTestObject("Object Repository/PAOppMandatoryField/PricingInformation/DetailsTab"), 20): vipreQA.ClickUsingJS.ClickNewObj is PASSED

2023-09-19 11:35:25 - [MESSAGE][PASSED] - vipreQA.ClickUsingJS.ClickNewObj is PASSED

2023-09-19 11:35:25 - [TEST_STEP][PASSED] - vipreQA.ClickUsingJS.ClickNewObj(findTestObject("Object Repository/PAOppMandatoryField/RevalidateButton"), 20): vipreQA.ClickUsingJS.ClickNewObj is PASSED

2023-09-19 11:35:25 - [MESSAGE][PASSED] - vipreQA.ClickUsingJS.ClickNewObj is PASSED

2023-09-19 11:35:25 - [TEST_STEP][PASSED] - verifyElementPresent(findTestObject("Object Repository/PAOppMandatoryField/CreateDraftContract/CreateDraftContractValidation"), 20): Object 'Object Repository/PAOppMandatoryField/CreateDraftContract/CreateDraftContractValidation' is present

2023-09-19 11:35:27 - [MESSAGE][PASSED] - Object 'Object Repository/PAOppMandatoryField/CreateDraftContract/CreateDraftContractValidation' is present

2023-09-19 11:35:27 - [TEST_STEP][PASSED] - vipreQA.ClickUsingJS.ClickNewObj(findTestObject("Object Repository/PAOppMandatoryField/CreateDraftContract/CreateDraftcontractButton"), 20): vipreQA.ClickUsingJS.ClickNewObj is PASSED

2023-09-19 11:35:28 - [MESSAGE][PASSED] - vipreQA.ClickUsingJS.ClickNewObj is PASSED

2023-09-19 11:35:28 - [TEST_STEP][PASSED] - verifyElementPresent(findTestObject("Object Repository/PAOppMandatoryField/CreateDraftContract/CreateDraftContractScreenValidation"), 20): Object 'Object Repository/PAOppMandatoryField/CreateDraftContract/CreateDraftContractScreenValidation' is present

2023-09-19 11:35:30 - [MESSAGE][PASSED] - Object 'Object Repository/PAOppMandatoryField/CreateDraftContract/CreateDraftContractScreenValidation' is present

2023-09-19 11:35:30 - [TEST_STEP][PASSED] - setText(findTestObject("Object Repository/PAOppMandatoryField/CreateDraftContract/MSP-ContractStartDate"), MSPContractStartDate): Text 'JUN 14, 2023' is set on object 'Object Repository/PAOppMandatoryField/CreateDraftContract/MSP-ContractStartDate'

2023-09-19 11:35:31 - [MESSAGE][PASSED] - Text 'JUN 14, 2023' is set on object 'Object Repository/PAOppMandatoryField/CreateDraftContract/MSP-ContractStartDate'

2023-09-19 11:35:31 - [TEST_STEP][PASSED] - setText(findTestObject("Object Repository/PAOppMandatoryField/CreateDraftContract/MSP-MinumumMonthlyCommitment"), MSPMinumumMonthlyCommitment): Text '150' is set on object 'Object Repository/PAOppMandatoryField/CreateDraftContract/MSP-MinumumMonthlyCommitment'

2023-09-19 11:35:31 - [MESSAGE][PASSED] - Text '150' is set on object 'Object Repository/PAOppMandatoryField/CreateDraftContract/MSP-MinumumMonthlyCommitment'

2023-09-19 11:35:31 - [TEST_STEP][PASSED] - vipreQA.ClickUsingJS.ClickNewObj(findTestObject("Object Repository/PAOppMandatoryField/CreateDraftContract/CreateDraftContractNext"), 20): vipreQA.ClickUsingJS.ClickNewObj is PASSED

2023-09-19 11:35:32 - [MESSAGE][PASSED] - vipreQA.ClickUsingJS.ClickNewObj is PASSED

2023-09-19 11:35:32 - [TEST_STEP][PASSED] - waitForElementPresent(findTestObject("Object Repository/PAOppMandatoryField/CreateDraftContract/CreateDraftContractFinishButton"), 30): Object 'Object Repository/PAOppMandatoryField/CreateDraftContract/CreateDraftContractFinishButton' is present

2023-09-19 11:35:43 - [MESSAGE][PASSED] - Object 'Object Repository/PAOppMandatoryField/CreateDraftContract/CreateDraftContractFinishButton' is present

2023-09-19 11:35:43 - [TEST_STEP][PASSED] - verifyElementPresent(findTestObject("Object Repository/PAOppMandatoryField/CreateDraftContract/CreateDraftContractFinishButton"), 20): Object 'Object Repository/PAOppMandatoryField/CreateDraftContract/CreateDraftContractFinishButton' is present

2023-09-19 11:35:43 - [MESSAGE][PASSED] - Object 'Object Repository/PAOppMandatoryField/CreateDraftContract/CreateDraftContractFinishButton' is present

2023-09-19 11:35:43 - [TEST_STEP][PASSED] - vipreQA.ClickUsingJS.ClickNewObj(findTestObject("Object Repository/PAOppMandatoryField/CreateDraftContract/CreateDraftContractFinishButton"), 20): vipreQA.ClickUsingJS.ClickNewObj is PASSED

2023-09-19 11:35:44 - [MESSAGE][PASSED] - vipreQA.ClickUsingJS.ClickNewObj is PASSED

2023-09-19 11:35:44 - [TEST_STEP][PASSED] - vipreQA.ClickUsingJS.ClickNewObj(findTestObject("Object Repository/PAOppMandatoryField/RevalidateButton"), 20): vipreQA.ClickUsingJS.ClickNewObj is PASSED

2023-09-19 11:35:48 - [MESSAGE][PASSED] - vipreQA.ClickUsingJS.ClickNewObj is PASSED

2023-09-19 11:35:48 - [TEST_STEP][PASSED] - verifyElementPresent(findTestObject("Object Repository/PAOppMandatoryField/MandatoryField/MandatoryFieldMsgs"), 20): Object 'Object Repository/PAOppMandatoryField/MandatoryField/MandatoryFieldMsgs' is present

2023-09-19 11:35:50 - [MESSAGE][PASSED] - Object 'Object Repository/PAOppMandatoryField/MandatoryField/MandatoryFieldMsgs' is present

2023-09-19 11:35:50 - [TEST_STEP][PASSED] - MandatoryFields = getText(findTestObject("Object Repository/PAOppMandatoryField/MandatoryField/GetMandatoryFields")): Text of object 'Object Repository/PAOppMandatoryField/MandatoryField/GetMandatoryFields' is: 'Account: Primary Billing Contact'

2023-09-19 11:35:50 - [MESSAGE][PASSED] - Text of object 'Object Repository/PAOppMandatoryField/MandatoryField/GetMandatoryFields' is: 'Account: Primary Billing Contact'

2023-09-19 11:35:50 - [TEST_STEP][PASSED] - out.println(MandatoryFields.size()): null

2023-09-19 11:35:50 - [TEST_STEP][PASSED] - out.println("Fields:" + MandatoryFields): null

2023-09-19 11:35:50 - [TEST_STEP][PASSED] - URL = getAttribute(findTestObject("Object Repository/PAOppMandatoryField/Account-PrimaryBillingContact/AccountNameonPA"), "href"): Attribute 'href' of object 'Object Repository/PAOppMandatoryField/Account-PrimaryBillingContact/AccountNameonPA' is: 'https://vipre-exm--qa.sandbox.lightning.force.com/lightning/r/Account/001JX000007dmITYAY/view'

2023-09-19 11:35:51 - [MESSAGE][PASSED] - Attribute 'href' of object 'Object Repository/PAOppMandatoryField/Account-PrimaryBillingContact/AccountNameonPA' is: 'https://vipre-exm--qa.sandbox.lightning.force.com/lightning/r/Account/001JX000007dmITYAY/view'

2023-09-19 11:35:51 - [TEST_STEP][PASSED] - out.println("URL of the Account:" + URL): null

2023-09-19 11:35:51 - [TEST_STEP][PASSED] - callTestCase(findTestCase("Test Cases/OpenInaNewTab"), ["Path":URL]): Call Test Case 'Test Cases/OpenInaNewTab' successfully

2023-09-19 11:35:51 - [TEST_CASE][PASSED] - Test Cases/OpenInaNewTab: Test Cases/OpenInaNewTab

2023-09-19 11:35:51 - [TEST_STEP][PASSED] - currentPage = getUrl(): Current window's url is: 'https://vipre-exm--qa.sandbox.lightning.force.com/lightning/r/Opportunity/006JX000006sEYnYAM/view'

2023-09-19 11:35:51 - [MESSAGE][PASSED] - Current window's url is: 'https://vipre-exm--qa.sandbox.lightning.force.com/lightning/r/Opportunity/006JX000006sEYnYAM/view'

2023-09-19 11:35:51 - [TEST_STEP][PASSED] - currentTab = getWindowIndex(): Current window's index is: 0

2023-09-19 11:35:51 - [MESSAGE][PASSED] - Current window's index is: 0

2023-09-19 11:35:51 - [TEST_STEP][PASSED] - driver = getWebDriver(): null

2023-09-19 11:35:51 - [TEST_STEP][PASSED] - js = driver: null

2023-09-19 11:35:51 - [TEST_STEP][PASSED] - js.executeScript("window.open();"): null

2023-09-19 11:35:51 - [TEST_STEP][PASSED] - switchToWindowIndex(currentTab + 1): Switched to window with index: '1'

2023-09-19 11:35:51 - [MESSAGE][PASSED] - Switched to window with index: '1'

2023-09-19 11:35:51 - [TEST_STEP][PASSED] - navigateToUrl(Path): Navigate to 'https://vipre-exm--qa.sandbox.lightning.force.com/lightning/r/Account/001JX000007dmITYAY/view' successfully

2023-09-19 11:35:52 - [MESSAGE][PASSED] - Navigate to 'https://vipre-exm--qa.sandbox.lightning.force.com/lightning/r/Account/001JX000007dmITYAY/view' successfully

2023-09-19 11:35:52 - [MESSAGE][PASSED] - Call Test Case 'Test Cases/OpenInaNewTab' successfully

2023-09-19 11:35:52 - [TEST_STEP][PASSED] - scrollToElement(findTestObject("Object Repository/PAOppMandatoryField/Account-PrimaryBillingContact/PrimaryBillingContact"), 20): Scroll to object 'Object Repository/PAOppMandatoryField/Account-PrimaryBillingContact/PrimaryBillingContact' successfully

2023-09-19 11:35:57 - [MESSAGE][PASSED] - Scroll to object 'Object Repository/PAOppMandatoryField/Account-PrimaryBillingContact/PrimaryBillingContact' successfully

2023-09-19 11:35:57 - [TEST_STEP][PASSED] - vipreQA.ClickUsingJS.ClickNewObj(findTestObject("Object Repository/PAOppMandatoryField/Account-PrimaryBillingContact/PrimaryBillingContactEdit"), 20): vipreQA.ClickUsingJS.ClickNewObj is PASSED

2023-09-19 11:35:59 - [MESSAGE][PASSED] - vipreQA.ClickUsingJS.ClickNewObj is PASSED

2023-09-19 11:35:59 - [TEST_STEP][PASSED] - vipreQA.ClickUsingJS.ClickNewObj(findTestObject("Object Repository/PAOppMandatoryField/Account-PrimaryBillingContact/PrimaryBillingContactInputField"), 20): vipreQA.ClickUsingJS.ClickNewObj is PASSED

2023-09-19 11:36:00 - [MESSAGE][PASSED] - vipreQA.ClickUsingJS.ClickNewObj is PASSED

2023-09-19 11:36:00 - [TEST_STEP][PASSED] - vipreQA.ClickUsingJS.ClickNewObj(findTestObject("Object Repository/PAOppMandatoryField/Account-PrimaryBillingContact/PrimaryBilling-NewContact"), 20): vipreQA.ClickUsingJS.ClickNewObj is PASSED

2023-09-19 11:36:01 - [MESSAGE][PASSED] - vipreQA.ClickUsingJS.ClickNewObj is PASSED

2023-09-19 11:36:01 - [TEST_STEP][PASSED] - scrollToElement(findTestObject("Object Repository/PAOppMandatoryField/PrimaryContact/SalutationLabel"), 20): Scroll to object 'Object Repository/PAOppMandatoryField/PrimaryContact/SalutationLabel' successfully

2023-09-19 11:36:04 - [MESSAGE][PASSED] - Scroll to object 'Object Repository/PAOppMandatoryField/PrimaryContact/SalutationLabel' successfully

2023-09-19 11:36:04 - [TEST_STEP][PASSED] - vipreQA.ClickUsingJS.ClickNewObj(findTestObject("Object Repository/PAOppMandatoryField/PrimaryContact/SalutationNone"), 20): vipreQA.ClickUsingJS.ClickNewObj is PASSED

2023-09-19 11:36:04 - [MESSAGE][PASSED] - vipreQA.ClickUsingJS.ClickNewObj is PASSED

2023-09-19 11:36:04 - [TEST_STEP][PASSED] - vipreQA.ClickUsingJS.ClickNewObj(findTestObject("Object Repository/PAOppMandatoryField/PrimaryContact/SalutationValue", ["value":Salutation]), 20): vipreQA.ClickUsingJS.ClickNewObj is PASSED

2023-09-19 11:36:04 - [MESSAGE][PASSED] - vipreQA.ClickUsingJS.ClickNewObj is PASSED

2023-09-19 11:36:04 - [TEST_STEP][PASSED] - setText(findTestObject("Object Repository/PAOppMandatoryField/PrimaryContact/FirstName"), FirstName): Text 'Gayathri' is set on object 'Object Repository/PAOppMandatoryField/PrimaryContact/FirstName'

2023-09-19 11:36:05 - [MESSAGE][PASSED] - Text 'Gayathri' is set on object 'Object Repository/PAOppMandatoryField/PrimaryContact/FirstName'

2023-09-19 11:36:05 - [TEST_STEP][PASSED] - setText(findTestObject("Object Repository/PAOppMandatoryField/PrimaryContact/Last Name"), LastName): Text 'K' is set on object 'Object Repository/PAOppMandatoryField/PrimaryContact/Last Name'

2023-09-19 11:36:06 - [MESSAGE][PASSED] - Text 'K' is set on object 'Object Repository/PAOppMandatoryField/PrimaryContact/Last Name'

2023-09-19 11:36:06 - [TEST_STEP][PASSED] - setText(findTestObject("Object Repository/PAOppMandatoryField/PrimaryContact/Account Name"), AccountName_Direct_ExcelMicro): Text 'TestAutomation_DirectClient_ExcelMicro_001' is set on object 'Object Repository/PAOppMandatoryField/PrimaryContact/Account Name'

2023-09-19 11:36:07 - [MESSAGE][PASSED] - Text 'TestAutomation_DirectClient_ExcelMicro_001' is set on object 'Object Repository/PAOppMandatoryField/PrimaryContact/Account Name'

2023-09-19 11:36:07 - [TEST_STEP][PASSED] - vipreQA.ClickUsingJS.ClickNewObj(findTestObject("Object Repository/PAOppMandatoryField/PrimaryContact/AccountNameList", ["value":AccountName_Direct_ExcelMicro]), 20): vipreQA.ClickUsingJS.ClickNewObj is PASSED

2023-09-19 11:36:08 - [MESSAGE][PASSED] - vipreQA.ClickUsingJS.ClickNewObj is PASSED

2023-09-19 11:36:08 - [TEST_STEP][PASSED] - setText(findTestObject("Object Repository/PAOppMandatoryField/PrimaryContact/Email"), Email): Text 'g3us2009@gmail.com' is set on object 'Object Repository/PAOppMandatoryField/PrimaryContact/Email'

2023-09-19 11:36:09 - [MESSAGE][PASSED] - Text 'g3us2009@gmail.com' is set on object 'Object Repository/PAOppMandatoryField/PrimaryContact/Email'

2023-09-19 11:36:09 - [TEST_STEP][PASSED] - setText(findTestObject("Object Repository/PAOppMandatoryField/PrimaryContact/Phone"), PhoneNumber): Text '6187657897' is set on object 'Object Repository/PAOppMandatoryField/PrimaryContact/Phone'

2023-09-19 11:36:10 - [MESSAGE][PASSED] - Text '6187657897' is set on object 'Object Repository/PAOppMandatoryField/PrimaryContact/Phone'

2023-09-19 11:36:10 - [TEST_STEP][PASSED] - setText(findTestObject("Object Repository/PAOppMandatoryField/PrimaryContact/Title"), Title): Text 'Vice President' is set on object 'Object Repository/PAOppMandatoryField/PrimaryContact/Title'

2023-09-19 11:36:10 - [MESSAGE][PASSED] - Text 'Vice President' is set on object 'Object Repository/PAOppMandatoryField/PrimaryContact/Title'

2023-09-19 11:36:10 - [TEST_STEP][PASSED] - vipreQA.ClickUsingJS.ClickNewObj(findTestObject("Object Repository/PAOppMandatoryField/PrimaryContact/SaveButton"), 20): vipreQA.ClickUsingJS.ClickNewObj is PASSED

2023-09-19 11:36:11 - [MESSAGE][PASSED] - vipreQA.ClickUsingJS.ClickNewObj is PASSED

2023-09-19 11:36:11 - [TEST_STEP][PASSED] - sleep(10000): null

2023-09-19 11:36:21 - [TEST_STEP][PASSED] - vipreQA.ClickUsingJS.ClickNewObj(findTestObject("Object Repository/PAOppMandatoryField/Account-PrimaryBillingContact/SaveButton"), 20): vipreQA.ClickUsingJS.ClickNewObj is PASSED

2023-09-19 11:36:22 - [MESSAGE][PASSED] - vipreQA.ClickUsingJS.ClickNewObj is PASSED

2023-09-19 11:36:22 - [TEST_STEP][PASSED] - sleep(10000): null

2023-09-19 11:36:32 - [TEST_STEP][PASSED] - switchToWindowIndex(0): Switched to window with index: '0'

2023-09-19 11:36:32 - [MESSAGE][PASSED] - Switched to window with index: '0'

2023-09-19 11:36:32 - [TEST_STEP][PASSED] - sleep(1000): null

2023-09-19 11:36:33 - [TEST_STEP][PASSED] - vipreQA.ClickUsingJS.ClickNewObj(findTestObject("Object Repository/PAOppMandatoryField/RevalidateButton"), 20): vipreQA.ClickUsingJS.ClickNewObj is PASSED

2023-09-19 11:36:33 - [MESSAGE][PASSED] - vipreQA.ClickUsingJS.ClickNewObj is PASSED

2023-09-19 11:36:33 - [TEST_STEP][PASSED] - MandatoryFields = getText(findTestObject("Object Repository/PAOppMandatoryField/MandatoryField/GetMandatoryFields")): Text of object 'Object Repository/PAOppMandatoryField/MandatoryField/GetMandatoryFields' is: 'Contact'

2023-09-19 11:36:36 - [MESSAGE][PASSED] - Text of object 'Object Repository/PAOppMandatoryField/MandatoryField/GetMandatoryFields' is: 'Contact'

2023-09-19 11:36:36 - [TEST_STEP][PASSED] - out.println("Fields:" + MandatoryFields): null

2023-09-19 11:36:36 - [TEST_STEP][PASSED] - vipreQA.ClickUsingJS.ClickNewObj(findTestObject("Object Repository/PAOppMandatoryField/PrimaryContact/PrimaryContactField", ["value":MandatoryFields]), 20): vipreQA.ClickUsingJS.ClickNewObj is PASSED

2023-09-19 11:36:37 - [MESSAGE][PASSED] - vipreQA.ClickUsingJS.ClickNewObj is PASSED

2023-09-19 11:36:37 - [TEST_STEP][PASSED] - vipreQA.ClickUsingJS.ClickNewObj(findTestObject("Object Repository/PAOppMandatoryField/PrimaryContact/PrimaryContactclick"), 20): vipreQA.ClickUsingJS.ClickNewObj is PASSED

2023-09-19 11:36:38 - [MESSAGE][PASSED] - vipreQA.ClickUsingJS.ClickNewObj is PASSED

2023-09-19 11:36:38 - [TEST_STEP][PASSED] - setText(findTestObject("Object Repository/PAOppMandatoryField/PrimaryContact/PrimaryContactclick"), FirstName): Text 'Gayathri' is set on object 'Object Repository/PAOppMandatoryField/PrimaryContact/PrimaryContactclick'

2023-09-19 11:36:39 - [MESSAGE][PASSED] - Text 'Gayathri' is set on object 'Object Repository/PAOppMandatoryField/PrimaryContact/PrimaryContactclick'

2023-09-19 11:36:39 - [TEST_STEP][PASSED] - vipreQA.ClickUsingJS.ClickNewObj(findTestObject("Object Repository/PAOppMandatoryField/PrimaryContact/SelectListedContact", ["value":FirstName]), 20): vipreQA.ClickUsingJS.ClickNewObj is PASSED

2023-09-19 11:36:41 - [MESSAGE][PASSED] - vipreQA.ClickUsingJS.ClickNewObj is PASSED

2023-09-19 11:36:41 - [TEST_STEP][PASSED] - vipreQA.ClickUsingJS.ClickNewObj(findTestObject("Object Repository/PAOppMandatoryField/SaveButton"), 20): vipreQA.ClickUsingJS.ClickNewObj is PASSED

2023-09-19 11:36:41 - [MESSAGE][PASSED] - vipreQA.ClickUsingJS.ClickNewObj is PASSED

2023-09-19 11:36:41 - [TEST_STEP][PASSED] - sleep(1000): null

2023-09-19 11:36:42 - [TEST_STEP][PASSED] - vipreQA.ClickUsingJS.ClickNewObj(findTestObject("Object Repository/PAOppMandatoryField/RevalidateButton"), 20): vipreQA.ClickUsingJS.ClickNewObj is PASSED

2023-09-19 11:36:45 - [MESSAGE][PASSED] - vipreQA.ClickUsingJS.ClickNewObj is PASSED

2023-09-19 11:36:45 - [TEST_STEP][PASSED] - MandatoryFields = getText(findTestObject("Object Repository/PAOppMandatoryField/MandatoryField/GetMandatoryFields")): Text of object 'Object Repository/PAOppMandatoryField/MandatoryField/GetMandatoryFields' is: 'Payment Method'

2023-09-19 11:36:47 - [MESSAGE][PASSED] - Text of object 'Object Repository/PAOppMandatoryField/MandatoryField/GetMandatoryFields' is: 'Payment Method'

2023-09-19 11:36:47 - [TEST_STEP][PASSED] - out.println("Fields:" + MandatoryFields): null

2023-09-19 11:36:47 - [TEST_STEP][PASSED] - scrollToElement(findTestObject("Object Repository/PAOppMandatoryField/Payment Method/PaymentMethodLabel", ["value":MandatoryFields]), 20): Scroll to object 'Object Repository/PAOppMandatoryField/Payment Method/PaymentMethodLabel' successfully

2023-09-19 11:36:47 - [MESSAGE][PASSED] - Scroll to object 'Object Repository/PAOppMandatoryField/Payment Method/PaymentMethodLabel' successfully

2023-09-19 11:36:47 - [TEST_STEP][PASSED] - vipreQA.ClickUsingJS.ClickNewObj(findTestObject("Object Repository/PAOppMandatoryField/Payment Method/PaymentMethodEdit"), 20): vipreQA.ClickUsingJS.ClickNewObj is PASSED

2023-09-19 11:36:47 - [MESSAGE][PASSED] - vipreQA.ClickUsingJS.ClickNewObj is PASSED

2023-09-19 11:36:47 - [TEST_STEP][PASSED] - vipreQA.ClickUsingJS.ClickNewObj(findTestObject("Object Repository/PAOppMandatoryField/Payment Method/PaymentMethodNone"), 20): vipreQA.ClickUsingJS.ClickNewObj is PASSED

2023-09-19 11:36:48 - [MESSAGE][PASSED] - vipreQA.ClickUsingJS.ClickNewObj is PASSED

2023-09-19 11:36:48 - [TEST_STEP][PASSED] - vipreQA.ClickUsingJS.ClickNewObj(findTestObject("Object Repository/PAOppMandatoryField/Payment Method/PaymentMethodValue", ["value":PaymentMethod]), 20): vipreQA.ClickUsingJS.ClickNewObj is PASSED

2023-09-19 11:36:48 - [MESSAGE][PASSED] - vipreQA.ClickUsingJS.ClickNewObj is PASSED

2023-09-19 11:36:48 - [TEST_STEP][PASSED] - vipreQA.ClickUsingJS.ClickNewObj(findTestObject("Object Repository/PAOppMandatoryField/SaveButton"), 20): vipreQA.ClickUsingJS.ClickNewObj is PASSED

2023-09-19 11:36:49 - [MESSAGE][PASSED] - vipreQA.ClickUsingJS.ClickNewObj is PASSED

2023-09-19 11:36:49 - [TEST_STEP][PASSED] - sleep(5000): null

2023-09-19 11:36:54 - [TEST_STEP][PASSED] - vipreQA.ClickUsingJS.ClickNewObj(findTestObject("Object Repository/PAOppMandatoryField/RevalidateButton"), 20): vipreQA.ClickUsingJS.ClickNewObj is PASSED

2023-09-19 11:36:54 - [MESSAGE][PASSED] - vipreQA.ClickUsingJS.ClickNewObj is PASSED

2023-09-19 11:36:54 - [TEST_STEP][PASSED] - verifyElementPresent(findTestObject("Object Repository/PAOppMandatoryField/PAOutforSignatureValidationMsg"), 20): Object 'Object Repository/PAOppMandatoryField/PAOutforSignatureValidationMsg' is present

2023-09-19 11:36:56 - [MESSAGE][PASSED] - Object 'Object Repository/PAOppMandatoryField/PAOutforSignatureValidationMsg' is present

2023-09-19 11:36:56 - [TEST_STEP][PASSED] - vipreQA.ClickUsingJS.ClickNewObj(findTestObject("Object Repository/PAOppMandatoryField/MSP-ShowmoreActionButtonforSendPA"), 20): vipreQA.ClickUsingJS.ClickNewObj is PASSED

2023-09-19 11:36:56 - [MESSAGE][PASSED] - vipreQA.ClickUsingJS.ClickNewObj is PASSED

2023-09-19 11:36:56 - [TEST_STEP][PASSED] - verifyElementPresent(findTestObject("Object Repository/PAOppMandatoryField/MSP-SendPAforSignButton"), 20): Object 'Object Repository/PAOppMandatoryField/MSP-SendPAforSignButton' is present

2023-09-19 11:36:57 - [MESSAGE][PASSED] - Object 'Object Repository/PAOppMandatoryField/MSP-SendPAforSignButton' is present

2023-09-19 11:36:57 - [TEST_STEP][PASSED] - scrollToElement(findTestObject("Object Repository/PAOppMandatoryField/StartDate and Stage/StartDateField"), 20): Scroll to object 'Object Repository/PAOppMandatoryField/StartDate and Stage/StartDateField' successfully

2023-09-19 11:36:57 - [MESSAGE][PASSED] - Scroll to object 'Object Repository/PAOppMandatoryField/StartDate and Stage/StartDateField' successfully

2023-09-19 11:36:57 - [TEST_STEP][PASSED] - vipreQA.ClickUsingJS.ClickNewObj(findTestObject("Object Repository/PAOppMandatoryField/StartDate and Stage/StartDateEdit"), 20): vipreQA.ClickUsingJS.ClickNewObj is PASSED

2023-09-19 11:36:58 - [MESSAGE][PASSED] - vipreQA.ClickUsingJS.ClickNewObj is PASSED

2023-09-19 11:36:58 - [TEST_STEP][PASSED] - setText(findTestObject("Object Repository/PAOppMandatoryField/StartDate and Stage/StartDateInput"), StartDatePA_ExcelMicro): Text '6/19/2023' is set on object 'Object Repository/PAOppMandatoryField/StartDate and Stage/StartDateInput'

2023-09-19 11:36:59 - [MESSAGE][PASSED] - Text '6/19/2023' is set on object 'Object Repository/PAOppMandatoryField/StartDate and Stage/StartDateInput'

2023-09-19 11:36:59 - [TEST_STEP][PASSED] - waitForElementVisible(findTestObject("Object Repository/PAOppMandatoryField/SaveButton"), 20): Object 'Object Repository/PAOppMandatoryField/SaveButton' is visible

2023-09-19 11:36:59 - [MESSAGE][PASSED] - Object 'Object Repository/PAOppMandatoryField/SaveButton' is visible

2023-09-19 11:36:59 - [TEST_STEP][PASSED] - click(findTestObject("Object Repository/PAOppMandatoryField/SaveButton")): Object: 'Object Repository/PAOppMandatoryField/SaveButton' is clicked on

2023-09-19 11:37:00 - [MESSAGE][PASSED] - Object: 'Object Repository/PAOppMandatoryField/SaveButton' is clicked on

2023-09-19 11:37:00 - [TEST_STEP][PASSED] - vipreQA.ClickUsingJS.ClickNewObj(findTestObject("Object Repository/PAOppMandatoryField/RevalidateButton"), 20): vipreQA.ClickUsingJS.ClickNewObj is PASSED

2023-09-19 11:37:06 - [MESSAGE][PASSED] - vipreQA.ClickUsingJS.ClickNewObj is PASSED

2023-09-19 11:37:06 - [TEST_STEP][PASSED] - verifyElementPresent(findTestObject("Object Repository/PAOppMandatoryField/PAOutforSignatureValidationMsg"), 20): Object 'Object Repository/PAOppMandatoryField/PAOutforSignatureValidationMsg' is present

2023-09-19 11:37:09 - [MESSAGE][PASSED] - Object 'Object Repository/PAOppMandatoryField/PAOutforSignatureValidationMsg' is present

2023-09-19 11:37:09 - [TEST_STEP][PASSED] - click(findTestObject("Object Repository/PAOppMandatoryField/StartDate and Stage/StageEdit"), STOP_ON_FAILURE): Object: 'Object Repository/PAOppMandatoryField/StartDate and Stage/StageEdit' is clicked on

2023-09-19 11:37:09 - [MESSAGE][PASSED] - Object: 'Object Repository/PAOppMandatoryField/StartDate and Stage/StageEdit' is clicked on

2023-09-19 11:37:09 - [TEST_STEP][PASSED] - vipreQA.ClickUsingJS.ClickNewObj(findTestObject("Object Repository/PAOppMandatoryField/StartDate and Stage/Stage-SalesQualified"), 20): vipreQA.ClickUsingJS.ClickNewObj is PASSED

2023-09-19 11:37:10 - [MESSAGE][PASSED] - vipreQA.ClickUsingJS.ClickNewObj is PASSED

2023-09-19 11:37:10 - [TEST_STEP][PASSED] - click(findTestObject("Object Repository/PAOppMandatoryField/StartDate and Stage/Stage-ClosedWon")): Object: 'Object Repository/PAOppMandatoryField/StartDate and Stage/Stage-ClosedWon' is clicked on

2023-09-19 11:37:10 - [MESSAGE][PASSED] - Object: 'Object Repository/PAOppMandatoryField/StartDate and Stage/Stage-ClosedWon' is clicked on

2023-09-19 11:37:10 - [TEST_STEP][PASSED] - waitForElementVisible(findTestObject("Object Repository/PAOppMandatoryField/SaveButton"), 20): Object 'Object Repository/PAOppMandatoryField/SaveButton' is visible

2023-09-19 11:37:11 - [MESSAGE][PASSED] - Object 'Object Repository/PAOppMandatoryField/SaveButton' is visible

2023-09-19 11:37:11 - [TEST_STEP][PASSED] - click(findTestObject("Object Repository/PAOppMandatoryField/SaveButton")): Object: 'Object Repository/PAOppMandatoryField/SaveButton' is clicked on

2023-09-19 11:37:11 - [MESSAGE][PASSED] - Object: 'Object Repository/PAOppMandatoryField/SaveButton' is clicked on

2023-09-19 11:37:11 - [TEST_STEP][PASSED] - vipreQA.ClickUsingJS.ClickNewObj(findTestObject("Object Repository/PAOppMandatoryField/RevalidateButton"), 20): vipreQA.ClickUsingJS.ClickNewObj is PASSED

2023-09-19 11:37:27 - [MESSAGE][PASSED] - vipreQA.ClickUsingJS.ClickNewObj is PASSED

2023-09-19 11:37:27 - [TEST_STEP][PASSED] - verifyElementPresent(findTestObject("Object Repository/PAOppMandatoryField/PACloseWonValidationMsg"), 20, STOP_ON_FAILURE): Object 'Object Repository/PAOppMandatoryField/PACloseWonValidationMsg' is present

2023-09-19 11:37:30 - [MESSAGE][PASSED] - Object 'Object Repository/PAOppMandatoryField/PACloseWonValidationMsg' is present]]></system-out>
         <system-err><![CDATA[]]></system-err>
      </testcase>
      <system-out><![CDATA[2023-09-19 11:33:12 - [TEST_SUITE][PASSED] - DirectAccount-PAOpp-MSPContract-ExcelMicro-User: Test Cases/MSPContract-ExcelMicroUser-DirectAccount]]></system-out>
      <system-err><![CDATA[]]></system-err>
   </testsuite>
</testsuites>
